#
# There is insufficient memory for the Java Runtime Environment to continue.
# Native memory allocation (malloc) failed to allocate 32744 bytes for ChunkPool::allocate
# Possible reasons:
#   The system is out of physical RAM or swap space
#   The process is running with CompressedOops enabled, and the Java Heap may be blocking the growth of the native heap
# Possible solutions:
#   Reduce memory load on the system
#   Increase physical memory or swap space
#   Check if swap backing store is full
#   Decrease Java heap size (-Xmx/-Xms)
#   Decrease number of Java threads
#   Decrease Java thread stack sizes (-Xss)
#   Set larger code cache with -XX:ReservedCodeCacheSize=
#   JVM is running with Unscaled Compressed Oops mode in which the Java heap is
#     placed in the first 4GB address space. The Java Heap base address is the
#     maximum limit for the native heap growth. Please use -XX:HeapBaseMinAddress
#     to set the Java Heap base and to place the Java Heap above 4GB virtual address.
# This output file may be truncated or incomplete.
#
#  Out of Memory Error (arena.cpp:78), pid=15140, tid=17548
#
# JRE version: OpenJDK Runtime Environment JBR-17.0.4+7-469.53-jcef (17.0.4+7) (build 17.0.4+7-b469.53)
# Java VM: OpenJDK 64-Bit Server VM JBR-17.0.4+7-469.53-jcef (17.0.4+7-b469.53, mixed mode, tiered, compressed oops, compressed class ptrs, g1 gc, windows-amd64)
# No core dump will be written. Minidumps are not enabled by default on client versions of Windows
#

---------------  S U M M A R Y ------------

Command Line: -Dawt.toolkit=com.intellij.desktop.DesktopActionsToolkit -Djava.rmi.server.hostname=127.0.0.1 -Duser.timezone=UTC -Xmx750m -Xms128m --add-exports=java.desktop/sun.awt=ALL-UNNAMED --add-exports=java.desktop/java.awt.peer=ALL-UNNAMED --add-opens=java.desktop/java.awt=ALL-UNNAMED --add-opens=jdk.unsupported/sun.misc=ALL-UNNAMED --add-opens=java.base/java.nio=ALL-UNNAMED -Dfile.encoding=UTF-8 com.intellij.database.remote.RemoteJdbcServer com.mysql.cj.jdbc.Driver

Host: Intel(R) Core(TM) i5-8500 CPU @ 3.00GHz, 6 cores, 15G,  Windows 10 , 64 bit Build 19041 (10.0.19041.2546)
Time: Thu Mar  9 19:22:25 2023  Windows 10 , 64 bit Build 19041 (10.0.19041.2546) elapsed time: 12083.707484 seconds (0d 3h 21m 23s)

---------------  T H R E A D  ---------------

Current thread (0x000002914ec94ed0):  JavaThread "C1 CompilerThread0" daemon [_thread_in_native, id=17548, stack(0x000000bccb600000,0x000000bccb700000)]


Current CompileTask:
C1:12083707 3170       3       java.lang.Thread::<init> (249 bytes)

Stack: [0x000000bccb600000,0x000000bccb700000]
Native frames: (J=compiled Java code, j=interpreted, Vv=VM code, C=native code)
V  [jvm.dll+0x68348a]
V  [jvm.dll+0x83faf4]
V  [jvm.dll+0x84129e]
V  [jvm.dll+0x841903]
V  [jvm.dll+0x2494a5]
V  [jvm.dll+0xabf7c]
V  [jvm.dll+0xac32c]
V  [jvm.dll+0x14da7c]
V  [jvm.dll+0x15e6b5]
V  [jvm.dll+0x14ca00]
V  [jvm.dll+0x135557]
V  [jvm.dll+0x134edf]
V  [jvm.dll+0x135116]
V  [jvm.dll+0x1345aa]
V  [jvm.dll+0x136271]
V  [jvm.dll+0x22aa48]
V  [jvm.dll+0x228af9]
V  [jvm.dll+0x7f52fc]
V  [jvm.dll+0x7ef82a]
V  [jvm.dll+0x6822c5]
C  [ucrtbase.dll+0x21bb2]
C  [KERNEL32.DLL+0x17614]
C  [ntdll.dll+0x526a1]


---------------  P R O C E S S  ---------------

Threads class SMR info:
_java_thread_list=0x000002914f3e9ec0, length=24, elements={
0x0000029134dda630, 0x000002914bce8d60, 0x000002914bce9a20, 0x000002914ec637e0,
0x000002914ec640a0, 0x000002914ec64960, 0x000002914ec91d00, 0x000002914ec925c0,
0x000002914ec94ed0, 0x000002914ec994b0, 0x000002914ee3f010, 0x000002914ee43d00,
0x000002914ee8b080, 0x000002914f1ba840, 0x000002914f1bb1e0, 0x000002914f1e3e90,
0x000002914f1e6eb0, 0x000002914f1e4830, 0x000002914f1e7380, 0x000002914f1e7850,
0x000002914f1e69e0, 0x000002914f1e56a0, 0x000002914f1e4d00, 0x000002914f1e51d0
}

Java Threads: ( => current thread )
  0x0000029134dda630 JavaThread "main" [_thread_blocked, id=2436, stack(0x000000bcca900000,0x000000bccaa00000)]
  0x000002914bce8d60 JavaThread "Reference Handler" daemon [_thread_blocked, id=13692, stack(0x000000bccaf00000,0x000000bccb000000)]
  0x000002914bce9a20 JavaThread "Finalizer" daemon [_thread_blocked, id=19700, stack(0x000000bccb000000,0x000000bccb100000)]
  0x000002914ec637e0 JavaThread "Signal Dispatcher" daemon [_thread_blocked, id=12032, stack(0x000000bccb100000,0x000000bccb200000)]
  0x000002914ec640a0 JavaThread "Attach Listener" daemon [_thread_blocked, id=10392, stack(0x000000bccb200000,0x000000bccb300000)]
  0x000002914ec64960 JavaThread "Service Thread" daemon [_thread_blocked, id=13336, stack(0x000000bccb300000,0x000000bccb400000)]
  0x000002914ec91d00 JavaThread "Monitor Deflation Thread" daemon [_thread_blocked, id=1840, stack(0x000000bccb400000,0x000000bccb500000)]
  0x000002914ec925c0 JavaThread "C2 CompilerThread0" daemon [_thread_blocked, id=12952, stack(0x000000bccb500000,0x000000bccb600000)]
=>0x000002914ec94ed0 JavaThread "C1 CompilerThread0" daemon [_thread_in_native, id=17548, stack(0x000000bccb600000,0x000000bccb700000)]
  0x000002914ec994b0 JavaThread "Sweeper thread" daemon [_thread_blocked, id=9264, stack(0x000000bccb700000,0x000000bccb800000)]
  0x000002914ee3f010 JavaThread "Common-Cleaner" daemon [_thread_blocked, id=5248, stack(0x000000bccb800000,0x000000bccb900000)]
  0x000002914ee43d00 JavaThread "Notification Thread" daemon [_thread_blocked, id=17520, stack(0x000000bccb900000,0x000000bccba00000)]
  0x000002914ee8b080 JavaThread "mysql-cj-abandoned-connection-cleanup" daemon [_thread_blocked, id=8284, stack(0x000000bccbb00000,0x000000bccbc00000)]
  0x000002914f1ba840 JavaThread "Java2D Disposer" daemon [_thread_blocked, id=6840, stack(0x000000bccbc00000,0x000000bccbd00000)]
  0x000002914f1bb1e0 JavaThread "AWT-Windows" daemon [_thread_in_native, id=11884, stack(0x000000bccbe00000,0x000000bccbf00000)]
  0x000002914f1e3e90 JavaThread "RMI TCP Accept-64199" daemon [_thread_in_native, id=19108, stack(0x000000bccc000000,0x000000bccc100000)]
  0x000002914f1e6eb0 JavaThread "RMI TCP Accept-0" daemon [_thread_in_native, id=15908, stack(0x000000bccc100000,0x000000bccc200000)]
  0x000002914f1e4830 JavaThread "RMI Reaper" [_thread_blocked, id=3120, stack(0x000000bccc200000,0x000000bccc300000)]
  0x000002914f1e7380 JavaThread "RMI GC Daemon" daemon [_thread_blocked, id=13328, stack(0x000000bccc300000,0x000000bccc400000)]
  0x000002914f1e7850 JavaThread "RMI TCP Connection(1)-127.0.0.1" daemon [_thread_in_native, id=15412, stack(0x000000bccc400000,0x000000bccc500000)]
  0x000002914f1e69e0 JavaThread "RMI Scheduler(0)" daemon [_thread_blocked, id=8112, stack(0x000000bccc500000,0x000000bccc600000)]
  0x000002914f1e56a0 JavaThread "RMI RenewClean-[127.0.0.1:65467]" daemon [_thread_blocked, id=13056, stack(0x000000bccc700000,0x000000bccc800000)]
  0x000002914f1e4d00 JavaThread "RMI TCP Connection(5)-127.0.0.1" daemon [_thread_in_native, id=16616, stack(0x000000bcca500000,0x000000bcca600000)]
  0x000002914f1e51d0 JavaThread "AWT-Shutdown" [_thread_blocked, id=22288, stack(0x000000bcca600000,0x000000bcca700000)]

Other Threads:
  0x000002914bce6af0 VMThread "VM Thread" [stack: 0x000000bccae00000,0x000000bccaf00000] [id=1500]
  0x000002913740d8b0 WatcherThread [stack: 0x000000bccba00000,0x000000bccbb00000] [id=2600]
  0x000002914bafc600 GCTaskThread "GC Thread#0" [stack: 0x000000bcca800000,0x000000bcca900000] [id=17000]
  0x000002914f7960d0 GCTaskThread "GC Thread#1" [stack: 0x000000bccbf00000,0x000000bccc000000] [id=13728]
  0x000002914f796380 GCTaskThread "GC Thread#2" [stack: 0x000000bccc800000,0x000000bccc900000] [id=10572]
  0x000002914f7fe040 GCTaskThread "GC Thread#3" [stack: 0x000000bccc900000,0x000000bccca00000] [id=13980]
  0x000002914f7fe2f0 GCTaskThread "GC Thread#4" [stack: 0x000000bccca00000,0x000000bcccb00000] [id=18296]
  0x000002914f7fe5a0 GCTaskThread "GC Thread#5" [stack: 0x000000bcccb00000,0x000000bcccc00000] [id=17192]
  0x0000029137409e40 ConcurrentGCThread "G1 Main Marker" [stack: 0x000000bccaa00000,0x000000bccab00000] [id=15008]
  0x000002913740a660 ConcurrentGCThread "G1 Conc#0" [stack: 0x000000bccab00000,0x000000bccac00000] [id=988]
  0x000002914bb6f670 ConcurrentGCThread "G1 Refine#0" [stack: 0x000000bccac00000,0x000000bccad00000] [id=8088]
  0x000002914f7fee60 ConcurrentGCThread "G1 Refine#1" [stack: 0x000000bcccc00000,0x000000bcccd00000] [id=11736]
  0x000002914f73d990 ConcurrentGCThread "G1 Refine#2" [stack: 0x000000bcccd00000,0x000000bccce00000] [id=4260]
  0x0000029134e01690 ConcurrentGCThread "G1 Service" [stack: 0x000000bccad00000,0x000000bccae00000] [id=18172]

Threads with active compile tasks:
C1 CompilerThread0  12083787 3170       3       java.lang.Thread::<init> (249 bytes)

VM state: not at safepoint (normal execution)

VM Mutex/Monitor currently owned by a thread: None

Heap address: 0x00000000d1200000, size: 750 MB, Compressed Oops mode: 32-bit

CDS archive(s) not mapped
Compressed class space mapped at: 0x0000000100000000-0x0000000140000000, reserved size: 1073741824
Narrow klass base: 0x0000000000000000, Narrow klass shift: 3, Narrow klass range: 0x140000000

GC Precious Log:
 CPUs: 6 total, 6 available
 Memory: 16227M
 Large Page Support: Disabled
 NUMA Support: Disabled
 Compressed Oops: Enabled (32-bit)
 Heap Region Size: 1M
 Heap Min Capacity: 128M
 Heap Initial Capacity: 128M
 Heap Max Capacity: 750M
 Pre-touch: Disabled
 Parallel Workers: 6
 Concurrent Workers: 2
 Concurrent Refinement Workers: 6
 Periodic GC: Disabled

Heap:
 garbage-first heap   total 131072K, used 32243K [0x00000000d1200000, 0x0000000100000000)
  region size 1024K, 27 young (27648K), 0 survivors (0K)
 Metaspace       used 21181K, committed 21440K, reserved 1073152K
  class space    used 2046K, committed 2176K, reserved 1048576K

Heap Regions: E=young(eden), S=young(survivor), O=old, HS=humongous(starts), HC=humongous(continues), CS=collection set, F=free, OA=open archive, CA=closed archive, TAMS=top-at-mark-start (previous, next)
|   0|0x00000000d1200000, 0x00000000d12f2148, 0x00000000d1300000| 94%| O|  |TAMS 0x00000000d1200000, 0x00000000d1200000| Untracked 
|   1|0x00000000d1300000, 0x00000000d1400000, 0x00000000d1400000|100%| O|  |TAMS 0x00000000d1400000, 0x00000000d1300000| Untracked 
|   2|0x00000000d1400000, 0x00000000d14f0ee0, 0x00000000d1500000| 94%| O|  |TAMS 0x00000000d1400000, 0x00000000d1400000| Untracked 
|   3|0x00000000d1500000, 0x00000000d15ffff8, 0x00000000d1600000| 99%| O|  |TAMS 0x00000000d15ffff8, 0x00000000d1500000| Untracked 
|   4|0x00000000d1600000, 0x00000000d16feb78, 0x00000000d1700000| 99%| O|  |TAMS 0x00000000d1600000, 0x00000000d1600000| Untracked 
|   5|0x00000000d1700000, 0x00000000d1799148, 0x00000000d1800000| 59%| O|  |TAMS 0x00000000d1700000, 0x00000000d1700000| Untracked 
|   6|0x00000000d1800000, 0x00000000d1800000, 0x00000000d1900000|  0%| F|  |TAMS 0x00000000d1800000, 0x00000000d1800000| Untracked 
|   7|0x00000000d1900000, 0x00000000d1900000, 0x00000000d1a00000|  0%| F|  |TAMS 0x00000000d1900000, 0x00000000d1900000| Untracked 
|   8|0x00000000d1a00000, 0x00000000d1a00000, 0x00000000d1b00000|  0%| F|  |TAMS 0x00000000d1a00000, 0x00000000d1a00000| Untracked 
|   9|0x00000000d1b00000, 0x00000000d1b00000, 0x00000000d1c00000|  0%| F|  |TAMS 0x00000000d1b00000, 0x00000000d1b00000| Untracked 
|  10|0x00000000d1c00000, 0x00000000d1c00000, 0x00000000d1d00000|  0%| F|  |TAMS 0x00000000d1c00000, 0x00000000d1c00000| Untracked 
|  11|0x00000000d1d00000, 0x00000000d1d00000, 0x00000000d1e00000|  0%| F|  |TAMS 0x00000000d1d00000, 0x00000000d1d00000| Untracked 
|  12|0x00000000d1e00000, 0x00000000d1e00000, 0x00000000d1f00000|  0%| F|  |TAMS 0x00000000d1e00000, 0x00000000d1e00000| Untracked 
|  13|0x00000000d1f00000, 0x00000000d1f00000, 0x00000000d2000000|  0%| F|  |TAMS 0x00000000d1f00000, 0x00000000d1f00000| Untracked 
|  14|0x00000000d2000000, 0x00000000d2000000, 0x00000000d2100000|  0%| F|  |TAMS 0x00000000d2000000, 0x00000000d2000000| Untracked 
|  15|0x00000000d2100000, 0x00000000d2100000, 0x00000000d2200000|  0%| F|  |TAMS 0x00000000d2100000, 0x00000000d2100000| Untracked 
|  16|0x00000000d2200000, 0x00000000d2200000, 0x00000000d2300000|  0%| F|  |TAMS 0x00000000d2200000, 0x00000000d2200000| Untracked 
|  17|0x00000000d2300000, 0x00000000d2300000, 0x00000000d2400000|  0%| F|  |TAMS 0x00000000d2300000, 0x00000000d2300000| Untracked 
|  18|0x00000000d2400000, 0x00000000d2400000, 0x00000000d2500000|  0%| F|  |TAMS 0x00000000d2400000, 0x00000000d2400000| Untracked 
|  19|0x00000000d2500000, 0x00000000d2500000, 0x00000000d2600000|  0%| F|  |TAMS 0x00000000d2500000, 0x00000000d2500000| Untracked 
|  20|0x00000000d2600000, 0x00000000d2600000, 0x00000000d2700000|  0%| F|  |TAMS 0x00000000d2600000, 0x00000000d2600000| Untracked 
|  21|0x00000000d2700000, 0x00000000d2700000, 0x00000000d2800000|  0%| F|  |TAMS 0x00000000d2700000, 0x00000000d2700000| Untracked 
|  22|0x00000000d2800000, 0x00000000d2800000, 0x00000000d2900000|  0%| F|  |TAMS 0x00000000d2800000, 0x00000000d2800000| Untracked 
|  23|0x00000000d2900000, 0x00000000d2900000, 0x00000000d2a00000|  0%| F|  |TAMS 0x00000000d2900000, 0x00000000d2900000| Untracked 
|  24|0x00000000d2a00000, 0x00000000d2a00000, 0x00000000d2b00000|  0%| F|  |TAMS 0x00000000d2a00000, 0x00000000d2a00000| Untracked 
|  25|0x00000000d2b00000, 0x00000000d2b00000, 0x00000000d2c00000|  0%| F|  |TAMS 0x00000000d2b00000, 0x00000000d2b00000| Untracked 
|  26|0x00000000d2c00000, 0x00000000d2c00000, 0x00000000d2d00000|  0%| F|  |TAMS 0x00000000d2c00000, 0x00000000d2c00000| Untracked 
|  27|0x00000000d2d00000, 0x00000000d2d00000, 0x00000000d2e00000|  0%| F|  |TAMS 0x00000000d2d00000, 0x00000000d2d00000| Untracked 
|  28|0x00000000d2e00000, 0x00000000d2e00000, 0x00000000d2f00000|  0%| F|  |TAMS 0x00000000d2e00000, 0x00000000d2e00000| Untracked 
|  29|0x00000000d2f00000, 0x00000000d2f00000, 0x00000000d3000000|  0%| F|  |TAMS 0x00000000d2f00000, 0x00000000d2f00000| Untracked 
|  30|0x00000000d3000000, 0x00000000d3000000, 0x00000000d3100000|  0%| F|  |TAMS 0x00000000d3000000, 0x00000000d3000000| Untracked 
|  31|0x00000000d3100000, 0x00000000d3100000, 0x00000000d3200000|  0%| F|  |TAMS 0x00000000d3100000, 0x00000000d3100000| Untracked 
|  32|0x00000000d3200000, 0x00000000d3200000, 0x00000000d3300000|  0%| F|  |TAMS 0x00000000d3200000, 0x00000000d3200000| Untracked 
|  33|0x00000000d3300000, 0x00000000d3300000, 0x00000000d3400000|  0%| F|  |TAMS 0x00000000d3300000, 0x00000000d3300000| Untracked 
|  34|0x00000000d3400000, 0x00000000d3400000, 0x00000000d3500000|  0%| F|  |TAMS 0x00000000d3400000, 0x00000000d3400000| Untracked 
|  35|0x00000000d3500000, 0x00000000d3500000, 0x00000000d3600000|  0%| F|  |TAMS 0x00000000d3500000, 0x00000000d3500000| Untracked 
|  36|0x00000000d3600000, 0x00000000d3600000, 0x00000000d3700000|  0%| F|  |TAMS 0x00000000d3600000, 0x00000000d3600000| Untracked 
|  37|0x00000000d3700000, 0x00000000d3700000, 0x00000000d3800000|  0%| F|  |TAMS 0x00000000d3700000, 0x00000000d3700000| Untracked 
|  38|0x00000000d3800000, 0x00000000d3800000, 0x00000000d3900000|  0%| F|  |TAMS 0x00000000d3800000, 0x00000000d3800000| Untracked 
|  39|0x00000000d3900000, 0x00000000d3900000, 0x00000000d3a00000|  0%| F|  |TAMS 0x00000000d3900000, 0x00000000d3900000| Untracked 
|  40|0x00000000d3a00000, 0x00000000d3a00000, 0x00000000d3b00000|  0%| F|  |TAMS 0x00000000d3a00000, 0x00000000d3a00000| Untracked 
|  41|0x00000000d3b00000, 0x00000000d3b00000, 0x00000000d3c00000|  0%| F|  |TAMS 0x00000000d3b00000, 0x00000000d3b00000| Untracked 
|  42|0x00000000d3c00000, 0x00000000d3c00000, 0x00000000d3d00000|  0%| F|  |TAMS 0x00000000d3c00000, 0x00000000d3c00000| Untracked 
|  43|0x00000000d3d00000, 0x00000000d3d00000, 0x00000000d3e00000|  0%| F|  |TAMS 0x00000000d3d00000, 0x00000000d3d00000| Untracked 
|  44|0x00000000d3e00000, 0x00000000d3e00000, 0x00000000d3f00000|  0%| F|  |TAMS 0x00000000d3e00000, 0x00000000d3e00000| Untracked 
|  45|0x00000000d3f00000, 0x00000000d3f00000, 0x00000000d4000000|  0%| F|  |TAMS 0x00000000d3f00000, 0x00000000d3f00000| Untracked 
|  46|0x00000000d4000000, 0x00000000d4000000, 0x00000000d4100000|  0%| F|  |TAMS 0x00000000d4000000, 0x00000000d4000000| Untracked 
|  47|0x00000000d4100000, 0x00000000d4100000, 0x00000000d4200000|  0%| F|  |TAMS 0x00000000d4100000, 0x00000000d4100000| Untracked 
|  48|0x00000000d4200000, 0x00000000d4200000, 0x00000000d4300000|  0%| F|  |TAMS 0x00000000d4200000, 0x00000000d4200000| Untracked 
|  49|0x00000000d4300000, 0x00000000d4300000, 0x00000000d4400000|  0%| F|  |TAMS 0x00000000d4300000, 0x00000000d4300000| Untracked 
|  50|0x00000000d4400000, 0x00000000d4400000, 0x00000000d4500000|  0%| F|  |TAMS 0x00000000d4400000, 0x00000000d4400000| Untracked 
|  51|0x00000000d4500000, 0x00000000d4500000, 0x00000000d4600000|  0%| F|  |TAMS 0x00000000d4500000, 0x00000000d4500000| Untracked 
|  52|0x00000000d4600000, 0x00000000d4600000, 0x00000000d4700000|  0%| F|  |TAMS 0x00000000d4600000, 0x00000000d4600000| Untracked 
|  53|0x00000000d4700000, 0x00000000d4700000, 0x00000000d4800000|  0%| F|  |TAMS 0x00000000d4700000, 0x00000000d4700000| Untracked 
|  54|0x00000000d4800000, 0x00000000d4800000, 0x00000000d4900000|  0%| F|  |TAMS 0x00000000d4800000, 0x00000000d4800000| Untracked 
|  55|0x00000000d4900000, 0x00000000d4900000, 0x00000000d4a00000|  0%| F|  |TAMS 0x00000000d4900000, 0x00000000d4900000| Untracked 
|  56|0x00000000d4a00000, 0x00000000d4a00000, 0x00000000d4b00000|  0%| F|  |TAMS 0x00000000d4a00000, 0x00000000d4a00000| Untracked 
|  57|0x00000000d4b00000, 0x00000000d4b02080, 0x00000000d4c00000|  0%| O|  |TAMS 0x00000000d4b00000, 0x00000000d4b00000| Untracked 
|  58|0x00000000d4c00000, 0x00000000d4c00000, 0x00000000d4d00000|  0%| F|  |TAMS 0x00000000d4c00000, 0x00000000d4c00000| Untracked 
|  59|0x00000000d4d00000, 0x00000000d4d00000, 0x00000000d4e00000|  0%| F|  |TAMS 0x00000000d4d00000, 0x00000000d4d00000| Untracked 
|  60|0x00000000d4e00000, 0x00000000d4e00000, 0x00000000d4f00000|  0%| F|  |TAMS 0x00000000d4e00000, 0x00000000d4e00000| Untracked 
|  61|0x00000000d4f00000, 0x00000000d4f00000, 0x00000000d5000000|  0%| F|  |TAMS 0x00000000d4f00000, 0x00000000d4f00000| Untracked 
|  62|0x00000000d5000000, 0x00000000d5000000, 0x00000000d5100000|  0%| F|  |TAMS 0x00000000d5000000, 0x00000000d5000000| Untracked 
|  63|0x00000000d5100000, 0x00000000d5100000, 0x00000000d5200000|  0%| F|  |TAMS 0x00000000d5100000, 0x00000000d5100000| Untracked 
|  64|0x00000000d5200000, 0x00000000d5200000, 0x00000000d5300000|  0%| F|  |TAMS 0x00000000d5200000, 0x00000000d5200000| Untracked 
|  65|0x00000000d5300000, 0x00000000d5300000, 0x00000000d5400000|  0%| F|  |TAMS 0x00000000d5300000, 0x00000000d5300000| Untracked 
|  66|0x00000000d5400000, 0x00000000d5400000, 0x00000000d5500000|  0%| F|  |TAMS 0x00000000d5400000, 0x00000000d5400000| Untracked 
|  67|0x00000000d5500000, 0x00000000d5500000, 0x00000000d5600000|  0%| F|  |TAMS 0x00000000d5500000, 0x00000000d5500000| Untracked 
|  68|0x00000000d5600000, 0x00000000d5600000, 0x00000000d5700000|  0%| F|  |TAMS 0x00000000d5600000, 0x00000000d5600000| Untracked 
|  69|0x00000000d5700000, 0x00000000d5700000, 0x00000000d5800000|  0%| F|  |TAMS 0x00000000d5700000, 0x00000000d5700000| Untracked 
|  70|0x00000000d5800000, 0x00000000d5800000, 0x00000000d5900000|  0%| F|  |TAMS 0x00000000d5800000, 0x00000000d5800000| Untracked 
|  71|0x00000000d5900000, 0x00000000d5900000, 0x00000000d5a00000|  0%| F|  |TAMS 0x00000000d5900000, 0x00000000d5900000| Untracked 
|  72|0x00000000d5a00000, 0x00000000d5a00000, 0x00000000d5b00000|  0%| F|  |TAMS 0x00000000d5a00000, 0x00000000d5a00000| Untracked 
|  73|0x00000000d5b00000, 0x00000000d5b00000, 0x00000000d5c00000|  0%| F|  |TAMS 0x00000000d5b00000, 0x00000000d5b00000| Untracked 
|  74|0x00000000d5c00000, 0x00000000d5c00000, 0x00000000d5d00000|  0%| F|  |TAMS 0x00000000d5c00000, 0x00000000d5c00000| Untracked 
|  75|0x00000000d5d00000, 0x00000000d5d00000, 0x00000000d5e00000|  0%| F|  |TAMS 0x00000000d5d00000, 0x00000000d5d00000| Untracked 
|  76|0x00000000d5e00000, 0x00000000d5e00000, 0x00000000d5f00000|  0%| F|  |TAMS 0x00000000d5e00000, 0x00000000d5e00000| Untracked 
|  77|0x00000000d5f00000, 0x00000000d5f00000, 0x00000000d6000000|  0%| F|  |TAMS 0x00000000d5f00000, 0x00000000d5f00000| Untracked 
|  78|0x00000000d6000000, 0x00000000d6000000, 0x00000000d6100000|  0%| F|  |TAMS 0x00000000d6000000, 0x00000000d6000000| Untracked 
|  79|0x00000000d6100000, 0x00000000d6100000, 0x00000000d6200000|  0%| F|  |TAMS 0x00000000d6100000, 0x00000000d6100000| Untracked 
|  80|0x00000000d6200000, 0x00000000d6200000, 0x00000000d6300000|  0%| F|  |TAMS 0x00000000d6200000, 0x00000000d6200000| Untracked 
|  81|0x00000000d6300000, 0x00000000d6300000, 0x00000000d6400000|  0%| F|  |TAMS 0x00000000d6300000, 0x00000000d6300000| Untracked 
|  82|0x00000000d6400000, 0x00000000d6400000, 0x00000000d6500000|  0%| F|  |TAMS 0x00000000d6400000, 0x00000000d6400000| Untracked 
|  83|0x00000000d6500000, 0x00000000d6500000, 0x00000000d6600000|  0%| F|  |TAMS 0x00000000d6500000, 0x00000000d6500000| Untracked 
|  84|0x00000000d6600000, 0x00000000d6600000, 0x00000000d6700000|  0%| F|  |TAMS 0x00000000d6600000, 0x00000000d6600000| Untracked 
|  85|0x00000000d6700000, 0x00000000d6700000, 0x00000000d6800000|  0%| F|  |TAMS 0x00000000d6700000, 0x00000000d6700000| Untracked 
|  86|0x00000000d6800000, 0x00000000d6800000, 0x00000000d6900000|  0%| F|  |TAMS 0x00000000d6800000, 0x00000000d6800000| Untracked 
|  87|0x00000000d6900000, 0x00000000d6900000, 0x00000000d6a00000|  0%| F|  |TAMS 0x00000000d6900000, 0x00000000d6900000| Untracked 
|  88|0x00000000d6a00000, 0x00000000d6a00000, 0x00000000d6b00000|  0%| F|  |TAMS 0x00000000d6a00000, 0x00000000d6a00000| Untracked 
|  89|0x00000000d6b00000, 0x00000000d6b00000, 0x00000000d6c00000|  0%| F|  |TAMS 0x00000000d6b00000, 0x00000000d6b00000| Untracked 
|  90|0x00000000d6c00000, 0x00000000d6c00000, 0x00000000d6d00000|  0%| F|  |TAMS 0x00000000d6c00000, 0x00000000d6c00000| Untracked 
|  91|0x00000000d6d00000, 0x00000000d6d00000, 0x00000000d6e00000|  0%| F|  |TAMS 0x00000000d6d00000, 0x00000000d6d00000| Untracked 
|  92|0x00000000d6e00000, 0x00000000d6e00000, 0x00000000d6f00000|  0%| F|  |TAMS 0x00000000d6e00000, 0x00000000d6e00000| Untracked 
|  93|0x00000000d6f00000, 0x00000000d6f00000, 0x00000000d7000000|  0%| F|  |TAMS 0x00000000d6f00000, 0x00000000d6f00000| Untracked 
|  94|0x00000000d7000000, 0x00000000d7000000, 0x00000000d7100000|  0%| F|  |TAMS 0x00000000d7000000, 0x00000000d7000000| Untracked 
|  95|0x00000000d7100000, 0x00000000d7100000, 0x00000000d7200000|  0%| F|  |TAMS 0x00000000d7100000, 0x00000000d7100000| Untracked 
|  96|0x00000000d7200000, 0x00000000d7200000, 0x00000000d7300000|  0%| F|  |TAMS 0x00000000d7200000, 0x00000000d7200000| Untracked 
|  97|0x00000000d7300000, 0x00000000d7300000, 0x00000000d7400000|  0%| F|  |TAMS 0x00000000d7300000, 0x00000000d7300000| Untracked 
|  98|0x00000000d7400000, 0x00000000d7400000, 0x00000000d7500000|  0%| F|  |TAMS 0x00000000d7400000, 0x00000000d7400000| Untracked 
|  99|0x00000000d7500000, 0x00000000d7500000, 0x00000000d7600000|  0%| F|  |TAMS 0x00000000d7500000, 0x00000000d7500000| Untracked 
| 100|0x00000000d7600000, 0x00000000d7600000, 0x00000000d7700000|  0%| F|  |TAMS 0x00000000d7600000, 0x00000000d7600000| Untracked 
| 101|0x00000000d7700000, 0x00000000d7700800, 0x00000000d7800000|  0%| E|  |TAMS 0x00000000d7700000, 0x00000000d7700000| Complete 
| 102|0x00000000d7800000, 0x00000000d7900000, 0x00000000d7900000|100%| E|CS|TAMS 0x00000000d7800000, 0x00000000d7800000| Complete 
| 103|0x00000000d7900000, 0x00000000d7a00000, 0x00000000d7a00000|100%| E|CS|TAMS 0x00000000d7900000, 0x00000000d7900000| Complete 
| 104|0x00000000d7a00000, 0x00000000d7b00000, 0x00000000d7b00000|100%| E|CS|TAMS 0x00000000d7a00000, 0x00000000d7a00000| Complete 
| 105|0x00000000d7b00000, 0x00000000d7c00000, 0x00000000d7c00000|100%| E|CS|TAMS 0x00000000d7b00000, 0x00000000d7b00000| Complete 
| 106|0x00000000d7c00000, 0x00000000d7d00000, 0x00000000d7d00000|100%| E|CS|TAMS 0x00000000d7c00000, 0x00000000d7c00000| Complete 
| 107|0x00000000d7d00000, 0x00000000d7e00000, 0x00000000d7e00000|100%| E|CS|TAMS 0x00000000d7d00000, 0x00000000d7d00000| Complete 
| 108|0x00000000d7e00000, 0x00000000d7f00000, 0x00000000d7f00000|100%| E|CS|TAMS 0x00000000d7e00000, 0x00000000d7e00000| Complete 
| 109|0x00000000d7f00000, 0x00000000d8000000, 0x00000000d8000000|100%| E|CS|TAMS 0x00000000d7f00000, 0x00000000d7f00000| Complete 
| 110|0x00000000d8000000, 0x00000000d8100000, 0x00000000d8100000|100%| E|CS|TAMS 0x00000000d8000000, 0x00000000d8000000| Complete 
| 111|0x00000000d8100000, 0x00000000d8200000, 0x00000000d8200000|100%| E|CS|TAMS 0x00000000d8100000, 0x00000000d8100000| Complete 
| 112|0x00000000d8200000, 0x00000000d8300000, 0x00000000d8300000|100%| E|CS|TAMS 0x00000000d8200000, 0x00000000d8200000| Complete 
| 113|0x00000000d8300000, 0x00000000d8400000, 0x00000000d8400000|100%| E|CS|TAMS 0x00000000d8300000, 0x00000000d8300000| Complete 
| 114|0x00000000d8400000, 0x00000000d8500000, 0x00000000d8500000|100%| E|CS|TAMS 0x00000000d8400000, 0x00000000d8400000| Complete 
| 115|0x00000000d8500000, 0x00000000d8600000, 0x00000000d8600000|100%| E|CS|TAMS 0x00000000d8500000, 0x00000000d8500000| Complete 
| 116|0x00000000d8600000, 0x00000000d8700000, 0x00000000d8700000|100%| E|CS|TAMS 0x00000000d8600000, 0x00000000d8600000| Complete 
| 117|0x00000000d8700000, 0x00000000d8800000, 0x00000000d8800000|100%| E|CS|TAMS 0x00000000d8700000, 0x00000000d8700000| Complete 
| 118|0x00000000d8800000, 0x00000000d8900000, 0x00000000d8900000|100%| E|CS|TAMS 0x00000000d8800000, 0x00000000d8800000| Complete 
| 119|0x00000000d8900000, 0x00000000d8a00000, 0x00000000d8a00000|100%| E|CS|TAMS 0x00000000d8900000, 0x00000000d8900000| Complete 
| 120|0x00000000d8a00000, 0x00000000d8b00000, 0x00000000d8b00000|100%| E|CS|TAMS 0x00000000d8a00000, 0x00000000d8a00000| Complete 
| 121|0x00000000d8b00000, 0x00000000d8c00000, 0x00000000d8c00000|100%| E|CS|TAMS 0x00000000d8b00000, 0x00000000d8b00000| Complete 
| 122|0x00000000d8c00000, 0x00000000d8d00000, 0x00000000d8d00000|100%| E|CS|TAMS 0x00000000d8c00000, 0x00000000d8c00000| Complete 
| 123|0x00000000d8d00000, 0x00000000d8e00000, 0x00000000d8e00000|100%| E|CS|TAMS 0x00000000d8d00000, 0x00000000d8d00000| Complete 
| 124|0x00000000d8e00000, 0x00000000d8f00000, 0x00000000d8f00000|100%| E|CS|TAMS 0x00000000d8e00000, 0x00000000d8e00000| Complete 
| 125|0x00000000d8f00000, 0x00000000d9000000, 0x00000000d9000000|100%| E|CS|TAMS 0x00000000d8f00000, 0x00000000d8f00000| Complete 
| 126|0x00000000d9000000, 0x00000000d9100000, 0x00000000d9100000|100%| E|CS|TAMS 0x00000000d9000000, 0x00000000d9000000| Complete 
| 127|0x00000000d9100000, 0x00000000d9200000, 0x00000000d9200000|100%| E|CS|TAMS 0x00000000d9100000, 0x00000000d9100000| Complete 

Card table byte_map: [0x000002914a070000,0x000002914a1f0000] _byte_map_base: 0x00000291499e7000

Marking Bits (Prev, Next): (CMBitMap*) 0x000002914bafc900, (CMBitMap*) 0x000002914bafc8c0
 Prev Bits: [0x000002914af30000, 0x000002914bae8000)
 Next Bits: [0x000002914a370000, 0x000002914af28000)

Polling page: 0x0000029136e60000

Metaspace:

Usage:
  Non-class:     18.69 MB used.
      Class:      2.00 MB used.
       Both:     20.68 MB used.

Virtual space:
  Non-class space:       24.00 MB reserved,      18.81 MB ( 78%) committed,  3 nodes.
      Class space:        1.00 GB reserved,       2.12 MB ( <1%) committed,  1 nodes.
             Both:        1.02 GB reserved,      20.94 MB (  2%) committed. 

Chunk freelists:
   Non-Class:  613.00 KB
       Class:  1.91 MB
        Both:  2.50 MB

MaxMetaspaceSize: unlimited
CompressedClassSpaceSize: 1.00 GB
Initial GC threshold: 21.00 MB
Current GC threshold: 34.00 MB
CDS: off
MetaspaceReclaimPolicy: balanced
 - commit_granule_bytes: 65536.
 - commit_granule_words: 8192.
 - virtual_space_node_default_size: 1048576.
 - enlarge_chunks_in_place: 1.
 - new_chunks_are_fully_committed: 0.
 - uncommit_free_chunks: 1.
 - use_allocation_guard: 0.
 - handle_deallocations: 1.


Internal statistics:

num_allocs_failed_limit: 0.
num_arena_births: 458.
num_arena_deaths: 150.
num_vsnodes_births: 4.
num_vsnodes_deaths: 0.
num_space_committed: 335.
num_space_uncommitted: 0.
num_chunks_returned_to_freelist: 197.
num_chunks_taken_from_freelist: 911.
num_chunk_merges: 61.
num_chunk_splits: 476.
num_chunks_enlarged: 209.
num_purges: 4.
num_inconsistent_stats: 0.

CodeHeap 'non-profiled nmethods': size=120000Kb used=2391Kb max_used=2391Kb free=117608Kb
 bounds [0x0000029142580000, 0x00000291427f0000, 0x0000029149ab0000]
CodeHeap 'profiled nmethods': size=120000Kb used=6692Kb max_used=6692Kb free=113308Kb
 bounds [0x000002913b050000, 0x000002913b6e0000, 0x0000029142580000]
CodeHeap 'non-nmethods': size=5760Kb used=1246Kb max_used=1327Kb free=4514Kb
 bounds [0x000002913aab0000, 0x000002913ad20000, 0x000002913b050000]
 total_blobs=3727 nmethods=3169 adapters=470
 compilation: enabled
              stopped_count=0, restarted_count=0
 full_count=0

Compilation events (20 events):
Event: 12042.814 Thread 0x000002914ec94ed0 3160       3       java.lang.Integer::toString (55 bytes)
Event: 12042.815 Thread 0x000002914ec94ed0 nmethod 3160 0x000002913b6d5710 code [0x000002913b6d58e0, 0x000002913b6d5c58]
Event: 12042.816 Thread 0x000002914ec925c0 nmethod 3159 0x00000291427d4e90 code [0x00000291427d5040, 0x00000291427d54a8]
Event: 12042.816 Thread 0x000002914ec925c0 3161       4       java.lang.CharacterDataLatin1::isWhitespace (23 bytes)
Event: 12042.816 Thread 0x000002914ec925c0 nmethod 3161 0x00000291427d5710 code [0x00000291427d5880, 0x00000291427d5938]
Event: 12042.870 Thread 0x000002914ec94ed0 3162       3       com.mysql.cj.protocol.a.MysqlTextValueDecoder::getInt (54 bytes)
Event: 12042.870 Thread 0x000002914ec94ed0 nmethod 3162 0x000002913b6d5d90 code [0x000002913b6d5f80, 0x000002913b6d64b8]
Event: 12042.871 Thread 0x000002914ec94ed0 3163       3       com.mysql.cj.protocol.a.MysqlTextValueDecoder::decodeInt4 (17 bytes)
Event: 12042.871 Thread 0x000002914ec94ed0 nmethod 3163 0x000002913b6d6690 code [0x000002913b6d6840, 0x000002913b6d6a58]
Event: 12042.871 Thread 0x000002914ec94ed0 3164       3       com.mysql.cj.util.StringUtils::toAsciiString (43 bytes)
Event: 12042.871 Thread 0x000002914ec94ed0 nmethod 3164 0x000002913b6d6b90 code [0x000002913b6d6d40, 0x000002913b6d7048]
Event: 12042.871 Thread 0x000002914ec94ed0 3165       3       java.math.BigDecimal::<init> (14 bytes)
Event: 12042.871 Thread 0x000002914ec94ed0 nmethod 3165 0x000002913b6d7210 code [0x000002913b6d7400, 0x000002913b6d7828]
Event: 12042.871 Thread 0x000002914ec94ed0 3166       3       java.math.BigDecimal::<init> (11 bytes)
Event: 12042.871 Thread 0x000002914ec94ed0 nmethod 3166 0x000002913b6d7a10 code [0x000002913b6d7bc0, 0x000002913b6d7d08]
Event: 12042.950 Thread 0x000002914ec94ed0 3167   !   3       java.util.Vector$1::nextElement (62 bytes)
Event: 12042.950 Thread 0x000002914ec94ed0 nmethod 3167 0x000002913b6d7e10 code [0x000002913b6d7fe0, 0x000002913b6d8428]
Event: 12082.635 Thread 0x000002914ec94ed0 3168       3       java.lang.Thread::setPriority (56 bytes)
Event: 12082.635 Thread 0x000002914ec94ed0 nmethod 3168 0x000002913b6d8690 code [0x000002913b6d8880, 0x000002913b6d8e28]
Event: 12082.990 Thread 0x000002914ec94ed0 3170       3       java.lang.Thread::<init> (249 bytes)

GC Heap History (12 events):
Event: 1.046 GC heap before
{Heap before GC invocations=0 (full 0):
 garbage-first heap   total 131072K, used 21504K [0x00000000d1200000, 0x0000000100000000)
  region size 1024K, 21 young (21504K), 0 survivors (0K)
 Metaspace       used 17819K, committed 18048K, reserved 1064960K
  class space    used 1807K, committed 1920K, reserved 1048576K
}
Event: 1.049 GC heap after
{Heap after GC invocations=1 (full 0):
 garbage-first heap   total 131072K, used 5184K [0x00000000d1200000, 0x0000000100000000)
  region size 1024K, 3 young (3072K), 3 survivors (3072K)
 Metaspace       used 17819K, committed 18048K, reserved 1064960K
  class space    used 1807K, committed 1920K, reserved 1048576K
}
Event: 3228.940 GC heap before
{Heap before GC invocations=1 (full 0):
 garbage-first heap   total 131072K, used 26688K [0x00000000d1200000, 0x0000000100000000)
  region size 1024K, 24 young (24576K), 3 survivors (3072K)
 Metaspace       used 19750K, committed 19968K, reserved 1073152K
  class space    used 1938K, committed 2048K, reserved 1048576K
}
Event: 3228.946 GC heap after
{Heap after GC invocations=2 (full 0):
 garbage-first heap   total 131072K, used 6285K [0x00000000d1200000, 0x0000000100000000)
  region size 1024K, 1 young (1024K), 1 survivors (1024K)
 Metaspace       used 19750K, committed 19968K, reserved 1073152K
  class space    used 1938K, committed 2048K, reserved 1048576K
}
Event: 3600.012 GC heap before
{Heap before GC invocations=2 (full 0):
 garbage-first heap   total 131072K, used 11405K [0x00000000d1200000, 0x0000000100000000)
  region size 1024K, 7 young (7168K), 1 survivors (1024K)
 Metaspace       used 20010K, committed 20288K, reserved 1073152K
  class space    used 1965K, committed 2048K, reserved 1048576K
}
Event: 3600.028 GC heap after
{Heap after GC invocations=3 (full 1):
 garbage-first heap   total 131072K, used 5183K [0x00000000d1200000, 0x0000000100000000)
  region size 1024K, 0 young (0K), 0 survivors (0K)
 Metaspace       used 19862K, committed 20288K, reserved 1073152K
  class space    used 1932K, committed 2048K, reserved 1048576K
}
Event: 7200.030 GC heap before
{Heap before GC invocations=3 (full 1):
 garbage-first heap   total 131072K, used 14399K [0x00000000d1200000, 0x0000000100000000)
  region size 1024K, 10 young (10240K), 0 survivors (0K)
 Metaspace       used 19862K, committed 20288K, reserved 1073152K
  class space    used 1932K, committed 2048K, reserved 1048576K
}
Event: 7200.040 GC heap after
{Heap after GC invocations=4 (full 2):
 garbage-first heap   total 131072K, used 5177K [0x00000000d1200000, 0x0000000100000000)
  region size 1024K, 0 young (0K), 0 survivors (0K)
 Metaspace       used 19862K, committed 20288K, reserved 1073152K
  class space    used 1932K, committed 2048K, reserved 1048576K
}
Event: 10474.277 GC heap before
{Heap before GC invocations=4 (full 2):
 garbage-first heap   total 131072K, used 50233K [0x00000000d1200000, 0x0000000100000000)
  region size 1024K, 44 young (45056K), 0 survivors (0K)
 Metaspace       used 20367K, committed 20608K, reserved 1073152K
  class space    used 1984K, committed 2112K, reserved 1048576K
}
Event: 10474.278 GC heap after
{Heap after GC invocations=5 (full 2):
 garbage-first heap   total 131072K, used 5898K [0x00000000d1200000, 0x0000000100000000)
  region size 1024K, 1 young (1024K), 1 survivors (1024K)
 Metaspace       used 20367K, committed 20608K, reserved 1073152K
  class space    used 1984K, committed 2112K, reserved 1048576K
}
Event: 10800.042 GC heap before
{Heap before GC invocations=5 (full 2):
 garbage-first heap   total 131072K, used 32522K [0x00000000d1200000, 0x0000000100000000)
  region size 1024K, 28 young (28672K), 1 survivors (1024K)
 Metaspace       used 20619K, committed 20864K, reserved 1073152K
  class space    used 1994K, committed 2112K, reserved 1048576K
}
Event: 10800.059 GC heap after
{Heap after GC invocations=6 (full 3):
 garbage-first heap   total 131072K, used 5619K [0x00000000d1200000, 0x0000000100000000)
  region size 1024K, 0 young (0K), 0 survivors (0K)
 Metaspace       used 20582K, committed 20864K, reserved 1073152K
  class space    used 1986K, committed 2112K, reserved 1048576K
}

Deoptimization events (20 events):
Event: 11849.655 Thread 0x000002914f1e4d00 DEOPT PACKING pc=0x00000291427ba538 sp=0x000000bcca5fdf70
Event: 11849.655 Thread 0x000002914f1e4d00 DEOPT UNPACKING pc=0x000002913ab023a3 sp=0x000000bcca5fdf10 mode 2
Event: 12015.963 Thread 0x000002914f1e4d00 Uncommon trap: trap_request=0xffffff45 fr.pc=0x000002914276136c relative=0x00000000000002cc
Event: 12015.963 Thread 0x000002914f1e4d00 Uncommon trap: reason=unstable_if action=reinterpret pc=0x000002914276136c method=java.lang.String.decodeUTF8_UTF16([BII[BIZ)I @ 39 c2
Event: 12015.963 Thread 0x000002914f1e4d00 DEOPT PACKING pc=0x000002914276136c sp=0x000000bcca5fdac0
Event: 12015.963 Thread 0x000002914f1e4d00 DEOPT UNPACKING pc=0x000002913ab023a3 sp=0x000000bcca5fda30 mode 2
Event: 12015.965 Thread 0x000002914f1e4d00 Uncommon trap: trap_request=0xffffff45 fr.pc=0x000002914266c63c relative=0x0000000000000ddc
Event: 12015.965 Thread 0x000002914f1e4d00 Uncommon trap: reason=unstable_if action=reinterpret pc=0x000002914266c63c method=java.io.ObjectOutputStream$BlockDataOutputStream.getUTFLength(Ljava/lang/String;)J @ 88 c2
Event: 12015.965 Thread 0x000002914f1e4d00 DEOPT PACKING pc=0x000002914266c63c sp=0x000000bcca5fe220
Event: 12015.965 Thread 0x000002914f1e4d00 DEOPT UNPACKING pc=0x000002913ab023a3 sp=0x000000bcca5fe200 mode 2
Event: 12015.965 Thread 0x000002914f1e4d00 Uncommon trap: trap_request=0xffffff45 fr.pc=0x0000029142768f98 relative=0x00000000000002f8
Event: 12015.965 Thread 0x000002914f1e4d00 Uncommon trap: reason=unstable_if action=reinterpret pc=0x0000029142768f98 method=java.io.ObjectOutputStream$BlockDataOutputStream.writeUTFBody(Ljava/lang/String;)V @ 112 c2
Event: 12015.965 Thread 0x000002914f1e4d00 DEOPT PACKING pc=0x0000029142768f98 sp=0x000000bcca5fe290
Event: 12015.965 Thread 0x000002914f1e4d00 DEOPT UNPACKING pc=0x000002913ab023a3 sp=0x000000bcca5fe208 mode 2
Event: 12016.020 Thread 0x000002914f1e4d00 DEOPT PACKING pc=0x000002913b6c3dae sp=0x000000bcca5fe240
Event: 12016.020 Thread 0x000002914f1e4d00 DEOPT UNPACKING pc=0x000002913ab02b43 sp=0x000000bcca5fd700 mode 0
Event: 12016.020 Thread 0x000002914f1e4d00 DEOPT PACKING pc=0x000002913b6c3dae sp=0x000000bcca5fe240
Event: 12016.020 Thread 0x000002914f1e4d00 DEOPT UNPACKING pc=0x000002913ab02b43 sp=0x000000bcca5fd700 mode 0
Event: 12016.022 Thread 0x000002914f1e4d00 DEOPT PACKING pc=0x000002913b6c3dae sp=0x000000bcca5fe240
Event: 12016.022 Thread 0x000002914f1e4d00 DEOPT UNPACKING pc=0x000002913ab02b43 sp=0x000000bcca5fd700 mode 0

Classes unloaded (20 events):
Event: 3600.016 Thread 0x000002914bce6af0 Unloading class 0x00000001000c5c00 'java/lang/invoke/LambdaForm$MH+0x00000001000c5c00'
Event: 3600.016 Thread 0x000002914bce6af0 Unloading class 0x00000001000c5400 'java/lang/invoke/LambdaForm$MH+0x00000001000c5400'
Event: 3600.016 Thread 0x000002914bce6af0 Unloading class 0x00000001000c5000 'java/lang/invoke/LambdaForm$MH+0x00000001000c5000'
Event: 3600.016 Thread 0x000002914bce6af0 Unloading class 0x00000001000c4800 'java/lang/invoke/LambdaForm$MH+0x00000001000c4800'
Event: 3600.016 Thread 0x000002914bce6af0 Unloading class 0x00000001000c4400 'java/lang/invoke/LambdaForm$MH+0x00000001000c4400'
Event: 3600.016 Thread 0x000002914bce6af0 Unloading class 0x00000001000c1c00 'java/lang/invoke/LambdaForm$MH+0x00000001000c1c00'
Event: 10800.048 Thread 0x000002914bce6af0 Unloading class 0x00000001000c5400 'jdk/internal/reflect/GeneratedSerializationConstructorAccessor57'
Event: 10800.048 Thread 0x000002914bce6af0 Unloading class 0x00000001000c9400 'java/lang/invoke/LambdaForm$MH+0x00000001000c9400'
Event: 10800.048 Thread 0x000002914bce6af0 Unloading class 0x00000001000c9000 'java/lang/invoke/LambdaForm$MH+0x00000001000c9000'
Event: 10800.048 Thread 0x000002914bce6af0 Unloading class 0x0000000100141400 'java/lang/invoke/LambdaForm$MH+0x0000000100141400'
Event: 10800.048 Thread 0x000002914bce6af0 Unloading class 0x0000000100141000 'java/lang/invoke/LambdaForm$MH+0x0000000100141000'
Event: 10800.048 Thread 0x000002914bce6af0 Unloading class 0x0000000100143c00 'java/lang/invoke/LambdaForm$MH+0x0000000100143c00'
Event: 10800.048 Thread 0x000002914bce6af0 Unloading class 0x0000000100143800 'java/lang/invoke/LambdaForm$MH+0x0000000100143800'
Event: 10800.048 Thread 0x000002914bce6af0 Unloading class 0x0000000100145400 'java/lang/invoke/LambdaForm$MH+0x0000000100145400'
Event: 10800.048 Thread 0x000002914bce6af0 Unloading class 0x0000000100145000 'java/lang/invoke/LambdaForm$MH+0x0000000100145000'
Event: 10800.048 Thread 0x000002914bce6af0 Unloading class 0x0000000100146c00 'jdk/internal/reflect/GeneratedSerializationConstructorAccessor56'
Event: 10800.048 Thread 0x000002914bce6af0 Unloading class 0x0000000100146800 'jdk/internal/reflect/GeneratedSerializationConstructorAccessor55'
Event: 10800.048 Thread 0x000002914bce6af0 Unloading class 0x0000000100147c00 'jdk/internal/reflect/GeneratedSerializationConstructorAccessor54'
Event: 10800.048 Thread 0x000002914bce6af0 Unloading class 0x0000000100147800 'jdk/internal/reflect/GeneratedSerializationConstructorAccessor53'
Event: 10800.048 Thread 0x000002914bce6af0 Unloading class 0x000000010014ec00 'jdk/internal/reflect/GeneratedSerializationConstructorAccessor52'

Classes redefined (0 events):
No events

Internal exceptions (20 events):
Event: 3224.694 Thread 0x000002914f1e4360 Exception <a 'java/lang/NoSuchMethodError'{0x00000000d839c438}: static Lcom/intellij/database/remote/jdba/core/ConnectionInfo;.<clinit>()V> (0x00000000d839c438) 
thrown [s\src\hotspot\share\prims\jni.cpp, line 1108]
Event: 3224.694 Thread 0x000002914f1e4360 Exception <a 'java/lang/NoSuchMethodError'{0x00000000d83a68f8}: static Ljava/lang/Object;.<clinit>()V> (0x00000000d83a68f8) 
thrown [s\src\hotspot\share\prims\jni.cpp, line 1108]
Event: 3224.694 Thread 0x000002914f1e4360 Exception <a 'java/lang/NoSuchMethodError'{0x00000000d83aa4e8}: static [I.<clinit>()V> (0x00000000d83aa4e8) 
thrown [s\src\hotspot\share\prims\jni.cpp, line 1108]
Event: 3224.891 Thread 0x000002914f1e4360 Exception <a 'java/lang/NoSuchMethodError'{0x00000000d812ae28}: static Lcom/intellij/database/remote/jdba/core/ResultLayout;.<clinit>()V> (0x00000000d812ae28) 
thrown [s\src\hotspot\share\prims\jni.cpp, line 1108]
Event: 3224.892 Thread 0x000002914f1e4360 Exception <a 'java/lang/NoSuchMethodError'{0x00000000d81374c0}: static Lcom/intellij/database/remote/jdba/core/RowLayout;.<clinit>()V> (0x00000000d81374c0) 
thrown [s\src\hotspot\share\prims\jni.cpp, line 1108]
Event: 3224.893 Thread 0x000002914f1e4360 Exception <a 'java/lang/NoSuchMethodError'{0x00000000d8142288}: static Lcom/intellij/database/remote/jdba/util/NameAndClass;.<clinit>()V> (0x00000000d8142288) 
thrown [s\src\hotspot\share\prims\jni.cpp, line 1108]
Event: 3225.248 Thread 0x000002914f1e4360 Exception <a 'java/lang/NoSuchMethodError'{0x00000000d81abd28}: static [Ljava/lang/String;.<clinit>()V> (0x00000000d81abd28) 
thrown [s\src\hotspot\share\prims\jni.cpp, line 1108]
Event: 3232.485 Thread 0x000002914f1e4360 Exception <a 'java/lang/NoSuchMethodError'{0x00000000d8c442d0}: 'void java.lang.invoke.DirectMethodHandle$Holder.invokeStaticInit(java.lang.Object, java.lang.Object)'> (0x00000000d8c442d0) 
thrown [s\src\hotspot\share\interpreter\linkResolver.cpp, line 771]
Event: 8502.087 Thread 0x000002914f1e4360 Exception <a 'java/lang/NoSuchMethodError'{0x00000000d8988280}: static Lcom/intellij/database/remote/jdbc/RemoteResultSet$DataRetrievingOptions;.<clinit>()V> (0x00000000d8988280) 
thrown [s\src\hotspot\share\prims\jni.cpp, line 1108]
Event: 10456.511 Thread 0x000002914f1e4360 Exception <a 'java/lang/reflect/InvocationTargetException'{0x00000000d7a5e170}> (0x00000000d7a5e170) 
thrown [s\src\hotspot\share\runtime\reflection.cpp, line 1127]
Event: 10456.513 Thread 0x000002914f1e4360 Exception <a 'java/lang/NoSuchMethodError'{0x00000000d7a74be0}: static [Ljava/lang/StackTraceElement;.<clinit>()V> (0x00000000d7a74be0) 
thrown [s\src\hotspot\share\prims\jni.cpp, line 1108]
Event: 10456.579 Thread 0x000002914f1e4360 Exception <a 'java/lang/NoSuchMethodError'{0x00000000d7ab4840}: 'java.lang.Object java.lang.invoke.DirectMethodHandle$Holder.invokeSpecial(java.lang.Object, java.lang.Object, java.lang.Object, java.lang.Object, int)'> (0x00000000d7ab4840) 
thrown [s\src\hotspot\share\interpreter\linkResolver.cpp, line 771]
Event: 10456.579 Thread 0x000002914f1e4360 Exception <a 'java/lang/NoSuchMethodError'{0x00000000d7ab8408}: 'java.lang.Object java.lang.invoke.Invokers$Holder.linkToTargetMethod(java.lang.Object, java.lang.Object, int, java.lang.Object)'> (0x00000000d7ab8408) 
thrown [s\src\hotspot\share\interpreter\linkResolver.cpp, line 771]
Event: 10457.772 Thread 0x000002914f1e4360 Exception <a 'java/lang/NoSuchMethodError'{0x00000000d79d1f38}: static Lcom/intellij/database/remote/jdba/core/ConnectionInfo;.<clinit>()V> (0x00000000d79d1f38) 
thrown [s\src\hotspot\share\prims\jni.cpp, line 1108]
Event: 10457.772 Thread 0x000002914f1e4360 Exception <a 'java/lang/NoSuchMethodError'{0x00000000d79dc268}: static Ljava/lang/Object;.<clinit>()V> (0x00000000d79dc268) 
thrown [s\src\hotspot\share\prims\jni.cpp, line 1108]
Event: 10457.773 Thread 0x000002914f1e4360 Exception <a 'java/lang/NoSuchMethodError'{0x00000000d79dfd08}: static [I.<clinit>()V> (0x00000000d79dfd08) 
thrown [s\src\hotspot\share\prims\jni.cpp, line 1108]
Event: 10501.184 Thread 0x000002914f1e4d00 Implicit null exception at 0x00000291427046e4 to 0x00000291427073a8
Event: 11029.530 Thread 0x000002914f1bb1e0 Exception <a 'java/lang/NoSuchMethodError'{0x00000000d90942c8}: 'void java.lang.invoke.DirectMethodHandle$Holder.invokeStaticInit(java.lang.Object)'> (0x00000000d90942c8) 
thrown [s\src\hotspot\share\interpreter\linkResolver.cpp, line 771]
Event: 11030.416 Thread 0x000002914f1e51d0 Exception <a 'java/lang/NoSuchMethodError'{0x00000000d8f24130}: 'void java.lang.invoke.DirectMethodHandle$Holder.invokeInterface(java.lang.Object, java.lang.Object)'> (0x00000000d8f24130) 
thrown [s\src\hotspot\share\interpreter\linkResolver.cpp, line 771]
Event: 11849.655 Thread 0x000002914f1e4d00 Implicit null exception at 0x00000291427b5e49 to 0x00000291427ba4f4

VM Operations (20 events):
Event: 11844.913 Executing VM operation: Cleanup
Event: 11844.913 Executing VM operation: Cleanup done
Event: 11845.913 Executing VM operation: Cleanup
Event: 11845.914 Executing VM operation: Cleanup done
Event: 11848.916 Executing VM operation: Cleanup
Event: 11848.916 Executing VM operation: Cleanup done
Event: 11849.917 Executing VM operation: Cleanup
Event: 11849.917 Executing VM operation: Cleanup done
Event: 11851.918 Executing VM operation: Cleanup
Event: 11851.918 Executing VM operation: Cleanup done
Event: 12009.048 Executing VM operation: Cleanup
Event: 12009.048 Executing VM operation: Cleanup done
Event: 12011.056 Executing VM operation: Cleanup
Event: 12011.056 Executing VM operation: Cleanup done
Event: 12013.082 Executing VM operation: Cleanup
Event: 12013.082 Executing VM operation: Cleanup done
Event: 12016.107 Executing VM operation: Cleanup
Event: 12016.107 Executing VM operation: Cleanup done
Event: 12043.269 Executing VM operation: Cleanup
Event: 12043.269 Executing VM operation: Cleanup done

Events (20 events):
Event: 11926.763 Thread 0x000002914f1e4360 Thread exited: 0x000002914f1e4360
Event: 12082.635 Thread 0x000002914f1e51d0 Thread added: 0x000002914f1e51d0
Event: 12082.989 Thread 0x000002914f1e4360 Thread added: 0x000002914f1e4360
Event: 12082.990 Thread 0x000002914f1e6040 Thread added: 0x000002914f1e6040
Event: 12082.990 Thread 0x000002914f61be70 Thread added: 0x000002914f61be70
Event: 12082.990 Thread 0x000002914f61e020 Thread added: 0x000002914f61e020
Event: 12082.990 Thread 0x000002914f61e4f0 Thread added: 0x000002914f61e4f0
Event: 12082.990 Thread 0x000002914f61f360 Thread added: 0x000002914f61f360
Event: 12082.990 Thread 0x000002914f61fd00 Thread added: 0x000002914f61fd00
Event: 12082.990 Thread 0x000002914f1e6040 Thread exited: 0x000002914f1e6040
Event: 12082.990 Thread 0x000002914f61e9c0 Thread added: 0x000002914f61e9c0
Event: 12082.990 Thread 0x000002914f61f830 Thread added: 0x000002914f61f830
Event: 12082.990 Thread 0x000002914f61be70 Thread exited: 0x000002914f61be70
Event: 12082.991 Thread 0x000002914f61e020 Thread exited: 0x000002914f61e020
Event: 12082.991 Thread 0x000002914f61e9c0 Thread exited: 0x000002914f61e9c0
Event: 12082.991 Thread 0x000002914f61f830 Thread exited: 0x000002914f61f830
Event: 12082.995 Thread 0x000002914f1e4360 Thread exited: 0x000002914f1e4360
Event: 12082.995 Thread 0x000002914f61e4f0 Thread exited: 0x000002914f61e4f0
Event: 12082.998 Thread 0x000002914f61f360 Thread exited: 0x000002914f61f360
Event: 12082.999 Thread 0x000002914f61fd00 Thread exited: 0x000002914f61fd00


Dynamic libraries:
0x00007ff7aa710000 - 0x00007ff7aa71a000 	D:\DataSoft\JetBox\apps\datagrip\ch-0\222.4167.25\jbr\bin\java.exe
0x00007fffb2950000 - 0x00007fffb2b48000 	C:\WINDOWS\SYSTEM32\ntdll.dll
0x00007fffb17a0000 - 0x00007fffb185f000 	C:\WINDOWS\System32\KERNEL32.DLL
0x00007fffb02c0000 - 0x00007fffb0592000 	C:\WINDOWS\System32\KERNELBASE.dll
0x00007fffb0890000 - 0x00007fffb0990000 	C:\WINDOWS\System32\ucrtbase.dll
0x00007fffac930000 - 0x00007fffac947000 	D:\DataSoft\JetBox\apps\datagrip\ch-0\222.4167.25\jbr\bin\jli.dll
0x00007fffac910000 - 0x00007fffac92b000 	D:\DataSoft\JetBox\apps\datagrip\ch-0\222.4167.25\jbr\bin\VCRUNTIME140.dll
0x00007fffb1860000 - 0x00007fffb1a01000 	C:\WINDOWS\System32\USER32.dll
0x00007fffb0150000 - 0x00007fffb0172000 	C:\WINDOWS\System32\win32u.dll
0x00007fffb25a0000 - 0x00007fffb25cb000 	C:\WINDOWS\System32\GDI32.dll
0x00007fffa23f0000 - 0x00007fffa268a000 	C:\WINDOWS\WinSxS\amd64_microsoft.windows.common-controls_6595b64144ccf1df_6.0.19041.1110_none_60b5254171f9507e\COMCTL32.dll
0x00007fffb0040000 - 0x00007fffb014f000 	C:\WINDOWS\System32\gdi32full.dll
0x00007fffb07f0000 - 0x00007fffb088d000 	C:\WINDOWS\System32\msvcp_win.dll
0x00007fffb2720000 - 0x00007fffb27be000 	C:\WINDOWS\System32\msvcrt.dll
0x00007fffb0990000 - 0x00007fffb09c2000 	C:\WINDOWS\System32\IMM32.DLL
0x00007fffafd70000 - 0x00007fffafddf000 	C:\WINDOWS\LVUAAgentInstBaseRoot\system32\Vozokopot.dll
0x00007fffac900000 - 0x00007fffac90c000 	D:\DataSoft\JetBox\apps\datagrip\ch-0\222.4167.25\jbr\bin\vcruntime140_1.dll
0x00007fff88b20000 - 0x00007fff88bad000 	D:\DataSoft\JetBox\apps\datagrip\ch-0\222.4167.25\jbr\bin\msvcp140.dll
0x00007fff44140000 - 0x00007fff44da9000 	D:\DataSoft\JetBox\apps\datagrip\ch-0\222.4167.25\jbr\bin\server\jvm.dll
0x00007fffb09d0000 - 0x00007fffb0a7e000 	C:\WINDOWS\System32\ADVAPI32.dll
0x00007fffb2870000 - 0x00007fffb290c000 	C:\WINDOWS\System32\sechost.dll
0x00007fffb23c0000 - 0x00007fffb24e5000 	C:\WINDOWS\System32\RPCRT4.dll
0x00007fffb23b0000 - 0x00007fffb23b8000 	C:\WINDOWS\System32\PSAPI.DLL
0x00007fff9b2f0000 - 0x00007fff9b2f9000 	C:\WINDOWS\SYSTEM32\WSOCK32.dll
0x00007fff9a5c0000 - 0x00007fff9a5e7000 	C:\WINDOWS\SYSTEM32\WINMM.dll
0x00007fffaaab0000 - 0x00007fffaaaba000 	C:\WINDOWS\SYSTEM32\VERSION.dll
0x00007fffb2190000 - 0x00007fffb21fb000 	C:\WINDOWS\System32\WS2_32.dll
0x00007fffa2920000 - 0x00007fffa2c98000 	C:\WINDOWS\LVUAAgentInstBaseRoot\system32\MozartBreathCore.dll
0x00007fffb2000000 - 0x00007fffb20da000 	C:\WINDOWS\System32\COMDLG32.dll
0x00007fffb0a80000 - 0x00007fffb0dd5000 	C:\WINDOWS\System32\combase.dll
0x00007fffb24f0000 - 0x00007fffb259d000 	C:\WINDOWS\System32\shcore.dll
0x00007fffaf3a0000 - 0x00007fffaf3db000 	C:\WINDOWS\SYSTEM32\IPHLPAPI.DLL
0x00007fffa79a0000 - 0x00007fffa79bd000 	C:\WINDOWS\SYSTEM32\MPR.dll
0x00007fffad640000 - 0x00007fffad654000 	C:\WINDOWS\SYSTEM32\WTSAPI32.dll
0x00007fffb1fa0000 - 0x00007fffb1ff5000 	C:\WINDOWS\System32\SHLWAPI.dll
0x00007fffb0ec0000 - 0x00007fffb1605000 	C:\WINDOWS\System32\SHELL32.dll
0x00007fffa2880000 - 0x00007fffa2918000 	C:\WINDOWS\SYSTEM32\WINSPOOL.DRV
0x00007fffaf3e0000 - 0x00007fffaf4ab000 	C:\WINDOWS\SYSTEM32\DNSAPI.dll
0x00007fffb1610000 - 0x00007fffb173a000 	C:\WINDOWS\System32\ole32.dll
0x00007fffb0de0000 - 0x00007fffb0ead000 	C:\WINDOWS\System32\OLEAUT32.dll
0x00007fffb2160000 - 0x00007fffb2168000 	C:\WINDOWS\System32\NSI.dll
0x00007fff9a9a0000 - 0x00007fff9a9bf000 	C:\WINDOWS\LVUAAgentInstBaseRoot\system32\MozartBreathOM.dll
0x00007fffadeb0000 - 0x00007fffadec2000 	C:\WINDOWS\SYSTEM32\kernel.appcore.dll
0x00007fff9a610000 - 0x00007fff9a637000 	C:\WINDOWS\LVUAAgentInstBaseRoot\system32\MozartBreathFw.dll
0x00007fffac820000 - 0x00007fffac82a000 	D:\DataSoft\JetBox\apps\datagrip\ch-0\222.4167.25\jbr\bin\jimage.dll
0x00007fff9e6c0000 - 0x00007fff9e8a4000 	C:\WINDOWS\SYSTEM32\DBGHELP.DLL
0x00007fff9da60000 - 0x00007fff9da95000 	C:\WINDOWS\SYSTEM32\dbgcore.DLL
0x00007fffb0230000 - 0x00007fffb02b2000 	C:\WINDOWS\System32\bcryptPrimitives.dll
0x00007fff9a3e0000 - 0x00007fff9a44d000 	C:\WINDOWS\LVUAAgentInstBaseRoot\system32\MozartBreathFile.dll
0x00007fff98f20000 - 0x00007fff9904d000 	C:\WINDOWS\LVUAAgentInstBaseRoot\system32\MozartBreathProcess.dll
0x00007fff98c70000 - 0x00007fff98ce7000 	C:\WINDOWS\LVUAAgentInstBaseRoot\system32\MozartBreathBolo2.dll
0x00007fff98ae0000 - 0x00007fff98b0b000 	C:\WINDOWS\LVUAAgentInstBaseRoot\system32\MozartBreathProtect.dll
0x00007fffab650000 - 0x00007fffab675000 	D:\DataSoft\JetBox\apps\datagrip\ch-0\222.4167.25\jbr\bin\java.dll
0x00007fffac800000 - 0x00007fffac818000 	D:\DataSoft\JetBox\apps\datagrip\ch-0\222.4167.25\jbr\bin\zip.dll
0x00007fffae0b0000 - 0x00007fffae842000 	C:\WINDOWS\SYSTEM32\windows.storage.dll
0x00007fffaf950000 - 0x00007fffaf980000 	C:\WINDOWS\System32\Wldp.dll
0x00007fffaff80000 - 0x00007fffaff9f000 	C:\WINDOWS\SYSTEM32\profapi.dll
0x00007fffaa5c0000 - 0x00007fffaa5d9000 	D:\DataSoft\JetBox\apps\datagrip\ch-0\222.4167.25\jbr\bin\net.dll
0x00007fffaaf20000 - 0x00007fffab02c000 	C:\WINDOWS\SYSTEM32\WINHTTP.dll
0x00007fffaf6b0000 - 0x00007fffaf71a000 	C:\WINDOWS\system32\mswsock.dll
0x00007fffaa100000 - 0x00007fffaa116000 	D:\DataSoft\JetBox\apps\datagrip\ch-0\222.4167.25\jbr\bin\nio.dll
0x00007fff888f0000 - 0x00007fff88a83000 	D:\DataSoft\JetBox\apps\datagrip\ch-0\222.4167.25\jbr\bin\awt.dll
0x00007fffadcd0000 - 0x00007fffadcff000 	C:\WINDOWS\SYSTEM32\dwmapi.dll
0x00007fffad5b0000 - 0x00007fffad640000 	C:\WINDOWS\SYSTEM32\apphelp.dll
0x00007fffad9e0000 - 0x00007fffada7e000 	C:\WINDOWS\system32\uxtheme.dll
0x00007fff78b80000 - 0x00007fff78c59000 	c:\Program Files\HP\HP ProtectTools Security Manager\Bin\DpoFeedb.dll
0x00007fffaff00000 - 0x00007fffaff2e000 	C:\WINDOWS\SYSTEM32\USERENV.dll
0x00007fffb1a10000 - 0x00007fffb1b25000 	C:\WINDOWS\System32\MSCTF.dll
0x0000000180000000 - 0x0000000180044000 	C:\WINDOWS\LVUAAgentInstBaseRoot\system32\OverlordSpear.dll
0x00007fffab550000 - 0x00007fffab567000 	C:\WINDOWS\SYSTEM32\dhcpcsvc6.DLL
0x00007fffab520000 - 0x00007fffab53d000 	C:\WINDOWS\SYSTEM32\dhcpcsvc.DLL
0x00007fffaf8a0000 - 0x00007fffaf8b8000 	C:\WINDOWS\SYSTEM32\CRYPTSP.dll
0x00007fffaefd0000 - 0x00007fffaf004000 	C:\WINDOWS\system32\rsaenh.dll
0x00007fffb07c0000 - 0x00007fffb07e7000 	C:\WINDOWS\System32\bcrypt.dll
0x00007fffaf8c0000 - 0x00007fffaf8cc000 	C:\WINDOWS\SYSTEM32\CRYPTBASE.dll
0x00007fffac8f0000 - 0x00007fffac8f7000 	D:\DataSoft\JetBox\apps\datagrip\ch-0\222.4167.25\jbr\bin\rmi.dll
0x00007fffab150000 - 0x00007fffab160000 	D:\DataSoft\JetBox\apps\datagrip\ch-0\222.4167.25\jbr\bin\verify.dll
0x00007fff9fe40000 - 0x00007fff9feec000 	C:\WINDOWS\SYSTEM32\TextShaping.dll
0x00007fff7b7f0000 - 0x00007fff7b915000 	C:\WINDOWS\system32\opengl32.dll
0x00007fff7c080000 - 0x00007fff7c0ac000 	C:\WINDOWS\SYSTEM32\GLU32.dll

dbghelp: loaded successfully - version: 4.0.5 - missing functions: none
symbol engine: initialized successfully - sym options: 0x614 - pdb path: .;D:\DataSoft\JetBox\apps\datagrip\ch-0\222.4167.25\jbr\bin;C:\WINDOWS\SYSTEM32;C:\WINDOWS\WinSxS\amd64_microsoft.windows.common-controls_6595b64144ccf1df_6.0.19041.1110_none_60b5254171f9507e;C:\WINDOWS\LVUAAgentInstBaseRoot\system32;D:\DataSoft\JetBox\apps\datagrip\ch-0\222.4167.25\jbr\bin\server;c:\Program Files\HP\HP ProtectTools Security Manager\Bin

VM Arguments:
jvm_args: -Dawt.toolkit=com.intellij.desktop.DesktopActionsToolkit -Djava.rmi.server.hostname=127.0.0.1 -Duser.timezone=UTC -Xmx750m -Xms128m --add-exports=java.desktop/sun.awt=ALL-UNNAMED --add-exports=java.desktop/java.awt.peer=ALL-UNNAMED --add-opens=java.desktop/java.awt=ALL-UNNAMED --add-opens=jdk.unsupported/sun.misc=ALL-UNNAMED --add-opens=java.base/java.nio=ALL-UNNAMED -Dfile.encoding=UTF-8 
java_command: com.intellij.database.remote.RemoteJdbcServer com.mysql.cj.jdbc.Driver
java_class_path (initial): D:\DataSoft\JetBox\apps\datagrip\ch-0\222.4167.25\lib\util_rt.jar;D:\DataSoft\JetBox\apps\datagrip\ch-0\222.4167.25\lib\util.jar;D:\DataSoft\JetBox\apps\datagrip\ch-0\222.4167.25\lib\groovy.jar;D:\DataSoft\JetBox\apps\datagrip\ch-0\222.4167.25\plugins\DatabaseTools\lib\jdbc-console.jar;C:\Users\DMC8612144\AppData\Roaming\JetBrains\DataGrip2022.2\jdbc-drivers\MySQL ConnectorJ\8.0.25\mysql-connector-java-8.0.25.jar
Launcher Type: SUN_STANDARD

[Global flags]
     intx CICompilerCount                          = 3                                         {product} {ergonomic}
     uint ConcGCThreads                            = 2                                         {product} {ergonomic}
     uint G1ConcRefinementThreads                  = 6                                         {product} {ergonomic}
   size_t G1HeapRegionSize                         = 1048576                                   {product} {ergonomic}
    uintx GCDrainStackTargetSize                   = 64                                        {product} {ergonomic}
   size_t InitialHeapSize                          = 134217728                                 {product} {command line}
   size_t MarkStackSize                            = 4194304                                   {product} {ergonomic}
   size_t MaxHeapSize                              = 786432000                                 {product} {command line}
   size_t MaxNewSize                               = 471859200                                 {product} {ergonomic}
   size_t MinHeapDeltaBytes                        = 1048576                                   {product} {ergonomic}
   size_t MinHeapSize                              = 134217728                                 {product} {command line}
    uintx NonNMethodCodeHeapSize                   = 5832780                                {pd product} {ergonomic}
    uintx NonProfiledCodeHeapSize                  = 122912730                              {pd product} {ergonomic}
    uintx ProfiledCodeHeapSize                     = 122912730                              {pd product} {ergonomic}
    uintx ReservedCodeCacheSize                    = 251658240                              {pd product} {ergonomic}
     bool SegmentedCodeCache                       = true                                      {product} {ergonomic}
   size_t SoftMaxHeapSize                          = 786432000                              {manageable} {ergonomic}
     bool UseCompressedClassPointers               = true                           {product lp64_product} {ergonomic}
     bool UseCompressedOops                        = true                           {product lp64_product} {ergonomic}
     bool UseG1GC                                  = true                                      {product} {ergonomic}
     bool UseLargePagesIndividualAllocation        = false                                  {pd product} {ergonomic}

Logging:
Log output configuration:
 #0: stdout all=warning uptime,level,tags
 #1: stderr all=off uptime,level,tags

Environment Variables:
JAVA_HOME=D:\Program Files (x86)\Java\jdk1.8.0_181
PATH=C:\Program Files\Microsoft\jdk-11.0.16.101-hotspot\bin;C:\Program Files (x86)\Common Files\Oracle\Java\javapath;C:\WINDOWS\system32;C:\WINDOWS;C:\WINDOWS\System32\Wbem;C:\WINDOWS\System32\WindowsPowerShell\v1.0\;C:\WINDOWS\System32\OpenSSH\;D:\Program Files (x86)\Java\jdk1.8.0_181\bin;D:\Program Files (x86)\Java\jdk1.8.0_181\jre\bin;C:\Program Files (x86)\Microsoft SQL Server\150\DTS\Binn\;C:\Program Files\Microsoft SQL Server\130\Tools\Binn\;D:\Program Files\Git\cmd;D:\Program Files\TortoiseGit\bin;D:\Program Files\apache-maven-3.8.1\bin\;C:\Program Files\MySQL\MySQL Server 5.7\bin;D:\DataSoft\scala\bin;D:\DataSoft\scala\bin;D:\DataSoft\scala\jre\bin;C:\Program Files (x86)\Intel\Intel(R) Management Engine Components\DAL;C:\Program Files\Intel\Intel(R) Management Engine Components\DAL;E:\LinuxOS\Xshell\;E:\LinuxOS\Xftp\;D:\DataSoft\python;D:\DataSoft\python\Lib;D:\DataSoft\python\Scripts;C:\Program Files\Microsoft SQL Server\150\Tools\Binn\;C:\Program Files\Microsoft SQL Server\Client SDK\ODBC\170\Tools\Binn\;C:\Program Files\dotnet\;D:\Program Files (x86)\IncrediBuild;D:\Program Files\Visual Studio\VC\Tools\MSVC\14.35.32215\bin\Hostx64\x64;C:\Users\DMC8612144\AppData\Local\Microsoft\WindowsApps;
USERNAME=DMC8612144
OS=Windows_NT
PROCESSOR_IDENTIFIER=Intel64 Family 6 Model 158 Stepping 10, GenuineIntel
TMP=C:\Users\DMC861~1\AppData\Local\Temp
TEMP=C:\Users\DMC861~1\AppData\Local\Temp



---------------  S Y S T E M  ---------------

OS:
 Windows 10 , 64 bit Build 19041 (10.0.19041.2546)
OS uptime: 3 days 10:39 hours

CPU: total 6 (initial active 6) (6 cores per cpu, 1 threads per core) family 6 model 158 stepping 10 microcode 0xb4, cx8, cmov, fxsr, mmx, 3dnowpref, sse, sse2, sse3, ssse3, sse4.1, sse4.2, popcnt, lzcnt, tsc, tscinvbit, avx, avx2, aes, erms, clmul, bmi1, bmi2, rtm, adx, fma, vzeroupper, clflush, clflushopt

Memory: 4k page, system-wide physical 16227M (4935M free)
TotalPageFile size 20323M (AvailPageFile size 8M)
current process WorkingSet (physical memory assigned to process): 114M, peak: 136M
current process commit charge ("private bytes"): 237M, peak: 280M

vm_info: OpenJDK 64-Bit Server VM (17.0.4+7-b469.53) for windows-amd64 JRE (17.0.4+7-b469.53), built on 2022-08-29 by "builduser" with MS VC++ 16.10 / 16.11 (VS2019)

END.
