#
# There is insufficient memory for the Java Runtime Environment to continue.
# Native memory allocation (malloc) failed to allocate 2097152 bytes for AllocateHeap
# Possible reasons:
#   The system is out of physical RAM or swap space
#   The process is running with CompressedOops enabled, and the Java Heap may be blocking the growth of the native heap
# Possible solutions:
#   Reduce memory load on the system
#   Increase physical memory or swap space
#   Check if swap backing store is full
#   Decrease Java heap size (-Xmx/-Xms)
#   Decrease number of Java threads
#   Decrease Java thread stack sizes (-Xss)
#   Set larger code cache with -XX:ReservedCodeCacheSize=
#   JVM is running with Unscaled Compressed Oops mode in which the Java heap is
#     placed in the first 4GB address space. The Java Heap base address is the
#     maximum limit for the native heap growth. Please use -XX:HeapBaseMinAddress
#     to set the Java Heap base and to place the Java Heap above 4GB virtual address.
# This output file may be truncated or incomplete.
#
#  Out of Memory Error (allocation.cpp:44), pid=20076, tid=22924
#
# JRE version: OpenJDK Runtime Environment JBR-17.0.4+7-469.53-jcef (17.0.4+7) (build 17.0.4+7-b469.53)
# Java VM: OpenJDK 64-Bit Server VM JBR-17.0.4+7-469.53-jcef (17.0.4+7-b469.53, mixed mode, tiered, compressed oops, compressed class ptrs, g1 gc, windows-amd64)
# No core dump will be written. Minidumps are not enabled by default on client versions of Windows
#

---------------  S U M M A R Y ------------

Command Line: -Dawt.toolkit=com.intellij.desktop.DesktopActionsToolkit -Djava.rmi.server.hostname=127.0.0.1 -Duser.timezone=UTC -Xmx750m -Xms128m --add-exports=java.desktop/sun.awt=ALL-UNNAMED --add-exports=java.desktop/java.awt.peer=ALL-UNNAMED --add-opens=java.desktop/java.awt=ALL-UNNAMED --add-opens=jdk.unsupported/sun.misc=ALL-UNNAMED --add-opens=java.base/java.nio=ALL-UNNAMED -Dfile.encoding=GBK com.intellij.database.remote.RemoteJdbcServer org.apache.hive.jdbc.HiveDriver

Host: Intel(R) Core(TM) i5-8500 CPU @ 3.00GHz, 6 cores, 15G,  Windows 10 , 64 bit Build 19041 (10.0.19041.2364)
Time: Mon Jan 16 09:01:35 2023  Windows 10 , 64 bit Build 19041 (10.0.19041.2364) elapsed time: 313204.456012 seconds (3d 15h 0m 4s)

---------------  T H R E A D  ---------------

Current thread (0x0000017e9b8116d0):  VMThread "VM Thread" [stack: 0x0000001fa4800000,0x0000001fa4900000] [id=22924]

Stack: [0x0000001fa4800000,0x0000001fa4900000]
Native frames: (J=compiled Java code, j=interpreted, Vv=VM code, C=native code)
V  [jvm.dll+0x68348a]
V  [jvm.dll+0x83faf4]
V  [jvm.dll+0x84129e]
V  [jvm.dll+0x841903]
V  [jvm.dll+0x2494a5]
V  [jvm.dll+0xa64cf]
V  [jvm.dll+0x2fa1d1]
V  [jvm.dll+0x2f5570]
V  [jvm.dll+0x2ddb37]
V  [jvm.dll+0x3218e7]
V  [jvm.dll+0x845ddb]
V  [jvm.dll+0x846b14]
V  [jvm.dll+0x84702d]
V  [jvm.dll+0x847404]
V  [jvm.dll+0x8474d0]
V  [jvm.dll+0x7ef82a]
V  [jvm.dll+0x6822c5]
C  [ucrtbase.dll+0x21bb2]
C  [KERNEL32.DLL+0x17614]
C  [ntdll.dll+0x526a1]

VM_Operation (0x0000001fa5cfed70): G1CollectFull, mode: safepoint, requested by thread 0x0000017e9bb9ede0


---------------  P R O C E S S  ---------------

Threads class SMR info:
_java_thread_list=0x0000017e9d92eb00, length=22, elements={
0x0000017e8406e2b0, 0x0000017e9b813e80, 0x0000017e9b814a00, 0x0000017e9b88e530,
0x0000017e9b88f0b0, 0x0000017e9b8900e0, 0x0000017e9b82da60, 0x0000017e9b866110,
0x0000017e9b869f10, 0x0000017e9b86a420, 0x0000017e9ba4baa0, 0x0000017e9ba4db90,
0x0000017e9bd18020, 0x0000017e9bd1fc90, 0x0000017e9bf5d440, 0x0000017e9bb9daf0,
0x0000017e9bb9e170, 0x0000017e9bb9ede0, 0x0000017e9bf7add0, 0x0000017e9bfa3e40,
0x0000017e9bfa5650, 0x0000017e9e4d5a20
}

Java Threads: ( => current thread )
  0x0000017e8406e2b0 JavaThread "main" [_thread_blocked, id=14364, stack(0x0000001fa4300000,0x0000001fa4400000)]
  0x0000017e9b813e80 JavaThread "Reference Handler" daemon [_thread_blocked, id=14324, stack(0x0000001fa4900000,0x0000001fa4a00000)]
  0x0000017e9b814a00 JavaThread "Finalizer" daemon [_thread_blocked, id=22352, stack(0x0000001fa4a00000,0x0000001fa4b00000)]
  0x0000017e9b88e530 JavaThread "Signal Dispatcher" daemon [_thread_blocked, id=20232, stack(0x0000001fa4b00000,0x0000001fa4c00000)]
  0x0000017e9b88f0b0 JavaThread "Attach Listener" daemon [_thread_blocked, id=26384, stack(0x0000001fa4c00000,0x0000001fa4d00000)]
  0x0000017e9b8900e0 JavaThread "Service Thread" daemon [_thread_blocked, id=17416, stack(0x0000001fa4d00000,0x0000001fa4e00000)]
  0x0000017e9b82da60 JavaThread "Monitor Deflation Thread" daemon [_thread_blocked, id=11124, stack(0x0000001fa4e00000,0x0000001fa4f00000)]
  0x0000017e9b866110 JavaThread "C2 CompilerThread0" daemon [_thread_blocked, id=8720, stack(0x0000001fa4f00000,0x0000001fa5000000)]
  0x0000017e9b869f10 JavaThread "C1 CompilerThread0" daemon [_thread_blocked, id=9464, stack(0x0000001fa5000000,0x0000001fa5100000)]
  0x0000017e9b86a420 JavaThread "Sweeper thread" daemon [_thread_blocked, id=22268, stack(0x0000001fa5100000,0x0000001fa5200000)]
  0x0000017e9ba4baa0 JavaThread "Common-Cleaner" daemon [_thread_blocked, id=8404, stack(0x0000001fa5200000,0x0000001fa5300000)]
  0x0000017e9ba4db90 JavaThread "Notification Thread" daemon [_thread_blocked, id=14408, stack(0x0000001fa5300000,0x0000001fa5400000)]
  0x0000017e9bd18020 JavaThread "Java2D Disposer" daemon [_thread_blocked, id=19756, stack(0x0000001fa5500000,0x0000001fa5600000)]
  0x0000017e9bd1fc90 JavaThread "AWT-Windows" daemon [_thread_in_native, id=22184, stack(0x0000001fa5700000,0x0000001fa5800000)]
  0x0000017e9bf5d440 JavaThread "RMI TCP Accept-60513" daemon [_thread_in_native, id=5504, stack(0x0000001fa5900000,0x0000001fa5a00000)]
  0x0000017e9bb9daf0 JavaThread "RMI TCP Accept-0" daemon [_thread_in_native, id=24080, stack(0x0000001fa5a00000,0x0000001fa5b00000)]
  0x0000017e9bb9e170 JavaThread "RMI Reaper" [_thread_blocked, id=13056, stack(0x0000001fa5b00000,0x0000001fa5c00000)]
  0x0000017e9bb9ede0 JavaThread "RMI GC Daemon" daemon [_thread_blocked, id=15456, stack(0x0000001fa5c00000,0x0000001fa5d00000)]
  0x0000017e9bf7add0 JavaThread "RMI TCP Connection(1)-127.0.0.1" daemon [_thread_in_native, id=16420, stack(0x0000001fa5d00000,0x0000001fa5e00000)]
  0x0000017e9bfa3e40 JavaThread "RMI Scheduler(0)" daemon [_thread_blocked, id=21056, stack(0x0000001fa5e00000,0x0000001fa5f00000)]
  0x0000017e9bfa5650 JavaThread "RMI RenewClean-[127.0.0.1:61842]" daemon [_thread_blocked, id=25788, stack(0x0000001fa6000000,0x0000001fa6100000)]
  0x0000017e9e4d5a20 JavaThread "RMI TCP Connection(18)-127.0.0.1" daemon [_thread_in_native, id=9164, stack(0x0000001fa4000000,0x0000001fa4100000)]

Other Threads:
=>0x0000017e9b8116d0 VMThread "VM Thread" [stack: 0x0000001fa4800000,0x0000001fa4900000] [id=22924]
  0x0000017e9ba4e470 WatcherThread [stack: 0x0000001fa5400000,0x0000001fa5500000] [id=26132]
  0x0000017e9866c600 GCTaskThread "GC Thread#0" [stack: 0x0000001fa4200000,0x0000001fa4300000] [id=6672]
  0x0000017e9c086140 GCTaskThread "GC Thread#1" [stack: 0x0000001fa5800000,0x0000001fa5900000] [id=22644]
  0x0000017e9c08c930 GCTaskThread "GC Thread#2" [stack: 0x0000001fa6100000,0x0000001fa6200000] [id=8004]
  0x0000017e9bd4c9d0 GCTaskThread "GC Thread#3" [stack: 0x0000001fa6200000,0x0000001fa6300000] [id=25356]
  0x0000017e9c1143f0 GCTaskThread "GC Thread#4" [stack: 0x0000001fa6300000,0x0000001fa6400000] [id=21436]
  0x0000017e9c180e00 GCTaskThread "GC Thread#5" [stack: 0x0000001fa6400000,0x0000001fa6500000] [id=6084]
  0x0000017e9866f910 ConcurrentGCThread "G1 Main Marker" [stack: 0x0000001fa4400000,0x0000001fa4500000] [id=20556]
  0x0000017e98672140 ConcurrentGCThread "G1 Conc#0" [stack: 0x0000001fa4500000,0x0000001fa4600000] [id=12596]
  0x0000017e9dbca420 ConcurrentGCThread "G1 Conc#1" [stack: 0x0000001fa5600000,0x0000001fa5700000] [id=18496]
  0x0000017e986e1f60 ConcurrentGCThread "G1 Refine#0" [stack: 0x0000001fa4600000,0x0000001fa4700000] [id=11544]
  0x0000017e9c168fb0 ConcurrentGCThread "G1 Refine#1" [stack: 0x0000001fa6600000,0x0000001fa6700000] [id=25604]
  0x0000017e986e2790 ConcurrentGCThread "G1 Service" [stack: 0x0000001fa4700000,0x0000001fa4800000] [id=23276]

Threads with active compile tasks:

VM state: at safepoint (normal execution)

VM Mutex/Monitor currently owned by a thread:  ([mutex/lock_event])
[0x0000017e816a9660] Threads_lock - owner thread: 0x0000017e9b8116d0
[0x0000017e8406d1d0] Heap_lock - owner thread: 0x0000017e9bb9ede0

Heap address: 0x00000000d1200000, size: 750 MB, Compressed Oops mode: 32-bit

CDS archive(s) not mapped
Compressed class space mapped at: 0x0000000100000000-0x0000000140000000, reserved size: 1073741824
Narrow klass base: 0x0000000000000000, Narrow klass shift: 3, Narrow klass range: 0x140000000

GC Precious Log:
 CPUs: 6 total, 6 available
 Memory: 16227M
 Large Page Support: Disabled
 NUMA Support: Disabled
 Compressed Oops: Enabled (32-bit)
 Heap Region Size: 1M
 Heap Min Capacity: 128M
 Heap Initial Capacity: 128M
 Heap Max Capacity: 750M
 Pre-touch: Disabled
 Parallel Workers: 6
 Concurrent Workers: 2
 Concurrent Refinement Workers: 6
 Periodic GC: Disabled

Heap:
 garbage-first heap   total 131072K, used 19602K [0x00000000d1200000, 0x0000000100000000)
  region size 1024K, 9 young (9216K), 0 survivors (0K)
 Metaspace       used 24788K, committed 25152K, reserved 1073152K
  class space    used 2444K, committed 2624K, reserved 1048576K

Heap Regions: E=young(eden), S=young(survivor), O=old, HS=humongous(starts), HC=humongous(continues), CS=collection set, F=free, OA=open archive, CA=closed archive, TAMS=top-at-mark-start (previous, next)
|   0|0x00000000d1200000, 0x00000000d1300000, 0x00000000d1300000|100%|HS|  |TAMS 0x00000000d1300000, 0x00000000d1200000| Untracked 
|   1|0x00000000d1300000, 0x00000000d1400000, 0x00000000d1400000|100%|HC|  |TAMS 0x00000000d1400000, 0x00000000d1300000| Untracked 
|   2|0x00000000d1400000, 0x00000000d1500000, 0x00000000d1500000|100%|HC|  |TAMS 0x00000000d1500000, 0x00000000d1400000| Untracked 
|   3|0x00000000d1500000, 0x00000000d1600000, 0x00000000d1600000|100%|HC|  |TAMS 0x00000000d1600000, 0x00000000d1500000| Untracked 
|   4|0x00000000d1600000, 0x00000000d1700000, 0x00000000d1700000|100%|HC|  |TAMS 0x00000000d1700000, 0x00000000d1600000| Untracked 
|   5|0x00000000d1700000, 0x00000000d1800000, 0x00000000d1800000|100%|HS|  |TAMS 0x00000000d1800000, 0x00000000d1700000| Untracked 
|   6|0x00000000d1800000, 0x00000000d18ffd38, 0x00000000d1900000| 99%| O|  |TAMS 0x00000000d18ffd38, 0x00000000d1800000| Untracked 
|   7|0x00000000d1900000, 0x00000000d19fffc8, 0x00000000d1a00000| 99%| O|  |TAMS 0x00000000d19fffc8, 0x00000000d1900000| Untracked 
|   8|0x00000000d1a00000, 0x00000000d1b00000, 0x00000000d1b00000|100%| O|  |TAMS 0x00000000d1b00000, 0x00000000d1a00000| Untracked 
|   9|0x00000000d1b00000, 0x00000000d1bfffe8, 0x00000000d1c00000| 99%| O|  |TAMS 0x00000000d1bfffe8, 0x00000000d1b00000| Untracked 
|  10|0x00000000d1c00000, 0x00000000d1c6dbd0, 0x00000000d1d00000| 42%| O|  |TAMS 0x00000000d1c00000, 0x00000000d1c00000| Untracked 
|  11|0x00000000d1d00000, 0x00000000d1d5bf68, 0x00000000d1e00000| 35%| O|  |TAMS 0x00000000d1d00000, 0x00000000d1d00000| Untracked 
|  12|0x00000000d1e00000, 0x00000000d1e5b058, 0x00000000d1f00000| 35%| O|  |TAMS 0x00000000d1e00000, 0x00000000d1e00000| Untracked 
|  13|0x00000000d1f00000, 0x00000000d1f00000, 0x00000000d2000000|  0%| F|  |TAMS 0x00000000d1f00000, 0x00000000d1f00000| Untracked 
|  14|0x00000000d2000000, 0x00000000d2000000, 0x00000000d2100000|  0%| F|  |TAMS 0x00000000d2000000, 0x00000000d2000000| Untracked 
|  15|0x00000000d2100000, 0x00000000d2100000, 0x00000000d2200000|  0%| F|  |TAMS 0x00000000d2100000, 0x00000000d2100000| Untracked 
|  16|0x00000000d2200000, 0x00000000d2200000, 0x00000000d2300000|  0%| F|  |TAMS 0x00000000d2200000, 0x00000000d2200000| Untracked 
|  17|0x00000000d2300000, 0x00000000d2300000, 0x00000000d2400000|  0%| F|  |TAMS 0x00000000d2300000, 0x00000000d2300000| Untracked 
|  18|0x00000000d2400000, 0x00000000d2400000, 0x00000000d2500000|  0%| F|  |TAMS 0x00000000d2400000, 0x00000000d2400000| Untracked 
|  19|0x00000000d2500000, 0x00000000d2500000, 0x00000000d2600000|  0%| F|  |TAMS 0x00000000d2500000, 0x00000000d2500000| Untracked 
|  20|0x00000000d2600000, 0x00000000d2600000, 0x00000000d2700000|  0%| F|  |TAMS 0x00000000d2600000, 0x00000000d2600000| Untracked 
|  21|0x00000000d2700000, 0x00000000d2700000, 0x00000000d2800000|  0%| F|  |TAMS 0x00000000d2700000, 0x00000000d2700000| Untracked 
|  22|0x00000000d2800000, 0x00000000d2800000, 0x00000000d2900000|  0%| F|  |TAMS 0x00000000d2800000, 0x00000000d2800000| Untracked 
|  23|0x00000000d2900000, 0x00000000d2900000, 0x00000000d2a00000|  0%| F|  |TAMS 0x00000000d2900000, 0x00000000d2900000| Untracked 
|  24|0x00000000d2a00000, 0x00000000d2a00000, 0x00000000d2b00000|  0%| F|  |TAMS 0x00000000d2a00000, 0x00000000d2a00000| Untracked 
|  25|0x00000000d2b00000, 0x00000000d2b00000, 0x00000000d2c00000|  0%| F|  |TAMS 0x00000000d2b00000, 0x00000000d2b00000| Untracked 
|  26|0x00000000d2c00000, 0x00000000d2c00000, 0x00000000d2d00000|  0%| F|  |TAMS 0x00000000d2c00000, 0x00000000d2c00000| Untracked 
|  27|0x00000000d2d00000, 0x00000000d2d00000, 0x00000000d2e00000|  0%| F|  |TAMS 0x00000000d2d00000, 0x00000000d2d00000| Untracked 
|  28|0x00000000d2e00000, 0x00000000d2e00000, 0x00000000d2f00000|  0%| F|  |TAMS 0x00000000d2e00000, 0x00000000d2e00000| Untracked 
|  29|0x00000000d2f00000, 0x00000000d2f00000, 0x00000000d3000000|  0%| F|  |TAMS 0x00000000d2f00000, 0x00000000d2f00000| Untracked 
|  30|0x00000000d3000000, 0x00000000d3000000, 0x00000000d3100000|  0%| F|  |TAMS 0x00000000d3000000, 0x00000000d3000000| Untracked 
|  31|0x00000000d3100000, 0x00000000d3100000, 0x00000000d3200000|  0%| F|  |TAMS 0x00000000d3100000, 0x00000000d3100000| Untracked 
|  32|0x00000000d3200000, 0x00000000d3200000, 0x00000000d3300000|  0%| F|  |TAMS 0x00000000d3200000, 0x00000000d3200000| Untracked 
|  33|0x00000000d3300000, 0x00000000d3300000, 0x00000000d3400000|  0%| F|  |TAMS 0x00000000d3300000, 0x00000000d3300000| Untracked 
|  34|0x00000000d3400000, 0x00000000d3400000, 0x00000000d3500000|  0%| F|  |TAMS 0x00000000d3400000, 0x00000000d3400000| Untracked 
|  35|0x00000000d3500000, 0x00000000d3500000, 0x00000000d3600000|  0%| F|  |TAMS 0x00000000d3500000, 0x00000000d3500000| Untracked 
|  36|0x00000000d3600000, 0x00000000d3600000, 0x00000000d3700000|  0%| F|  |TAMS 0x00000000d3600000, 0x00000000d3600000| Untracked 
|  37|0x00000000d3700000, 0x00000000d3700000, 0x00000000d3800000|  0%| F|  |TAMS 0x00000000d3700000, 0x00000000d3700000| Untracked 
|  38|0x00000000d3800000, 0x00000000d3800000, 0x00000000d3900000|  0%| F|  |TAMS 0x00000000d3800000, 0x00000000d3800000| Untracked 
|  39|0x00000000d3900000, 0x00000000d3900000, 0x00000000d3a00000|  0%| F|  |TAMS 0x00000000d3900000, 0x00000000d3900000| Untracked 
|  40|0x00000000d3a00000, 0x00000000d3a00000, 0x00000000d3b00000|  0%| F|  |TAMS 0x00000000d3a00000, 0x00000000d3a00000| Untracked 
|  41|0x00000000d3b00000, 0x00000000d3b00000, 0x00000000d3c00000|  0%| F|  |TAMS 0x00000000d3b00000, 0x00000000d3b00000| Untracked 
|  42|0x00000000d3c00000, 0x00000000d3c00000, 0x00000000d3d00000|  0%| F|  |TAMS 0x00000000d3c00000, 0x00000000d3c00000| Untracked 
|  43|0x00000000d3d00000, 0x00000000d3d00000, 0x00000000d3e00000|  0%| F|  |TAMS 0x00000000d3d00000, 0x00000000d3d00000| Untracked 
|  44|0x00000000d3e00000, 0x00000000d3e00000, 0x00000000d3f00000|  0%| F|  |TAMS 0x00000000d3e00000, 0x00000000d3e00000| Untracked 
|  45|0x00000000d3f00000, 0x00000000d3f00000, 0x00000000d4000000|  0%| F|  |TAMS 0x00000000d3f00000, 0x00000000d3f00000| Untracked 
|  46|0x00000000d4000000, 0x00000000d4000000, 0x00000000d4100000|  0%| F|  |TAMS 0x00000000d4000000, 0x00000000d4000000| Untracked 
|  47|0x00000000d4100000, 0x00000000d4100000, 0x00000000d4200000|  0%| F|  |TAMS 0x00000000d4100000, 0x00000000d4100000| Untracked 
|  48|0x00000000d4200000, 0x00000000d4200000, 0x00000000d4300000|  0%| F|  |TAMS 0x00000000d4200000, 0x00000000d4200000| Untracked 
|  49|0x00000000d4300000, 0x00000000d4300000, 0x00000000d4400000|  0%| F|  |TAMS 0x00000000d4300000, 0x00000000d4300000| Untracked 
|  50|0x00000000d4400000, 0x00000000d4400000, 0x00000000d4500000|  0%| F|  |TAMS 0x00000000d4400000, 0x00000000d4400000| Untracked 
|  51|0x00000000d4500000, 0x00000000d4500000, 0x00000000d4600000|  0%| F|  |TAMS 0x00000000d4500000, 0x00000000d4500000| Untracked 
|  52|0x00000000d4600000, 0x00000000d4600000, 0x00000000d4700000|  0%| F|  |TAMS 0x00000000d4600000, 0x00000000d4600000| Untracked 
|  53|0x00000000d4700000, 0x00000000d4700000, 0x00000000d4800000|  0%| F|  |TAMS 0x00000000d4700000, 0x00000000d4700000| Untracked 
|  54|0x00000000d4800000, 0x00000000d4800000, 0x00000000d4900000|  0%| F|  |TAMS 0x00000000d4800000, 0x00000000d4800000| Untracked 
|  55|0x00000000d4900000, 0x00000000d4900000, 0x00000000d4a00000|  0%| F|  |TAMS 0x00000000d4900000, 0x00000000d4900000| Untracked 
|  56|0x00000000d4a00000, 0x00000000d4a00000, 0x00000000d4b00000|  0%| F|  |TAMS 0x00000000d4a00000, 0x00000000d4a00000| Untracked 
|  57|0x00000000d4b00000, 0x00000000d4b00000, 0x00000000d4c00000|  0%| F|  |TAMS 0x00000000d4b00000, 0x00000000d4b00000| Untracked 
|  58|0x00000000d4c00000, 0x00000000d4c00000, 0x00000000d4d00000|  0%| F|  |TAMS 0x00000000d4c00000, 0x00000000d4c00000| Untracked 
|  59|0x00000000d4d00000, 0x00000000d4d00000, 0x00000000d4e00000|  0%| F|  |TAMS 0x00000000d4d00000, 0x00000000d4d00000| Untracked 
|  60|0x00000000d4e00000, 0x00000000d4e00000, 0x00000000d4f00000|  0%| F|  |TAMS 0x00000000d4e00000, 0x00000000d4e00000| Untracked 
|  61|0x00000000d4f00000, 0x00000000d4f00000, 0x00000000d5000000|  0%| F|  |TAMS 0x00000000d4f00000, 0x00000000d4f00000| Untracked 
|  62|0x00000000d5000000, 0x00000000d5000000, 0x00000000d5100000|  0%| F|  |TAMS 0x00000000d5000000, 0x00000000d5000000| Untracked 
|  63|0x00000000d5100000, 0x00000000d5100000, 0x00000000d5200000|  0%| F|  |TAMS 0x00000000d5100000, 0x00000000d5100000| Untracked 
|  64|0x00000000d5200000, 0x00000000d5200000, 0x00000000d5300000|  0%| F|  |TAMS 0x00000000d5200000, 0x00000000d5200000| Untracked 
|  65|0x00000000d5300000, 0x00000000d5300000, 0x00000000d5400000|  0%| F|  |TAMS 0x00000000d5300000, 0x00000000d5300000| Untracked 
|  66|0x00000000d5400000, 0x00000000d5400000, 0x00000000d5500000|  0%| F|  |TAMS 0x00000000d5400000, 0x00000000d5400000| Untracked 
|  67|0x00000000d5500000, 0x00000000d5500000, 0x00000000d5600000|  0%| F|  |TAMS 0x00000000d5500000, 0x00000000d5500000| Untracked 
|  68|0x00000000d5600000, 0x00000000d5600000, 0x00000000d5700000|  0%| F|  |TAMS 0x00000000d5600000, 0x00000000d5600000| Untracked 
|  69|0x00000000d5700000, 0x00000000d5700000, 0x00000000d5800000|  0%| F|  |TAMS 0x00000000d5700000, 0x00000000d5700000| Untracked 
|  70|0x00000000d5800000, 0x00000000d5800000, 0x00000000d5900000|  0%| F|  |TAMS 0x00000000d5800000, 0x00000000d5800000| Untracked 
|  71|0x00000000d5900000, 0x00000000d5900000, 0x00000000d5a00000|  0%| F|  |TAMS 0x00000000d5900000, 0x00000000d5900000| Untracked 
|  72|0x00000000d5a00000, 0x00000000d5a00000, 0x00000000d5b00000|  0%| F|  |TAMS 0x00000000d5a00000, 0x00000000d5a00000| Untracked 
|  73|0x00000000d5b00000, 0x00000000d5b00000, 0x00000000d5c00000|  0%| F|  |TAMS 0x00000000d5b00000, 0x00000000d5b00000| Untracked 
|  74|0x00000000d5c00000, 0x00000000d5c00000, 0x00000000d5d00000|  0%| F|  |TAMS 0x00000000d5c00000, 0x00000000d5c00000| Untracked 
|  75|0x00000000d5d00000, 0x00000000d5d00000, 0x00000000d5e00000|  0%| F|  |TAMS 0x00000000d5d00000, 0x00000000d5d00000| Untracked 
|  76|0x00000000d5e00000, 0x00000000d5e00000, 0x00000000d5f00000|  0%| F|  |TAMS 0x00000000d5e00000, 0x00000000d5e00000| Untracked 
|  77|0x00000000d5f00000, 0x00000000d5f00000, 0x00000000d6000000|  0%| F|  |TAMS 0x00000000d5f00000, 0x00000000d5f00000| Untracked 
|  78|0x00000000d6000000, 0x00000000d6000000, 0x00000000d6100000|  0%| F|  |TAMS 0x00000000d6000000, 0x00000000d6000000| Untracked 
|  79|0x00000000d6100000, 0x00000000d6100000, 0x00000000d6200000|  0%| F|  |TAMS 0x00000000d6100000, 0x00000000d6100000| Untracked 
|  80|0x00000000d6200000, 0x00000000d6200000, 0x00000000d6300000|  0%| F|  |TAMS 0x00000000d6200000, 0x00000000d6200000| Untracked 
|  81|0x00000000d6300000, 0x00000000d6300000, 0x00000000d6400000|  0%| F|  |TAMS 0x00000000d6300000, 0x00000000d6300000| Untracked 
|  82|0x00000000d6400000, 0x00000000d6400000, 0x00000000d6500000|  0%| F|  |TAMS 0x00000000d6400000, 0x00000000d6400000| Untracked 
|  83|0x00000000d6500000, 0x00000000d6500000, 0x00000000d6600000|  0%| F|  |TAMS 0x00000000d6500000, 0x00000000d6500000| Untracked 
|  84|0x00000000d6600000, 0x00000000d6600000, 0x00000000d6700000|  0%| F|  |TAMS 0x00000000d6600000, 0x00000000d6600000| Untracked 
|  85|0x00000000d6700000, 0x00000000d6700000, 0x00000000d6800000|  0%| F|  |TAMS 0x00000000d6700000, 0x00000000d6700000| Untracked 
|  86|0x00000000d6800000, 0x00000000d6800000, 0x00000000d6900000|  0%| F|  |TAMS 0x00000000d6800000, 0x00000000d6800000| Untracked 
|  87|0x00000000d6900000, 0x00000000d6900000, 0x00000000d6a00000|  0%| F|  |TAMS 0x00000000d6900000, 0x00000000d6900000| Untracked 
|  88|0x00000000d6a00000, 0x00000000d6a00000, 0x00000000d6b00000|  0%| F|  |TAMS 0x00000000d6a00000, 0x00000000d6a00000| Untracked 
|  89|0x00000000d6b00000, 0x00000000d6b00000, 0x00000000d6c00000|  0%| F|  |TAMS 0x00000000d6b00000, 0x00000000d6b00000| Untracked 
|  90|0x00000000d6c00000, 0x00000000d6c00000, 0x00000000d6d00000|  0%| F|  |TAMS 0x00000000d6c00000, 0x00000000d6c00000| Untracked 
|  91|0x00000000d6d00000, 0x00000000d6d00000, 0x00000000d6e00000|  0%| F|  |TAMS 0x00000000d6d00000, 0x00000000d6d00000| Untracked 
|  92|0x00000000d6e00000, 0x00000000d6e00000, 0x00000000d6f00000|  0%| F|  |TAMS 0x00000000d6e00000, 0x00000000d6e00000| Untracked 
|  93|0x00000000d6f00000, 0x00000000d6f00000, 0x00000000d7000000|  0%| F|  |TAMS 0x00000000d6f00000, 0x00000000d6f00000| Untracked 
|  94|0x00000000d7000000, 0x00000000d7000000, 0x00000000d7100000|  0%| F|  |TAMS 0x00000000d7000000, 0x00000000d7000000| Untracked 
|  95|0x00000000d7100000, 0x00000000d7100000, 0x00000000d7200000|  0%| F|  |TAMS 0x00000000d7100000, 0x00000000d7100000| Untracked 
|  96|0x00000000d7200000, 0x00000000d7200000, 0x00000000d7300000|  0%| F|  |TAMS 0x00000000d7200000, 0x00000000d7200000| Untracked 
|  97|0x00000000d7300000, 0x00000000d7300000, 0x00000000d7400000|  0%| F|  |TAMS 0x00000000d7300000, 0x00000000d7300000| Untracked 
|  98|0x00000000d7400000, 0x00000000d7400000, 0x00000000d7500000|  0%| F|  |TAMS 0x00000000d7400000, 0x00000000d7400000| Untracked 
|  99|0x00000000d7500000, 0x00000000d7500000, 0x00000000d7600000|  0%| F|  |TAMS 0x00000000d7500000, 0x00000000d7500000| Untracked 
| 100|0x00000000d7600000, 0x00000000d7600000, 0x00000000d7700000|  0%| F|  |TAMS 0x00000000d7600000, 0x00000000d7600000| Untracked 
| 101|0x00000000d7700000, 0x00000000d7700000, 0x00000000d7800000|  0%| F|  |TAMS 0x00000000d7700000, 0x00000000d7700000| Untracked 
| 102|0x00000000d7800000, 0x00000000d7800000, 0x00000000d7900000|  0%| F|  |TAMS 0x00000000d7800000, 0x00000000d7800000| Untracked 
| 103|0x00000000d7900000, 0x00000000d7900000, 0x00000000d7a00000|  0%| F|  |TAMS 0x00000000d7900000, 0x00000000d7900000| Untracked 
| 104|0x00000000d7a00000, 0x00000000d7a00000, 0x00000000d7b00000|  0%| F|  |TAMS 0x00000000d7a00000, 0x00000000d7a00000| Untracked 
| 105|0x00000000d7b00000, 0x00000000d7b00000, 0x00000000d7c00000|  0%| F|  |TAMS 0x00000000d7b00000, 0x00000000d7b00000| Untracked 
| 106|0x00000000d7c00000, 0x00000000d7c00000, 0x00000000d7d00000|  0%| F|  |TAMS 0x00000000d7c00000, 0x00000000d7c00000| Untracked 
| 107|0x00000000d7d00000, 0x00000000d7d00000, 0x00000000d7e00000|  0%| F|  |TAMS 0x00000000d7d00000, 0x00000000d7d00000| Untracked 
| 108|0x00000000d7e00000, 0x00000000d7e00000, 0x00000000d7f00000|  0%| F|  |TAMS 0x00000000d7e00000, 0x00000000d7e00000| Untracked 
| 109|0x00000000d7f00000, 0x00000000d7f00000, 0x00000000d8000000|  0%| F|  |TAMS 0x00000000d7f00000, 0x00000000d7f00000| Untracked 
| 110|0x00000000d8000000, 0x00000000d8000000, 0x00000000d8100000|  0%| F|  |TAMS 0x00000000d8000000, 0x00000000d8000000| Untracked 
| 111|0x00000000d8100000, 0x00000000d8100000, 0x00000000d8200000|  0%| F|  |TAMS 0x00000000d8100000, 0x00000000d8100000| Untracked 
| 112|0x00000000d8200000, 0x00000000d8200000, 0x00000000d8300000|  0%| F|  |TAMS 0x00000000d8200000, 0x00000000d8200000| Untracked 
| 113|0x00000000d8300000, 0x00000000d8300000, 0x00000000d8400000|  0%| F|  |TAMS 0x00000000d8300000, 0x00000000d8300000| Untracked 
| 114|0x00000000d8400000, 0x00000000d8400000, 0x00000000d8500000|  0%| F|  |TAMS 0x00000000d8400000, 0x00000000d8400000| Untracked 
| 115|0x00000000d8500000, 0x00000000d8500000, 0x00000000d8600000|  0%| F|  |TAMS 0x00000000d8500000, 0x00000000d8500000| Untracked 
| 116|0x00000000d8600000, 0x00000000d8600000, 0x00000000d8700000|  0%| F|  |TAMS 0x00000000d8600000, 0x00000000d8600000| Untracked 
| 117|0x00000000d8700000, 0x00000000d8700000, 0x00000000d8800000|  0%| F|  |TAMS 0x00000000d8700000, 0x00000000d8700000| Untracked 
| 118|0x00000000d8800000, 0x00000000d8800000, 0x00000000d8900000|  0%| F|  |TAMS 0x00000000d8800000, 0x00000000d8800000| Untracked 
| 119|0x00000000d8900000, 0x00000000d89d9c60, 0x00000000d8a00000| 85%| E|  |TAMS 0x00000000d8900000, 0x00000000d8900000| Complete 
| 120|0x00000000d8a00000, 0x00000000d8b00000, 0x00000000d8b00000|100%| E|CS|TAMS 0x00000000d8a00000, 0x00000000d8a00000| Complete 
| 121|0x00000000d8b00000, 0x00000000d8c00000, 0x00000000d8c00000|100%| E|CS|TAMS 0x00000000d8b00000, 0x00000000d8b00000| Complete 
| 122|0x00000000d8c00000, 0x00000000d8d00000, 0x00000000d8d00000|100%| E|CS|TAMS 0x00000000d8c00000, 0x00000000d8c00000| Complete 
| 123|0x00000000d8d00000, 0x00000000d8e00000, 0x00000000d8e00000|100%| E|CS|TAMS 0x00000000d8d00000, 0x00000000d8d00000| Complete 
| 124|0x00000000d8e00000, 0x00000000d8f00000, 0x00000000d8f00000|100%| E|CS|TAMS 0x00000000d8e00000, 0x00000000d8e00000| Complete 
| 125|0x00000000d8f00000, 0x00000000d9000000, 0x00000000d9000000|100%| E|CS|TAMS 0x00000000d8f00000, 0x00000000d8f00000| Complete 
| 126|0x00000000d9000000, 0x00000000d9100000, 0x00000000d9100000|100%| E|CS|TAMS 0x00000000d9000000, 0x00000000d9000000| Complete 
| 127|0x00000000d9100000, 0x00000000d9200000, 0x00000000d9200000|100%| E|CS|TAMS 0x00000000d9100000, 0x00000000d9100000| Complete 

Card table byte_map: [0x0000017e96be0000,0x0000017e96d60000] _byte_map_base: 0x0000017e96557000

Marking Bits (Prev, Next): (CMBitMap*) 0x0000017e8409b770, (CMBitMap*) 0x0000017e8409b730
 Prev Bits: [0x0000017e97aa0000, 0x0000017e98658000)
 Next Bits: [0x0000017e96ee0000, 0x0000017e97a98000)

Polling page: 0x0000017e837a0000

Metaspace:

Usage:
  Non-class:     21.82 MB used.
      Class:      2.39 MB used.
       Both:     24.21 MB used.

Virtual space:
  Non-class space:       24.00 MB reserved,      22.00 MB ( 92%) committed,  3 nodes.
      Class space:        1.00 GB reserved,       2.56 MB ( <1%) committed,  1 nodes.
             Both:        1.02 GB reserved,      24.56 MB (  2%) committed. 

Chunk freelists:
   Non-Class:  2.12 MB
       Class:  1.47 MB
        Both:  3.59 MB

MaxMetaspaceSize: unlimited
CompressedClassSpaceSize: 1.00 GB
Initial GC threshold: 21.00 MB
Current GC threshold: 40.94 MB
CDS: off
MetaspaceReclaimPolicy: balanced
 - commit_granule_bytes: 65536.
 - commit_granule_words: 8192.
 - virtual_space_node_default_size: 1048576.
 - enlarge_chunks_in_place: 1.
 - new_chunks_are_fully_committed: 0.
 - uncommit_free_chunks: 1.
 - use_allocation_guard: 0.
 - handle_deallocations: 1.


Internal statistics:

num_allocs_failed_limit: 3.
num_arena_births: 652.
num_arena_deaths: 458.
num_vsnodes_births: 4.
num_vsnodes_deaths: 0.
num_space_committed: 394.
num_space_uncommitted: 1.
num_chunks_returned_to_freelist: 688.
num_chunks_taken_from_freelist: 1348.
num_chunk_merges: 166.
num_chunk_splits: 612.
num_chunks_enlarged: 290.
num_purges: 18.
num_inconsistent_stats: 0.

CodeHeap 'non-profiled nmethods': size=120000Kb used=4422Kb max_used=4422Kb free=115577Kb
 bounds [0x0000017e8f200000, 0x0000017e8f660000, 0x0000017e96730000]
CodeHeap 'profiled nmethods': size=120000Kb used=6809Kb max_used=6809Kb free=113190Kb
 bounds [0x0000017e87cd0000, 0x0000017e88380000, 0x0000017e8f200000]
CodeHeap 'non-nmethods': size=5760Kb used=1236Kb max_used=1309Kb free=4523Kb
 bounds [0x0000017e87730000, 0x0000017e879a0000, 0x0000017e87cd0000]
 total_blobs=4558 nmethods=4004 adapters=467
 compilation: enabled
              stopped_count=0, restarted_count=0
 full_count=0

Compilation events (20 events):
Event: 265201.931 Thread 0x0000017e9b866110 4786       4       java.util.HashMap$HashIterator::nextNode (100 bytes)
Event: 265201.939 Thread 0x0000017e9b866110 nmethod 4786 0x0000017e8f64ff10 code [0x0000017e8f6500a0, 0x0000017e8f6504d8]
Event: 286051.597 Thread 0x0000017e9b866110 4787       4       java.util.HashSet::isEmpty (8 bytes)
Event: 286051.598 Thread 0x0000017e9b866110 nmethod 4787 0x0000017e8f650690 code [0x0000017e8f650800, 0x0000017e8f650898]
Event: 290166.504 Thread 0x0000017e9b869f10 4788       3       java.util.Collections$SynchronizedCollection::iterator (10 bytes)
Event: 290166.504 Thread 0x0000017e9b869f10 nmethod 4788 0x0000017e881eca90 code [0x0000017e881ecc40, 0x0000017e881ece08]
Event: 290166.504 Thread 0x0000017e9b869f10 4789       3       java.util.IdentityHashMap$IdentityHashMapIterator::<init> (63 bytes)
Event: 290166.505 Thread 0x0000017e9b869f10 nmethod 4789 0x0000017e881ec510 code [0x0000017e881ec6c0, 0x0000017e881ec978]
Event: 300634.623 Thread 0x0000017e9b869f10 4790 % !   3       java.util.concurrent.ThreadPoolExecutor::runWorker @ 21 (187 bytes)
Event: 300634.624 Thread 0x0000017e9b869f10 nmethod 4790% 0x0000017e881ea390 code [0x0000017e881ea6a0, 0x0000017e881ebbf8]
Event: 308851.827 Thread 0x0000017e9b866110 4791       4       java.lang.Integer::parseInt (300 bytes)
Event: 308851.831 Thread 0x0000017e9b866110 nmethod 4791 0x0000017e8f650990 code [0x0000017e8f650b60, 0x0000017e8f650fb8]
Event: 309324.698 Thread 0x0000017e9b869f10 4792   !   3       java.util.concurrent.ThreadPoolExecutor::runWorker (187 bytes)
Event: 309324.699 Thread 0x0000017e9b869f10 nmethod 4792 0x0000017e881e8590 code [0x0000017e881e88a0, 0x0000017e881e9b98]
Event: 312185.995 Thread 0x0000017e9b866110 4793   !   4       jdk.internal.ref.PhantomCleanable::isListEmpty (34 bytes)
Event: 312185.996 Thread 0x0000017e9b866110 nmethod 4793 0x0000017e8f651490 code [0x0000017e8f651600, 0x0000017e8f651838]
Event: 312209.799 Thread 0x0000017e9b869f10 4794       3       java.lang.ThreadGroup::getParent (19 bytes)
Event: 312209.800 Thread 0x0000017e9b869f10 nmethod 4794 0x0000017e88377110 code [0x0000017e88377300, 0x0000017e88377918]
Event: 312704.137 Thread 0x0000017e9b869f10 4795       3       java.lang.Thread::<init> (13 bytes)
Event: 312704.137 Thread 0x0000017e9b869f10 nmethod 4795 0x0000017e881e8190 code [0x0000017e881e8340, 0x0000017e881e8488]

GC Heap History (20 events):
Event: 277204.313 GC heap before
{Heap before GC invocations=123 (full 76):
 garbage-first heap   total 131072K, used 16530K [0x00000000d1200000, 0x0000000100000000)
  region size 1024K, 6 young (6144K), 0 survivors (0K)
 Metaspace       used 24784K, committed 25152K, reserved 1073152K
  class space    used 2444K, committed 2624K, reserved 1048576K
}
Event: 277204.323 GC heap after
{Heap after GC invocations=124 (full 77):
 garbage-first heap   total 131072K, used 11410K [0x00000000d1200000, 0x0000000100000000)
  region size 1024K, 0 young (0K), 0 survivors (0K)
 Metaspace       used 24784K, committed 25152K, reserved 1073152K
  class space    used 2444K, committed 2624K, reserved 1048576K
}
Event: 280804.324 GC heap before
{Heap before GC invocations=124 (full 77):
 garbage-first heap   total 131072K, used 15506K [0x00000000d1200000, 0x0000000100000000)
  region size 1024K, 5 young (5120K), 0 survivors (0K)
 Metaspace       used 24784K, committed 25152K, reserved 1073152K
  class space    used 2444K, committed 2624K, reserved 1048576K
}
Event: 280804.334 GC heap after
{Heap after GC invocations=125 (full 78):
 garbage-first heap   total 131072K, used 11410K [0x00000000d1200000, 0x0000000100000000)
  region size 1024K, 0 young (0K), 0 survivors (0K)
 Metaspace       used 24784K, committed 25152K, reserved 1073152K
  class space    used 2444K, committed 2624K, reserved 1048576K
}
Event: 284404.335 GC heap before
{Heap before GC invocations=125 (full 78):
 garbage-first heap   total 131072K, used 14482K [0x00000000d1200000, 0x0000000100000000)
  region size 1024K, 5 young (5120K), 0 survivors (0K)
 Metaspace       used 24784K, committed 25152K, reserved 1073152K
  class space    used 2444K, committed 2624K, reserved 1048576K
}
Event: 284404.344 GC heap after
{Heap after GC invocations=126 (full 79):
 garbage-first heap   total 131072K, used 11410K [0x00000000d1200000, 0x0000000100000000)
  region size 1024K, 0 young (0K), 0 survivors (0K)
 Metaspace       used 24784K, committed 25152K, reserved 1073152K
  class space    used 2444K, committed 2624K, reserved 1048576K
}
Event: 288004.345 GC heap before
{Heap before GC invocations=126 (full 79):
 garbage-first heap   total 131072K, used 14482K [0x00000000d1200000, 0x0000000100000000)
  region size 1024K, 5 young (5120K), 0 survivors (0K)
 Metaspace       used 24784K, committed 25152K, reserved 1073152K
  class space    used 2444K, committed 2624K, reserved 1048576K
}
Event: 288004.355 GC heap after
{Heap after GC invocations=127 (full 80):
 garbage-first heap   total 131072K, used 11410K [0x00000000d1200000, 0x0000000100000000)
  region size 1024K, 0 young (0K), 0 survivors (0K)
 Metaspace       used 24784K, committed 25152K, reserved 1073152K
  class space    used 2444K, committed 2624K, reserved 1048576K
}
Event: 291604.356 GC heap before
{Heap before GC invocations=127 (full 80):
 garbage-first heap   total 131072K, used 15506K [0x00000000d1200000, 0x0000000100000000)
  region size 1024K, 5 young (5120K), 0 survivors (0K)
 Metaspace       used 24785K, committed 25152K, reserved 1073152K
  class space    used 2444K, committed 2624K, reserved 1048576K
}
Event: 291604.364 GC heap after
{Heap after GC invocations=128 (full 81):
 garbage-first heap   total 131072K, used 11410K [0x00000000d1200000, 0x0000000100000000)
  region size 1024K, 0 young (0K), 0 survivors (0K)
 Metaspace       used 24785K, committed 25152K, reserved 1073152K
  class space    used 2444K, committed 2624K, reserved 1048576K
}
Event: 295204.365 GC heap before
{Heap before GC invocations=128 (full 81):
 garbage-first heap   total 131072K, used 15506K [0x00000000d1200000, 0x0000000100000000)
  region size 1024K, 5 young (5120K), 0 survivors (0K)
 Metaspace       used 24785K, committed 25152K, reserved 1073152K
  class space    used 2444K, committed 2624K, reserved 1048576K
}
Event: 295204.378 GC heap after
{Heap after GC invocations=129 (full 82):
 garbage-first heap   total 131072K, used 11410K [0x00000000d1200000, 0x0000000100000000)
  region size 1024K, 0 young (0K), 0 survivors (0K)
 Metaspace       used 24785K, committed 25152K, reserved 1073152K
  class space    used 2444K, committed 2624K, reserved 1048576K
}
Event: 298804.379 GC heap before
{Heap before GC invocations=129 (full 82):
 garbage-first heap   total 131072K, used 16530K [0x00000000d1200000, 0x0000000100000000)
  region size 1024K, 6 young (6144K), 0 survivors (0K)
 Metaspace       used 24785K, committed 25152K, reserved 1073152K
  class space    used 2444K, committed 2624K, reserved 1048576K
}
Event: 298804.389 GC heap after
{Heap after GC invocations=130 (full 83):
 garbage-first heap   total 131072K, used 11410K [0x00000000d1200000, 0x0000000100000000)
  region size 1024K, 0 young (0K), 0 survivors (0K)
 Metaspace       used 24785K, committed 25152K, reserved 1073152K
  class space    used 2444K, committed 2624K, reserved 1048576K
}
Event: 302404.390 GC heap before
{Heap before GC invocations=130 (full 83):
 garbage-first heap   total 131072K, used 15506K [0x00000000d1200000, 0x0000000100000000)
  region size 1024K, 5 young (5120K), 0 survivors (0K)
 Metaspace       used 24788K, committed 25152K, reserved 1073152K
  class space    used 2444K, committed 2624K, reserved 1048576K
}
Event: 302404.404 GC heap after
{Heap after GC invocations=131 (full 84):
 garbage-first heap   total 131072K, used 11410K [0x00000000d1200000, 0x0000000100000000)
  region size 1024K, 0 young (0K), 0 survivors (0K)
 Metaspace       used 24788K, committed 25152K, reserved 1073152K
  class space    used 2444K, committed 2624K, reserved 1048576K
}
Event: 306004.404 GC heap before
{Heap before GC invocations=131 (full 84):
 garbage-first heap   total 131072K, used 15506K [0x00000000d1200000, 0x0000000100000000)
  region size 1024K, 5 young (5120K), 0 survivors (0K)
 Metaspace       used 24788K, committed 25152K, reserved 1073152K
  class space    used 2444K, committed 2624K, reserved 1048576K
}
Event: 306004.413 GC heap after
{Heap after GC invocations=132 (full 85):
 garbage-first heap   total 131072K, used 11410K [0x00000000d1200000, 0x0000000100000000)
  region size 1024K, 0 young (0K), 0 survivors (0K)
 Metaspace       used 24788K, committed 25152K, reserved 1073152K
  class space    used 2444K, committed 2624K, reserved 1048576K
}
Event: 309604.414 GC heap before
{Heap before GC invocations=132 (full 85):
 garbage-first heap   total 131072K, used 15506K [0x00000000d1200000, 0x0000000100000000)
  region size 1024K, 5 young (5120K), 0 survivors (0K)
 Metaspace       used 24788K, committed 25152K, reserved 1073152K
  class space    used 2444K, committed 2624K, reserved 1048576K
}
Event: 309604.428 GC heap after
{Heap after GC invocations=133 (full 86):
 garbage-first heap   total 131072K, used 11410K [0x00000000d1200000, 0x0000000100000000)
  region size 1024K, 0 young (0K), 0 survivors (0K)
 Metaspace       used 24788K, committed 25152K, reserved 1073152K
  class space    used 2444K, committed 2624K, reserved 1048576K
}

Deoptimization events (20 events):
Event: 141474.007 Thread 0x0000017e9bfa6990 Uncommon trap: trap_request=0xffffff45 fr.pc=0x0000017e8f572120 relative=0x00000000000013a0
Event: 141474.007 Thread 0x0000017e9bfa6990 Uncommon trap: reason=unstable_if action=reinterpret pc=0x0000017e8f572120 method=java.io.BufferedInputStream.read()I @ 23 c2
Event: 141474.007 Thread 0x0000017e9bfa6990 DEOPT PACKING pc=0x0000017e8f572120 sp=0x0000001fa3ffec80
Event: 141474.007 Thread 0x0000017e9bfa6990 DEOPT UNPACKING pc=0x0000017e877823a3 sp=0x0000001fa3ffeba0 mode 2
Event: 156072.213 Thread 0x0000017e9bd1fc90 Uncommon trap: trap_request=0xffffffde fr.pc=0x0000017e8f4fe564 relative=0x0000000000000964
Event: 156072.213 Thread 0x0000017e9bd1fc90 Uncommon trap: reason=class_check action=maybe_recompile pc=0x0000017e8f4fe564 method=java.util.Collections$SynchronizedMap.put(Ljava/lang/Object;Ljava/lang/Object;)Ljava/lang/Object; @ 13 c2
Event: 156072.213 Thread 0x0000017e9bd1fc90 DEOPT PACKING pc=0x0000017e8f4fe564 sp=0x0000001fa57fe3f0
Event: 156072.213 Thread 0x0000017e9bd1fc90 DEOPT UNPACKING pc=0x0000017e877823a3 sp=0x0000001fa57fe3e0 mode 2
Event: 156072.356 Thread 0x0000017e9bd1fc90 Uncommon trap: trap_request=0xffffff45 fr.pc=0x0000017e8f4d0d64 relative=0x0000000000000064
Event: 156072.356 Thread 0x0000017e9bd1fc90 Uncommon trap: reason=unstable_if action=reinterpret pc=0x0000017e8f4d0d64 method=java.util.ArrayList.clear()V @ 29 c2
Event: 156072.357 Thread 0x0000017e9bd1fc90 DEOPT PACKING pc=0x0000017e8f4d0d64 sp=0x0000001fa57fd130
Event: 156072.357 Thread 0x0000017e9bd1fc90 DEOPT UNPACKING pc=0x0000017e877823a3 sp=0x0000001fa57fd0b0 mode 2
Event: 192096.969 Thread 0x0000017e9dee1750 Uncommon trap: trap_request=0xffffff45 fr.pc=0x0000017e8f2a00a4 relative=0x0000000000000664
Event: 192096.969 Thread 0x0000017e9dee1750 Uncommon trap: reason=unstable_if action=reinterpret pc=0x0000017e8f2a00a4 method=java.io.BufferedInputStream.read()I @ 23 c2
Event: 192096.969 Thread 0x0000017e9dee1750 DEOPT PACKING pc=0x0000017e8f2a00a4 sp=0x0000001fa40feec0
Event: 192096.969 Thread 0x0000017e9dee1750 DEOPT UNPACKING pc=0x0000017e877823a3 sp=0x0000001fa40feea0 mode 2
Event: 231706.841 Thread 0x0000017e9eb6c5f0 Uncommon trap: trap_request=0xffffff45 fr.pc=0x0000017e8f646c48 relative=0x0000000000000328
Event: 231706.841 Thread 0x0000017e9eb6c5f0 Uncommon trap: reason=unstable_if action=reinterpret pc=0x0000017e8f646c48 method=java.io.BufferedInputStream.fill()V @ 189 c2
Event: 231706.841 Thread 0x0000017e9eb6c5f0 DEOPT PACKING pc=0x0000017e8f646c48 sp=0x0000001fa3fff260
Event: 231706.841 Thread 0x0000017e9eb6c5f0 DEOPT UNPACKING pc=0x0000017e877823a3 sp=0x0000001fa3fff1a0 mode 2

Classes unloaded (20 events):
Event: 93603.639 Thread 0x0000017e9b8116d0 Unloading class 0x0000000100145000 'jdk/internal/reflect/GeneratedMethodAccessor81'
Event: 93603.639 Thread 0x0000017e9b8116d0 Unloading class 0x0000000100289400 'jdk/internal/reflect/GeneratedMethodAccessor80'
Event: 93603.639 Thread 0x0000017e9b8116d0 Unloading class 0x0000000100289000 'jdk/internal/reflect/GeneratedSerializationConstructorAccessor125'
Event: 93603.639 Thread 0x0000017e9b8116d0 Unloading class 0x0000000100284400 'jdk/internal/reflect/GeneratedSerializationConstructorAccessor124'
Event: 93603.639 Thread 0x0000017e9b8116d0 Unloading class 0x0000000100284000 'jdk/internal/reflect/GeneratedSerializationConstructorAccessor123'
Event: 93603.639 Thread 0x0000017e9b8116d0 Unloading class 0x00000001000c6c00 'jdk/internal/reflect/GeneratedSerializationConstructorAccessor122'
Event: 93603.639 Thread 0x0000017e9b8116d0 Unloading class 0x000000010014f000 'jdk/internal/reflect/GeneratedSerializationConstructorAccessor121'
Event: 93603.639 Thread 0x0000017e9b8116d0 Unloading class 0x000000010014d000 'jdk/internal/reflect/GeneratedSerializationConstructorAccessor120'
Event: 93603.639 Thread 0x0000017e9b8116d0 Unloading class 0x000000010014b400 'jdk/internal/reflect/GeneratedSerializationConstructorAccessor119'
Event: 93603.639 Thread 0x0000017e9b8116d0 Unloading class 0x0000000100145800 'jdk/internal/reflect/GeneratedSerializationConstructorAccessor118'
Event: 93603.639 Thread 0x0000017e9b8116d0 Unloading class 0x0000000100141800 'jdk/internal/reflect/GeneratedSerializationConstructorAccessor117'
Event: 93603.639 Thread 0x0000017e9b8116d0 Unloading class 0x000000010014a000 'jdk/internal/reflect/GeneratedSerializationConstructorAccessor109'
Event: 93603.639 Thread 0x0000017e9b8116d0 Unloading class 0x00000001000c1c00 'jdk/internal/reflect/GeneratedSerializationConstructorAccessor108'
Event: 93603.639 Thread 0x0000017e9b8116d0 Unloading class 0x00000001000c4400 'jdk/internal/reflect/GeneratedSerializationConstructorAccessor107'
Event: 93603.639 Thread 0x0000017e9b8116d0 Unloading class 0x00000001000c6400 'jdk/internal/reflect/GeneratedSerializationConstructorAccessor102'
Event: 93603.639 Thread 0x0000017e9b8116d0 Unloading class 0x0000000100268400 'jdk/internal/reflect/GeneratedSerializationConstructorAccessor101'
Event: 93603.639 Thread 0x0000017e9b8116d0 Unloading class 0x0000000100147800 'jdk/internal/reflect/GeneratedSerializationConstructorAccessor100'
Event: 162003.917 Thread 0x0000017e9b8116d0 Unloading class 0x000000010014d000 'java/lang/invoke/LambdaForm$MH+0x000000010014d000'
Event: 162003.917 Thread 0x0000017e9b8116d0 Unloading class 0x000000010014f000 'java/lang/invoke/LambdaForm$MH+0x000000010014f000'
Event: 162003.917 Thread 0x0000017e9b8116d0 Unloading class 0x00000001000c6c00 'java/lang/invoke/LambdaForm$MH+0x00000001000c6c00'

Classes redefined (0 events):
No events

Internal exceptions (20 events):
Event: 83347.575 Thread 0x0000017e9bfa6990 Exception <a 'java/lang/reflect/InvocationTargetException'{0x00000000d856e628}> (0x00000000d856e628) 
thrown [s\src\hotspot\share\runtime\reflection.cpp, line 1127]
Event: 83347.576 Thread 0x0000017e9bfa6990 Exception <a 'java/lang/reflect/InvocationTargetException'{0x00000000d85710f8}> (0x00000000d85710f8) 
thrown [s\src\hotspot\share\runtime\reflection.cpp, line 1127]
Event: 83347.576 Thread 0x0000017e9bfa6990 Exception <a 'java/lang/reflect/InvocationTargetException'{0x00000000d8573bc8}> (0x00000000d8573bc8) 
thrown [s\src\hotspot\share\runtime\reflection.cpp, line 1127]
Event: 83347.576 Thread 0x0000017e9bfa6990 Exception <a 'java/lang/reflect/InvocationTargetException'{0x00000000d857d988}> (0x00000000d857d988) 
thrown [s\src\hotspot\share\runtime\reflection.cpp, line 1127]
Event: 83347.577 Thread 0x0000017e9bfa6990 Exception <a 'java/lang/reflect/InvocationTargetException'{0x00000000d8580458}> (0x00000000d8580458) 
thrown [s\src\hotspot\share\runtime\reflection.cpp, line 1127]
Event: 83347.577 Thread 0x0000017e9bfa6990 Exception <a 'java/lang/reflect/InvocationTargetException'{0x00000000d85831a0}> (0x00000000d85831a0) 
thrown [s\src\hotspot\share\runtime\reflection.cpp, line 1127]
Event: 83347.578 Thread 0x0000017e9bfa6990 Exception <a 'java/lang/reflect/InvocationTargetException'{0x00000000d859c6b8}> (0x00000000d859c6b8) 
thrown [s\src\hotspot\share\runtime\reflection.cpp, line 1127]
Event: 83347.579 Thread 0x0000017e9bfa6990 Exception <a 'java/lang/reflect/InvocationTargetException'{0x00000000d85a1e38}> (0x00000000d85a1e38) 
thrown [s\src\hotspot\share\runtime\reflection.cpp, line 1127]
Event: 83347.579 Thread 0x0000017e9bfa6990 Exception <a 'java/lang/reflect/InvocationTargetException'{0x00000000d85a75b8}> (0x00000000d85a75b8) 
thrown [s\src\hotspot\share\runtime\reflection.cpp, line 1127]
Event: 84750.266 Thread 0x0000017e9bfa6990 Exception <a 'java/lang/reflect/InvocationTargetException'{0x00000000d79a38b0}> (0x00000000d79a38b0) 
thrown [s\src\hotspot\share\runtime\reflection.cpp, line 1127]
Event: 84750.269 Thread 0x0000017e9bfa6990 Exception <a 'java/lang/reflect/InvocationTargetException'{0x00000000d79a6370}> (0x00000000d79a6370) 
thrown [s\src\hotspot\share\runtime\reflection.cpp, line 1127]
Event: 84750.269 Thread 0x0000017e9bfa6990 Exception <a 'java/lang/reflect/InvocationTargetException'{0x00000000d79a8e30}> (0x00000000d79a8e30) 
thrown [s\src\hotspot\share\runtime\reflection.cpp, line 1127]
Event: 84750.269 Thread 0x0000017e9bfa6990 Exception <a 'java/lang/reflect/InvocationTargetException'{0x00000000d79ab8f0}> (0x00000000d79ab8f0) 
thrown [s\src\hotspot\share\runtime\reflection.cpp, line 1127]
Event: 84750.270 Thread 0x0000017e9bfa6990 Exception <a 'java/lang/reflect/InvocationTargetException'{0x00000000d79ae3b0}> (0x00000000d79ae3b0) 
thrown [s\src\hotspot\share\runtime\reflection.cpp, line 1127]
Event: 84750.270 Thread 0x0000017e9bfa6990 Exception <a 'java/lang/reflect/InvocationTargetException'{0x00000000d79b0e70}> (0x00000000d79b0e70) 
thrown [s\src\hotspot\share\runtime\reflection.cpp, line 1127]
Event: 84750.270 Thread 0x0000017e9bfa6990 Exception <a 'java/lang/reflect/InvocationTargetException'{0x00000000d79b3930}> (0x00000000d79b3930) 
thrown [s\src\hotspot\share\runtime\reflection.cpp, line 1127]
Event: 84750.271 Thread 0x0000017e9bfa6990 Exception <a 'java/lang/reflect/InvocationTargetException'{0x00000000d79b63f0}> (0x00000000d79b63f0) 
thrown [s\src\hotspot\share\runtime\reflection.cpp, line 1127]
Event: 86529.629 Thread 0x0000017e9bfa6990 Implicit null exception at 0x0000017e8f639d80 to 0x0000017e8f63a5ac
Event: 156072.360 Thread 0x0000017e9bd1fc90 Exception <a 'java/lang/NoSuchMethodError'{0x00000000d8f385e0}: 'void java.lang.invoke.DirectMethodHandle$Holder.invokeStaticInit(java.lang.Object)'> (0x00000000d8f385e0) 
thrown [s\src\hotspot\share\interpreter\linkResolver.cpp, line 771]
Event: 156072.474 Thread 0x0000017e9bfa64c0 Exception <a 'java/lang/NoSuchMethodError'{0x00000000d8f49e00}: 'void java.lang.invoke.DirectMethodHandle$Holder.invokeInterface(java.lang.Object, java.lang.Object)'> (0x00000000d8f49e00) 
thrown [s\src\hotspot\share\interpreter\linkResolver.cpp, line 771]

VM Operations (20 events):
Event: 284404.344 Executing VM operation: G1CollectFull done
Event: 286052.128 Executing VM operation: Cleanup
Event: 286052.129 Executing VM operation: Cleanup done
Event: 288004.345 Executing VM operation: G1CollectFull
Event: 288004.355 Executing VM operation: G1CollectFull done
Event: 291604.355 Executing VM operation: G1CollectFull
Event: 291604.364 Executing VM operation: G1CollectFull done
Event: 295204.365 Executing VM operation: G1CollectFull
Event: 295204.378 Executing VM operation: G1CollectFull done
Event: 295567.542 Executing VM operation: Cleanup
Event: 295567.542 Executing VM operation: Cleanup done
Event: 298804.379 Executing VM operation: G1CollectFull
Event: 298804.389 Executing VM operation: G1CollectFull done
Event: 302404.390 Executing VM operation: G1CollectFull
Event: 302404.404 Executing VM operation: G1CollectFull done
Event: 306004.404 Executing VM operation: G1CollectFull
Event: 306004.413 Executing VM operation: G1CollectFull done
Event: 309604.414 Executing VM operation: G1CollectFull
Event: 309604.428 Executing VM operation: G1CollectFull done
Event: 313204.429 Executing VM operation: G1CollectFull

Events (20 events):
Event: 312582.953 Thread 0x0000017e9e4d5ef0 Thread added: 0x0000017e9e4d5ef0
Event: 312583.959 Thread 0x0000017e9e4d5ef0 Thread exited: 0x0000017e9e4d5ef0
Event: 312589.767 Thread 0x0000017e9e4d5ef0 Thread added: 0x0000017e9e4d5ef0
Event: 312590.775 Thread 0x0000017e9e4d5ef0 Thread exited: 0x0000017e9e4d5ef0
Event: 312655.259 Thread 0x0000017e9e4d6890 Thread added: 0x0000017e9e4d6890
Event: 312656.266 Thread 0x0000017e9e4d6890 Thread exited: 0x0000017e9e4d6890
Event: 312676.969 Thread 0x0000017e9e4d6890 Thread added: 0x0000017e9e4d6890
Event: 312677.975 Thread 0x0000017e9e4d6890 Thread exited: 0x0000017e9e4d6890
Event: 312692.536 Thread 0x0000017e9e4d6890 Thread added: 0x0000017e9e4d6890
Event: 312693.542 Thread 0x0000017e9e4d6890 Thread exited: 0x0000017e9e4d6890
Event: 312704.137 Thread 0x0000017e9bc5deb0 Thread added: 0x0000017e9bc5deb0
Event: 312705.144 Thread 0x0000017e9bc5deb0 Thread exited: 0x0000017e9bc5deb0
Event: 312789.850 Thread 0x0000017e9bc5d040 Thread added: 0x0000017e9bc5d040
Event: 312790.857 Thread 0x0000017e9bc5d040 Thread exited: 0x0000017e9bc5d040
Event: 312822.755 Thread 0x0000017e9bc5deb0 Thread added: 0x0000017e9bc5deb0
Event: 312823.763 Thread 0x0000017e9bc5deb0 Thread exited: 0x0000017e9bc5deb0
Event: 312895.097 Thread 0x0000017e9bc5d9e0 Thread added: 0x0000017e9bc5d9e0
Event: 312896.104 Thread 0x0000017e9bc5d9e0 Thread exited: 0x0000017e9bc5d9e0
Event: 313177.457 Thread 0x0000017e9bc5d9e0 Thread added: 0x0000017e9bc5d9e0
Event: 313178.492 Thread 0x0000017e9bc5d9e0 Thread exited: 0x0000017e9bc5d9e0


Dynamic libraries:
0x00007ff660900000 - 0x00007ff66090a000 	D:\DataSoft\JetBox\apps\datagrip\ch-0\222.4167.25\jbr\bin\java.exe
0x00007ff95bd10000 - 0x00007ff95bf08000 	C:\WINDOWS\SYSTEM32\ntdll.dll
0x00007ff95ba10000 - 0x00007ff95bacf000 	C:\WINDOWS\System32\KERNEL32.DLL
0x00007ff959a70000 - 0x00007ff959d42000 	C:\WINDOWS\System32\KERNELBASE.dll
0x00007ff959860000 - 0x00007ff959960000 	C:\WINDOWS\System32\ucrtbase.dll
0x00007ff951ce0000 - 0x00007ff951cf7000 	D:\DataSoft\JetBox\apps\datagrip\ch-0\222.4167.25\jbr\bin\jli.dll
0x00007ff95b6a0000 - 0x00007ff95b841000 	C:\WINDOWS\System32\USER32.dll
0x00007ff959830000 - 0x00007ff959852000 	C:\WINDOWS\System32\win32u.dll
0x00007ff94c260000 - 0x00007ff94c4fa000 	C:\WINDOWS\WinSxS\amd64_microsoft.windows.common-controls_6595b64144ccf1df_6.0.19041.1110_none_60b5254171f9507e\COMCTL32.dll
0x00007ff95aea0000 - 0x00007ff95aecb000 	C:\WINDOWS\System32\GDI32.dll
0x00007ff95b930000 - 0x00007ff95b9ce000 	C:\WINDOWS\System32\msvcrt.dll
0x00007ff959960000 - 0x00007ff959a6f000 	C:\WINDOWS\System32\gdi32full.dll
0x00007ff959430000 - 0x00007ff9594cd000 	C:\WINDOWS\System32\msvcp_win.dll
0x00007ff951cc0000 - 0x00007ff951cdb000 	D:\DataSoft\JetBox\apps\datagrip\ch-0\222.4167.25\jbr\bin\VCRUNTIME140.dll
0x00007ff95b9d0000 - 0x00007ff95ba02000 	C:\WINDOWS\System32\IMM32.DLL
0x00007ff8d4c40000 - 0x00007ff8d4caf000 	C:\WINDOWS\LVUAAgentInstBaseRoot\system32\Vozokopot.dll
0x00007ff8d48c0000 - 0x00007ff8d4c38000 	C:\WINDOWS\LVUAAgentInstBaseRoot\system32\MozartBreathCore.dll
0x00007ff95b350000 - 0x00007ff95b3bb000 	C:\WINDOWS\System32\WS2_32.dll
0x00007ff959d50000 - 0x00007ff959e75000 	C:\WINDOWS\System32\RPCRT4.dll
0x00007ff9587d0000 - 0x00007ff95880b000 	C:\WINDOWS\SYSTEM32\IPHLPAPI.DLL
0x00007ff95b850000 - 0x00007ff95b92a000 	C:\WINDOWS\System32\COMDLG32.dll
0x00007ff956a70000 - 0x00007ff956a84000 	C:\WINDOWS\SYSTEM32\WTSAPI32.dll
0x00007ff934d00000 - 0x00007ff934d1d000 	C:\WINDOWS\SYSTEM32\MPR.dll
0x00007ff95a000000 - 0x00007ff95a355000 	C:\WINDOWS\System32\combase.dll
0x00007ff958810000 - 0x00007ff9588da000 	C:\WINDOWS\SYSTEM32\DNSAPI.dll
0x00007ff95bad0000 - 0x00007ff95bb7d000 	C:\WINDOWS\System32\shcore.dll
0x00007ff9491d0000 - 0x00007ff949268000 	C:\WINDOWS\SYSTEM32\WINSPOOL.DRV
0x00007ff95a360000 - 0x00007ff95a3b5000 	C:\WINDOWS\System32\SHLWAPI.dll
0x00007ff95a6a0000 - 0x00007ff95ade4000 	C:\WINDOWS\System32\SHELL32.dll
0x00007ff95adf0000 - 0x00007ff95ae9e000 	C:\WINDOWS\System32\ADVAPI32.dll
0x00007ff95b580000 - 0x00007ff95b61c000 	C:\WINDOWS\System32\sechost.dll
0x00007ff95a4e0000 - 0x00007ff95a60a000 	C:\WINDOWS\System32\ole32.dll
0x00007ff95bb80000 - 0x00007ff95bc4d000 	C:\WINDOWS\System32\OLEAUT32.dll
0x00007ff95aed0000 - 0x00007ff95aed8000 	C:\WINDOWS\System32\NSI.dll
0x00007ff8efd40000 - 0x00007ff8efd49000 	C:\WINDOWS\SYSTEM32\wsock32.dll
0x00007ff951cb0000 - 0x00007ff951cbc000 	D:\DataSoft\JetBox\apps\datagrip\ch-0\222.4167.25\jbr\bin\vcruntime140_1.dll
0x00007ff8f3470000 - 0x00007ff8f348f000 	C:\WINDOWS\LVUAAgentInstBaseRoot\system32\MozartBreathOM.dll
0x00007ff9352a0000 - 0x00007ff93532d000 	D:\DataSoft\JetBox\apps\datagrip\ch-0\222.4167.25\jbr\bin\msvcp140.dll
0x00007ff91b0d0000 - 0x00007ff91bd39000 	D:\DataSoft\JetBox\apps\datagrip\ch-0\222.4167.25\jbr\bin\server\jvm.dll
0x00007ff95b570000 - 0x00007ff95b578000 	C:\WINDOWS\System32\PSAPI.DLL
0x00007ff94c5e0000 - 0x00007ff94c607000 	C:\WINDOWS\SYSTEM32\WINMM.dll
0x00007ff953ee0000 - 0x00007ff953eea000 	C:\WINDOWS\SYSTEM32\VERSION.dll
0x00007ff8e5aa0000 - 0x00007ff8e5ac7000 	C:\WINDOWS\LVUAAgentInstBaseRoot\system32\MozartBreathFw.dll
0x00007ff9572e0000 - 0x00007ff9572f2000 	C:\WINDOWS\SYSTEM32\kernel.appcore.dll
0x00007ff91e950000 - 0x00007ff91e9bd000 	C:\WINDOWS\LVUAAgentInstBaseRoot\system32\MozartBreathFile.dll
0x00007ff954b00000 - 0x00007ff954b0a000 	D:\DataSoft\JetBox\apps\datagrip\ch-0\222.4167.25\jbr\bin\jimage.dll
0x00007ff91e660000 - 0x00007ff91e78d000 	C:\WINDOWS\LVUAAgentInstBaseRoot\system32\MozartBreathProcess.dll
0x00007ff94bbe0000 - 0x00007ff94bdc4000 	C:\WINDOWS\SYSTEM32\DBGHELP.DLL
0x00007ff90f720000 - 0x00007ff90f797000 	C:\WINDOWS\LVUAAgentInstBaseRoot\system32\MozartBreathBolo2.dll
0x00007ff94a110000 - 0x00007ff94a145000 	C:\WINDOWS\SYSTEM32\dbgcore.DLL
0x00007ff924ec0000 - 0x00007ff924eeb000 	C:\WINDOWS\LVUAAgentInstBaseRoot\system32\MozartBreathProtect.dll
0x00007ff9596f0000 - 0x00007ff959772000 	C:\WINDOWS\System32\bcryptPrimitives.dll
0x00007ff94f1f0000 - 0x00007ff94f215000 	D:\DataSoft\JetBox\apps\datagrip\ch-0\222.4167.25\jbr\bin\java.dll
0x00007ff954ae0000 - 0x00007ff954af8000 	D:\DataSoft\JetBox\apps\datagrip\ch-0\222.4167.25\jbr\bin\zip.dll
0x00007ff9574e0000 - 0x00007ff957c72000 	C:\WINDOWS\SYSTEM32\windows.storage.dll
0x00007ff958d80000 - 0x00007ff958db0000 	C:\WINDOWS\System32\Wldp.dll
0x00007ff959340000 - 0x00007ff95935f000 	C:\WINDOWS\SYSTEM32\profapi.dll
0x00007ff9530e0000 - 0x00007ff9530f9000 	D:\DataSoft\JetBox\apps\datagrip\ch-0\222.4167.25\jbr\bin\net.dll
0x00007ff954440000 - 0x00007ff95454c000 	C:\WINDOWS\SYSTEM32\WINHTTP.dll
0x00007ff958ae0000 - 0x00007ff958b4a000 	C:\WINDOWS\system32\mswsock.dll
0x00007ff9530b0000 - 0x00007ff9530c6000 	D:\DataSoft\JetBox\apps\datagrip\ch-0\222.4167.25\jbr\bin\nio.dll
0x00007ff91e330000 - 0x00007ff91e4c3000 	D:\DataSoft\JetBox\apps\datagrip\ch-0\222.4167.25\jbr\bin\awt.dll
0x00007ff957100000 - 0x00007ff95712f000 	C:\WINDOWS\SYSTEM32\dwmapi.dll
0x00007ff9569d0000 - 0x00007ff956a61000 	C:\WINDOWS\SYSTEM32\apphelp.dll
0x00007ff956e10000 - 0x00007ff956eae000 	C:\WINDOWS\system32\uxtheme.dll
0x00007ff925df0000 - 0x00007ff925ec9000 	c:\Program Files\HP\HP ProtectTools Security Manager\Bin\DpoFeedb.dll
0x00007ff9592c0000 - 0x00007ff9592ee000 	C:\WINDOWS\SYSTEM32\USERENV.dll
0x00007ff959ee0000 - 0x00007ff959ff5000 	C:\WINDOWS\System32\MSCTF.dll
0x0000000180000000 - 0x0000000180044000 	C:\WINDOWS\LVUAAgentInstBaseRoot\system32\OverlordSpear.dll
0x00007ff9549a0000 - 0x00007ff9549b7000 	C:\WINDOWS\SYSTEM32\dhcpcsvc6.DLL
0x00007ff954980000 - 0x00007ff95499d000 	C:\WINDOWS\SYSTEM32\dhcpcsvc.DLL
0x00007ff958cd0000 - 0x00007ff958ce8000 	C:\WINDOWS\System32\CRYPTSP.dll
0x00007ff958400000 - 0x00007ff958434000 	C:\WINDOWS\system32\rsaenh.dll
0x00007ff959400000 - 0x00007ff959427000 	C:\WINDOWS\System32\bcrypt.dll
0x00007ff958cf0000 - 0x00007ff958cfc000 	C:\WINDOWS\SYSTEM32\CRYPTBASE.dll
0x00007ff951ca0000 - 0x00007ff951ca7000 	D:\DataSoft\JetBox\apps\datagrip\ch-0\222.4167.25\jbr\bin\rmi.dll
0x00007ff954600000 - 0x00007ff954610000 	D:\DataSoft\JetBox\apps\datagrip\ch-0\222.4167.25\jbr\bin\verify.dll
0x00007ff94a150000 - 0x00007ff94a167000 	C:\WINDOWS\system32\napinsp.dll
0x00007ff94a2b0000 - 0x00007ff94a2cb000 	C:\WINDOWS\system32\pnrpnsp.dll
0x00007ff94a2d0000 - 0x00007ff94a2e5000 	C:\WINDOWS\system32\wshbth.dll
0x00007ff955d60000 - 0x00007ff955d7d000 	C:\WINDOWS\system32\NLAapi.dll
0x00007ff94a960000 - 0x00007ff94a972000 	C:\WINDOWS\System32\winrnr.dll
0x00007ff952c70000 - 0x00007ff952c7a000 	C:\Windows\System32\rasadhlp.dll
0x00007ff954a00000 - 0x00007ff954a80000 	C:\WINDOWS\System32\fwpuclnt.dll
0x00007ff94a830000 - 0x00007ff94a83d000 	D:\DataSoft\JetBox\apps\datagrip\ch-0\222.4167.25\jbr\bin\sunmscapi.dll
0x00007ff959590000 - 0x00007ff9596e6000 	C:\WINDOWS\System32\CRYPT32.dll
0x00007ff958df0000 - 0x00007ff958e17000 	C:\WINDOWS\SYSTEM32\ncrypt.dll
0x00007ff958db0000 - 0x00007ff958deb000 	C:\WINDOWS\SYSTEM32\NTASN1.dll
0x00007ff94a820000 - 0x00007ff94a827000 	C:\WINDOWS\system32\wshunix.dll
0x00007ff93ce00000 - 0x00007ff93ceac000 	C:\WINDOWS\SYSTEM32\TextShaping.dll
0x00007ff9270c0000 - 0x00007ff9271e5000 	C:\WINDOWS\system32\opengl32.dll
0x00007ff927090000 - 0x00007ff9270bc000 	C:\WINDOWS\SYSTEM32\GLU32.dll

dbghelp: loaded successfully - version: 4.0.5 - missing functions: none
symbol engine: initialized successfully - sym options: 0x614 - pdb path: .;D:\DataSoft\JetBox\apps\datagrip\ch-0\222.4167.25\jbr\bin;C:\WINDOWS\SYSTEM32;C:\WINDOWS\WinSxS\amd64_microsoft.windows.common-controls_6595b64144ccf1df_6.0.19041.1110_none_60b5254171f9507e;C:\WINDOWS\LVUAAgentInstBaseRoot\system32;D:\DataSoft\JetBox\apps\datagrip\ch-0\222.4167.25\jbr\bin\server;c:\Program Files\HP\HP ProtectTools Security Manager\Bin

VM Arguments:
jvm_args: -Dawt.toolkit=com.intellij.desktop.DesktopActionsToolkit -Djava.rmi.server.hostname=127.0.0.1 -Duser.timezone=UTC -Xmx750m -Xms128m --add-exports=java.desktop/sun.awt=ALL-UNNAMED --add-exports=java.desktop/java.awt.peer=ALL-UNNAMED --add-opens=java.desktop/java.awt=ALL-UNNAMED --add-opens=jdk.unsupported/sun.misc=ALL-UNNAMED --add-opens=java.base/java.nio=ALL-UNNAMED -Dfile.encoding=GBK 
java_command: com.intellij.database.remote.RemoteJdbcServer org.apache.hive.jdbc.HiveDriver
java_class_path (initial): D:\DataSoft\JetBox\apps\datagrip\ch-0\222.4167.25\lib\util_rt.jar;D:\DataSoft\JetBox\apps\datagrip\ch-0\222.4167.25\lib\util.jar;D:\DataSoft\JetBox\apps\datagrip\ch-0\222.4167.25\lib\groovy.jar;D:\DataSoft\JetBox\apps\datagrip\ch-0\222.4167.25\plugins\DatabaseTools\lib\jdbc-console.jar;C:\Users\DMC8612144\AppData\Roaming\JetBrains\DataGrip2022.2\jdbc-drivers\Hive\3.1.2\hive-jdbc-3.1.2-standalone.jar
Launcher Type: SUN_STANDARD

[Global flags]
     intx CICompilerCount                          = 3                                         {product} {ergonomic}
     uint ConcGCThreads                            = 2                                         {product} {ergonomic}
     uint G1ConcRefinementThreads                  = 6                                         {product} {ergonomic}
   size_t G1HeapRegionSize                         = 1048576                                   {product} {ergonomic}
    uintx GCDrainStackTargetSize                   = 64                                        {product} {ergonomic}
   size_t InitialHeapSize                          = 134217728                                 {product} {command line}
   size_t MarkStackSize                            = 4194304                                   {product} {ergonomic}
   size_t MaxHeapSize                              = 786432000                                 {product} {command line}
   size_t MaxNewSize                               = 471859200                                 {product} {ergonomic}
   size_t MinHeapDeltaBytes                        = 1048576                                   {product} {ergonomic}
   size_t MinHeapSize                              = 134217728                                 {product} {command line}
    uintx NonNMethodCodeHeapSize                   = 5832780                                {pd product} {ergonomic}
    uintx NonProfiledCodeHeapSize                  = 122912730                              {pd product} {ergonomic}
    uintx ProfiledCodeHeapSize                     = 122912730                              {pd product} {ergonomic}
    uintx ReservedCodeCacheSize                    = 251658240                              {pd product} {ergonomic}
     bool SegmentedCodeCache                       = true                                      {product} {ergonomic}
   size_t SoftMaxHeapSize                          = 786432000                              {manageable} {ergonomic}
     bool UseCompressedClassPointers               = true                           {product lp64_product} {ergonomic}
     bool UseCompressedOops                        = true                           {product lp64_product} {ergonomic}
     bool UseG1GC                                  = true                                      {product} {ergonomic}
     bool UseLargePagesIndividualAllocation        = false                                  {pd product} {ergonomic}

Logging:
Log output configuration:
 #0: stdout all=warning uptime,level,tags
 #1: stderr all=off uptime,level,tags

Environment Variables:
JAVA_HOME=D:\Program Files (x86)\Java\jdk1.8.0_181
PATH=C:\Program Files (x86)\Common Files\Oracle\Java\javapath;C:\WINDOWS\system32;C:\WINDOWS;C:\WINDOWS\System32\Wbem;C:\WINDOWS\System32\WindowsPowerShell\v1.0\;C:\WINDOWS\System32\OpenSSH\;D:\Program Files (x86)\Java\jdk1.8.0_181\bin;D:\Program Files (x86)\Java\jdk1.8.0_181\jre\bin;C:\Program Files (x86)\Microsoft SQL Server\150\DTS\Binn\;C:\Program Files\Microsoft SQL Server\130\Tools\Binn\;D:\Program Files\Git\cmd;D:\Program Files\TortoiseGit\bin;D:\Program Files\apache-maven-3.8.1\bin\;C:\Program Files\MySQL\MySQL Server 5.7\bin;D:\DataSoft\scala\bin;D:\DataSoft\scala\bin;D:\DataSoft\scala\jre\bin;C:\Program Files (x86)\Intel\Intel(R) Management Engine Components\DAL;C:\Program Files\Intel\Intel(R) Management Engine Components\DAL;E:\LinuxOS\Xshell\;E:\LinuxOS\Xftp\;C:\Users\DMC8612144\AppData\Local\Microsoft\WindowsApps;
USERNAME=DMC8612144
OS=Windows_NT
PROCESSOR_IDENTIFIER=Intel64 Family 6 Model 158 Stepping 10, GenuineIntel
TMP=C:\Users\DMC861~1\AppData\Local\Temp
TEMP=C:\Users\DMC861~1\AppData\Local\Temp



---------------  S Y S T E M  ---------------

OS:
 Windows 10 , 64 bit Build 19041 (10.0.19041.2364)
OS uptime: 13 days 0:24 hours

CPU: total 6 (initial active 6) (6 cores per cpu, 1 threads per core) family 6 model 158 stepping 10 microcode 0xb4, cx8, cmov, fxsr, mmx, 3dnowpref, sse, sse2, sse3, ssse3, sse4.1, sse4.2, popcnt, lzcnt, tsc, tscinvbit, avx, avx2, aes, erms, clmul, bmi1, bmi2, rtm, adx, fma, vzeroupper, clflush, clflushopt

Memory: 4k page, system-wide physical 16227M (3851M free)
TotalPageFile size 20323M (AvailPageFile size 5M)
current process WorkingSet (physical memory assigned to process): 109M, peak: 236M
current process commit charge ("private bytes"): 270M, peak: 314M

vm_info: OpenJDK 64-Bit Server VM (17.0.4+7-b469.53) for windows-amd64 JRE (17.0.4+7-b469.53), built on 2022-08-29 by "builduser" with MS VC++ 16.10 / 16.11 (VS2019)

END.
