#
# There is insufficient memory for the Java Runtime Environment to continue.
# Native memory allocation (mmap) failed to map 65536 bytes for Failed to commit metaspace.
# Possible reasons:
#   The system is out of physical RAM or swap space
#   The process is running with CompressedOops enabled, and the Java Heap may be blocking the growth of the native heap
# Possible solutions:
#   Reduce memory load on the system
#   Increase physical memory or swap space
#   Check if swap backing store is full
#   Decrease Java heap size (-Xmx/-Xms)
#   Decrease number of Java threads
#   Decrease Java thread stack sizes (-Xss)
#   Set larger code cache with -XX:ReservedCodeCacheSize=
#   JVM is running with Unscaled Compressed Oops mode in which the Java heap is
#     placed in the first 4GB address space. The Java Heap base address is the
#     maximum limit for the native heap growth. Please use -XX:HeapBaseMinAddress
#     to set the Java Heap base and to place the Java Heap above 4GB virtual address.
# This output file may be truncated or incomplete.
#
#  Out of Memory Error (virtualSpaceNode.cpp:110), pid=11980, tid=16128
#
# JRE version: OpenJDK Runtime Environment JBR-17.0.4+7-469.53-jcef (17.0.4+7) (build 17.0.4+7-b469.53)
# Java VM: OpenJDK 64-Bit Server VM JBR-17.0.4+7-469.53-jcef (17.0.4+7-b469.53, mixed mode, tiered, compressed oops, compressed class ptrs, g1 gc, windows-amd64)
# No core dump will be written. Minidumps are not enabled by default on client versions of Windows
#

---------------  S U M M A R Y ------------

Command Line: -Dawt.toolkit=com.intellij.desktop.DesktopActionsToolkit -Djava.rmi.server.hostname=127.0.0.1 -Duser.timezone=UTC -Xmx750m -Xms128m --add-exports=java.desktop/sun.awt=ALL-UNNAMED --add-exports=java.desktop/java.awt.peer=ALL-UNNAMED --add-opens=java.desktop/java.awt=ALL-UNNAMED --add-opens=jdk.unsupported/sun.misc=ALL-UNNAMED --add-opens=java.base/java.nio=ALL-UNNAMED -Dfile.encoding=GBK com.intellij.database.remote.RemoteJdbcServer com.mysql.cj.jdbc.Driver

Host: Intel(R) Core(TM) i5-8500 CPU @ 3.00GHz, 6 cores, 15G,  Windows 10 , 64 bit Build 19041 (10.0.19041.2546)
Time: Thu Feb 23 17:57:23 2023  Windows 10 , 64 bit Build 19041 (10.0.19041.2546) elapsed time: 1704.643422 seconds (0d 0h 28m 24s)

---------------  T H R E A D  ---------------

Current thread (0x00000209b0fb1560):  JavaThread "AWT-Windows" daemon [_thread_in_vm, id=16128, stack(0x000000fb39f00000,0x000000fb3a000000)]

Stack: [0x000000fb39f00000,0x000000fb3a000000]
Native frames: (J=compiled Java code, j=interpreted, Vv=VM code, C=native code)
V  [jvm.dll+0x68348a]
V  [jvm.dll+0x83faf4]
V  [jvm.dll+0x84129e]
V  [jvm.dll+0x841903]
V  [jvm.dll+0x2494a5]
V  [jvm.dll+0x83bb4b]
V  [jvm.dll+0x627926]
V  [jvm.dll+0x62798a]
V  [jvm.dll+0x62a19a]
V  [jvm.dll+0x6282c6]
V  [jvm.dll+0x23d49f]
V  [jvm.dll+0x632115]
V  [jvm.dll+0x1ed4cb]
V  [jvm.dll+0x1eda05]
V  [jvm.dll+0x1ee324]
V  [jvm.dll+0x1e386c]
V  [jvm.dll+0x547c8d]
V  [jvm.dll+0x1f418b]
V  [jvm.dll+0x7b98bb]
V  [jvm.dll+0x7bad02]
V  [jvm.dll+0x7bb038]
V  [jvm.dll+0x24123e]
V  [jvm.dll+0x3842be]
C  0x000002099b47b6e4

Java frames: (J=compiled Java code, j=interpreted, Vv=VM code)
j  java.awt.EventQueue$6.run()Ljava/awt/EventDispatchThread;+0 java.desktop
j  java.awt.EventQueue$6.run()Ljava/lang/Object;+1 java.desktop
J 720 c1 java.security.AccessController.doPrivileged(Ljava/security/PrivilegedAction;)Ljava/lang/Object; java.base@17.0.4 (9 bytes) @ 0x000002099bb1e5bc [0x000002099bb1e460+0x000000000000015c]
j  java.awt.EventQueue.initDispatchThread()V+45 java.desktop
j  java.awt.EventQueue.postEventPrivate(Ljava/awt/AWTEvent;)V+67 java.desktop
j  java.awt.EventQueue.postEvent(Ljava/awt/AWTEvent;)V+9 java.desktop
j  java.awt.EventQueue.invokeLater(Ljava/lang/Runnable;)V+14 java.desktop
j  sun.awt.windows.WToolkit.displayChanged()V+13 java.desktop
v  ~StubRoutines::call_stub
j  sun.awt.windows.WToolkit.eventLoop()V+0 java.desktop
j  sun.awt.windows.WToolkit.run()V+50 java.desktop
j  java.lang.Thread.run()V+11 java.base@17.0.4
v  ~StubRoutines::call_stub

---------------  P R O C E S S  ---------------

Threads class SMR info:
_java_thread_list=0x00000209b273f980, length=24, elements={
0x0000020997da87b0, 0x00000209af85c3a0, 0x00000209af85e430, 0x00000209af8912c0,
0x00000209af891ce0, 0x00000209af8a9e70, 0x00000209af8aa730, 0x00000209af8ab320,
0x00000209af8af120, 0x00000209af8b0610, 0x000002099581be90, 0x00000209afa39330,
0x00000209afaff510, 0x00000209afbf99e0, 0x00000209b0fb1560, 0x00000209b1031d80,
0x00000209b10379e0, 0x00000209b1037eb0, 0x00000209b12ab5c0, 0x00000209b123c880,
0x00000209b123e560, 0x00000209b123ba10, 0x00000209b123bee0, 0x00000209b123d6f0
}

Java Threads: ( => current thread )
  0x0000020997da87b0 JavaThread "main" [_thread_blocked, id=20188, stack(0x000000fb38a00000,0x000000fb38b00000)]
  0x00000209af85c3a0 JavaThread "Reference Handler" daemon [_thread_blocked, id=2784, stack(0x000000fb39100000,0x000000fb39200000)]
  0x00000209af85e430 JavaThread "Finalizer" daemon [_thread_blocked, id=15328, stack(0x000000fb39200000,0x000000fb39300000)]
  0x00000209af8912c0 JavaThread "Signal Dispatcher" daemon [_thread_blocked, id=23500, stack(0x000000fb39300000,0x000000fb39400000)]
  0x00000209af891ce0 JavaThread "Attach Listener" daemon [_thread_blocked, id=16200, stack(0x000000fb39400000,0x000000fb39500000)]
  0x00000209af8a9e70 JavaThread "Service Thread" daemon [_thread_blocked, id=3404, stack(0x000000fb39500000,0x000000fb39600000)]
  0x00000209af8aa730 JavaThread "Monitor Deflation Thread" daemon [_thread_blocked, id=21304, stack(0x000000fb39600000,0x000000fb39700000)]
  0x00000209af8ab320 JavaThread "C2 CompilerThread0" daemon [_thread_blocked, id=10900, stack(0x000000fb39700000,0x000000fb39800000)]
  0x00000209af8af120 JavaThread "C1 CompilerThread0" daemon [_thread_blocked, id=20820, stack(0x000000fb39800000,0x000000fb39900000)]
  0x00000209af8b0610 JavaThread "Sweeper thread" daemon [_thread_blocked, id=2992, stack(0x000000fb39900000,0x000000fb39a00000)]
  0x000002099581be90 JavaThread "Common-Cleaner" daemon [_thread_blocked, id=19224, stack(0x000000fb38900000,0x000000fb38a00000)]
  0x00000209afa39330 JavaThread "Notification Thread" daemon [_thread_blocked, id=22620, stack(0x000000fb39a00000,0x000000fb39b00000)]
  0x00000209afaff510 JavaThread "mysql-cj-abandoned-connection-cleanup" daemon [_thread_blocked, id=23672, stack(0x000000fb39c00000,0x000000fb39d00000)]
  0x00000209afbf99e0 JavaThread "Java2D Disposer" daemon [_thread_blocked, id=3752, stack(0x000000fb39d00000,0x000000fb39e00000)]
=>0x00000209b0fb1560 JavaThread "AWT-Windows" daemon [_thread_in_vm, id=16128, stack(0x000000fb39f00000,0x000000fb3a000000)]
  0x00000209b1031d80 JavaThread "RMI TCP Accept-39102" daemon [_thread_in_native, id=15876, stack(0x000000fb3a100000,0x000000fb3a200000)]
  0x00000209b10379e0 JavaThread "RMI TCP Accept-0" daemon [_thread_in_native, id=24388, stack(0x000000fb3a200000,0x000000fb3a300000)]
  0x00000209b1037eb0 JavaThread "RMI Reaper" [_thread_blocked, id=2776, stack(0x000000fb3a300000,0x000000fb3a400000)]
  0x00000209b12ab5c0 JavaThread "RMI GC Daemon" daemon [_thread_blocked, id=24200, stack(0x000000fb3a400000,0x000000fb3a500000)]
  0x00000209b123c880 JavaThread "RMI TCP Connection(1)-127.0.0.1" daemon [_thread_in_native, id=19548, stack(0x000000fb3a500000,0x000000fb3a600000)]
  0x00000209b123e560 JavaThread "RMI TCP Connection(2)-127.0.0.1" daemon [_thread_in_native, id=14128, stack(0x000000fb3a600000,0x000000fb3a700000)]
  0x00000209b123ba10 JavaThread "RMI Scheduler(0)" daemon [_thread_blocked, id=23764, stack(0x000000fb3a700000,0x000000fb3a800000)]
  0x00000209b123bee0 JavaThread "RMI RenewClean-[127.0.0.1:55128]" daemon [_thread_blocked, id=21508, stack(0x000000fb3a800000,0x000000fb3a900000)]
  0x00000209b123d6f0 JavaThread "AWT-Shutdown" [_thread_blocked, id=12472, stack(0x000000fb38600000,0x000000fb38700000)]

Other Threads:
  0x00000209aaa9e070 VMThread "VM Thread" [stack: 0x000000fb39000000,0x000000fb39100000] [id=19504]
  0x00000209afa39800 WatcherThread [stack: 0x000000fb39b00000,0x000000fb39c00000] [id=5344]
  0x00000209aa8b80e0 GCTaskThread "GC Thread#0" [stack: 0x000000fb38b00000,0x000000fb38c00000] [id=10500]
  0x00000209b15c9ce0 GCTaskThread "GC Thread#1" [stack: 0x000000fb3a900000,0x000000fb3aa00000] [id=23980]
  0x00000209b141f2f0 GCTaskThread "GC Thread#2" [stack: 0x000000fb3aa00000,0x000000fb3ab00000] [id=20900]
  0x00000209b2029130 GCTaskThread "GC Thread#3" [stack: 0x000000fb3ab00000,0x000000fb3ac00000] [id=10392]
  0x00000209b20293e0 GCTaskThread "GC Thread#4" [stack: 0x000000fb3ac00000,0x000000fb3ad00000] [id=20688]
  0x00000209b2029690 GCTaskThread "GC Thread#5" [stack: 0x000000fb3ad00000,0x000000fb3ae00000] [id=19508]
  0x00000209aa8be520 ConcurrentGCThread "G1 Main Marker" [stack: 0x000000fb38c00000,0x000000fb38d00000] [id=10320]
  0x00000209aa8bee40 ConcurrentGCThread "G1 Conc#0" [stack: 0x000000fb38d00000,0x000000fb38e00000] [id=19884]
  0x00000209b2053da0 ConcurrentGCThread "G1 Conc#1" [stack: 0x000000fb3af00000,0x000000fb3b000000] [id=18528]
  0x0000020995825c70 ConcurrentGCThread "G1 Refine#0" [stack: 0x000000fb38e00000,0x000000fb38f00000] [id=14284]
  0x0000020995823fb0 ConcurrentGCThread "G1 Refine#1" [stack: 0x000000fb3ae00000,0x000000fb3af00000] [id=4500]
  0x00000209aa92f3e0 ConcurrentGCThread "G1 Service" [stack: 0x000000fb38f00000,0x000000fb39000000] [id=24148]

Threads with active compile tasks:

VM state: not at safepoint (normal execution)

VM Mutex/Monitor currently owned by a thread:  ([mutex/lock_event])
[0x00000209958fbe30] Metaspace_lock - owner thread: 0x00000209b0fb1560

Heap address: 0x00000000d1200000, size: 750 MB, Compressed Oops mode: 32-bit

CDS archive(s) not mapped
Compressed class space mapped at: 0x0000000100000000-0x0000000140000000, reserved size: 1073741824
Narrow klass base: 0x0000000000000000, Narrow klass shift: 3, Narrow klass range: 0x140000000

GC Precious Log:
 CPUs: 6 total, 6 available
 Memory: 16227M
 Large Page Support: Disabled
 NUMA Support: Disabled
 Compressed Oops: Enabled (32-bit)
 Heap Region Size: 1M
 Heap Min Capacity: 128M
 Heap Initial Capacity: 128M
 Heap Max Capacity: 750M
 Pre-touch: Disabled
 Parallel Workers: 6
 Concurrent Workers: 2
 Concurrent Refinement Workers: 6
 Periodic GC: Disabled

Heap:
 garbage-first heap   total 131072K, used 14140K [0x00000000d1200000, 0x0000000100000000)
  region size 1024K, 10 young (10240K), 2 survivors (2048K)
 Metaspace       used 25075K, committed 25408K, reserved 1073152K
  class space    used 2564K, committed 2752K, reserved 1048576K

Heap Regions: E=young(eden), S=young(survivor), O=old, HS=humongous(starts), HC=humongous(continues), CS=collection set, F=free, OA=open archive, CA=closed archive, TAMS=top-at-mark-start (previous, next)
|   0|0x00000000d1200000, 0x00000000d1300000, 0x00000000d1300000|100%| O|  |TAMS 0x00000000d1300000, 0x00000000d1200000| Untracked 
|   1|0x00000000d1300000, 0x00000000d1400000, 0x00000000d1400000|100%| O|  |TAMS 0x00000000d13c6e00, 0x00000000d1300000| Untracked 
|   2|0x00000000d1400000, 0x00000000d1500000, 0x00000000d1500000|100%| O|  |TAMS 0x00000000d1400000, 0x00000000d1400000| Untracked 
|   3|0x00000000d1500000, 0x00000000d1600000, 0x00000000d1600000|100%| O|  |TAMS 0x00000000d1500000, 0x00000000d1500000| Untracked 
|   4|0x00000000d1600000, 0x00000000d16e2400, 0x00000000d1700000| 88%| O|  |TAMS 0x00000000d1600000, 0x00000000d1600000| Untracked 
|   5|0x00000000d1700000, 0x00000000d1700000, 0x00000000d1800000|  0%| F|  |TAMS 0x00000000d1700000, 0x00000000d1700000| Untracked 
|   6|0x00000000d1800000, 0x00000000d1800000, 0x00000000d1900000|  0%| F|  |TAMS 0x00000000d1800000, 0x00000000d1800000| Untracked 
|   7|0x00000000d1900000, 0x00000000d1900000, 0x00000000d1a00000|  0%| F|  |TAMS 0x00000000d1900000, 0x00000000d1900000| Untracked 
|   8|0x00000000d1a00000, 0x00000000d1a00000, 0x00000000d1b00000|  0%| F|  |TAMS 0x00000000d1a00000, 0x00000000d1a00000| Untracked 
|   9|0x00000000d1b00000, 0x00000000d1b00000, 0x00000000d1c00000|  0%| F|  |TAMS 0x00000000d1b00000, 0x00000000d1b00000| Untracked 
|  10|0x00000000d1c00000, 0x00000000d1c00000, 0x00000000d1d00000|  0%| F|  |TAMS 0x00000000d1c00000, 0x00000000d1c00000| Untracked 
|  11|0x00000000d1d00000, 0x00000000d1d00000, 0x00000000d1e00000|  0%| F|  |TAMS 0x00000000d1d00000, 0x00000000d1d00000| Untracked 
|  12|0x00000000d1e00000, 0x00000000d1e00000, 0x00000000d1f00000|  0%| F|  |TAMS 0x00000000d1e00000, 0x00000000d1e00000| Untracked 
|  13|0x00000000d1f00000, 0x00000000d1f00000, 0x00000000d2000000|  0%| F|  |TAMS 0x00000000d1f00000, 0x00000000d1f00000| Untracked 
|  14|0x00000000d2000000, 0x00000000d2000000, 0x00000000d2100000|  0%| F|  |TAMS 0x00000000d2000000, 0x00000000d2000000| Untracked 
|  15|0x00000000d2100000, 0x00000000d2100000, 0x00000000d2200000|  0%| F|  |TAMS 0x00000000d2100000, 0x00000000d2100000| Untracked 
|  16|0x00000000d2200000, 0x00000000d2200000, 0x00000000d2300000|  0%| F|  |TAMS 0x00000000d2200000, 0x00000000d2200000| Untracked 
|  17|0x00000000d2300000, 0x00000000d2300000, 0x00000000d2400000|  0%| F|  |TAMS 0x00000000d2300000, 0x00000000d2300000| Untracked 
|  18|0x00000000d2400000, 0x00000000d2400000, 0x00000000d2500000|  0%| F|  |TAMS 0x00000000d2400000, 0x00000000d2400000| Untracked 
|  19|0x00000000d2500000, 0x00000000d2500000, 0x00000000d2600000|  0%| F|  |TAMS 0x00000000d2500000, 0x00000000d2500000| Untracked 
|  20|0x00000000d2600000, 0x00000000d2600000, 0x00000000d2700000|  0%| F|  |TAMS 0x00000000d2600000, 0x00000000d2600000| Untracked 
|  21|0x00000000d2700000, 0x00000000d2700000, 0x00000000d2800000|  0%| F|  |TAMS 0x00000000d2700000, 0x00000000d2700000| Untracked 
|  22|0x00000000d2800000, 0x00000000d2800000, 0x00000000d2900000|  0%| F|  |TAMS 0x00000000d2800000, 0x00000000d2800000| Untracked 
|  23|0x00000000d2900000, 0x00000000d2900000, 0x00000000d2a00000|  0%| F|  |TAMS 0x00000000d2900000, 0x00000000d2900000| Untracked 
|  24|0x00000000d2a00000, 0x00000000d2a00000, 0x00000000d2b00000|  0%| F|  |TAMS 0x00000000d2a00000, 0x00000000d2a00000| Untracked 
|  25|0x00000000d2b00000, 0x00000000d2b00000, 0x00000000d2c00000|  0%| F|  |TAMS 0x00000000d2b00000, 0x00000000d2b00000| Untracked 
|  26|0x00000000d2c00000, 0x00000000d2c00000, 0x00000000d2d00000|  0%| F|  |TAMS 0x00000000d2c00000, 0x00000000d2c00000| Untracked 
|  27|0x00000000d2d00000, 0x00000000d2d00000, 0x00000000d2e00000|  0%| F|  |TAMS 0x00000000d2d00000, 0x00000000d2d00000| Untracked 
|  28|0x00000000d2e00000, 0x00000000d2e00000, 0x00000000d2f00000|  0%| F|  |TAMS 0x00000000d2e00000, 0x00000000d2e00000| Untracked 
|  29|0x00000000d2f00000, 0x00000000d2f00000, 0x00000000d3000000|  0%| F|  |TAMS 0x00000000d2f00000, 0x00000000d2f00000| Untracked 
|  30|0x00000000d3000000, 0x00000000d3000000, 0x00000000d3100000|  0%| F|  |TAMS 0x00000000d3000000, 0x00000000d3000000| Untracked 
|  31|0x00000000d3100000, 0x00000000d3100000, 0x00000000d3200000|  0%| F|  |TAMS 0x00000000d3100000, 0x00000000d3100000| Untracked 
|  32|0x00000000d3200000, 0x00000000d3200000, 0x00000000d3300000|  0%| F|  |TAMS 0x00000000d3200000, 0x00000000d3200000| Untracked 
|  33|0x00000000d3300000, 0x00000000d3300000, 0x00000000d3400000|  0%| F|  |TAMS 0x00000000d3300000, 0x00000000d3300000| Untracked 
|  34|0x00000000d3400000, 0x00000000d3400000, 0x00000000d3500000|  0%| F|  |TAMS 0x00000000d3400000, 0x00000000d3400000| Untracked 
|  35|0x00000000d3500000, 0x00000000d3500000, 0x00000000d3600000|  0%| F|  |TAMS 0x00000000d3500000, 0x00000000d3500000| Untracked 
|  36|0x00000000d3600000, 0x00000000d3600000, 0x00000000d3700000|  0%| F|  |TAMS 0x00000000d3600000, 0x00000000d3600000| Untracked 
|  37|0x00000000d3700000, 0x00000000d3700000, 0x00000000d3800000|  0%| F|  |TAMS 0x00000000d3700000, 0x00000000d3700000| Untracked 
|  38|0x00000000d3800000, 0x00000000d3800000, 0x00000000d3900000|  0%| F|  |TAMS 0x00000000d3800000, 0x00000000d3800000| Untracked 
|  39|0x00000000d3900000, 0x00000000d3900000, 0x00000000d3a00000|  0%| F|  |TAMS 0x00000000d3900000, 0x00000000d3900000| Untracked 
|  40|0x00000000d3a00000, 0x00000000d3a00000, 0x00000000d3b00000|  0%| F|  |TAMS 0x00000000d3a00000, 0x00000000d3a00000| Untracked 
|  41|0x00000000d3b00000, 0x00000000d3b00000, 0x00000000d3c00000|  0%| F|  |TAMS 0x00000000d3b00000, 0x00000000d3b00000| Untracked 
|  42|0x00000000d3c00000, 0x00000000d3c00000, 0x00000000d3d00000|  0%| F|  |TAMS 0x00000000d3c00000, 0x00000000d3c00000| Untracked 
|  43|0x00000000d3d00000, 0x00000000d3d00000, 0x00000000d3e00000|  0%| F|  |TAMS 0x00000000d3d00000, 0x00000000d3d00000| Untracked 
|  44|0x00000000d3e00000, 0x00000000d3e00000, 0x00000000d3f00000|  0%| F|  |TAMS 0x00000000d3e00000, 0x00000000d3e00000| Untracked 
|  45|0x00000000d3f00000, 0x00000000d3f00000, 0x00000000d4000000|  0%| F|  |TAMS 0x00000000d3f00000, 0x00000000d3f00000| Untracked 
|  46|0x00000000d4000000, 0x00000000d4000000, 0x00000000d4100000|  0%| F|  |TAMS 0x00000000d4000000, 0x00000000d4000000| Untracked 
|  47|0x00000000d4100000, 0x00000000d4100000, 0x00000000d4200000|  0%| F|  |TAMS 0x00000000d4100000, 0x00000000d4100000| Untracked 
|  48|0x00000000d4200000, 0x00000000d4200000, 0x00000000d4300000|  0%| F|  |TAMS 0x00000000d4200000, 0x00000000d4200000| Untracked 
|  49|0x00000000d4300000, 0x00000000d4300000, 0x00000000d4400000|  0%| F|  |TAMS 0x00000000d4300000, 0x00000000d4300000| Untracked 
|  50|0x00000000d4400000, 0x00000000d4400000, 0x00000000d4500000|  0%| F|  |TAMS 0x00000000d4400000, 0x00000000d4400000| Untracked 
|  51|0x00000000d4500000, 0x00000000d4500000, 0x00000000d4600000|  0%| F|  |TAMS 0x00000000d4500000, 0x00000000d4500000| Untracked 
|  52|0x00000000d4600000, 0x00000000d4600000, 0x00000000d4700000|  0%| F|  |TAMS 0x00000000d4600000, 0x00000000d4600000| Untracked 
|  53|0x00000000d4700000, 0x00000000d4700000, 0x00000000d4800000|  0%| F|  |TAMS 0x00000000d4700000, 0x00000000d4700000| Untracked 
|  54|0x00000000d4800000, 0x00000000d4800000, 0x00000000d4900000|  0%| F|  |TAMS 0x00000000d4800000, 0x00000000d4800000| Untracked 
|  55|0x00000000d4900000, 0x00000000d4900000, 0x00000000d4a00000|  0%| F|  |TAMS 0x00000000d4900000, 0x00000000d4900000| Untracked 
|  56|0x00000000d4a00000, 0x00000000d4a00000, 0x00000000d4b00000|  0%| F|  |TAMS 0x00000000d4a00000, 0x00000000d4a00000| Untracked 
|  57|0x00000000d4b00000, 0x00000000d4b00000, 0x00000000d4c00000|  0%| F|  |TAMS 0x00000000d4b00000, 0x00000000d4b00000| Untracked 
|  58|0x00000000d4c00000, 0x00000000d4c00000, 0x00000000d4d00000|  0%| F|  |TAMS 0x00000000d4c00000, 0x00000000d4c00000| Untracked 
|  59|0x00000000d4d00000, 0x00000000d4d00000, 0x00000000d4e00000|  0%| F|  |TAMS 0x00000000d4d00000, 0x00000000d4d00000| Untracked 
|  60|0x00000000d4e00000, 0x00000000d4e00000, 0x00000000d4f00000|  0%| F|  |TAMS 0x00000000d4e00000, 0x00000000d4e00000| Untracked 
|  61|0x00000000d4f00000, 0x00000000d4f00000, 0x00000000d5000000|  0%| F|  |TAMS 0x00000000d4f00000, 0x00000000d4f00000| Untracked 
|  62|0x00000000d5000000, 0x00000000d5000000, 0x00000000d5100000|  0%| F|  |TAMS 0x00000000d5000000, 0x00000000d5000000| Untracked 
|  63|0x00000000d5100000, 0x00000000d5100000, 0x00000000d5200000|  0%| F|  |TAMS 0x00000000d5100000, 0x00000000d5100000| Untracked 
|  64|0x00000000d5200000, 0x00000000d5200000, 0x00000000d5300000|  0%| F|  |TAMS 0x00000000d5200000, 0x00000000d5200000| Untracked 
|  65|0x00000000d5300000, 0x00000000d5300000, 0x00000000d5400000|  0%| F|  |TAMS 0x00000000d5300000, 0x00000000d5300000| Untracked 
|  66|0x00000000d5400000, 0x00000000d5400000, 0x00000000d5500000|  0%| F|  |TAMS 0x00000000d5400000, 0x00000000d5400000| Untracked 
|  67|0x00000000d5500000, 0x00000000d5500000, 0x00000000d5600000|  0%| F|  |TAMS 0x00000000d5500000, 0x00000000d5500000| Untracked 
|  68|0x00000000d5600000, 0x00000000d5600000, 0x00000000d5700000|  0%| F|  |TAMS 0x00000000d5600000, 0x00000000d5600000| Untracked 
|  69|0x00000000d5700000, 0x00000000d5700000, 0x00000000d5800000|  0%| F|  |TAMS 0x00000000d5700000, 0x00000000d5700000| Untracked 
|  70|0x00000000d5800000, 0x00000000d5800000, 0x00000000d5900000|  0%| F|  |TAMS 0x00000000d5800000, 0x00000000d5800000| Untracked 
|  71|0x00000000d5900000, 0x00000000d5900000, 0x00000000d5a00000|  0%| F|  |TAMS 0x00000000d5900000, 0x00000000d5900000| Untracked 
|  72|0x00000000d5a00000, 0x00000000d5a00000, 0x00000000d5b00000|  0%| F|  |TAMS 0x00000000d5a00000, 0x00000000d5a00000| Untracked 
|  73|0x00000000d5b00000, 0x00000000d5b00000, 0x00000000d5c00000|  0%| F|  |TAMS 0x00000000d5b00000, 0x00000000d5b00000| Untracked 
|  74|0x00000000d5c00000, 0x00000000d5c00000, 0x00000000d5d00000|  0%| F|  |TAMS 0x00000000d5c00000, 0x00000000d5c00000| Untracked 
|  75|0x00000000d5d00000, 0x00000000d5d00000, 0x00000000d5e00000|  0%| F|  |TAMS 0x00000000d5d00000, 0x00000000d5d00000| Untracked 
|  76|0x00000000d5e00000, 0x00000000d5e00000, 0x00000000d5f00000|  0%| F|  |TAMS 0x00000000d5e00000, 0x00000000d5e00000| Untracked 
|  77|0x00000000d5f00000, 0x00000000d5f00000, 0x00000000d6000000|  0%| F|  |TAMS 0x00000000d5f00000, 0x00000000d5f00000| Untracked 
|  78|0x00000000d6000000, 0x00000000d6000000, 0x00000000d6100000|  0%| F|  |TAMS 0x00000000d6000000, 0x00000000d6000000| Untracked 
|  79|0x00000000d6100000, 0x00000000d6100000, 0x00000000d6200000|  0%| F|  |TAMS 0x00000000d6100000, 0x00000000d6100000| Untracked 
|  80|0x00000000d6200000, 0x00000000d6200000, 0x00000000d6300000|  0%| F|  |TAMS 0x00000000d6200000, 0x00000000d6200000| Untracked 
|  81|0x00000000d6300000, 0x00000000d6300000, 0x00000000d6400000|  0%| F|  |TAMS 0x00000000d6300000, 0x00000000d6300000| Untracked 
|  82|0x00000000d6400000, 0x00000000d6400000, 0x00000000d6500000|  0%| F|  |TAMS 0x00000000d6400000, 0x00000000d6400000| Untracked 
|  83|0x00000000d6500000, 0x00000000d6500000, 0x00000000d6600000|  0%| F|  |TAMS 0x00000000d6500000, 0x00000000d6500000| Untracked 
|  84|0x00000000d6600000, 0x00000000d6600000, 0x00000000d6700000|  0%| F|  |TAMS 0x00000000d6600000, 0x00000000d6600000| Untracked 
|  85|0x00000000d6700000, 0x00000000d67ece80, 0x00000000d6800000| 92%| S|CS|TAMS 0x00000000d6700000, 0x00000000d6700000| Complete 
|  86|0x00000000d6800000, 0x00000000d6900000, 0x00000000d6900000|100%| S|CS|TAMS 0x00000000d6800000, 0x00000000d6800000| Complete 
|  87|0x00000000d6900000, 0x00000000d6900000, 0x00000000d6a00000|  0%| F|  |TAMS 0x00000000d6900000, 0x00000000d6900000| Untracked 
|  88|0x00000000d6a00000, 0x00000000d6a00000, 0x00000000d6b00000|  0%| F|  |TAMS 0x00000000d6a00000, 0x00000000d6a00000| Untracked 
|  89|0x00000000d6b00000, 0x00000000d6b00000, 0x00000000d6c00000|  0%| F|  |TAMS 0x00000000d6b00000, 0x00000000d6b00000| Untracked 
|  90|0x00000000d6c00000, 0x00000000d6c00000, 0x00000000d6d00000|  0%| F|  |TAMS 0x00000000d6c00000, 0x00000000d6c00000| Untracked 
|  91|0x00000000d6d00000, 0x00000000d6d00000, 0x00000000d6e00000|  0%| F|  |TAMS 0x00000000d6d00000, 0x00000000d6d00000| Untracked 
|  92|0x00000000d6e00000, 0x00000000d6e00000, 0x00000000d6f00000|  0%| F|  |TAMS 0x00000000d6e00000, 0x00000000d6e00000| Untracked 
|  93|0x00000000d6f00000, 0x00000000d6f00000, 0x00000000d7000000|  0%| F|  |TAMS 0x00000000d6f00000, 0x00000000d6f00000| Untracked 
|  94|0x00000000d7000000, 0x00000000d7000000, 0x00000000d7100000|  0%| F|  |TAMS 0x00000000d7000000, 0x00000000d7000000| Untracked 
|  95|0x00000000d7100000, 0x00000000d7100000, 0x00000000d7200000|  0%| F|  |TAMS 0x00000000d7100000, 0x00000000d7100000| Untracked 
|  96|0x00000000d7200000, 0x00000000d7200000, 0x00000000d7300000|  0%| F|  |TAMS 0x00000000d7200000, 0x00000000d7200000| Untracked 
|  97|0x00000000d7300000, 0x00000000d7300000, 0x00000000d7400000|  0%| F|  |TAMS 0x00000000d7300000, 0x00000000d7300000| Untracked 
|  98|0x00000000d7400000, 0x00000000d7400000, 0x00000000d7500000|  0%| F|  |TAMS 0x00000000d7400000, 0x00000000d7400000| Untracked 
|  99|0x00000000d7500000, 0x00000000d7500000, 0x00000000d7600000|  0%| F|  |TAMS 0x00000000d7500000, 0x00000000d7500000| Untracked 
| 100|0x00000000d7600000, 0x00000000d7600000, 0x00000000d7700000|  0%| F|  |TAMS 0x00000000d7600000, 0x00000000d7600000| Untracked 
| 101|0x00000000d7700000, 0x00000000d7700000, 0x00000000d7800000|  0%| F|  |TAMS 0x00000000d7700000, 0x00000000d7700000| Untracked 
| 102|0x00000000d7800000, 0x00000000d7800000, 0x00000000d7900000|  0%| F|  |TAMS 0x00000000d7800000, 0x00000000d7800000| Untracked 
| 103|0x00000000d7900000, 0x00000000d7900000, 0x00000000d7a00000|  0%| F|  |TAMS 0x00000000d7900000, 0x00000000d7900000| Untracked 
| 104|0x00000000d7a00000, 0x00000000d7a00000, 0x00000000d7b00000|  0%| F|  |TAMS 0x00000000d7a00000, 0x00000000d7a00000| Untracked 
| 105|0x00000000d7b00000, 0x00000000d7b00000, 0x00000000d7c00000|  0%| F|  |TAMS 0x00000000d7b00000, 0x00000000d7b00000| Untracked 
| 106|0x00000000d7c00000, 0x00000000d7c00000, 0x00000000d7d00000|  0%| F|  |TAMS 0x00000000d7c00000, 0x00000000d7c00000| Untracked 
| 107|0x00000000d7d00000, 0x00000000d7d00000, 0x00000000d7e00000|  0%| F|  |TAMS 0x00000000d7d00000, 0x00000000d7d00000| Untracked 
| 108|0x00000000d7e00000, 0x00000000d7e00000, 0x00000000d7f00000|  0%| F|  |TAMS 0x00000000d7e00000, 0x00000000d7e00000| Untracked 
| 109|0x00000000d7f00000, 0x00000000d7f00000, 0x00000000d8000000|  0%| F|  |TAMS 0x00000000d7f00000, 0x00000000d7f00000| Untracked 
| 110|0x00000000d8000000, 0x00000000d8000000, 0x00000000d8100000|  0%| F|  |TAMS 0x00000000d8000000, 0x00000000d8000000| Untracked 
| 111|0x00000000d8100000, 0x00000000d8100000, 0x00000000d8200000|  0%| F|  |TAMS 0x00000000d8100000, 0x00000000d8100000| Untracked 
| 112|0x00000000d8200000, 0x00000000d8200000, 0x00000000d8300000|  0%| F|  |TAMS 0x00000000d8200000, 0x00000000d8200000| Untracked 
| 113|0x00000000d8300000, 0x00000000d8300000, 0x00000000d8400000|  0%| F|  |TAMS 0x00000000d8300000, 0x00000000d8300000| Untracked 
| 114|0x00000000d8400000, 0x00000000d8400000, 0x00000000d8500000|  0%| F|  |TAMS 0x00000000d8400000, 0x00000000d8400000| Untracked 
| 115|0x00000000d8500000, 0x00000000d8500000, 0x00000000d8600000|  0%| F|  |TAMS 0x00000000d8500000, 0x00000000d8500000| Untracked 
| 116|0x00000000d8600000, 0x00000000d8600000, 0x00000000d8700000|  0%| F|  |TAMS 0x00000000d8600000, 0x00000000d8600000| Untracked 
| 117|0x00000000d8700000, 0x00000000d8700000, 0x00000000d8800000|  0%| F|  |TAMS 0x00000000d8700000, 0x00000000d8700000| Untracked 
| 118|0x00000000d8800000, 0x00000000d8800000, 0x00000000d8900000|  0%| F|  |TAMS 0x00000000d8800000, 0x00000000d8800000| Untracked 
| 119|0x00000000d8900000, 0x00000000d8900000, 0x00000000d8a00000|  0%| F|  |TAMS 0x00000000d8900000, 0x00000000d8900000| Untracked 
| 120|0x00000000d8a00000, 0x00000000d8a7f950, 0x00000000d8b00000| 49%| E|  |TAMS 0x00000000d8a00000, 0x00000000d8a00000| Complete 
| 121|0x00000000d8b00000, 0x00000000d8c00000, 0x00000000d8c00000|100%| E|CS|TAMS 0x00000000d8b00000, 0x00000000d8b00000| Complete 
| 122|0x00000000d8c00000, 0x00000000d8d00000, 0x00000000d8d00000|100%| E|CS|TAMS 0x00000000d8c00000, 0x00000000d8c00000| Complete 
| 123|0x00000000d8d00000, 0x00000000d8e00000, 0x00000000d8e00000|100%| E|CS|TAMS 0x00000000d8d00000, 0x00000000d8d00000| Complete 
| 124|0x00000000d8e00000, 0x00000000d8f00000, 0x00000000d8f00000|100%| E|CS|TAMS 0x00000000d8e00000, 0x00000000d8e00000| Complete 
| 125|0x00000000d8f00000, 0x00000000d9000000, 0x00000000d9000000|100%| E|CS|TAMS 0x00000000d8f00000, 0x00000000d8f00000| Complete 
| 126|0x00000000d9000000, 0x00000000d9100000, 0x00000000d9100000|100%| E|CS|TAMS 0x00000000d9000000, 0x00000000d9000000| Complete 
| 127|0x00000000d9100000, 0x00000000d9200000, 0x00000000d9200000|100%| E|CS|TAMS 0x00000000d9100000, 0x00000000d9100000| Complete 

Card table byte_map: [0x00000209aac20000,0x00000209aada0000] _byte_map_base: 0x00000209aa597000

Marking Bits (Prev, Next): (CMBitMap*) 0x0000020995845a60, (CMBitMap*) 0x0000020995845a20
 Prev Bits: [0x00000209abae0000, 0x00000209ac698000)
 Next Bits: [0x00000209aaf20000, 0x00000209abad8000)

Polling page: 0x0000020995990000

Metaspace:

Usage:
  Non-class:     21.98 MB used.
      Class:      2.50 MB used.
       Both:     24.49 MB used.

Virtual space:
  Non-class space:       24.00 MB reserved,      22.12 MB ( 92%) committed,  3 nodes.
      Class space:        1.00 GB reserved,       2.69 MB ( <1%) committed,  1 nodes.
             Both:        1.02 GB reserved,      24.81 MB (  2%) committed. 

Chunk freelists:
   Non-Class:  1.75 MB
       Class:  1.36 MB
        Both:  3.10 MB

MaxMetaspaceSize: unlimited
CompressedClassSpaceSize: 1.00 GB
Initial GC threshold: 21.00 MB
Current GC threshold: 35.12 MB
CDS: off
MetaspaceReclaimPolicy: balanced
 - commit_granule_bytes: 65536.
 - commit_granule_words: 8192.
 - virtual_space_node_default_size: 1048576.
 - enlarge_chunks_in_place: 1.
 - new_chunks_are_fully_committed: 0.
 - uncommit_free_chunks: 1.
 - use_allocation_guard: 0.
 - handle_deallocations: 1.


Internal statistics:

num_allocs_failed_limit: 3.
num_arena_births: 342.
num_arena_deaths: 0.
num_vsnodes_births: 4.
num_vsnodes_deaths: 0.
num_space_committed: 397.
num_space_uncommitted: 0.
num_chunks_returned_to_freelist: 3.
num_chunks_taken_from_freelist: 733.
num_chunk_merges: 3.
num_chunk_splits: 425.
num_chunks_enlarged: 201.
num_purges: 0.
num_inconsistent_stats: 0.

CodeHeap 'non-profiled nmethods': size=120000Kb used=1353Kb max_used=1353Kb free=118646Kb
 bounds [0x00000209a2f30000, 0x00000209a31a0000, 0x00000209aa460000]
CodeHeap 'profiled nmethods': size=120000Kb used=6373Kb max_used=6373Kb free=113627Kb
 bounds [0x000002099ba00000, 0x000002099c040000, 0x00000209a2f30000]
CodeHeap 'non-nmethods': size=5760Kb used=1282Kb max_used=1362Kb free=4477Kb
 bounds [0x000002099b460000, 0x000002099b6d0000, 0x000002099ba00000]
 total_blobs=3686 nmethods=3082 adapters=516
 compilation: enabled
              stopped_count=0, restarted_count=0
 full_count=0

Compilation events (20 events):
Event: 1371.761 Thread 0x00000209af8af120 3075       3       java.util.concurrent.locks.AbstractQueuedSynchronizer$Node::clearStatus (12 bytes)
Event: 1371.761 Thread 0x00000209af8af120 nmethod 3075 0x000002099c032e90 code [0x000002099c033040, 0x000002099c0331c8]
Event: 1371.761 Thread 0x00000209af8af120 3077       3       java.util.concurrent.locks.AbstractQueuedSynchronizer$ConditionObject::unlinkCancelledWaiters (91 bytes)
Event: 1371.761 Thread 0x00000209af8af120 nmethod 3077 0x000002099c033290 code [0x000002099c033460, 0x000002099c033918]
Event: 1371.761 Thread 0x00000209af8af120 3078       3       java.util.concurrent.locks.AbstractQueuedSynchronizer$ConditionObject::enableWait (84 bytes)
Event: 1371.761 Thread 0x00000209af8af120 nmethod 3078 0x000002099c033a90 code [0x000002099c033ca0, 0x000002099c0343e8]
Event: 1371.761 Thread 0x00000209af8af120 3079       3       java.util.concurrent.locks.AbstractQueuedSynchronizer$Node::setStatusRelaxed (12 bytes)
Event: 1371.761 Thread 0x00000209af8af120 nmethod 3079 0x000002099c034690 code [0x000002099c034820, 0x000002099c034938]
Event: 1371.762 Thread 0x00000209af8af120 3076   !   3       java.util.concurrent.locks.AbstractQueuedSynchronizer::acquire (407 bytes)
Event: 1371.762 Thread 0x00000209af8af120 nmethod 3076 0x000002099c034a10 code [0x000002099c034da0, 0x000002099c036798]
Event: 1404.836 Thread 0x00000209af8ab320 3080   !   4       java.io.ObjectOutputStream::writeObject0 (620 bytes)
Event: 1405.025 Thread 0x00000209af8ab320 nmethod 3080 0x00000209a3071210 code [0x00000209a3071a00, 0x00000209a307b100]
Event: 1422.842 Thread 0x00000209af8ab320 3081       4       java.io.ObjectInputStream::readShort (8 bytes)
Event: 1422.859 Thread 0x00000209af8ab320 nmethod 3081 0x00000209a3081590 code [0x00000209a3081740, 0x00000209a3081b98]
Event: 1503.863 Thread 0x00000209af8ab320 3082       4       java.util.concurrent.TimeUnit::toNanos (45 bytes)
Event: 1503.863 Thread 0x00000209af8ab320 nmethod 3082 0x00000209a3082010 code [0x00000209a3082180, 0x00000209a3082278]
Event: 1629.890 Thread 0x00000209af8af120 3083   !   3       java.util.concurrent.ScheduledThreadPoolExecutor$DelayedWorkQueue::offer (123 bytes)
Event: 1629.893 Thread 0x00000209af8af120 nmethod 3083 0x000002099c037090 code [0x000002099c037380, 0x000002099c038758]
Event: 1704.403 Thread 0x00000209af8af120 3085       3       java.lang.invoke.LambdaForm::returnType (26 bytes)
Event: 1704.403 Thread 0x00000209af8af120 nmethod 3085 0x000002099c038f90 code [0x000002099c039140, 0x000002099c0392f8]

GC Heap History (6 events):
Event: 0.850 GC heap before
{Heap before GC invocations=0 (full 0):
 garbage-first heap   total 131072K, used 20480K [0x00000000d1200000, 0x0000000100000000)
  region size 1024K, 21 young (21504K), 0 survivors (0K)
 Metaspace       used 17816K, committed 18048K, reserved 1064960K
  class space    used 1842K, committed 1984K, reserved 1048576K
}
Event: 0.861 GC heap after
{Heap after GC invocations=1 (full 0):
 garbage-first heap   total 131072K, used 4891K [0x00000000d1200000, 0x0000000100000000)
  region size 1024K, 3 young (3072K), 3 survivors (3072K)
 Metaspace       used 17816K, committed 18048K, reserved 1064960K
  class space    used 1842K, committed 1984K, reserved 1048576K
}
Event: 1.008 GC heap before
{Heap before GC invocations=1 (full 0):
 garbage-first heap   total 131072K, used 7963K [0x00000000d1200000, 0x0000000100000000)
  region size 1024K, 7 young (7168K), 3 survivors (3072K)
 Metaspace       used 21295K, committed 21504K, reserved 1073152K
  class space    used 2274K, committed 2368K, reserved 1048576K
}
Event: 1.010 GC heap after
{Heap after GC invocations=2 (full 0):
 garbage-first heap   total 131072K, used 5553K [0x00000000d1200000, 0x0000000100000000)
  region size 1024K, 1 young (1024K), 1 survivors (1024K)
 Metaspace       used 21295K, committed 21504K, reserved 1073152K
  class space    used 2274K, committed 2368K, reserved 1048576K
}
Event: 807.641 GC heap before
{Heap before GC invocations=3 (full 0):
 garbage-first heap   total 131072K, used 46513K [0x00000000d1200000, 0x0000000100000000)
  region size 1024K, 41 young (41984K), 1 survivors (1024K)
 Metaspace       used 24851K, committed 25152K, reserved 1073152K
  class space    used 2539K, committed 2688K, reserved 1048576K
}
Event: 807.646 GC heap after
{Heap after GC invocations=4 (full 0):
 garbage-first heap   total 131072K, used 6972K [0x00000000d1200000, 0x0000000100000000)
  region size 1024K, 2 young (2048K), 2 survivors (2048K)
 Metaspace       used 24851K, committed 25152K, reserved 1073152K
  class space    used 2539K, committed 2688K, reserved 1048576K
}

Deoptimization events (20 events):
Event: 528.788 Thread 0x00000209b123e560 DEOPT PACKING pc=0x000002099bebf26e sp=0x000000fb3a6fdfa0
Event: 528.788 Thread 0x00000209b123e560 DEOPT UNPACKING pc=0x000002099b4b2b43 sp=0x000000fb3a6fd3f8 mode 0
Event: 533.830 Thread 0x00000209b123e560 Uncommon trap: trap_request=0xffffffc6 fr.pc=0x00000209a2fa2368 relative=0x0000000000000408
Event: 533.830 Thread 0x00000209b123e560 Uncommon trap: reason=bimorphic_or_optimized_type_check action=maybe_recompile pc=0x00000209a2fa2368 method=java.util.regex.Pattern$SliceI.match(Ljava/util/regex/Matcher;ILjava/lang/CharSequence;)Z @ 92 c2
Event: 533.830 Thread 0x00000209b123e560 DEOPT PACKING pc=0x00000209a2fa2368 sp=0x000000fb3a6fdbc0
Event: 533.830 Thread 0x00000209b123e560 DEOPT UNPACKING pc=0x000002099b4b23a3 sp=0x000000fb3a6fdb68 mode 2
Event: 533.842 Thread 0x00000209b123e560 DEOPT PACKING pc=0x000002099bdd103a sp=0x000000fb3a6fdad0
Event: 533.842 Thread 0x00000209b123e560 DEOPT UNPACKING pc=0x000002099b4b2b43 sp=0x000000fb3a6fcf90 mode 0
Event: 803.561 Thread 0x00000209b123e560 Uncommon trap: trap_request=0xffffffc6 fr.pc=0x00000209a2fa2368 relative=0x0000000000000408
Event: 803.561 Thread 0x00000209b123e560 Uncommon trap: reason=bimorphic_or_optimized_type_check action=maybe_recompile pc=0x00000209a2fa2368 method=java.util.regex.Pattern$SliceI.match(Ljava/util/regex/Matcher;ILjava/lang/CharSequence;)Z @ 92 c2
Event: 803.561 Thread 0x00000209b123e560 DEOPT PACKING pc=0x00000209a2fa2368 sp=0x000000fb3a6fdc50
Event: 803.561 Thread 0x00000209b123e560 DEOPT UNPACKING pc=0x000002099b4b23a3 sp=0x000000fb3a6fdbd8 mode 2
Event: 1099.235 Thread 0x00000209b123e560 Uncommon trap: trap_request=0xffffffbe fr.pc=0x00000209a2fe58e8 relative=0x0000000000000a88
Event: 1099.235 Thread 0x00000209b123e560 Uncommon trap: reason=profile_predicate action=maybe_recompile pc=0x00000209a2fe58e8 method=java.io.ObjectOutputStream$BlockDataOutputStream.getUTFLength(Ljava/lang/String;)J @ 13 c2
Event: 1099.235 Thread 0x00000209b123e560 DEOPT PACKING pc=0x00000209a2fe58e8 sp=0x000000fb3a6fde70
Event: 1099.235 Thread 0x00000209b123e560 DEOPT UNPACKING pc=0x000002099b4b23a3 sp=0x000000fb3a6fde50 mode 2
Event: 1099.235 Thread 0x00000209b123e560 Uncommon trap: trap_request=0xffffff45 fr.pc=0x00000209a302675c relative=0x000000000000013c
Event: 1099.235 Thread 0x00000209b123e560 Uncommon trap: reason=unstable_if action=reinterpret pc=0x00000209a302675c method=java.io.ObjectOutputStream$BlockDataOutputStream.writeUTF(Ljava/lang/String;J)V @ 29 c2
Event: 1099.236 Thread 0x00000209b123e560 DEOPT PACKING pc=0x00000209a302675c sp=0x000000fb3a6fded0
Event: 1099.236 Thread 0x00000209b123e560 DEOPT UNPACKING pc=0x000002099b4b23a3 sp=0x000000fb3a6fde80 mode 2

Classes unloaded (0 events):
No events

Classes redefined (0 events):
No events

Internal exceptions (20 events):
Event: 0.782 Thread 0x00000209b123e560 Exception <a 'java/lang/NoSuchMethodError'{0x00000000d7ed0b38}: 'int java.lang.invoke.DirectMethodHandle$Holder.invokeStaticInit(java.lang.Object, java.lang.Object, java.lang.Object, java.lang.Object)'> (0x00000000d7ed0b38) 
thrown [s\src\hotspot\share\interpreter\linkResolver.cpp, line 771]
Event: 0.782 Thread 0x00000209b123e560 Exception <a 'java/lang/IncompatibleClassChangeError'{0x00000000d7eda280}: Found class java.lang.Object, but interface was expected> (0x00000000d7eda280) 
thrown [s\src\hotspot\share\interpreter\linkResolver.cpp, line 838]
Event: 0.784 Thread 0x00000209b123e560 Exception <a 'java/lang/NoSuchMethodError'{0x00000000d7edfc20}: 'int java.lang.invoke.DirectMethodHandle$Holder.invokeStaticInit(java.lang.Object, java.lang.Object)'> (0x00000000d7edfc20) 
thrown [s\src\hotspot\share\interpreter\linkResolver.cpp, line 771]
Event: 1.014 Thread 0x00000209b123e560 Implicit null exception at 0x00000209a2f60675 to 0x00000209a2f60dd4
Event: 1.014 Thread 0x00000209b123e560 Implicit null exception at 0x00000209a2f5f8f2 to 0x00000209a2f6002c
Event: 1.179 Thread 0x00000209b123e560 Exception <a 'java/lang/NoSuchMethodError'{0x00000000d89b22b8}: static Lcom/intellij/database/remote/jdba/core/ConnectionInfo;.<clinit>()V> (0x00000000d89b22b8) 
thrown [s\src\hotspot\share\prims\jni.cpp, line 1108]
Event: 1.180 Thread 0x00000209b123e560 Exception <a 'java/lang/NoSuchMethodError'{0x00000000d89bc7a8}: static Ljava/lang/Object;.<clinit>()V> (0x00000000d89bc7a8) 
thrown [s\src\hotspot\share\prims\jni.cpp, line 1108]
Event: 1.180 Thread 0x00000209b123e560 Exception <a 'java/lang/NoSuchMethodError'{0x00000000d89c0398}: static [I.<clinit>()V> (0x00000000d89c0398) 
thrown [s\src\hotspot\share\prims\jni.cpp, line 1108]
Event: 1.211 Thread 0x00000209b123e560 Exception <a 'java/lang/NoSuchMethodError'{0x00000000d88ddec8}: static Lcom/intellij/database/remote/jdba/core/ResultLayout;.<clinit>()V> (0x00000000d88ddec8) 
thrown [s\src\hotspot\share\prims\jni.cpp, line 1108]
Event: 1.212 Thread 0x00000209b123e560 Exception <a 'java/lang/NoSuchMethodError'{0x00000000d88ea598}: static Lcom/intellij/database/remote/jdba/core/RowLayout;.<clinit>()V> (0x00000000d88ea598) 
thrown [s\src\hotspot\share\prims\jni.cpp, line 1108]
Event: 1.212 Thread 0x00000209b123e560 Exception <a 'java/lang/NoSuchMethodError'{0x00000000d88f5360}: static Lcom/intellij/database/remote/jdba/util/NameAndClass;.<clinit>()V> (0x00000000d88f5360) 
thrown [s\src\hotspot\share\prims\jni.cpp, line 1108]
Event: 1.252 Thread 0x00000209b123e560 Exception <a 'java/lang/NoSuchMethodError'{0x00000000d87bcf60}: static [Ljava/lang/String;.<clinit>()V> (0x00000000d87bcf60) 
thrown [s\src\hotspot\share\prims\jni.cpp, line 1108]
Event: 1.279 Thread 0x00000209b123e560 Exception <a 'java/lang/NoSuchMethodError'{0x00000000d865cba8}: static [Ljava/lang/Object;.<clinit>()V> (0x00000000d865cba8) 
thrown [s\src\hotspot\share\prims\jni.cpp, line 1108]
Event: 300.545 Thread 0x00000209b123bee0 Exception <a 'java/lang/NoSuchMethodError'{0x00000000d8088cd8}: 'java.lang.Object java.lang.invoke.DirectMethodHandle$Holder.newInvokeSpecial(java.lang.Object, java.lang.Object, int, java.lang.Object, long)'> (0x00000000d8088cd8) 
thrown [s\src\hotspot\share\interpreter\linkResolver.cpp, line 771]
Event: 300.548 Thread 0x00000209b123bee0 Implicit null exception at 0x00000209a2ffe0e0 to 0x00000209a2ffe168
Event: 300.548 Thread 0x00000209b123bee0 Implicit null exception at 0x00000209a2ffe580 to 0x00000209a2ffe5ec
Event: 528.636 Thread 0x00000209b123e560 Implicit null exception at 0x00000209a2ffb060 to 0x00000209a2ffb964
Event: 528.850 Thread 0x00000209b123e560 Exception <a 'java/net/SocketException'{0x00000000d7990cd0}: Connection reset by peer: shutdown> (0x00000000d7990cd0) 
thrown [s\src\hotspot\share\prims\jni.cpp, line 536]
Event: 533.868 Thread 0x00000209b123e560 Exception <a 'java/lang/NoSuchMethodError'{0x00000000d77c8320}: static Lcom/intellij/database/remote/jdbc/RemoteResultSet$DataRetrievingOptions;.<clinit>()V> (0x00000000d77c8320) 
thrown [s\src\hotspot\share\prims\jni.cpp, line 1108]
Event: 803.740 Thread 0x00000209b123e560 Exception <a 'java/net/SocketException'{0x00000000d6b4ec00}: Connection reset by peer: shutdown> (0x00000000d6b4ec00) 
thrown [s\src\hotspot\share\prims\jni.cpp, line 536]

VM Operations (20 events):
Event: 802.934 Executing VM operation: Cleanup
Event: 802.935 Executing VM operation: Cleanup done
Event: 803.935 Executing VM operation: Cleanup
Event: 803.935 Executing VM operation: Cleanup done
Event: 804.936 Executing VM operation: Cleanup
Event: 804.936 Executing VM operation: Cleanup done
Event: 805.936 Executing VM operation: Cleanup
Event: 805.936 Executing VM operation: Cleanup done
Event: 807.641 Executing VM operation: G1CollectForAllocation
Event: 807.648 Executing VM operation: G1CollectForAllocation done
Event: 808.648 Executing VM operation: Cleanup
Event: 808.649 Executing VM operation: Cleanup done
Event: 823.656 Executing VM operation: Cleanup
Event: 823.656 Executing VM operation: Cleanup done
Event: 1099.786 Executing VM operation: Cleanup
Event: 1099.786 Executing VM operation: Cleanup done
Event: 1105.789 Executing VM operation: Cleanup
Event: 1105.789 Executing VM operation: Cleanup done
Event: 1116.793 Executing VM operation: Cleanup
Event: 1116.794 Executing VM operation: Cleanup done

Events (20 events):
Event: 1704.550 loading class java/awt/EventQueue$2 done
Event: 1704.550 loading class java/awt/EventQueue$3
Event: 1704.550 loading class java/awt/EventQueue$3 done
Event: 1704.550 loading class java/awt/Queue
Event: 1704.558 loading class java/awt/Queue done
Event: 1704.559 loading class sun/awt/MostRecentKeyValue
Event: 1704.559 loading class sun/awt/MostRecentKeyValue done
Event: 1704.559 loading class sun/awt/PostEventQueue
Event: 1704.559 loading class sun/awt/PostEventQueue done
Event: 1704.559 loading class java/awt/event/InvocationEvent
Event: 1704.618 loading class java/awt/ActiveEvent
Event: 1704.621 loading class java/awt/ActiveEvent done
Event: 1704.621 loading class java/awt/event/InvocationEvent done
Event: 1704.621 loading class java/awt/event/InvocationEvent$1
Event: 1704.621 loading class sun/awt/AWTAccessor$InvocationEventAccessor
Event: 1704.621 loading class sun/awt/AWTAccessor$InvocationEventAccessor done
Event: 1704.622 loading class java/awt/event/InvocationEvent$1 done
Event: 1704.622 loading class java/awt/EventQueue$6
Event: 1704.622 loading class java/awt/EventQueue$6 done
Event: 1704.622 loading class java/awt/EventDispatchThread


Dynamic libraries:
0x00007ff70a060000 - 0x00007ff70a06a000 	D:\DataSoft\JetBox\apps\datagrip\ch-0\222.4167.25\jbr\bin\java.exe
0x00007ffcdead0000 - 0x00007ffcdecc8000 	C:\WINDOWS\SYSTEM32\ntdll.dll
0x00007ffcddca0000 - 0x00007ffcddd5f000 	C:\WINDOWS\System32\KERNEL32.DLL
0x00007ffcdc550000 - 0x00007ffcdc822000 	C:\WINDOWS\System32\KERNELBASE.dll
0x00007ffcdc450000 - 0x00007ffcdc550000 	C:\WINDOWS\System32\ucrtbase.dll
0x00007ffcbd360000 - 0x00007ffcbd37b000 	D:\DataSoft\JetBox\apps\datagrip\ch-0\222.4167.25\jbr\bin\VCRUNTIME140.dll
0x00007ffccf4c0000 - 0x00007ffccf4d7000 	D:\DataSoft\JetBox\apps\datagrip\ch-0\222.4167.25\jbr\bin\jli.dll
0x00007ffcde7c0000 - 0x00007ffcde961000 	C:\WINDOWS\System32\USER32.dll
0x00007ffcdc1f0000 - 0x00007ffcdc212000 	C:\WINDOWS\System32\win32u.dll
0x00007ffcde4b0000 - 0x00007ffcde4db000 	C:\WINDOWS\System32\GDI32.dll
0x00007ffcdc290000 - 0x00007ffcdc39f000 	C:\WINDOWS\System32\gdi32full.dll
0x00007ffcdca70000 - 0x00007ffcdcb0d000 	C:\WINDOWS\System32\msvcp_win.dll
0x00007ffcd00d0000 - 0x00007ffcd036a000 	C:\WINDOWS\WinSxS\amd64_microsoft.windows.common-controls_6595b64144ccf1df_6.0.19041.1110_none_60b5254171f9507e\COMCTL32.dll
0x00007ffcde5c0000 - 0x00007ffcde65e000 	C:\WINDOWS\System32\msvcrt.dll
0x00007ffcddbe0000 - 0x00007ffcddc12000 	C:\WINDOWS\System32\IMM32.DLL
0x00007ffcdbef0000 - 0x00007ffcdbf5f000 	C:\WINDOWS\LVUAAgentInstBaseRoot\system32\Vozokopot.dll
0x00007ffcd5790000 - 0x00007ffcd579c000 	D:\DataSoft\JetBox\apps\datagrip\ch-0\222.4167.25\jbr\bin\vcruntime140_1.dll
0x00007ffcb1ef0000 - 0x00007ffcb1f7d000 	D:\DataSoft\JetBox\apps\datagrip\ch-0\222.4167.25\jbr\bin\msvcp140.dll
0x00007ffc95b30000 - 0x00007ffc96799000 	D:\DataSoft\JetBox\apps\datagrip\ch-0\222.4167.25\jbr\bin\server\jvm.dll
0x00007ffcdd1e0000 - 0x00007ffcdd28e000 	C:\WINDOWS\System32\ADVAPI32.dll
0x00007ffcde660000 - 0x00007ffcde6fc000 	C:\WINDOWS\System32\sechost.dll
0x00007ffcdd0b0000 - 0x00007ffcdd1d5000 	C:\WINDOWS\System32\RPCRT4.dll
0x00007ffcdd5b0000 - 0x00007ffcdd5b8000 	C:\WINDOWS\System32\PSAPI.DLL
0x00007ffccdc10000 - 0x00007ffccdc19000 	C:\WINDOWS\SYSTEM32\WSOCK32.dll
0x00007ffccf610000 - 0x00007ffccf637000 	C:\WINDOWS\SYSTEM32\WINMM.dll
0x00007ffcdd290000 - 0x00007ffcdd2fb000 	C:\WINDOWS\System32\WS2_32.dll
0x00007ffcd7450000 - 0x00007ffcd745a000 	C:\WINDOWS\SYSTEM32\VERSION.dll
0x00007ffcd0a50000 - 0x00007ffcd0dc8000 	C:\WINDOWS\LVUAAgentInstBaseRoot\system32\MozartBreathCore.dll
0x00007ffcde4e0000 - 0x00007ffcde5ba000 	C:\WINDOWS\System32\COMDLG32.dll
0x00007ffcdd870000 - 0x00007ffcddbc5000 	C:\WINDOWS\System32\combase.dll
0x00007ffcdd000000 - 0x00007ffcdd0ad000 	C:\WINDOWS\System32\shcore.dll
0x00007ffcdd310000 - 0x00007ffcdd365000 	C:\WINDOWS\System32\SHLWAPI.dll
0x00007ffcdb520000 - 0x00007ffcdb55b000 	C:\WINDOWS\SYSTEM32\IPHLPAPI.DLL
0x00007ffcd75c0000 - 0x00007ffcd75d4000 	C:\WINDOWS\SYSTEM32\WTSAPI32.dll
0x00007ffcddd60000 - 0x00007ffcde4a5000 	C:\WINDOWS\System32\SHELL32.dll
0x00007ffcd4430000 - 0x00007ffcd444d000 	C:\WINDOWS\SYSTEM32\MPR.dll
0x00007ffcdd5c0000 - 0x00007ffcdd6ea000 	C:\WINDOWS\System32\ole32.dll
0x00007ffcdb560000 - 0x00007ffcdb62b000 	C:\WINDOWS\SYSTEM32\DNSAPI.dll
0x00007ffcdd7a0000 - 0x00007ffcdd86d000 	C:\WINDOWS\System32\OLEAUT32.dll
0x00007ffcd17b0000 - 0x00007ffcd1848000 	C:\WINDOWS\SYSTEM32\WINSPOOL.DRV
0x00007ffcdd300000 - 0x00007ffcdd308000 	C:\WINDOWS\System32\NSI.dll
0x00007ffcda030000 - 0x00007ffcda042000 	C:\WINDOWS\SYSTEM32\kernel.appcore.dll
0x00007ffccda80000 - 0x00007ffccda9f000 	C:\WINDOWS\LVUAAgentInstBaseRoot\system32\MozartBreathOM.dll
0x00007ffcd7ca0000 - 0x00007ffcd7caa000 	D:\DataSoft\JetBox\apps\datagrip\ch-0\222.4167.25\jbr\bin\jimage.dll
0x00007ffccca30000 - 0x00007ffccca57000 	C:\WINDOWS\LVUAAgentInstBaseRoot\system32\MozartBreathFw.dll
0x00007ffcd6b80000 - 0x00007ffcd6d64000 	C:\WINDOWS\SYSTEM32\DBGHELP.DLL
0x00007ffccc960000 - 0x00007ffccc9cd000 	C:\WINDOWS\LVUAAgentInstBaseRoot\system32\MozartBreathFile.dll
0x00007ffcd6620000 - 0x00007ffcd6655000 	C:\WINDOWS\SYSTEM32\dbgcore.DLL
0x00007ffccc4d0000 - 0x00007ffccc5fd000 	C:\WINDOWS\LVUAAgentInstBaseRoot\system32\MozartBreathProcess.dll
0x00007ffcdc880000 - 0x00007ffcdc902000 	C:\WINDOWS\System32\bcryptPrimitives.dll
0x00007ffccbc80000 - 0x00007ffccbcf7000 	C:\WINDOWS\LVUAAgentInstBaseRoot\system32\MozartBreathBolo2.dll
0x00007ffccbc00000 - 0x00007ffccbc2b000 	C:\WINDOWS\LVUAAgentInstBaseRoot\system32\MozartBreathProtect.dll
0x00007ffcd60d0000 - 0x00007ffcd60f5000 	D:\DataSoft\JetBox\apps\datagrip\ch-0\222.4167.25\jbr\bin\java.dll
0x00007ffcd7600000 - 0x00007ffcd7618000 	D:\DataSoft\JetBox\apps\datagrip\ch-0\222.4167.25\jbr\bin\zip.dll
0x00007ffcda230000 - 0x00007ffcda9c2000 	C:\WINDOWS\SYSTEM32\windows.storage.dll
0x00007ffcdbad0000 - 0x00007ffcdbb00000 	C:\WINDOWS\System32\Wldp.dll
0x00007ffcdc100000 - 0x00007ffcdc11f000 	C:\WINDOWS\SYSTEM32\profapi.dll
0x00007ffcd62a0000 - 0x00007ffcd62b9000 	D:\DataSoft\JetBox\apps\datagrip\ch-0\222.4167.25\jbr\bin\net.dll
0x00007ffcd7630000 - 0x00007ffcd773c000 	C:\WINDOWS\SYSTEM32\WINHTTP.dll
0x00007ffcdb830000 - 0x00007ffcdb89a000 	C:\WINDOWS\system32\mswsock.dll
0x00007ffcc11f0000 - 0x00007ffcc1206000 	D:\DataSoft\JetBox\apps\datagrip\ch-0\222.4167.25\jbr\bin\nio.dll
0x00007ffc95540000 - 0x00007ffc956d3000 	D:\DataSoft\JetBox\apps\datagrip\ch-0\222.4167.25\jbr\bin\awt.dll
0x00007ffcd9e50000 - 0x00007ffcd9e7f000 	C:\WINDOWS\SYSTEM32\dwmapi.dll
0x00007ffcd9980000 - 0x00007ffcd9a10000 	C:\WINDOWS\SYSTEM32\apphelp.dll
0x00007ffcd9b60000 - 0x00007ffcd9bfe000 	C:\WINDOWS\system32\uxtheme.dll
0x00007ffca1650000 - 0x00007ffca1729000 	c:\Program Files\HP\HP ProtectTools Security Manager\Bin\DpoFeedb.dll
0x00007ffcdc080000 - 0x00007ffcdc0ae000 	C:\WINDOWS\SYSTEM32\USERENV.dll
0x00007ffcde970000 - 0x00007ffcdea85000 	C:\WINDOWS\System32\MSCTF.dll
0x0000000180000000 - 0x0000000180044000 	C:\WINDOWS\LVUAAgentInstBaseRoot\system32\OverlordSpear.dll
0x00007ffcd7ce0000 - 0x00007ffcd7cf7000 	C:\WINDOWS\SYSTEM32\dhcpcsvc6.DLL
0x00007ffcd7cc0000 - 0x00007ffcd7cdd000 	C:\WINDOWS\SYSTEM32\dhcpcsvc.DLL
0x00007ffcdba30000 - 0x00007ffcdba48000 	C:\WINDOWS\SYSTEM32\CRYPTSP.dll
0x00007ffcdb150000 - 0x00007ffcdb184000 	C:\WINDOWS\system32\rsaenh.dll
0x00007ffcdc1c0000 - 0x00007ffcdc1e7000 	C:\WINDOWS\System32\bcrypt.dll
0x00007ffcdba20000 - 0x00007ffcdba2c000 	C:\WINDOWS\SYSTEM32\CRYPTBASE.dll
0x00007ffcd50a0000 - 0x00007ffcd50a7000 	D:\DataSoft\JetBox\apps\datagrip\ch-0\222.4167.25\jbr\bin\rmi.dll
0x00007ffcd5fb0000 - 0x00007ffcd5fc0000 	D:\DataSoft\JetBox\apps\datagrip\ch-0\222.4167.25\jbr\bin\verify.dll
0x00007ffcd6610000 - 0x00007ffcd661a000 	C:\Windows\System32\rasadhlp.dll
0x00007ffcd7c10000 - 0x00007ffcd7c90000 	C:\WINDOWS\System32\fwpuclnt.dll
0x00007ffcbc9d0000 - 0x00007ffcbc9dd000 	D:\DataSoft\JetBox\apps\datagrip\ch-0\222.4167.25\jbr\bin\sunmscapi.dll
0x00007ffcdc910000 - 0x00007ffcdca66000 	C:\WINDOWS\System32\CRYPT32.dll
0x00007ffcdbb40000 - 0x00007ffcdbb67000 	C:\WINDOWS\SYSTEM32\ncrypt.dll
0x00007ffcdbb00000 - 0x00007ffcdbb3b000 	C:\WINDOWS\SYSTEM32\NTASN1.dll

dbghelp: loaded successfully - version: 4.0.5 - missing functions: none
symbol engine: initialized successfully - sym options: 0x614 - pdb path: .;D:\DataSoft\JetBox\apps\datagrip\ch-0\222.4167.25\jbr\bin;C:\WINDOWS\SYSTEM32;C:\WINDOWS\WinSxS\amd64_microsoft.windows.common-controls_6595b64144ccf1df_6.0.19041.1110_none_60b5254171f9507e;C:\WINDOWS\LVUAAgentInstBaseRoot\system32;D:\DataSoft\JetBox\apps\datagrip\ch-0\222.4167.25\jbr\bin\server;c:\Program Files\HP\HP ProtectTools Security Manager\Bin

VM Arguments:
jvm_args: -Dawt.toolkit=com.intellij.desktop.DesktopActionsToolkit -Djava.rmi.server.hostname=127.0.0.1 -Duser.timezone=UTC -Xmx750m -Xms128m --add-exports=java.desktop/sun.awt=ALL-UNNAMED --add-exports=java.desktop/java.awt.peer=ALL-UNNAMED --add-opens=java.desktop/java.awt=ALL-UNNAMED --add-opens=jdk.unsupported/sun.misc=ALL-UNNAMED --add-opens=java.base/java.nio=ALL-UNNAMED -Dfile.encoding=GBK 
java_command: com.intellij.database.remote.RemoteJdbcServer com.mysql.cj.jdbc.Driver
java_class_path (initial): D:\DataSoft\JetBox\apps\datagrip\ch-0\222.4167.25\lib\util_rt.jar;D:\DataSoft\JetBox\apps\datagrip\ch-0\222.4167.25\lib\util.jar;D:\DataSoft\JetBox\apps\datagrip\ch-0\222.4167.25\lib\groovy.jar;D:\DataSoft\JetBox\apps\datagrip\ch-0\222.4167.25\plugins\DatabaseTools\lib\jdbc-console.jar;C:\Users\DMC8612144\AppData\Roaming\JetBrains\DataGrip2022.2\jdbc-drivers\MySQL ConnectorJ\8.0.25\mysql-connector-java-8.0.25.jar
Launcher Type: SUN_STANDARD

[Global flags]
     intx CICompilerCount                          = 3                                         {product} {ergonomic}
     uint ConcGCThreads                            = 2                                         {product} {ergonomic}
     uint G1ConcRefinementThreads                  = 6                                         {product} {ergonomic}
   size_t G1HeapRegionSize                         = 1048576                                   {product} {ergonomic}
    uintx GCDrainStackTargetSize                   = 64                                        {product} {ergonomic}
   size_t InitialHeapSize                          = 134217728                                 {product} {command line}
   size_t MarkStackSize                            = 4194304                                   {product} {ergonomic}
   size_t MaxHeapSize                              = 786432000                                 {product} {command line}
   size_t MaxNewSize                               = 471859200                                 {product} {ergonomic}
   size_t MinHeapDeltaBytes                        = 1048576                                   {product} {ergonomic}
   size_t MinHeapSize                              = 134217728                                 {product} {command line}
    uintx NonNMethodCodeHeapSize                   = 5832780                                {pd product} {ergonomic}
    uintx NonProfiledCodeHeapSize                  = 122912730                              {pd product} {ergonomic}
    uintx ProfiledCodeHeapSize                     = 122912730                              {pd product} {ergonomic}
    uintx ReservedCodeCacheSize                    = 251658240                              {pd product} {ergonomic}
     bool SegmentedCodeCache                       = true                                      {product} {ergonomic}
   size_t SoftMaxHeapSize                          = 786432000                              {manageable} {ergonomic}
     bool UseCompressedClassPointers               = true                           {product lp64_product} {ergonomic}
     bool UseCompressedOops                        = true                           {product lp64_product} {ergonomic}
     bool UseG1GC                                  = true                                      {product} {ergonomic}
     bool UseLargePagesIndividualAllocation        = false                                  {pd product} {ergonomic}

Logging:
Log output configuration:
 #0: stdout all=warning uptime,level,tags
 #1: stderr all=off uptime,level,tags

Environment Variables:
JAVA_HOME=D:\Program Files (x86)\Java\jdk1.8.0_181
PATH=C:\Program Files (x86)\Common Files\Oracle\Java\javapath;C:\WINDOWS\system32;C:\WINDOWS;C:\WINDOWS\System32\Wbem;C:\WINDOWS\System32\WindowsPowerShell\v1.0\;C:\WINDOWS\System32\OpenSSH\;D:\Program Files (x86)\Java\jdk1.8.0_181\bin;D:\Program Files (x86)\Java\jdk1.8.0_181\jre\bin;C:\Program Files (x86)\Microsoft SQL Server\150\DTS\Binn\;C:\Program Files\Microsoft SQL Server\130\Tools\Binn\;D:\Program Files\Git\cmd;D:\Program Files\TortoiseGit\bin;D:\Program Files\apache-maven-3.8.1\bin\;C:\Program Files\MySQL\MySQL Server 5.7\bin;D:\DataSoft\scala\bin;D:\DataSoft\scala\bin;D:\DataSoft\scala\jre\bin;C:\Program Files (x86)\Intel\Intel(R) Management Engine Components\DAL;C:\Program Files\Intel\Intel(R) Management Engine Components\DAL;E:\LinuxOS\Xshell\;E:\LinuxOS\Xftp\;D:\DataSoft\python;D:\DataSoft\python\Lib;D:\DataSoft\python\Scripts;C:\Users\DMC8612144\AppData\Local\Microsoft\WindowsApps;
USERNAME=DMC8612144
OS=Windows_NT
PROCESSOR_IDENTIFIER=Intel64 Family 6 Model 158 Stepping 10, GenuineIntel
TMP=C:\Users\DMC861~1\AppData\Local\Temp
TEMP=C:\Users\DMC861~1\AppData\Local\Temp



---------------  S Y S T E M  ---------------

OS:
 Windows 10 , 64 bit Build 19041 (10.0.19041.2546)
OS uptime: 3 days 6:14 hours

CPU: total 6 (initial active 6) (6 cores per cpu, 1 threads per core) family 6 model 158 stepping 10 microcode 0xb4, cx8, cmov, fxsr, mmx, 3dnowpref, sse, sse2, sse3, ssse3, sse4.1, sse4.2, popcnt, lzcnt, tsc, tscinvbit, avx, avx2, aes, erms, clmul, bmi1, bmi2, rtm, adx, fma, vzeroupper, clflush, clflushopt

Memory: 4k page, system-wide physical 16227M (3533M free)
TotalPageFile size 20323M (AvailPageFile size 5M)
current process WorkingSet (physical memory assigned to process): 136M, peak: 158M
current process commit charge ("private bytes"): 242M, peak: 267M

vm_info: OpenJDK 64-Bit Server VM (17.0.4+7-b469.53) for windows-amd64 JRE (17.0.4+7-b469.53), built on 2022-08-29 by "builduser" with MS VC++ 16.10 / 16.11 (VS2019)

END.
