#
# There is insufficient memory for the Java Runtime Environment to continue.
# Native memory allocation (mmap) failed to map 65536 bytes for Failed to commit metaspace.
# Possible reasons:
#   The system is out of physical RAM or swap space
#   The process is running with CompressedOops enabled, and the Java Heap may be blocking the growth of the native heap
# Possible solutions:
#   Reduce memory load on the system
#   Increase physical memory or swap space
#   Check if swap backing store is full
#   Decrease Java heap size (-Xmx/-Xms)
#   Decrease number of Java threads
#   Decrease Java thread stack sizes (-Xss)
#   Set larger code cache with -XX:ReservedCodeCacheSize=
#   JVM is running with Unscaled Compressed Oops mode in which the Java heap is
#     placed in the first 4GB address space. The Java Heap base address is the
#     maximum limit for the native heap growth. Please use -XX:HeapBaseMinAddress
#     to set the Java Heap base and to place the Java Heap above 4GB virtual address.
# This output file may be truncated or incomplete.
#
#  Out of Memory Error (virtualSpaceNode.cpp:110), pid=14544, tid=25016
#
# JRE version: OpenJDK Runtime Environment JBR-17.0.4+7-469.53-jcef (17.0.4+7) (build 17.0.4+7-b469.53)
# Java VM: OpenJDK 64-Bit Server VM JBR-17.0.4+7-469.53-jcef (17.0.4+7-b469.53, mixed mode, tiered, compressed oops, compressed class ptrs, g1 gc, windows-amd64)
# No core dump will be written. Minidumps are not enabled by default on client versions of Windows
#

---------------  S U M M A R Y ------------

Command Line: -Dawt.toolkit=com.intellij.desktop.DesktopActionsToolkit -Djava.rmi.server.hostname=127.0.0.1 -Duser.timezone=UTC -Xmx750m -Xms128m --add-exports=java.desktop/sun.awt=ALL-UNNAMED --add-exports=java.desktop/java.awt.peer=ALL-UNNAMED --add-opens=java.desktop/java.awt=ALL-UNNAMED --add-opens=jdk.unsupported/sun.misc=ALL-UNNAMED --add-opens=java.base/java.nio=ALL-UNNAMED -Dfile.encoding=UTF-8 com.intellij.database.remote.RemoteJdbcServer com.cloudera.impala.jdbc41.Driver

Host: Intel(R) Core(TM) i5-8500 CPU @ 3.00GHz, 6 cores, 15G,  Windows 10 , 64 bit Build 19041 (10.0.19041.2913)
Time: Tue May 30 14:11:30 2023  Windows 10 , 64 bit Build 19041 (10.0.19041.2913) elapsed time: 0.593780 seconds (0d 0h 0m 0s)

---------------  T H R E A D  ---------------

Current thread (0x0000029ac56833a0):  JavaThread "RMI TCP Connection(2)-127.0.0.1" daemon [_thread_in_vm, id=25016, stack(0x0000009b17700000,0x0000009b17800000)]

Stack: [0x0000009b17700000,0x0000009b17800000]
Native frames: (J=compiled Java code, j=interpreted, Vv=VM code, C=native code)
V  [jvm.dll+0x68348a]
V  [jvm.dll+0x83faf4]
V  [jvm.dll+0x84129e]
V  [jvm.dll+0x841903]
V  [jvm.dll+0x2494a5]
V  [jvm.dll+0x83bb4b]
V  [jvm.dll+0x627926]
V  [jvm.dll+0x1c13ae]
V  [jvm.dll+0x62a261]
V  [jvm.dll+0x6282c6]
V  [jvm.dll+0x23d49f]
V  [jvm.dll+0x632115]
V  [jvm.dll+0x1ed4cb]
V  [jvm.dll+0x1eda05]
V  [jvm.dll+0x1ee324]
V  [jvm.dll+0x1e386c]
V  [jvm.dll+0x547c8d]
V  [jvm.dll+0x7ba4c5]
V  [jvm.dll+0x7ba5de]
V  [jvm.dll+0x41224a]
V  [jvm.dll+0x418469]
C  [java.dll+0x17ec]

Java frames: (J=compiled Java code, j=interpreted, Vv=VM code)
J 872  java.lang.ClassLoader.defineClass1(Ljava/lang/ClassLoader;Ljava/lang/String;[BIILjava/security/ProtectionDomain;Ljava/lang/String;)Ljava/lang/Class; java.base@17.0.4 (0 bytes) @ 0x0000029ab74884db [0x0000029ab7488420+0x00000000000000bb]
j  java.lang.ClassLoader.defineClass(Ljava/lang/String;[BIILjava/security/ProtectionDomain;)Ljava/lang/Class;+27 java.base@17.0.4
j  java.security.SecureClassLoader.defineClass(Ljava/lang/String;[BIILjava/security/CodeSource;)Ljava/lang/Class;+12 java.base@17.0.4
j  jdk.internal.loader.BuiltinClassLoader.defineClass(Ljava/lang/String;Ljdk/internal/loader/Resource;)Ljava/lang/Class;+117 java.base@17.0.4
j  jdk.internal.loader.BuiltinClassLoader.findClassOnClassPathOrNull(Ljava/lang/String;)Ljava/lang/Class;+37 java.base@17.0.4
J 793 c1 jdk.internal.loader.BuiltinClassLoader.loadClassOrNull(Ljava/lang/String;Z)Ljava/lang/Class; java.base@17.0.4 (143 bytes) @ 0x0000029ab004c484 [0x0000029ab004b5c0+0x0000000000000ec4]
J 820 c1 jdk.internal.loader.ClassLoaders$AppClassLoader.loadClass(Ljava/lang/String;Z)Ljava/lang/Class; java.base@17.0.4 (40 bytes) @ 0x0000029ab0054574 [0x0000029ab0053f60+0x0000000000000614]
J 803 c1 java.lang.ClassLoader.loadClass(Ljava/lang/String;)Ljava/lang/Class; java.base@17.0.4 (7 bytes) @ 0x0000029ab00505bc [0x0000029ab00504c0+0x00000000000000fc]
v  ~StubRoutines::call_stub
j  com.cloudera.impala.hivecommon.api.HiveServer2ClientFactory.createClient(Lcom/cloudera/impala/hivecommon/HiveJDBCSettings;Lcom/cloudera/impala/support/ILogger;Lcom/cloudera/impala/support/IWarningListener;)Lcom/cloudera/impala/hivecommon/api/IHiveClient;+19
j  com.cloudera.impala.hivecommon.core.HiveJDBCCommonConnection.establishConnection(Lcom/cloudera/impala/dsi/core/utilities/ConnSettingRequestMap;I)V+5954
j  com.cloudera.impala.impala.core.ImpalaJDBCConnection.establishConnection(Lcom/cloudera/impala/dsi/core/utilities/ConnSettingRequestMap;I)V+3
j  com.cloudera.impala.jdbc.core.LoginTimeoutConnection.connect(Lcom/cloudera/impala/dsi/core/utilities/ConnSettingRequestMap;)V+152
j  com.cloudera.impala.jdbc.common.BaseConnectionFactory.doConnect(Lcom/cloudera/impala/support/Pair;Ljava/lang/String;)Lcom/cloudera/impala/jdbc/common/SConnection;+115
j  com.cloudera.impala.jdbc.common.AbstractDriver.connect(Ljava/lang/String;Ljava/util/Properties;)Ljava/sql/Connection;+45
j  com.intellij.database.remote.jdbc.helpers.JdbcHelperImpl.connect(Ljava/sql/Driver;Ljava/lang/String;Ljava/util/Properties;Ljava/util/Map;)Ljava/sql/Connection;+273
j  com.intellij.database.remote.jdbc.impl.RemoteDriverImpl.connect(Ljava/lang/String;Ljava/util/Properties;Ljava/util/Map;)Lcom/intellij/database/remote/jdbc/RemoteConnection;+39
v  ~StubRoutines::call_stub
j  jdk.internal.reflect.NativeMethodAccessorImpl.invoke0(Ljava/lang/reflect/Method;Ljava/lang/Object;[Ljava/lang/Object;)Ljava/lang/Object;+0 java.base@17.0.4
j  jdk.internal.reflect.NativeMethodAccessorImpl.invoke(Ljava/lang/Object;[Ljava/lang/Object;)Ljava/lang/Object;+133 java.base@17.0.4
j  jdk.internal.reflect.DelegatingMethodAccessorImpl.invoke(Ljava/lang/Object;[Ljava/lang/Object;)Ljava/lang/Object;+6 java.base@17.0.4
j  java.lang.reflect.Method.invoke(Ljava/lang/Object;[Ljava/lang/Object;)Ljava/lang/Object;+59 java.base@17.0.4
j  sun.rmi.server.UnicastServerRef.dispatch(Ljava/rmi/Remote;Ljava/rmi/server/RemoteCall;)V+264 java.rmi@17.0.4
j  sun.rmi.transport.Transport$1.run()Ljava/lang/Void;+23 java.rmi@17.0.4
j  sun.rmi.transport.Transport$1.run()Ljava/lang/Object;+1 java.rmi@17.0.4
j  java.security.AccessController.executePrivileged(Ljava/security/PrivilegedExceptionAction;Ljava/security/AccessControlContext;Ljava/lang/Class;)Ljava/lang/Object;+29 java.base@17.0.4
j  java.security.AccessController.doPrivileged(Ljava/security/PrivilegedExceptionAction;Ljava/security/AccessControlContext;)Ljava/lang/Object;+13 java.base@17.0.4
j  sun.rmi.transport.Transport.serviceCall(Ljava/rmi/server/RemoteCall;)Z+157 java.rmi@17.0.4
j  sun.rmi.transport.tcp.TCPTransport.handleMessages(Lsun/rmi/transport/Connection;Z)V+145 java.rmi@17.0.4
j  sun.rmi.transport.tcp.TCPTransport$ConnectionHandler.run0()V+522 java.rmi@17.0.4
j  sun.rmi.transport.tcp.TCPTransport$ConnectionHandler.lambda$run$0()Ljava/lang/Void;+1 java.rmi@17.0.4
j  sun.rmi.transport.tcp.TCPTransport$ConnectionHandler$$Lambda$69+0x0000000100165748.run()Ljava/lang/Object;+4 java.rmi@17.0.4
J 678 c1 java.security.AccessController.executePrivileged(Ljava/security/PrivilegedAction;Ljava/security/AccessControlContext;Ljava/lang/Class;)Ljava/lang/Object; java.base@17.0.4 (65 bytes) @ 0x0000029ab001aa34 [0x0000029ab001a8e0+0x0000000000000154]
j  java.security.AccessController.doPrivileged(Ljava/security/PrivilegedAction;Ljava/security/AccessControlContext;)Ljava/lang/Object;+13 java.base@17.0.4
j  sun.rmi.transport.tcp.TCPTransport$ConnectionHandler.run()V+37 java.rmi@17.0.4
j  java.util.concurrent.ThreadPoolExecutor.runWorker(Ljava/util/concurrent/ThreadPoolExecutor$Worker;)V+92 java.base@17.0.4
j  java.util.concurrent.ThreadPoolExecutor$Worker.run()V+5 java.base@17.0.4
j  java.lang.Thread.run()V+11 java.base@17.0.4
v  ~StubRoutines::call_stub

---------------  P R O C E S S  ---------------

Threads class SMR info:
_java_thread_list=0x0000029ac3e3b550, length=24, elements={
0x0000029aac299c80, 0x0000029ac3c50610, 0x0000029ac3c52380, 0x0000029ac3c65b20,
0x0000029ac3c683f0, 0x0000029ac3c68cb0, 0x0000029ac3c69570, 0x0000029ac3c6a160,
0x0000029ac3c3dcc0, 0x0000029ac3cc93e0, 0x0000029ac3e15430, 0x0000029ac3e2a450,
0x0000029ac3eea030, 0x0000029ac5410cd0, 0x0000029ac54113d0, 0x0000029ac5412a50,
0x0000029ac5684210, 0x0000029ac5682a00, 0x0000029ac5682ed0, 0x0000029ac5683870,
0x0000029ac5683d40, 0x0000029ac5682060, 0x0000029ac56833a0, 0x0000029ac56846e0
}

Java Threads: ( => current thread )
  0x0000029aac299c80 JavaThread "main" [_thread_blocked, id=12156, stack(0x0000009b15b00000,0x0000009b15c00000)]
  0x0000029ac3c50610 JavaThread "Reference Handler" daemon [_thread_blocked, id=7280, stack(0x0000009b16200000,0x0000009b16300000)]
  0x0000029ac3c52380 JavaThread "Finalizer" daemon [_thread_blocked, id=13484, stack(0x0000009b16300000,0x0000009b16400000)]
  0x0000029ac3c65b20 JavaThread "Signal Dispatcher" daemon [_thread_blocked, id=22968, stack(0x0000009b16400000,0x0000009b16500000)]
  0x0000029ac3c683f0 JavaThread "Attach Listener" daemon [_thread_blocked, id=24116, stack(0x0000009b16500000,0x0000009b16600000)]
  0x0000029ac3c68cb0 JavaThread "Service Thread" daemon [_thread_blocked, id=20812, stack(0x0000009b16600000,0x0000009b16700000)]
  0x0000029ac3c69570 JavaThread "Monitor Deflation Thread" daemon [_thread_blocked, id=8592, stack(0x0000009b16700000,0x0000009b16800000)]
  0x0000029ac3c6a160 JavaThread "C2 CompilerThread0" daemon [_thread_blocked, id=21152, stack(0x0000009b16800000,0x0000009b16900000)]
  0x0000029ac3c3dcc0 JavaThread "C1 CompilerThread0" daemon [_thread_blocked, id=15160, stack(0x0000009b16900000,0x0000009b16a00000)]
  0x0000029ac3cc93e0 JavaThread "Sweeper thread" daemon [_thread_blocked, id=4400, stack(0x0000009b16a00000,0x0000009b16b00000)]
  0x0000029ac3e15430 JavaThread "Common-Cleaner" daemon [_thread_blocked, id=4416, stack(0x0000009b16b00000,0x0000009b16c00000)]
  0x0000029ac3e2a450 JavaThread "Notification Thread" daemon [_thread_blocked, id=484, stack(0x0000009b16c00000,0x0000009b16d00000)]
  0x0000029ac3eea030 JavaThread "C2 CompilerThread1" daemon [_thread_blocked, id=18224, stack(0x0000009b15a00000,0x0000009b15b00000)]
  0x0000029ac5410cd0 JavaThread "Java2D Disposer" daemon [_thread_blocked, id=10896, stack(0x0000009b16e00000,0x0000009b16f00000)]
  0x0000029ac54113d0 JavaThread "AWT-Shutdown" [_thread_blocked, id=2788, stack(0x0000009b16f00000,0x0000009b17000000)]
  0x0000029ac5412a50 JavaThread "AWT-Windows" daemon [_thread_in_native, id=25372, stack(0x0000009b17000000,0x0000009b17100000)]
  0x0000029ac5684210 JavaThread "RMI TCP Accept-9417" daemon [_thread_in_native, id=23780, stack(0x0000009b17100000,0x0000009b17200000)]
  0x0000029ac5682a00 JavaThread "RMI TCP Accept-0" daemon [_thread_in_native, id=8900, stack(0x0000009b17200000,0x0000009b17300000)]
  0x0000029ac5682ed0 JavaThread "RMI Reaper" [_thread_blocked, id=20552, stack(0x0000009b17300000,0x0000009b17400000)]
  0x0000029ac5683870 JavaThread "RMI GC Daemon" daemon [_thread_blocked, id=7408, stack(0x0000009b17400000,0x0000009b17500000)]
  0x0000029ac5683d40 JavaThread "RMI TCP Connection(1)-127.0.0.1" daemon [_thread_in_native, id=16052, stack(0x0000009b17500000,0x0000009b17600000)]
  0x0000029ac5682060 JavaThread "RMI Scheduler(0)" daemon [_thread_blocked, id=18412, stack(0x0000009b17600000,0x0000009b17700000)]
=>0x0000029ac56833a0 JavaThread "RMI TCP Connection(2)-127.0.0.1" daemon [_thread_in_vm, id=25016, stack(0x0000009b17700000,0x0000009b17800000)]
  0x0000029ac56846e0 JavaThread "RMI RenewClean-[127.0.0.1:59799]" daemon [_thread_blocked, id=2984, stack(0x0000009b17800000,0x0000009b17900000)]

Other Threads:
  0x0000029ac3c29950 VMThread "VM Thread" [stack: 0x0000009b16100000,0x0000009b16200000] [id=20776]
  0x0000029ac3c3e1d0 WatcherThread [stack: 0x0000009b16d00000,0x0000009b16e00000] [id=6152]
  0x0000029ac09cc600 GCTaskThread "GC Thread#0" [stack: 0x0000009b15c00000,0x0000009b15d00000] [id=17296]
  0x0000029aac2ce670 ConcurrentGCThread "G1 Main Marker" [stack: 0x0000009b15d00000,0x0000009b15e00000] [id=6756]
  0x0000029ac09cfc50 ConcurrentGCThread "G1 Conc#0" [stack: 0x0000009b15e00000,0x0000009b15f00000] [id=25496]
  0x0000029ac0a40e20 ConcurrentGCThread "G1 Refine#0" [stack: 0x0000009b15f00000,0x0000009b16000000] [id=23224]
  0x0000029ac0a41750 ConcurrentGCThread "G1 Service" [stack: 0x0000009b16000000,0x0000009b16100000] [id=25148]

Threads with active compile tasks:

VM state: not at safepoint (normal execution)

VM Mutex/Monitor currently owned by a thread:  ([mutex/lock_event])
[0x0000029aac28b4f0] Metaspace_lock - owner thread: 0x0000029ac56833a0

Heap address: 0x00000000d1200000, size: 750 MB, Compressed Oops mode: 32-bit

CDS archive(s) not mapped
Compressed class space mapped at: 0x0000000100000000-0x0000000140000000, reserved size: 1073741824
Narrow klass base: 0x0000000000000000, Narrow klass shift: 3, Narrow klass range: 0x140000000

GC Precious Log:
 CPUs: 6 total, 6 available
 Memory: 16227M
 Large Page Support: Disabled
 NUMA Support: Disabled
 Compressed Oops: Enabled (32-bit)
 Heap Region Size: 1M
 Heap Min Capacity: 128M
 Heap Initial Capacity: 128M
 Heap Max Capacity: 750M
 Pre-touch: Disabled
 Parallel Workers: 6
 Concurrent Workers: 2
 Concurrent Refinement Workers: 6
 Periodic GC: Disabled

Heap:
 garbage-first heap   total 131072K, used 16384K [0x00000000d1200000, 0x0000000100000000)
  region size 1024K, 15 young (15360K), 0 survivors (0K)
 Metaspace       used 16221K, committed 16448K, reserved 1064960K
  class space    used 1683K, committed 1792K, reserved 1048576K

Heap Regions: E=young(eden), S=young(survivor), O=old, HS=humongous(starts), HC=humongous(continues), CS=collection set, F=free, OA=open archive, CA=closed archive, TAMS=top-at-mark-start (previous, next)
|   0|0x00000000d1200000, 0x00000000d1300000, 0x00000000d1300000|100%|HS|  |TAMS 0x00000000d1200000, 0x00000000d1200000| Complete 
|   1|0x00000000d1300000, 0x00000000d1400000, 0x00000000d1400000|100%|HC|  |TAMS 0x00000000d1300000, 0x00000000d1300000| Complete 
|   2|0x00000000d1400000, 0x00000000d1400000, 0x00000000d1500000|  0%| F|  |TAMS 0x00000000d1400000, 0x00000000d1400000| Untracked 
|   3|0x00000000d1500000, 0x00000000d1500000, 0x00000000d1600000|  0%| F|  |TAMS 0x00000000d1500000, 0x00000000d1500000| Untracked 
|   4|0x00000000d1600000, 0x00000000d1600000, 0x00000000d1700000|  0%| F|  |TAMS 0x00000000d1600000, 0x00000000d1600000| Untracked 
|   5|0x00000000d1700000, 0x00000000d1700000, 0x00000000d1800000|  0%| F|  |TAMS 0x00000000d1700000, 0x00000000d1700000| Untracked 
|   6|0x00000000d1800000, 0x00000000d1800000, 0x00000000d1900000|  0%| F|  |TAMS 0x00000000d1800000, 0x00000000d1800000| Untracked 
|   7|0x00000000d1900000, 0x00000000d1900000, 0x00000000d1a00000|  0%| F|  |TAMS 0x00000000d1900000, 0x00000000d1900000| Untracked 
|   8|0x00000000d1a00000, 0x00000000d1a00000, 0x00000000d1b00000|  0%| F|  |TAMS 0x00000000d1a00000, 0x00000000d1a00000| Untracked 
|   9|0x00000000d1b00000, 0x00000000d1b00000, 0x00000000d1c00000|  0%| F|  |TAMS 0x00000000d1b00000, 0x00000000d1b00000| Untracked 
|  10|0x00000000d1c00000, 0x00000000d1c00000, 0x00000000d1d00000|  0%| F|  |TAMS 0x00000000d1c00000, 0x00000000d1c00000| Untracked 
|  11|0x00000000d1d00000, 0x00000000d1d00000, 0x00000000d1e00000|  0%| F|  |TAMS 0x00000000d1d00000, 0x00000000d1d00000| Untracked 
|  12|0x00000000d1e00000, 0x00000000d1e00000, 0x00000000d1f00000|  0%| F|  |TAMS 0x00000000d1e00000, 0x00000000d1e00000| Untracked 
|  13|0x00000000d1f00000, 0x00000000d1f00000, 0x00000000d2000000|  0%| F|  |TAMS 0x00000000d1f00000, 0x00000000d1f00000| Untracked 
|  14|0x00000000d2000000, 0x00000000d2000000, 0x00000000d2100000|  0%| F|  |TAMS 0x00000000d2000000, 0x00000000d2000000| Untracked 
|  15|0x00000000d2100000, 0x00000000d2100000, 0x00000000d2200000|  0%| F|  |TAMS 0x00000000d2100000, 0x00000000d2100000| Untracked 
|  16|0x00000000d2200000, 0x00000000d2200000, 0x00000000d2300000|  0%| F|  |TAMS 0x00000000d2200000, 0x00000000d2200000| Untracked 
|  17|0x00000000d2300000, 0x00000000d2300000, 0x00000000d2400000|  0%| F|  |TAMS 0x00000000d2300000, 0x00000000d2300000| Untracked 
|  18|0x00000000d2400000, 0x00000000d2400000, 0x00000000d2500000|  0%| F|  |TAMS 0x00000000d2400000, 0x00000000d2400000| Untracked 
|  19|0x00000000d2500000, 0x00000000d2500000, 0x00000000d2600000|  0%| F|  |TAMS 0x00000000d2500000, 0x00000000d2500000| Untracked 
|  20|0x00000000d2600000, 0x00000000d2600000, 0x00000000d2700000|  0%| F|  |TAMS 0x00000000d2600000, 0x00000000d2600000| Untracked 
|  21|0x00000000d2700000, 0x00000000d2700000, 0x00000000d2800000|  0%| F|  |TAMS 0x00000000d2700000, 0x00000000d2700000| Untracked 
|  22|0x00000000d2800000, 0x00000000d2800000, 0x00000000d2900000|  0%| F|  |TAMS 0x00000000d2800000, 0x00000000d2800000| Untracked 
|  23|0x00000000d2900000, 0x00000000d2900000, 0x00000000d2a00000|  0%| F|  |TAMS 0x00000000d2900000, 0x00000000d2900000| Untracked 
|  24|0x00000000d2a00000, 0x00000000d2a00000, 0x00000000d2b00000|  0%| F|  |TAMS 0x00000000d2a00000, 0x00000000d2a00000| Untracked 
|  25|0x00000000d2b00000, 0x00000000d2b00000, 0x00000000d2c00000|  0%| F|  |TAMS 0x00000000d2b00000, 0x00000000d2b00000| Untracked 
|  26|0x00000000d2c00000, 0x00000000d2c00000, 0x00000000d2d00000|  0%| F|  |TAMS 0x00000000d2c00000, 0x00000000d2c00000| Untracked 
|  27|0x00000000d2d00000, 0x00000000d2d00000, 0x00000000d2e00000|  0%| F|  |TAMS 0x00000000d2d00000, 0x00000000d2d00000| Untracked 
|  28|0x00000000d2e00000, 0x00000000d2e00000, 0x00000000d2f00000|  0%| F|  |TAMS 0x00000000d2e00000, 0x00000000d2e00000| Untracked 
|  29|0x00000000d2f00000, 0x00000000d2f00000, 0x00000000d3000000|  0%| F|  |TAMS 0x00000000d2f00000, 0x00000000d2f00000| Untracked 
|  30|0x00000000d3000000, 0x00000000d3000000, 0x00000000d3100000|  0%| F|  |TAMS 0x00000000d3000000, 0x00000000d3000000| Untracked 
|  31|0x00000000d3100000, 0x00000000d3100000, 0x00000000d3200000|  0%| F|  |TAMS 0x00000000d3100000, 0x00000000d3100000| Untracked 
|  32|0x00000000d3200000, 0x00000000d3200000, 0x00000000d3300000|  0%| F|  |TAMS 0x00000000d3200000, 0x00000000d3200000| Untracked 
|  33|0x00000000d3300000, 0x00000000d3300000, 0x00000000d3400000|  0%| F|  |TAMS 0x00000000d3300000, 0x00000000d3300000| Untracked 
|  34|0x00000000d3400000, 0x00000000d3400000, 0x00000000d3500000|  0%| F|  |TAMS 0x00000000d3400000, 0x00000000d3400000| Untracked 
|  35|0x00000000d3500000, 0x00000000d3500000, 0x00000000d3600000|  0%| F|  |TAMS 0x00000000d3500000, 0x00000000d3500000| Untracked 
|  36|0x00000000d3600000, 0x00000000d3600000, 0x00000000d3700000|  0%| F|  |TAMS 0x00000000d3600000, 0x00000000d3600000| Untracked 
|  37|0x00000000d3700000, 0x00000000d3700000, 0x00000000d3800000|  0%| F|  |TAMS 0x00000000d3700000, 0x00000000d3700000| Untracked 
|  38|0x00000000d3800000, 0x00000000d3800000, 0x00000000d3900000|  0%| F|  |TAMS 0x00000000d3800000, 0x00000000d3800000| Untracked 
|  39|0x00000000d3900000, 0x00000000d3900000, 0x00000000d3a00000|  0%| F|  |TAMS 0x00000000d3900000, 0x00000000d3900000| Untracked 
|  40|0x00000000d3a00000, 0x00000000d3a00000, 0x00000000d3b00000|  0%| F|  |TAMS 0x00000000d3a00000, 0x00000000d3a00000| Untracked 
|  41|0x00000000d3b00000, 0x00000000d3b00000, 0x00000000d3c00000|  0%| F|  |TAMS 0x00000000d3b00000, 0x00000000d3b00000| Untracked 
|  42|0x00000000d3c00000, 0x00000000d3c00000, 0x00000000d3d00000|  0%| F|  |TAMS 0x00000000d3c00000, 0x00000000d3c00000| Untracked 
|  43|0x00000000d3d00000, 0x00000000d3d00000, 0x00000000d3e00000|  0%| F|  |TAMS 0x00000000d3d00000, 0x00000000d3d00000| Untracked 
|  44|0x00000000d3e00000, 0x00000000d3e00000, 0x00000000d3f00000|  0%| F|  |TAMS 0x00000000d3e00000, 0x00000000d3e00000| Untracked 
|  45|0x00000000d3f00000, 0x00000000d3f00000, 0x00000000d4000000|  0%| F|  |TAMS 0x00000000d3f00000, 0x00000000d3f00000| Untracked 
|  46|0x00000000d4000000, 0x00000000d4000000, 0x00000000d4100000|  0%| F|  |TAMS 0x00000000d4000000, 0x00000000d4000000| Untracked 
|  47|0x00000000d4100000, 0x00000000d4100000, 0x00000000d4200000|  0%| F|  |TAMS 0x00000000d4100000, 0x00000000d4100000| Untracked 
|  48|0x00000000d4200000, 0x00000000d4200000, 0x00000000d4300000|  0%| F|  |TAMS 0x00000000d4200000, 0x00000000d4200000| Untracked 
|  49|0x00000000d4300000, 0x00000000d4300000, 0x00000000d4400000|  0%| F|  |TAMS 0x00000000d4300000, 0x00000000d4300000| Untracked 
|  50|0x00000000d4400000, 0x00000000d4400000, 0x00000000d4500000|  0%| F|  |TAMS 0x00000000d4400000, 0x00000000d4400000| Untracked 
|  51|0x00000000d4500000, 0x00000000d4500000, 0x00000000d4600000|  0%| F|  |TAMS 0x00000000d4500000, 0x00000000d4500000| Untracked 
|  52|0x00000000d4600000, 0x00000000d4600000, 0x00000000d4700000|  0%| F|  |TAMS 0x00000000d4600000, 0x00000000d4600000| Untracked 
|  53|0x00000000d4700000, 0x00000000d4700000, 0x00000000d4800000|  0%| F|  |TAMS 0x00000000d4700000, 0x00000000d4700000| Untracked 
|  54|0x00000000d4800000, 0x00000000d4800000, 0x00000000d4900000|  0%| F|  |TAMS 0x00000000d4800000, 0x00000000d4800000| Untracked 
|  55|0x00000000d4900000, 0x00000000d4900000, 0x00000000d4a00000|  0%| F|  |TAMS 0x00000000d4900000, 0x00000000d4900000| Untracked 
|  56|0x00000000d4a00000, 0x00000000d4a00000, 0x00000000d4b00000|  0%| F|  |TAMS 0x00000000d4a00000, 0x00000000d4a00000| Untracked 
|  57|0x00000000d4b00000, 0x00000000d4b00000, 0x00000000d4c00000|  0%| F|  |TAMS 0x00000000d4b00000, 0x00000000d4b00000| Untracked 
|  58|0x00000000d4c00000, 0x00000000d4c00000, 0x00000000d4d00000|  0%| F|  |TAMS 0x00000000d4c00000, 0x00000000d4c00000| Untracked 
|  59|0x00000000d4d00000, 0x00000000d4d00000, 0x00000000d4e00000|  0%| F|  |TAMS 0x00000000d4d00000, 0x00000000d4d00000| Untracked 
|  60|0x00000000d4e00000, 0x00000000d4e00000, 0x00000000d4f00000|  0%| F|  |TAMS 0x00000000d4e00000, 0x00000000d4e00000| Untracked 
|  61|0x00000000d4f00000, 0x00000000d4f00000, 0x00000000d5000000|  0%| F|  |TAMS 0x00000000d4f00000, 0x00000000d4f00000| Untracked 
|  62|0x00000000d5000000, 0x00000000d5000000, 0x00000000d5100000|  0%| F|  |TAMS 0x00000000d5000000, 0x00000000d5000000| Untracked 
|  63|0x00000000d5100000, 0x00000000d5100000, 0x00000000d5200000|  0%| F|  |TAMS 0x00000000d5100000, 0x00000000d5100000| Untracked 
|  64|0x00000000d5200000, 0x00000000d5200000, 0x00000000d5300000|  0%| F|  |TAMS 0x00000000d5200000, 0x00000000d5200000| Untracked 
|  65|0x00000000d5300000, 0x00000000d5300000, 0x00000000d5400000|  0%| F|  |TAMS 0x00000000d5300000, 0x00000000d5300000| Untracked 
|  66|0x00000000d5400000, 0x00000000d5400000, 0x00000000d5500000|  0%| F|  |TAMS 0x00000000d5400000, 0x00000000d5400000| Untracked 
|  67|0x00000000d5500000, 0x00000000d5500000, 0x00000000d5600000|  0%| F|  |TAMS 0x00000000d5500000, 0x00000000d5500000| Untracked 
|  68|0x00000000d5600000, 0x00000000d5600000, 0x00000000d5700000|  0%| F|  |TAMS 0x00000000d5600000, 0x00000000d5600000| Untracked 
|  69|0x00000000d5700000, 0x00000000d5700000, 0x00000000d5800000|  0%| F|  |TAMS 0x00000000d5700000, 0x00000000d5700000| Untracked 
|  70|0x00000000d5800000, 0x00000000d5800000, 0x00000000d5900000|  0%| F|  |TAMS 0x00000000d5800000, 0x00000000d5800000| Untracked 
|  71|0x00000000d5900000, 0x00000000d5900000, 0x00000000d5a00000|  0%| F|  |TAMS 0x00000000d5900000, 0x00000000d5900000| Untracked 
|  72|0x00000000d5a00000, 0x00000000d5a00000, 0x00000000d5b00000|  0%| F|  |TAMS 0x00000000d5a00000, 0x00000000d5a00000| Untracked 
|  73|0x00000000d5b00000, 0x00000000d5b00000, 0x00000000d5c00000|  0%| F|  |TAMS 0x00000000d5b00000, 0x00000000d5b00000| Untracked 
|  74|0x00000000d5c00000, 0x00000000d5c00000, 0x00000000d5d00000|  0%| F|  |TAMS 0x00000000d5c00000, 0x00000000d5c00000| Untracked 
|  75|0x00000000d5d00000, 0x00000000d5d00000, 0x00000000d5e00000|  0%| F|  |TAMS 0x00000000d5d00000, 0x00000000d5d00000| Untracked 
|  76|0x00000000d5e00000, 0x00000000d5e00000, 0x00000000d5f00000|  0%| F|  |TAMS 0x00000000d5e00000, 0x00000000d5e00000| Untracked 
|  77|0x00000000d5f00000, 0x00000000d5f00000, 0x00000000d6000000|  0%| F|  |TAMS 0x00000000d5f00000, 0x00000000d5f00000| Untracked 
|  78|0x00000000d6000000, 0x00000000d6000000, 0x00000000d6100000|  0%| F|  |TAMS 0x00000000d6000000, 0x00000000d6000000| Untracked 
|  79|0x00000000d6100000, 0x00000000d6100000, 0x00000000d6200000|  0%| F|  |TAMS 0x00000000d6100000, 0x00000000d6100000| Untracked 
|  80|0x00000000d6200000, 0x00000000d6200000, 0x00000000d6300000|  0%| F|  |TAMS 0x00000000d6200000, 0x00000000d6200000| Untracked 
|  81|0x00000000d6300000, 0x00000000d6300000, 0x00000000d6400000|  0%| F|  |TAMS 0x00000000d6300000, 0x00000000d6300000| Untracked 
|  82|0x00000000d6400000, 0x00000000d6400000, 0x00000000d6500000|  0%| F|  |TAMS 0x00000000d6400000, 0x00000000d6400000| Untracked 
|  83|0x00000000d6500000, 0x00000000d6500000, 0x00000000d6600000|  0%| F|  |TAMS 0x00000000d6500000, 0x00000000d6500000| Untracked 
|  84|0x00000000d6600000, 0x00000000d6600000, 0x00000000d6700000|  0%| F|  |TAMS 0x00000000d6600000, 0x00000000d6600000| Untracked 
|  85|0x00000000d6700000, 0x00000000d6700000, 0x00000000d6800000|  0%| F|  |TAMS 0x00000000d6700000, 0x00000000d6700000| Untracked 
|  86|0x00000000d6800000, 0x00000000d6800000, 0x00000000d6900000|  0%| F|  |TAMS 0x00000000d6800000, 0x00000000d6800000| Untracked 
|  87|0x00000000d6900000, 0x00000000d6900000, 0x00000000d6a00000|  0%| F|  |TAMS 0x00000000d6900000, 0x00000000d6900000| Untracked 
|  88|0x00000000d6a00000, 0x00000000d6a00000, 0x00000000d6b00000|  0%| F|  |TAMS 0x00000000d6a00000, 0x00000000d6a00000| Untracked 
|  89|0x00000000d6b00000, 0x00000000d6b00000, 0x00000000d6c00000|  0%| F|  |TAMS 0x00000000d6b00000, 0x00000000d6b00000| Untracked 
|  90|0x00000000d6c00000, 0x00000000d6c00000, 0x00000000d6d00000|  0%| F|  |TAMS 0x00000000d6c00000, 0x00000000d6c00000| Untracked 
|  91|0x00000000d6d00000, 0x00000000d6d00000, 0x00000000d6e00000|  0%| F|  |TAMS 0x00000000d6d00000, 0x00000000d6d00000| Untracked 
|  92|0x00000000d6e00000, 0x00000000d6e00000, 0x00000000d6f00000|  0%| F|  |TAMS 0x00000000d6e00000, 0x00000000d6e00000| Untracked 
|  93|0x00000000d6f00000, 0x00000000d6f00000, 0x00000000d7000000|  0%| F|  |TAMS 0x00000000d6f00000, 0x00000000d6f00000| Untracked 
|  94|0x00000000d7000000, 0x00000000d7000000, 0x00000000d7100000|  0%| F|  |TAMS 0x00000000d7000000, 0x00000000d7000000| Untracked 
|  95|0x00000000d7100000, 0x00000000d7100000, 0x00000000d7200000|  0%| F|  |TAMS 0x00000000d7100000, 0x00000000d7100000| Untracked 
|  96|0x00000000d7200000, 0x00000000d7200000, 0x00000000d7300000|  0%| F|  |TAMS 0x00000000d7200000, 0x00000000d7200000| Untracked 
|  97|0x00000000d7300000, 0x00000000d7300000, 0x00000000d7400000|  0%| F|  |TAMS 0x00000000d7300000, 0x00000000d7300000| Untracked 
|  98|0x00000000d7400000, 0x00000000d7400000, 0x00000000d7500000|  0%| F|  |TAMS 0x00000000d7400000, 0x00000000d7400000| Untracked 
|  99|0x00000000d7500000, 0x00000000d7500000, 0x00000000d7600000|  0%| F|  |TAMS 0x00000000d7500000, 0x00000000d7500000| Untracked 
| 100|0x00000000d7600000, 0x00000000d7600000, 0x00000000d7700000|  0%| F|  |TAMS 0x00000000d7600000, 0x00000000d7600000| Untracked 
| 101|0x00000000d7700000, 0x00000000d7700000, 0x00000000d7800000|  0%| F|  |TAMS 0x00000000d7700000, 0x00000000d7700000| Untracked 
| 102|0x00000000d7800000, 0x00000000d7800000, 0x00000000d7900000|  0%| F|  |TAMS 0x00000000d7800000, 0x00000000d7800000| Untracked 
| 103|0x00000000d7900000, 0x00000000d7900000, 0x00000000d7a00000|  0%| F|  |TAMS 0x00000000d7900000, 0x00000000d7900000| Untracked 
| 104|0x00000000d7a00000, 0x00000000d7a00000, 0x00000000d7b00000|  0%| F|  |TAMS 0x00000000d7a00000, 0x00000000d7a00000| Untracked 
| 105|0x00000000d7b00000, 0x00000000d7b00000, 0x00000000d7c00000|  0%| F|  |TAMS 0x00000000d7b00000, 0x00000000d7b00000| Untracked 
| 106|0x00000000d7c00000, 0x00000000d7c00000, 0x00000000d7d00000|  0%| F|  |TAMS 0x00000000d7c00000, 0x00000000d7c00000| Untracked 
| 107|0x00000000d7d00000, 0x00000000d7d00000, 0x00000000d7e00000|  0%| F|  |TAMS 0x00000000d7d00000, 0x00000000d7d00000| Untracked 
| 108|0x00000000d7e00000, 0x00000000d7e00000, 0x00000000d7f00000|  0%| F|  |TAMS 0x00000000d7e00000, 0x00000000d7e00000| Untracked 
| 109|0x00000000d7f00000, 0x00000000d7f00000, 0x00000000d8000000|  0%| F|  |TAMS 0x00000000d7f00000, 0x00000000d7f00000| Untracked 
| 110|0x00000000d8000000, 0x00000000d8000000, 0x00000000d8100000|  0%| F|  |TAMS 0x00000000d8000000, 0x00000000d8000000| Untracked 
| 111|0x00000000d8100000, 0x00000000d8100000, 0x00000000d8200000|  0%| F|  |TAMS 0x00000000d8100000, 0x00000000d8100000| Untracked 
| 112|0x00000000d8200000, 0x00000000d8200000, 0x00000000d8300000|  0%| F|  |TAMS 0x00000000d8200000, 0x00000000d8200000| Untracked 
| 113|0x00000000d8300000, 0x00000000d83d9eb8, 0x00000000d8400000| 85%| E|  |TAMS 0x00000000d8300000, 0x00000000d8300000| Complete 
| 114|0x00000000d8400000, 0x00000000d8500000, 0x00000000d8500000|100%| E|CS|TAMS 0x00000000d8400000, 0x00000000d8400000| Complete 
| 115|0x00000000d8500000, 0x00000000d8600000, 0x00000000d8600000|100%| E|CS|TAMS 0x00000000d8500000, 0x00000000d8500000| Complete 
| 116|0x00000000d8600000, 0x00000000d8700000, 0x00000000d8700000|100%| E|CS|TAMS 0x00000000d8600000, 0x00000000d8600000| Complete 
| 117|0x00000000d8700000, 0x00000000d8800000, 0x00000000d8800000|100%| E|CS|TAMS 0x00000000d8700000, 0x00000000d8700000| Complete 
| 118|0x00000000d8800000, 0x00000000d8900000, 0x00000000d8900000|100%| E|CS|TAMS 0x00000000d8800000, 0x00000000d8800000| Complete 
| 119|0x00000000d8900000, 0x00000000d8a00000, 0x00000000d8a00000|100%| E|CS|TAMS 0x00000000d8900000, 0x00000000d8900000| Complete 
| 120|0x00000000d8a00000, 0x00000000d8b00000, 0x00000000d8b00000|100%| E|CS|TAMS 0x00000000d8a00000, 0x00000000d8a00000| Complete 
| 121|0x00000000d8b00000, 0x00000000d8c00000, 0x00000000d8c00000|100%| E|CS|TAMS 0x00000000d8b00000, 0x00000000d8b00000| Complete 
| 122|0x00000000d8c00000, 0x00000000d8d00000, 0x00000000d8d00000|100%| E|CS|TAMS 0x00000000d8c00000, 0x00000000d8c00000| Complete 
| 123|0x00000000d8d00000, 0x00000000d8e00000, 0x00000000d8e00000|100%| E|CS|TAMS 0x00000000d8d00000, 0x00000000d8d00000| Complete 
| 124|0x00000000d8e00000, 0x00000000d8f00000, 0x00000000d8f00000|100%| E|CS|TAMS 0x00000000d8e00000, 0x00000000d8e00000| Complete 
| 125|0x00000000d8f00000, 0x00000000d9000000, 0x00000000d9000000|100%| E|CS|TAMS 0x00000000d8f00000, 0x00000000d8f00000| Complete 
| 126|0x00000000d9000000, 0x00000000d9100000, 0x00000000d9100000|100%| E|CS|TAMS 0x00000000d9000000, 0x00000000d9000000| Complete 
| 127|0x00000000d9100000, 0x00000000d9200000, 0x00000000d9200000|100%| E|CS|TAMS 0x00000000d9100000, 0x00000000d9100000| Complete 

Card table byte_map: [0x0000029abef40000,0x0000029abf0c0000] _byte_map_base: 0x0000029abe8b7000

Marking Bits (Prev, Next): (CMBitMap*) 0x0000029aac2cb0c0, (CMBitMap*) 0x0000029aac2cb100
 Prev Bits: [0x0000029abf240000, 0x0000029abfdf8000)
 Next Bits: [0x0000029abfe00000, 0x0000029ac09b8000)

Polling page: 0x0000029aabd30000

Metaspace:

Usage:
  Non-class:     14.20 MB used.
      Class:      1.64 MB used.
       Both:     15.84 MB used.

Virtual space:
  Non-class space:       16.00 MB reserved,      14.31 MB ( 89%) committed,  2 nodes.
      Class space:        1.00 GB reserved,       1.75 MB ( <1%) committed,  1 nodes.
             Both:        1.02 GB reserved,      16.06 MB (  2%) committed. 

Chunk freelists:
   Non-Class:  1.55 MB
       Class:  2.08 MB
        Both:  3.63 MB

MaxMetaspaceSize: unlimited
CompressedClassSpaceSize: 1.00 GB
Initial GC threshold: 21.00 MB
Current GC threshold: 21.00 MB
CDS: off
MetaspaceReclaimPolicy: balanced
 - commit_granule_bytes: 65536.
 - commit_granule_words: 8192.
 - virtual_space_node_default_size: 1048576.
 - enlarge_chunks_in_place: 1.
 - new_chunks_are_fully_committed: 0.
 - uncommit_free_chunks: 1.
 - use_allocation_guard: 0.
 - handle_deallocations: 1.


Internal statistics:

num_allocs_failed_limit: 0.
num_arena_births: 184.
num_arena_deaths: 0.
num_vsnodes_births: 3.
num_vsnodes_deaths: 0.
num_space_committed: 257.
num_space_uncommitted: 0.
num_chunks_returned_to_freelist: 0.
num_chunks_taken_from_freelist: 379.
num_chunk_merges: 0.
num_chunk_splits: 221.
num_chunks_enlarged: 106.
num_purges: 0.
num_inconsistent_stats: 0.

CodeHeap 'non-profiled nmethods': size=120000Kb used=310Kb max_used=310Kb free=119689Kb
 bounds [0x0000029ab7440000, 0x0000029ab76b0000, 0x0000029abe970000]
CodeHeap 'profiled nmethods': size=120000Kb used=1612Kb max_used=1612Kb free=118387Kb
 bounds [0x0000029aaff10000, 0x0000029ab0180000, 0x0000029ab7440000]
CodeHeap 'non-nmethods': size=5760Kb used=1209Kb max_used=1222Kb free=4550Kb
 bounds [0x0000029aaf970000, 0x0000029aafbe0000, 0x0000029aaff10000]
 total_blobs=1490 nmethods=972 adapters=431
 compilation: enabled
              stopped_count=0, restarted_count=0
 full_count=0

Compilation events (20 events):
Event: 0.536 Thread 0x0000029ac3c6a160 nmethod 959 0x0000029ab748d110 code [0x0000029ab748d280, 0x0000029ab748d4b8]
Event: 0.536 Thread 0x0000029ac3c3dcc0 nmethod 962 0x0000029ab009d890 code [0x0000029ab009daa0, 0x0000029ab009e278]
Event: 0.536 Thread 0x0000029ac3c3dcc0  963       3       java.util.LinkedHashMap$LinkedHashIterator::nextNode (54 bytes)
Event: 0.536 Thread 0x0000029ac3c3dcc0 nmethod 963 0x0000029ab009e690 code [0x0000029ab009e860, 0x0000029ab009ec58]
Event: 0.536 Thread 0x0000029ac3c3dcc0  964       1       java.lang.reflect.Method::getModifiers (5 bytes)
Event: 0.536 Thread 0x0000029ac3c3dcc0 nmethod 964 0x0000029ab748d510 code [0x0000029ab748d6a0, 0x0000029ab748d778]
Event: 0.537 Thread 0x0000029ac3c3dcc0  965       3       java.util.concurrent.ConcurrentHashMap::get (162 bytes)
Event: 0.537 Thread 0x0000029ac3c3dcc0 nmethod 965 0x0000029ab009ee10 code [0x0000029ab009f060, 0x0000029ab009fb28]
Event: 0.537 Thread 0x0000029ac3c3dcc0  966       3       jdk.internal.jimage.ImageLocation::verify (218 bytes)
Event: 0.537 Thread 0x0000029ac3c3dcc0 nmethod 966 0x0000029ab009fe10 code [0x0000029ab00a00c0, 0x0000029ab00a0e38]
Event: 0.537 Thread 0x0000029ac3c3dcc0  968       3       jdk.internal.jimage.ImageReader::verifyLocation (14 bytes)
Event: 0.538 Thread 0x0000029ac3c3dcc0 nmethod 968 0x0000029ab00a1390 code [0x0000029ab00a1560, 0x0000029ab00a1898]
Event: 0.538 Thread 0x0000029ac3c3dcc0  969       3       jdk.internal.jimage.BasicImageReader::verifyLocation (39 bytes)
Event: 0.538 Thread 0x0000029ac3c3dcc0 nmethod 969 0x0000029ab00a1a10 code [0x0000029ab00a1be0, 0x0000029ab00a1ea8]
Event: 0.538 Thread 0x0000029ac3c3dcc0  970       3       jdk.internal.module.SystemModuleFinders$SystemModuleReader::containsImageLocation (42 bytes)
Event: 0.538 Thread 0x0000029ac3c3dcc0 nmethod 970 0x0000029ab00a2010 code [0x0000029ab00a2220, 0x0000029ab00a2898]
Event: 0.538 Thread 0x0000029ac3c3dcc0  967       3       jdk.internal.loader.BuiltinClassLoader::hasClassPath (13 bytes)
Event: 0.538 Thread 0x0000029ac3c3dcc0 nmethod 967 0x0000029ab00a2b10 code [0x0000029ab00a2ca0, 0x0000029ab00a2e18]
Event: 0.548 Thread 0x0000029ac3c3dcc0  971       3       sun.invoke.util.Wrapper::isDoubleWord (15 bytes)
Event: 0.549 Thread 0x0000029ac3c3dcc0 nmethod 971 0x0000029ab00a2e90 code [0x0000029ab00a3020, 0x0000029ab00a3198]

GC Heap History (0 events):
No events

Deoptimization events (20 events):
Event: 0.364 Thread 0x0000029aac299c80 DEOPT PACKING pc=0x0000029ab7468374 sp=0x0000009b15bfd540
Event: 0.364 Thread 0x0000029aac299c80 DEOPT UNPACKING pc=0x0000029aaf9c23a3 sp=0x0000009b15bfd470 mode 2
Event: 0.364 Thread 0x0000029aac299c80 Uncommon trap: trap_request=0xffffff45 fr.pc=0x0000029ab746bab8 relative=0x0000000000000038
Event: 0.364 Thread 0x0000029aac299c80 Uncommon trap: reason=unstable_if action=reinterpret pc=0x0000029ab746bab8 method=jdk.internal.misc.Unsafe.convEndian(ZI)I @ 4 c2
Event: 0.364 Thread 0x0000029aac299c80 DEOPT PACKING pc=0x0000029ab746bab8 sp=0x0000009b15bfd4e0
Event: 0.364 Thread 0x0000029aac299c80 DEOPT UNPACKING pc=0x0000029aaf9c23a3 sp=0x0000009b15bfd478 mode 2
Event: 0.369 Thread 0x0000029aac299c80 DEOPT PACKING pc=0x0000029aaff24f51 sp=0x0000009b15bfe180
Event: 0.369 Thread 0x0000029aac299c80 DEOPT UNPACKING pc=0x0000029aaf9c2b43 sp=0x0000009b15bfd5f8 mode 0
Event: 0.388 Thread 0x0000029aac299c80 DEOPT PACKING pc=0x0000029aaffbd302 sp=0x0000009b15bfe790
Event: 0.388 Thread 0x0000029aac299c80 DEOPT UNPACKING pc=0x0000029aaf9c2b43 sp=0x0000009b15bfdc08 mode 0
Event: 0.437 Thread 0x0000029ac56833a0 Uncommon trap: trap_request=0xffffff45 fr.pc=0x0000029ab7474ff0 relative=0x00000000000004d0
Event: 0.437 Thread 0x0000029ac56833a0 Uncommon trap: reason=unstable_if action=reinterpret pc=0x0000029ab7474ff0 method=java.lang.StringLatin1.replace([BCC)Ljava/lang/String; @ 19 c2
Event: 0.437 Thread 0x0000029ac56833a0 DEOPT PACKING pc=0x0000029ab7474ff0 sp=0x0000009b177fd700
Event: 0.437 Thread 0x0000029ac56833a0 DEOPT UNPACKING pc=0x0000029aaf9c23a3 sp=0x0000009b177fd680 mode 2
Event: 0.456 Thread 0x0000029ac56833a0 DEOPT PACKING pc=0x0000029aaff40d56 sp=0x0000009b177f8fe0
Event: 0.456 Thread 0x0000029ac56833a0 DEOPT UNPACKING pc=0x0000029aaf9c2b43 sp=0x0000009b177f8480 mode 0
Event: 0.535 Thread 0x0000029ac56833a0 Uncommon trap: trap_request=0xffffff45 fr.pc=0x0000029ab748acf0 relative=0x0000000000000250
Event: 0.535 Thread 0x0000029ac56833a0 Uncommon trap: reason=unstable_if action=reinterpret pc=0x0000029ab748acf0 method=java.util.concurrent.ConcurrentHashMap.get(Ljava/lang/Object;)Ljava/lang/Object; @ 76 c2
Event: 0.535 Thread 0x0000029ac56833a0 DEOPT PACKING pc=0x0000029ab748acf0 sp=0x0000009b177fb680
Event: 0.535 Thread 0x0000029ac56833a0 DEOPT UNPACKING pc=0x0000029aaf9c23a3 sp=0x0000009b177fb5f8 mode 2

Classes unloaded (0 events):
No events

Classes redefined (0 events):
No events

Internal exceptions (15 events):
Event: 0.177 Thread 0x0000029aac299c80 Exception <a 'java/io/FileNotFoundException'{0x00000000d8e462e0}> (0x00000000d8e462e0) 
thrown [s\src\hotspot\share\prims\jni.cpp, line 517]
Event: 0.184 Thread 0x0000029aac299c80 Exception <a 'java/io/FileNotFoundException'{0x00000000d8e89518}> (0x00000000d8e89518) 
thrown [s\src\hotspot\share\prims\jni.cpp, line 517]
Event: 0.188 Thread 0x0000029aac299c80 Exception <a 'java/lang/ClassNotFoundException'{0x00000000d8e96cb8}: sun/awt/resources/spi/awtProvider> (0x00000000d8e96cb8) 
thrown [s\src\hotspot\share\classfile\systemDictionary.cpp, line 256]
Event: 0.204 Thread 0x0000029aac299c80 Exception <a 'java/io/FileNotFoundException'{0x00000000d8d03ad8}> (0x00000000d8d03ad8) 
thrown [s\src\hotspot\share\prims\jni.cpp, line 517]
Event: 0.210 Thread 0x0000029aac299c80 Exception <a 'java/io/FileNotFoundException'{0x00000000d8d30ca0}> (0x00000000d8d30ca0) 
thrown [s\src\hotspot\share\prims\jni.cpp, line 517]
Event: 0.245 Thread 0x0000029aac299c80 Exception <a 'java/lang/NoSuchMethodError'{0x00000000d8d69280}: 'java.lang.Object java.lang.invoke.DirectMethodHandle$Holder.invokeStaticInit(java.lang.Object)'> (0x00000000d8d69280) 
thrown [s\src\hotspot\share\interpreter\linkResolver.cpp, line 771]
Event: 0.301 Thread 0x0000029aac299c80 Exception <a 'java/lang/NoSuchMethodError'{0x00000000d8c62cc0}: 'java.lang.Object java.lang.invoke.DirectMethodHandle$Holder.invokeStaticInit(java.lang.Object, int, int, int, int)'> (0x00000000d8c62cc0) 
thrown [s\src\hotspot\share\interpreter\linkResolver.cpp, line 771]
Event: 0.340 Thread 0x0000029aac299c80 Exception <a 'java/lang/NoSuchMethodError'{0x00000000d8b48838}: 'java.lang.Object java.lang.invoke.DirectMethodHandle$Holder.invokeStaticInit(java.lang.Object, java.lang.Object, int, int, int, int)'> (0x00000000d8b48838) 
thrown [s\src\hotspot\share\interpreter\linkResolver.cpp, line 771]
Event: 0.358 Thread 0x0000029aac299c80 Exception <a 'java/lang/NoSuchMethodError'{0x00000000d8b82ab8}: 'void java.lang.invoke.DirectMethodHandle$Holder.invokeStatic(java.lang.Object, java.lang.Object)'> (0x00000000d8b82ab8) 
thrown [s\src\hotspot\share\interpreter\linkResolver.cpp, line 771]
Event: 0.385 Thread 0x0000029aac299c80 Exception <a 'java/lang/NoSuchMethodError'{0x00000000d890e2a8}: 'java.lang.Object java.lang.invoke.Invokers$Holder.linkToTargetMethod(java.lang.Object, long, java.lang.Object)'> (0x00000000d890e2a8) 
thrown [s\src\hotspot\share\interpreter\linkResolver.cpp, line 771]
Event: 0.419 Thread 0x0000029ac56833a0 Exception <a 'java/lang/NoSuchMethodError'{0x00000000d8825fb8}: static [B.<clinit>()V> (0x00000000d8825fb8) 
thrown [s\src\hotspot\share\prims\jni.cpp, line 1108]
Event: 0.428 Thread 0x0000029ac56833a0 Exception <a 'java/lang/NoSuchMethodError'{0x00000000d8857418}: static [Ljava/rmi/server/ObjID;.<clinit>()V> (0x00000000d8857418) 
thrown [s\src\hotspot\share\prims\jni.cpp, line 1108]
Event: 0.429 Thread 0x0000029ac56846e0 Exception <a 'java/lang/InterruptedException'{0x00000000d88d7980}> (0x00000000d88d7980) 
thrown [s\src\hotspot\share\runtime\objectMonitor.cpp, line 1648]
Event: 0.430 Thread 0x0000029ac56846e0 Exception <a 'java/lang/NoSuchMethodError'{0x00000000d88e0120}: 'java.lang.Object java.lang.invoke.DirectMethodHandle$Holder.newInvokeSpecial(java.lang.Object, java.lang.Object, int, java.lang.Object, long)'> (0x00000000d88e0120) 
thrown [s\src\hotspot\share\interpreter\linkResolver.cpp, line 771]
Event: 0.516 Thread 0x0000029ac56833a0 Exception <a 'java/lang/NoSuchMethodError'{0x00000000d84f6110}: 'java.lang.Object java.lang.invoke.DirectMethodHandle$Holder.invokeInterface(java.lang.Object, java.lang.Object)'> (0x00000000d84f6110) 
thrown [s\src\hotspot\share\interpreter\linkResolver.cpp, line 771]

VM Operations (8 events):
Event: 0.143 Executing VM operation: HandshakeAllThreads
Event: 0.143 Executing VM operation: HandshakeAllThreads done
Event: 0.267 Executing VM operation: HandshakeAllThreads
Event: 0.267 Executing VM operation: HandshakeAllThreads done
Event: 0.438 Executing VM operation: HandshakeAllThreads
Event: 0.438 Executing VM operation: HandshakeAllThreads done
Event: 0.506 Executing VM operation: HandshakeAllThreads
Event: 0.506 Executing VM operation: HandshakeAllThreads done

Events (20 events):
Event: 0.539 loading class java/net/InetAddress$Addresses done
Event: 0.539 loading class java/net/InetAddress$NameServiceAddresses done
Event: 0.547 loading class sun/net/InetAddressCachePolicy
Event: 0.547 loading class sun/net/InetAddressCachePolicy done
Event: 0.547 loading class sun/net/InetAddressCachePolicy$1
Event: 0.547 loading class sun/net/InetAddressCachePolicy$1 done
Event: 0.547 loading class sun/net/InetAddressCachePolicy$2
Event: 0.547 loading class sun/net/InetAddressCachePolicy$2 done
Event: 0.547 loading class java/net/InetAddress$CachedAddresses
Event: 0.547 loading class java/net/InetAddress$CachedAddresses done
Event: 0.548 loading class java/util/concurrent/ThreadLocalRandom
Event: 0.548 loading class java/util/concurrent/ThreadLocalRandom done
Event: 0.548 loading class jdk/internal/util/random/RandomSupport
Event: 0.548 loading class jdk/internal/util/random/RandomSupport done
Event: 0.548 loading class java/lang/invoke/VarHandleLongs$FieldInstanceReadWrite
Event: 0.548 loading class java/lang/invoke/VarHandleLongs$FieldInstanceReadOnly
Event: 0.548 loading class java/lang/invoke/VarHandleLongs$FieldInstanceReadOnly done
Event: 0.548 loading class java/lang/invoke/VarHandleLongs$FieldInstanceReadWrite done
Event: 0.548 loading class java/util/concurrent/atomic/Striped64$1
Event: 0.549 loading class java/util/concurrent/atomic/Striped64$1 done


Dynamic libraries:
0x00007ff6bb370000 - 0x00007ff6bb37a000 	D:\DataSoft\JetBox\apps\datagrip\ch-0\222.4167.25\jbr\bin\java.exe
0x00007ffc0de70000 - 0x00007ffc0e068000 	C:\WINDOWS\SYSTEM32\ntdll.dll
0x00007ffc0d490000 - 0x00007ffc0d54f000 	C:\WINDOWS\System32\KERNEL32.DLL
0x00007ffc0b850000 - 0x00007ffc0bb46000 	C:\WINDOWS\System32\KERNELBASE.dll
0x00007ffc0b750000 - 0x00007ffc0b850000 	C:\WINDOWS\System32\ucrtbase.dll
0x00007ffc07d80000 - 0x00007ffc07d97000 	D:\DataSoft\JetBox\apps\datagrip\ch-0\222.4167.25\jbr\bin\jli.dll
0x00007ffc07da0000 - 0x00007ffc07dbb000 	D:\DataSoft\JetBox\apps\datagrip\ch-0\222.4167.25\jbr\bin\VCRUNTIME140.dll
0x00007ffc0d830000 - 0x00007ffc0d9cd000 	C:\WINDOWS\System32\USER32.dll
0x00007ffc0b720000 - 0x00007ffc0b742000 	C:\WINDOWS\System32\win32u.dll
0x00007ffc0d670000 - 0x00007ffc0d69c000 	C:\WINDOWS\System32\GDI32.dll
0x00007ffbfe4b0000 - 0x00007ffbfe74a000 	C:\WINDOWS\WinSxS\amd64_microsoft.windows.common-controls_6595b64144ccf1df_6.0.19041.1110_none_60b5254171f9507e\COMCTL32.dll
0x00007ffc0b600000 - 0x00007ffc0b715000 	C:\WINDOWS\System32\gdi32full.dll
0x00007ffc0da30000 - 0x00007ffc0dace000 	C:\WINDOWS\System32\msvcrt.dll
0x00007ffc0be30000 - 0x00007ffc0becd000 	C:\WINDOWS\System32\msvcp_win.dll
0x00007ffc0d380000 - 0x00007ffc0d3b0000 	C:\WINDOWS\System32\IMM32.DLL
0x00007ffc0b280000 - 0x00007ffc0b2ef000 	C:\WINDOWS\LVUAAgentInstBaseRoot\system32\Vozokopot.dll
0x00007ffc07d50000 - 0x00007ffc07d5c000 	D:\DataSoft\JetBox\apps\datagrip\ch-0\222.4167.25\jbr\bin\vcruntime140_1.dll
0x00007ffbe1b70000 - 0x00007ffbe1bfd000 	D:\DataSoft\JetBox\apps\datagrip\ch-0\222.4167.25\jbr\bin\msvcp140.dll
0x00007ffb90890000 - 0x00007ffb914f9000 	D:\DataSoft\JetBox\apps\datagrip\ch-0\222.4167.25\jbr\bin\server\jvm.dll
0x00007ffc0d2d0000 - 0x00007ffc0d37f000 	C:\WINDOWS\System32\ADVAPI32.dll
0x00007ffc0c870000 - 0x00007ffc0c90c000 	C:\WINDOWS\System32\sechost.dll
0x00007ffc0c910000 - 0x00007ffc0ca36000 	C:\WINDOWS\System32\RPCRT4.dll
0x00007ffc0c860000 - 0x00007ffc0c868000 	C:\WINDOWS\System32\PSAPI.DLL
0x00007ffbf5c70000 - 0x00007ffbf5c79000 	C:\WINDOWS\SYSTEM32\WSOCK32.dll
0x00007ffbf6420000 - 0x00007ffbf6447000 	C:\WINDOWS\SYSTEM32\WINMM.dll
0x00007ffc0d000000 - 0x00007ffc0d06b000 	C:\WINDOWS\System32\WS2_32.dll
0x00007ffc061d0000 - 0x00007ffc061da000 	C:\WINDOWS\SYSTEM32\VERSION.dll
0x00007ffbfe130000 - 0x00007ffbfe4a8000 	C:\WINDOWS\LVUAAgentInstBaseRoot\system32\MozartBreathCore.dll
0x00007ffc0c780000 - 0x00007ffc0c85a000 	C:\WINDOWS\System32\COMDLG32.dll
0x00007ffc0dad0000 - 0x00007ffc0de24000 	C:\WINDOWS\System32\combase.dll
0x00007ffc0a920000 - 0x00007ffc0a95c000 	C:\WINDOWS\SYSTEM32\IPHLPAPI.DLL
0x00007ffbfc7b0000 - 0x00007ffbfc7cd000 	C:\WINDOWS\SYSTEM32\MPR.dll
0x00007ffc0bf80000 - 0x00007ffc0c02d000 	C:\WINDOWS\System32\shcore.dll
0x00007ffc0d6a0000 - 0x00007ffc0d6f5000 	C:\WINDOWS\System32\SHLWAPI.dll
0x00007ffc08ac0000 - 0x00007ffc08ad4000 	C:\WINDOWS\SYSTEM32\WTSAPI32.dll
0x00007ffbfe090000 - 0x00007ffbfe128000 	C:\WINDOWS\SYSTEM32\WINSPOOL.DRV
0x00007ffc0a960000 - 0x00007ffc0aa2b000 	C:\WINDOWS\SYSTEM32\DNSAPI.dll
0x00007ffc0c030000 - 0x00007ffc0c774000 	C:\WINDOWS\System32\SHELL32.dll
0x00007ffc0d700000 - 0x00007ffc0d82a000 	C:\WINDOWS\System32\ole32.dll
0x00007ffc0ca40000 - 0x00007ffc0cb0d000 	C:\WINDOWS\System32\OLEAUT32.dll
0x00007ffc0d2c0000 - 0x00007ffc0d2c8000 	C:\WINDOWS\System32\NSI.dll
0x00007ffc09330000 - 0x00007ffc09342000 	C:\WINDOWS\SYSTEM32\kernel.appcore.dll
0x00007ffbf59f0000 - 0x00007ffbf5a0f000 	C:\WINDOWS\LVUAAgentInstBaseRoot\system32\MozartBreathOM.dll
0x00007ffc04f40000 - 0x00007ffc04f4a000 	D:\DataSoft\JetBox\apps\datagrip\ch-0\222.4167.25\jbr\bin\jimage.dll
0x00007ffbf9d40000 - 0x00007ffbf9f24000 	C:\WINDOWS\SYSTEM32\DBGHELP.DLL
0x00007ffbf8cb0000 - 0x00007ffbf8ce4000 	C:\WINDOWS\SYSTEM32\dbgcore.DLL
0x00007ffbf5310000 - 0x00007ffbf5337000 	C:\WINDOWS\LVUAAgentInstBaseRoot\system32\MozartBreathFw.dll
0x00007ffc0bd30000 - 0x00007ffc0bdb2000 	C:\WINDOWS\System32\bcryptPrimitives.dll
0x00007ffbf5130000 - 0x00007ffbf519d000 	C:\WINDOWS\LVUAAgentInstBaseRoot\system32\MozartBreathFile.dll
0x00007ffbf4010000 - 0x00007ffbf413d000 	C:\WINDOWS\LVUAAgentInstBaseRoot\system32\MozartBreathProcess.dll
0x00007ffbf3ad0000 - 0x00007ffbf3b47000 	C:\WINDOWS\LVUAAgentInstBaseRoot\system32\MozartBreathBolo2.dll
0x00007ffbf3790000 - 0x00007ffbf37bb000 	C:\WINDOWS\LVUAAgentInstBaseRoot\system32\MozartBreathProtect.dll
0x00007ffbcd570000 - 0x00007ffbcd595000 	D:\DataSoft\JetBox\apps\datagrip\ch-0\222.4167.25\jbr\bin\java.dll
0x00007ffbf88a0000 - 0x00007ffbf88b8000 	D:\DataSoft\JetBox\apps\datagrip\ch-0\222.4167.25\jbr\bin\zip.dll
0x00007ffc09530000 - 0x00007ffc09cc3000 	C:\WINDOWS\SYSTEM32\windows.storage.dll
0x00007ffc0aed0000 - 0x00007ffc0aefe000 	C:\WINDOWS\System32\Wldp.dll
0x00007ffc0b490000 - 0x00007ffc0b4af000 	C:\WINDOWS\SYSTEM32\profapi.dll
0x00007ffbdcf90000 - 0x00007ffbdcfa9000 	D:\DataSoft\JetBox\apps\datagrip\ch-0\222.4167.25\jbr\bin\net.dll
0x00007ffc06280000 - 0x00007ffc0638a000 	C:\WINDOWS\SYSTEM32\WINHTTP.dll
0x00007ffc0ac30000 - 0x00007ffc0ac9a000 	C:\WINDOWS\system32\mswsock.dll
0x00007ffbd03c0000 - 0x00007ffbd03d6000 	D:\DataSoft\JetBox\apps\datagrip\ch-0\222.4167.25\jbr\bin\nio.dll
0x00007ffb937c0000 - 0x00007ffb93953000 	D:\DataSoft\JetBox\apps\datagrip\ch-0\222.4167.25\jbr\bin\awt.dll
0x00007ffc09150000 - 0x00007ffc0917f000 	C:\WINDOWS\SYSTEM32\dwmapi.dll
0x00007ffc08a20000 - 0x00007ffc08ab1000 	C:\WINDOWS\SYSTEM32\apphelp.dll
0x00007ffc08e60000 - 0x00007ffc08efe000 	C:\WINDOWS\system32\uxtheme.dll
0x00007ffbd7e80000 - 0x00007ffbd7f59000 	c:\Program Files\HP\HP ProtectTools Security Manager\Bin\DpoFeedb.dll
0x00007ffc0b410000 - 0x00007ffc0b43e000 	C:\WINDOWS\SYSTEM32\USERENV.dll
0x00007ffc0d550000 - 0x00007ffc0d664000 	C:\WINDOWS\System32\MSCTF.dll
0x0000000180000000 - 0x0000000180044000 	C:\WINDOWS\LVUAAgentInstBaseRoot\system32\OverlordSpear.dll
0x00007ffc06a70000 - 0x00007ffc06a87000 	C:\WINDOWS\SYSTEM32\dhcpcsvc6.DLL
0x00007ffc06a50000 - 0x00007ffc06a6d000 	C:\WINDOWS\SYSTEM32\dhcpcsvc.DLL
0x00007ffc0ae20000 - 0x00007ffc0ae38000 	C:\WINDOWS\SYSTEM32\CRYPTSP.dll
0x00007ffc0a550000 - 0x00007ffc0a584000 	C:\WINDOWS\system32\rsaenh.dll
0x00007ffc0bba0000 - 0x00007ffc0bbc7000 	C:\WINDOWS\System32\bcrypt.dll
0x00007ffc0ae40000 - 0x00007ffc0ae4c000 	C:\WINDOWS\SYSTEM32\CRYPTBASE.dll
0x00007ffc05210000 - 0x00007ffc05217000 	D:\DataSoft\JetBox\apps\datagrip\ch-0\222.4167.25\jbr\bin\rmi.dll
0x00007ffc04f30000 - 0x00007ffc04f40000 	D:\DataSoft\JetBox\apps\datagrip\ch-0\222.4167.25\jbr\bin\verify.dll
0x00007ffc05530000 - 0x00007ffc0553a000 	C:\Windows\System32\rasadhlp.dll
0x00007ffc06ad0000 - 0x00007ffc06b52000 	C:\WINDOWS\System32\fwpuclnt.dll

dbghelp: loaded successfully - version: 4.0.5 - missing functions: none
symbol engine: initialized successfully - sym options: 0x614 - pdb path: .;D:\DataSoft\JetBox\apps\datagrip\ch-0\222.4167.25\jbr\bin;C:\WINDOWS\SYSTEM32;C:\WINDOWS\WinSxS\amd64_microsoft.windows.common-controls_6595b64144ccf1df_6.0.19041.1110_none_60b5254171f9507e;C:\WINDOWS\LVUAAgentInstBaseRoot\system32;D:\DataSoft\JetBox\apps\datagrip\ch-0\222.4167.25\jbr\bin\server;c:\Program Files\HP\HP ProtectTools Security Manager\Bin

VM Arguments:
jvm_args: -Dawt.toolkit=com.intellij.desktop.DesktopActionsToolkit -Djava.rmi.server.hostname=127.0.0.1 -Duser.timezone=UTC -Xmx750m -Xms128m --add-exports=java.desktop/sun.awt=ALL-UNNAMED --add-exports=java.desktop/java.awt.peer=ALL-UNNAMED --add-opens=java.desktop/java.awt=ALL-UNNAMED --add-opens=jdk.unsupported/sun.misc=ALL-UNNAMED --add-opens=java.base/java.nio=ALL-UNNAMED -Dfile.encoding=UTF-8 
java_command: com.intellij.database.remote.RemoteJdbcServer com.cloudera.impala.jdbc41.Driver
java_class_path (initial): D:\DataSoft\JetBox\apps\datagrip\ch-0\222.4167.25\lib\util_rt.jar;D:\DataSoft\JetBox\apps\datagrip\ch-0\222.4167.25\lib\util.jar;D:\DataSoft\JetBox\apps\datagrip\ch-0\222.4167.25\lib\groovy.jar;D:\DataSoft\JetBox\apps\datagrip\ch-0\222.4167.25\plugins\DatabaseTools\lib\jdbc-console.jar;D:\DataSoft\DBeaver\jre\lib\ImpalaJDBC41-2.6.3.jar
Launcher Type: SUN_STANDARD

[Global flags]
     intx CICompilerCount                          = 3                                         {product} {ergonomic}
     uint ConcGCThreads                            = 2                                         {product} {ergonomic}
     uint G1ConcRefinementThreads                  = 6                                         {product} {ergonomic}
   size_t G1HeapRegionSize                         = 1048576                                   {product} {ergonomic}
    uintx GCDrainStackTargetSize                   = 64                                        {product} {ergonomic}
   size_t InitialHeapSize                          = 134217728                                 {product} {command line}
   size_t MarkStackSize                            = 4194304                                   {product} {ergonomic}
   size_t MaxHeapSize                              = 786432000                                 {product} {command line}
   size_t MaxNewSize                               = 471859200                                 {product} {ergonomic}
   size_t MinHeapDeltaBytes                        = 1048576                                   {product} {ergonomic}
   size_t MinHeapSize                              = 134217728                                 {product} {command line}
    uintx NonNMethodCodeHeapSize                   = 5832780                                {pd product} {ergonomic}
    uintx NonProfiledCodeHeapSize                  = 122912730                              {pd product} {ergonomic}
    uintx ProfiledCodeHeapSize                     = 122912730                              {pd product} {ergonomic}
    uintx ReservedCodeCacheSize                    = 251658240                              {pd product} {ergonomic}
     bool SegmentedCodeCache                       = true                                      {product} {ergonomic}
   size_t SoftMaxHeapSize                          = 786432000                              {manageable} {ergonomic}
     bool UseCompressedClassPointers               = true                           {product lp64_product} {ergonomic}
     bool UseCompressedOops                        = true                           {product lp64_product} {ergonomic}
     bool UseG1GC                                  = true                                      {product} {ergonomic}
     bool UseLargePagesIndividualAllocation        = false                                  {pd product} {ergonomic}

Logging:
Log output configuration:
 #0: stdout all=warning uptime,level,tags
 #1: stderr all=off uptime,level,tags

Environment Variables:
JAVA_HOME=D:\Program Files (x86)\Java\jdk1.8.0_181
PATH=C:\Program Files\Microsoft\jdk-11.0.16.101-hotspot\bin;C:\Program Files (x86)\Common Files\Oracle\Java\javapath;C:\WINDOWS\system32;C:\WINDOWS;C:\WINDOWS\System32\Wbem;C:\WINDOWS\System32\WindowsPowerShell\v1.0\;C:\WINDOWS\System32\OpenSSH\;D:\Program Files (x86)\Java\jdk1.8.0_181\bin;D:\Program Files (x86)\Java\jdk1.8.0_181\jre\bin;C:\Program Files (x86)\Microsoft SQL Server\150\DTS\Binn\;C:\Program Files\Microsoft SQL Server\130\Tools\Binn\;D:\Program Files\Git\cmd;D:\Program Files\TortoiseGit\bin;D:\Program Files\apache-maven-3.8.1\bin\;C:\Program Files\MySQL\MySQL Server 5.7\bin;D:\DataSoft\scala\bin;D:\DataSoft\scala\bin;D:\DataSoft\scala\jre\bin;C:\Program Files (x86)\Intel\Intel(R) Management Engine Components\DAL;C:\Program Files\Intel\Intel(R) Management Engine Components\DAL;E:\LinuxOS\Xftp\;D:\DataSoft\python;D:\DataSoft\python\Lib;D:\DataSoft\python\Scripts;C:\Program Files\Microsoft SQL Server\150\Tools\Binn\;C:\Program Files\Microsoft SQL Server\Client SDK\ODBC\170\Tools\Binn\;C:\Program Files\dotnet\;D:\Program Files (x86)\IncrediBuild;D:\Program Files\Visual Studio\VC\Tools\MSVC\14.35.32215\bin\Hostx64\x64;E:\LinuxOS\Xshell\;C:\Users\DMC8612144\AppData\Local\Microsoft\WindowsApps;
USERNAME=DMC8612144
OS=Windows_NT
PROCESSOR_IDENTIFIER=Intel64 Family 6 Model 158 Stepping 10, GenuineIntel
TMP=C:\Users\DMC861~1\AppData\Local\Temp
TEMP=C:\Users\DMC861~1\AppData\Local\Temp



---------------  S Y S T E M  ---------------

OS:
 Windows 10 , 64 bit Build 19041 (10.0.19041.2913)
OS uptime: 4 days 4:04 hours

CPU: total 6 (initial active 6) (6 cores per cpu, 1 threads per core) family 6 model 158 stepping 10 microcode 0xb4, cx8, cmov, fxsr, mmx, 3dnowpref, sse, sse2, sse3, ssse3, sse4.1, sse4.2, popcnt, lzcnt, tsc, tscinvbit, avx, avx2, aes, erms, clmul, bmi1, bmi2, rtm, adx, fma, vzeroupper, clflush, clflushopt

Memory: 4k page, system-wide physical 16227M (3836M free)
TotalPageFile size 20323M (AvailPageFile size 3M)
current process WorkingSet (physical memory assigned to process): 86M, peak: 86M
current process commit charge ("private bytes"): 229M, peak: 229M

vm_info: OpenJDK 64-Bit Server VM (17.0.4+7-b469.53) for windows-amd64 JRE (17.0.4+7-b469.53), built on 2022-08-29 by "builduser" with MS VC++ 16.10 / 16.11 (VS2019)

END.
