#
# There is insufficient memory for the Java Runtime Environment to continue.
# Native memory allocation (mmap) failed to map 65536 bytes for Failed to commit metaspace.
# Possible reasons:
#   The system is out of physical RAM or swap space
#   The process is running with CompressedOops enabled, and the Java Heap may be blocking the growth of the native heap
# Possible solutions:
#   Reduce memory load on the system
#   Increase physical memory or swap space
#   Check if swap backing store is full
#   Decrease Java heap size (-Xmx/-Xms)
#   Decrease number of Java threads
#   Decrease Java thread stack sizes (-Xss)
#   Set larger code cache with -XX:ReservedCodeCacheSize=
#   JVM is running with Unscaled Compressed Oops mode in which the Java heap is
#     placed in the first 4GB address space. The Java Heap base address is the
#     maximum limit for the native heap growth. Please use -XX:HeapBaseMinAddress
#     to set the Java Heap base and to place the Java Heap above 4GB virtual address.
# This output file may be truncated or incomplete.
#
#  Out of Memory Error (virtualSpaceNode.cpp:110), pid=17972, tid=10060
#
# JRE version: OpenJDK Runtime Environment JBR-17.0.4+7-469.53-jcef (17.0.4+7) (build 17.0.4+7-b469.53)
# Java VM: OpenJDK 64-Bit Server VM JBR-17.0.4+7-469.53-jcef (17.0.4+7-b469.53, mixed mode, tiered, compressed oops, compressed class ptrs, g1 gc, windows-amd64)
# No core dump will be written. Minidumps are not enabled by default on client versions of Windows
#

---------------  S U M M A R Y ------------

Command Line: -Dawt.toolkit=com.intellij.desktop.DesktopActionsToolkit -Djava.rmi.server.hostname=127.0.0.1 -Duser.timezone=UTC -Xmx750m -Xms128m --add-exports=java.desktop/sun.awt=ALL-UNNAMED --add-exports=java.desktop/java.awt.peer=ALL-UNNAMED --add-opens=java.desktop/java.awt=ALL-UNNAMED --add-opens=jdk.unsupported/sun.misc=ALL-UNNAMED --add-opens=java.base/java.nio=ALL-UNNAMED -Dfile.encoding=UTF-8 com.intellij.database.remote.RemoteJdbcServer com.cloudera.impala.jdbc41.Driver

Host: Intel(R) Core(TM) i5-8500 CPU @ 3.00GHz, 6 cores, 15G,  Windows 10 , 64 bit Build 19041 (10.0.19041.2913)
Time: Tue May 30 14:11:33 2023  Windows 10 , 64 bit Build 19041 (10.0.19041.2913) elapsed time: 0.503549 seconds (0d 0h 0m 0s)

---------------  T H R E A D  ---------------

Current thread (0x0000020afed24180):  JavaThread "RMI TCP Connection(2)-127.0.0.1" daemon [_thread_in_vm, id=10060, stack(0x0000009cadc00000,0x0000009cadd00000)]

Stack: [0x0000009cadc00000,0x0000009cadd00000]
Native frames: (J=compiled Java code, j=interpreted, Vv=VM code, C=native code)
V  [jvm.dll+0x68348a]
V  [jvm.dll+0x83faf4]
V  [jvm.dll+0x84129e]
V  [jvm.dll+0x841903]
V  [jvm.dll+0x2494a5]
V  [jvm.dll+0x83bb4b]
V  [jvm.dll+0x627926]
V  [jvm.dll+0x1c13ae]
V  [jvm.dll+0x62a261]
V  [jvm.dll+0x6282c6]
V  [jvm.dll+0x23d931]
V  [jvm.dll+0x1ed580]
V  [jvm.dll+0x1eda05]
V  [jvm.dll+0x1ee324]
V  [jvm.dll+0x1e386c]
V  [jvm.dll+0x547c8d]
V  [jvm.dll+0x7ba4c5]
V  [jvm.dll+0x7ba5de]
V  [jvm.dll+0x41224a]
V  [jvm.dll+0x418469]
C  [java.dll+0x17ec]

Java frames: (J=compiled Java code, j=interpreted, Vv=VM code)
J 872  java.lang.ClassLoader.defineClass1(Ljava/lang/ClassLoader;Ljava/lang/String;[BIILjava/security/ProtectionDomain;Ljava/lang/String;)Ljava/lang/Class; java.base@17.0.4 (0 bytes) @ 0x0000020a87b18f5b [0x0000020a87b18ea0+0x00000000000000bb]
j  java.lang.ClassLoader.defineClass(Ljava/lang/String;[BIILjava/security/ProtectionDomain;)Ljava/lang/Class;+27 java.base@17.0.4
j  java.security.SecureClassLoader.defineClass(Ljava/lang/String;[BIILjava/security/CodeSource;)Ljava/lang/Class;+12 java.base@17.0.4
j  jdk.internal.loader.BuiltinClassLoader.defineClass(Ljava/lang/String;Ljdk/internal/loader/Resource;)Ljava/lang/Class;+117 java.base@17.0.4
j  jdk.internal.loader.BuiltinClassLoader.findClassOnClassPathOrNull(Ljava/lang/String;)Ljava/lang/Class;+37 java.base@17.0.4
J 788 c1 jdk.internal.loader.BuiltinClassLoader.loadClassOrNull(Ljava/lang/String;Z)Ljava/lang/Class; java.base@17.0.4 (143 bytes) @ 0x0000020a806d8d04 [0x0000020a806d7e40+0x0000000000000ec4]
J 817 c1 jdk.internal.loader.ClassLoaders$AppClassLoader.loadClass(Ljava/lang/String;Z)Ljava/lang/Class; java.base@17.0.4 (40 bytes) @ 0x0000020a806e17f4 [0x0000020a806e11e0+0x0000000000000614]
J 798 c1 java.lang.ClassLoader.loadClass(Ljava/lang/String;)Ljava/lang/Class; java.base@17.0.4 (7 bytes) @ 0x0000020a806dd2bc [0x0000020a806dd1c0+0x00000000000000fc]
v  ~StubRoutines::call_stub
j  com.cloudera.impala.jdbc41.Driver.createJDBCObjectFactory()Lcom/cloudera/impala/jdbc/common/JDBCObjectFactory;+0
j  com.cloudera.impala.jdbc.common.BaseConnectionFactory.doConnect(Lcom/cloudera/impala/support/Pair;Ljava/lang/String;)Lcom/cloudera/impala/jdbc/common/SConnection;+43
j  com.cloudera.impala.jdbc.common.AbstractDriver.connect(Ljava/lang/String;Ljava/util/Properties;)Ljava/sql/Connection;+45
j  com.intellij.database.remote.jdbc.helpers.JdbcHelperImpl.connect(Ljava/sql/Driver;Ljava/lang/String;Ljava/util/Properties;Ljava/util/Map;)Ljava/sql/Connection;+273
j  com.intellij.database.remote.jdbc.impl.RemoteDriverImpl.connect(Ljava/lang/String;Ljava/util/Properties;Ljava/util/Map;)Lcom/intellij/database/remote/jdbc/RemoteConnection;+39
v  ~StubRoutines::call_stub
j  jdk.internal.reflect.NativeMethodAccessorImpl.invoke0(Ljava/lang/reflect/Method;Ljava/lang/Object;[Ljava/lang/Object;)Ljava/lang/Object;+0 java.base@17.0.4
j  jdk.internal.reflect.NativeMethodAccessorImpl.invoke(Ljava/lang/Object;[Ljava/lang/Object;)Ljava/lang/Object;+133 java.base@17.0.4
j  jdk.internal.reflect.DelegatingMethodAccessorImpl.invoke(Ljava/lang/Object;[Ljava/lang/Object;)Ljava/lang/Object;+6 java.base@17.0.4
j  java.lang.reflect.Method.invoke(Ljava/lang/Object;[Ljava/lang/Object;)Ljava/lang/Object;+59 java.base@17.0.4
j  sun.rmi.server.UnicastServerRef.dispatch(Ljava/rmi/Remote;Ljava/rmi/server/RemoteCall;)V+264 java.rmi@17.0.4
j  sun.rmi.transport.Transport$1.run()Ljava/lang/Void;+23 java.rmi@17.0.4
j  sun.rmi.transport.Transport$1.run()Ljava/lang/Object;+1 java.rmi@17.0.4
j  java.security.AccessController.executePrivileged(Ljava/security/PrivilegedExceptionAction;Ljava/security/AccessControlContext;Ljava/lang/Class;)Ljava/lang/Object;+29 java.base@17.0.4
j  java.security.AccessController.doPrivileged(Ljava/security/PrivilegedExceptionAction;Ljava/security/AccessControlContext;)Ljava/lang/Object;+13 java.base@17.0.4
j  sun.rmi.transport.Transport.serviceCall(Ljava/rmi/server/RemoteCall;)Z+157 java.rmi@17.0.4
j  sun.rmi.transport.tcp.TCPTransport.handleMessages(Lsun/rmi/transport/Connection;Z)V+145 java.rmi@17.0.4
j  sun.rmi.transport.tcp.TCPTransport$ConnectionHandler.run0()V+522 java.rmi@17.0.4
j  sun.rmi.transport.tcp.TCPTransport$ConnectionHandler.lambda$run$0()Ljava/lang/Void;+1 java.rmi@17.0.4
j  sun.rmi.transport.tcp.TCPTransport$ConnectionHandler$$Lambda$69+0x0000000100165748.run()Ljava/lang/Object;+4 java.rmi@17.0.4
J 670 c1 java.security.AccessController.executePrivileged(Ljava/security/PrivilegedAction;Ljava/security/AccessControlContext;Ljava/lang/Class;)Ljava/lang/Object; java.base@17.0.4 (65 bytes) @ 0x0000020a806a69b4 [0x0000020a806a6860+0x0000000000000154]
j  java.security.AccessController.doPrivileged(Ljava/security/PrivilegedAction;Ljava/security/AccessControlContext;)Ljava/lang/Object;+13 java.base@17.0.4
j  sun.rmi.transport.tcp.TCPTransport$ConnectionHandler.run()V+37 java.rmi@17.0.4
j  java.util.concurrent.ThreadPoolExecutor.runWorker(Ljava/util/concurrent/ThreadPoolExecutor$Worker;)V+92 java.base@17.0.4
j  java.util.concurrent.ThreadPoolExecutor$Worker.run()V+5 java.base@17.0.4
j  java.lang.Thread.run()V+11 java.base@17.0.4
v  ~StubRoutines::call_stub

---------------  P R O C E S S  ---------------

Threads class SMR info:
_java_thread_list=0x0000020afd641370, length=24, elements={
0x0000020af49dd840, 0x0000020afd424c20, 0x0000020afd4259a0, 0x0000020afd431b80,
0x0000020afd458540, 0x0000020afd458e00, 0x0000020afd4596c0, 0x0000020afd459f80,
0x0000020afd479910, 0x0000020afd47ce00, 0x0000020afd622020, 0x0000020afd635010,
0x0000020afd707f50, 0x0000020afd7131f0, 0x0000020afd7136c0, 0x0000020afd712c30,
0x0000020afed271a0, 0x0000020afed26cd0, 0x0000020afed24650, 0x0000020afed27670,
0x0000020afed24b20, 0x0000020afed27b40, 0x0000020afed24180, 0x0000020afed24ff0
}

Java Threads: ( => current thread )
  0x0000020af49dd840 JavaThread "main" [_thread_blocked, id=13888, stack(0x0000009cac000000,0x0000009cac100000)]
  0x0000020afd424c20 JavaThread "Reference Handler" daemon [_thread_blocked, id=17444, stack(0x0000009cac700000,0x0000009cac800000)]
  0x0000020afd4259a0 JavaThread "Finalizer" daemon [_thread_blocked, id=14736, stack(0x0000009cac800000,0x0000009cac900000)]
  0x0000020afd431b80 JavaThread "Signal Dispatcher" daemon [_thread_blocked, id=20108, stack(0x0000009cac900000,0x0000009caca00000)]
  0x0000020afd458540 JavaThread "Attach Listener" daemon [_thread_blocked, id=20604, stack(0x0000009caca00000,0x0000009cacb00000)]
  0x0000020afd458e00 JavaThread "Service Thread" daemon [_thread_blocked, id=15164, stack(0x0000009cacb00000,0x0000009cacc00000)]
  0x0000020afd4596c0 JavaThread "Monitor Deflation Thread" daemon [_thread_blocked, id=23484, stack(0x0000009cacc00000,0x0000009cacd00000)]
  0x0000020afd459f80 JavaThread "C2 CompilerThread0" daemon [_thread_blocked, id=440, stack(0x0000009cacd00000,0x0000009cace00000)]
  0x0000020afd479910 JavaThread "C1 CompilerThread0" daemon [_thread_blocked, id=12396, stack(0x0000009cace00000,0x0000009cacf00000)]
  0x0000020afd47ce00 JavaThread "Sweeper thread" daemon [_thread_blocked, id=26332, stack(0x0000009cacf00000,0x0000009cad000000)]
  0x0000020afd622020 JavaThread "Common-Cleaner" daemon [_thread_blocked, id=21036, stack(0x0000009cad000000,0x0000009cad100000)]
  0x0000020afd635010 JavaThread "Notification Thread" daemon [_thread_blocked, id=1068, stack(0x0000009cad100000,0x0000009cad200000)]
  0x0000020afd707f50 JavaThread "Java2D Disposer" daemon [_thread_blocked, id=9108, stack(0x0000009cabf00000,0x0000009cac000000)]
  0x0000020afd7131f0 JavaThread "AWT-Shutdown" [_thread_blocked, id=15804, stack(0x0000009cad300000,0x0000009cad400000)]
  0x0000020afd7136c0 JavaThread "AWT-Windows" daemon [_thread_in_native, id=3312, stack(0x0000009cad400000,0x0000009cad500000)]
  0x0000020afd712c30 JavaThread "C2 CompilerThread1" daemon [_thread_blocked, id=25340, stack(0x0000009cad500000,0x0000009cad600000)]
  0x0000020afed271a0 JavaThread "RMI TCP Accept-16084" daemon [_thread_in_native, id=18072, stack(0x0000009cad600000,0x0000009cad700000)]
  0x0000020afed26cd0 JavaThread "RMI TCP Accept-0" daemon [_thread_in_native, id=8236, stack(0x0000009cad700000,0x0000009cad800000)]
  0x0000020afed24650 JavaThread "RMI Reaper" [_thread_blocked, id=14712, stack(0x0000009cad800000,0x0000009cad900000)]
  0x0000020afed27670 JavaThread "RMI GC Daemon" daemon [_thread_blocked, id=17292, stack(0x0000009cad900000,0x0000009cada00000)]
  0x0000020afed24b20 JavaThread "RMI TCP Connection(1)-127.0.0.1" daemon [_thread_in_native, id=21224, stack(0x0000009cada00000,0x0000009cadb00000)]
  0x0000020afed27b40 JavaThread "RMI Scheduler(0)" daemon [_thread_blocked, id=24820, stack(0x0000009cadb00000,0x0000009cadc00000)]
=>0x0000020afed24180 JavaThread "RMI TCP Connection(2)-127.0.0.1" daemon [_thread_in_vm, id=10060, stack(0x0000009cadc00000,0x0000009cadd00000)]
  0x0000020afed24ff0 JavaThread "RMI RenewClean-[127.0.0.1:59799]" daemon [_thread_blocked, id=23320, stack(0x0000009cadd00000,0x0000009cade00000)]

Other Threads:
  0x0000020afd41d870 VMThread "VM Thread" [stack: 0x0000009cac600000,0x0000009cac700000] [id=24176]
  0x0000020afd54d370 WatcherThread [stack: 0x0000009cad200000,0x0000009cad300000] [id=10168]
  0x0000020af4a1c740 GCTaskThread "GC Thread#0" [stack: 0x0000009cac100000,0x0000009cac200000] [id=24832]
  0x0000020af4a1eaa0 ConcurrentGCThread "G1 Main Marker" [stack: 0x0000009cac200000,0x0000009cac300000] [id=26556]
  0x0000020afa1154c0 ConcurrentGCThread "G1 Conc#0" [stack: 0x0000009cac300000,0x0000009cac400000] [id=17476]
  0x0000020af24d3e30 ConcurrentGCThread "G1 Refine#0" [stack: 0x0000009cac400000,0x0000009cac500000] [id=18880]
  0x0000020afa1872b0 ConcurrentGCThread "G1 Service" [stack: 0x0000009cac500000,0x0000009cac600000] [id=14552]

Threads with active compile tasks:

VM state: not at safepoint (normal execution)

VM Mutex/Monitor currently owned by a thread:  ([mutex/lock_event])
[0x0000020af49d8df0] Metaspace_lock - owner thread: 0x0000020afed24180

Heap address: 0x00000000d1200000, size: 750 MB, Compressed Oops mode: 32-bit

CDS archive(s) not mapped
Compressed class space mapped at: 0x0000000100000000-0x0000000140000000, reserved size: 1073741824
Narrow klass base: 0x0000000000000000, Narrow klass shift: 3, Narrow klass range: 0x140000000

GC Precious Log:
 CPUs: 6 total, 6 available
 Memory: 16227M
 Large Page Support: Disabled
 NUMA Support: Disabled
 Compressed Oops: Enabled (32-bit)
 Heap Region Size: 1M
 Heap Min Capacity: 128M
 Heap Initial Capacity: 128M
 Heap Max Capacity: 750M
 Pre-touch: Disabled
 Parallel Workers: 6
 Concurrent Workers: 2
 Concurrent Refinement Workers: 6
 Periodic GC: Disabled

Heap:
 garbage-first heap   total 131072K, used 15360K [0x00000000d1200000, 0x0000000100000000)
  region size 1024K, 14 young (14336K), 0 survivors (0K)
 Metaspace       used 15287K, committed 15488K, reserved 1064960K
  class space    used 1552K, committed 1664K, reserved 1048576K

Heap Regions: E=young(eden), S=young(survivor), O=old, HS=humongous(starts), HC=humongous(continues), CS=collection set, F=free, OA=open archive, CA=closed archive, TAMS=top-at-mark-start (previous, next)
|   0|0x00000000d1200000, 0x00000000d1300000, 0x00000000d1300000|100%|HS|  |TAMS 0x00000000d1200000, 0x00000000d1200000| Complete 
|   1|0x00000000d1300000, 0x00000000d1400000, 0x00000000d1400000|100%|HC|  |TAMS 0x00000000d1300000, 0x00000000d1300000| Complete 
|   2|0x00000000d1400000, 0x00000000d1400000, 0x00000000d1500000|  0%| F|  |TAMS 0x00000000d1400000, 0x00000000d1400000| Untracked 
|   3|0x00000000d1500000, 0x00000000d1500000, 0x00000000d1600000|  0%| F|  |TAMS 0x00000000d1500000, 0x00000000d1500000| Untracked 
|   4|0x00000000d1600000, 0x00000000d1600000, 0x00000000d1700000|  0%| F|  |TAMS 0x00000000d1600000, 0x00000000d1600000| Untracked 
|   5|0x00000000d1700000, 0x00000000d1700000, 0x00000000d1800000|  0%| F|  |TAMS 0x00000000d1700000, 0x00000000d1700000| Untracked 
|   6|0x00000000d1800000, 0x00000000d1800000, 0x00000000d1900000|  0%| F|  |TAMS 0x00000000d1800000, 0x00000000d1800000| Untracked 
|   7|0x00000000d1900000, 0x00000000d1900000, 0x00000000d1a00000|  0%| F|  |TAMS 0x00000000d1900000, 0x00000000d1900000| Untracked 
|   8|0x00000000d1a00000, 0x00000000d1a00000, 0x00000000d1b00000|  0%| F|  |TAMS 0x00000000d1a00000, 0x00000000d1a00000| Untracked 
|   9|0x00000000d1b00000, 0x00000000d1b00000, 0x00000000d1c00000|  0%| F|  |TAMS 0x00000000d1b00000, 0x00000000d1b00000| Untracked 
|  10|0x00000000d1c00000, 0x00000000d1c00000, 0x00000000d1d00000|  0%| F|  |TAMS 0x00000000d1c00000, 0x00000000d1c00000| Untracked 
|  11|0x00000000d1d00000, 0x00000000d1d00000, 0x00000000d1e00000|  0%| F|  |TAMS 0x00000000d1d00000, 0x00000000d1d00000| Untracked 
|  12|0x00000000d1e00000, 0x00000000d1e00000, 0x00000000d1f00000|  0%| F|  |TAMS 0x00000000d1e00000, 0x00000000d1e00000| Untracked 
|  13|0x00000000d1f00000, 0x00000000d1f00000, 0x00000000d2000000|  0%| F|  |TAMS 0x00000000d1f00000, 0x00000000d1f00000| Untracked 
|  14|0x00000000d2000000, 0x00000000d2000000, 0x00000000d2100000|  0%| F|  |TAMS 0x00000000d2000000, 0x00000000d2000000| Untracked 
|  15|0x00000000d2100000, 0x00000000d2100000, 0x00000000d2200000|  0%| F|  |TAMS 0x00000000d2100000, 0x00000000d2100000| Untracked 
|  16|0x00000000d2200000, 0x00000000d2200000, 0x00000000d2300000|  0%| F|  |TAMS 0x00000000d2200000, 0x00000000d2200000| Untracked 
|  17|0x00000000d2300000, 0x00000000d2300000, 0x00000000d2400000|  0%| F|  |TAMS 0x00000000d2300000, 0x00000000d2300000| Untracked 
|  18|0x00000000d2400000, 0x00000000d2400000, 0x00000000d2500000|  0%| F|  |TAMS 0x00000000d2400000, 0x00000000d2400000| Untracked 
|  19|0x00000000d2500000, 0x00000000d2500000, 0x00000000d2600000|  0%| F|  |TAMS 0x00000000d2500000, 0x00000000d2500000| Untracked 
|  20|0x00000000d2600000, 0x00000000d2600000, 0x00000000d2700000|  0%| F|  |TAMS 0x00000000d2600000, 0x00000000d2600000| Untracked 
|  21|0x00000000d2700000, 0x00000000d2700000, 0x00000000d2800000|  0%| F|  |TAMS 0x00000000d2700000, 0x00000000d2700000| Untracked 
|  22|0x00000000d2800000, 0x00000000d2800000, 0x00000000d2900000|  0%| F|  |TAMS 0x00000000d2800000, 0x00000000d2800000| Untracked 
|  23|0x00000000d2900000, 0x00000000d2900000, 0x00000000d2a00000|  0%| F|  |TAMS 0x00000000d2900000, 0x00000000d2900000| Untracked 
|  24|0x00000000d2a00000, 0x00000000d2a00000, 0x00000000d2b00000|  0%| F|  |TAMS 0x00000000d2a00000, 0x00000000d2a00000| Untracked 
|  25|0x00000000d2b00000, 0x00000000d2b00000, 0x00000000d2c00000|  0%| F|  |TAMS 0x00000000d2b00000, 0x00000000d2b00000| Untracked 
|  26|0x00000000d2c00000, 0x00000000d2c00000, 0x00000000d2d00000|  0%| F|  |TAMS 0x00000000d2c00000, 0x00000000d2c00000| Untracked 
|  27|0x00000000d2d00000, 0x00000000d2d00000, 0x00000000d2e00000|  0%| F|  |TAMS 0x00000000d2d00000, 0x00000000d2d00000| Untracked 
|  28|0x00000000d2e00000, 0x00000000d2e00000, 0x00000000d2f00000|  0%| F|  |TAMS 0x00000000d2e00000, 0x00000000d2e00000| Untracked 
|  29|0x00000000d2f00000, 0x00000000d2f00000, 0x00000000d3000000|  0%| F|  |TAMS 0x00000000d2f00000, 0x00000000d2f00000| Untracked 
|  30|0x00000000d3000000, 0x00000000d3000000, 0x00000000d3100000|  0%| F|  |TAMS 0x00000000d3000000, 0x00000000d3000000| Untracked 
|  31|0x00000000d3100000, 0x00000000d3100000, 0x00000000d3200000|  0%| F|  |TAMS 0x00000000d3100000, 0x00000000d3100000| Untracked 
|  32|0x00000000d3200000, 0x00000000d3200000, 0x00000000d3300000|  0%| F|  |TAMS 0x00000000d3200000, 0x00000000d3200000| Untracked 
|  33|0x00000000d3300000, 0x00000000d3300000, 0x00000000d3400000|  0%| F|  |TAMS 0x00000000d3300000, 0x00000000d3300000| Untracked 
|  34|0x00000000d3400000, 0x00000000d3400000, 0x00000000d3500000|  0%| F|  |TAMS 0x00000000d3400000, 0x00000000d3400000| Untracked 
|  35|0x00000000d3500000, 0x00000000d3500000, 0x00000000d3600000|  0%| F|  |TAMS 0x00000000d3500000, 0x00000000d3500000| Untracked 
|  36|0x00000000d3600000, 0x00000000d3600000, 0x00000000d3700000|  0%| F|  |TAMS 0x00000000d3600000, 0x00000000d3600000| Untracked 
|  37|0x00000000d3700000, 0x00000000d3700000, 0x00000000d3800000|  0%| F|  |TAMS 0x00000000d3700000, 0x00000000d3700000| Untracked 
|  38|0x00000000d3800000, 0x00000000d3800000, 0x00000000d3900000|  0%| F|  |TAMS 0x00000000d3800000, 0x00000000d3800000| Untracked 
|  39|0x00000000d3900000, 0x00000000d3900000, 0x00000000d3a00000|  0%| F|  |TAMS 0x00000000d3900000, 0x00000000d3900000| Untracked 
|  40|0x00000000d3a00000, 0x00000000d3a00000, 0x00000000d3b00000|  0%| F|  |TAMS 0x00000000d3a00000, 0x00000000d3a00000| Untracked 
|  41|0x00000000d3b00000, 0x00000000d3b00000, 0x00000000d3c00000|  0%| F|  |TAMS 0x00000000d3b00000, 0x00000000d3b00000| Untracked 
|  42|0x00000000d3c00000, 0x00000000d3c00000, 0x00000000d3d00000|  0%| F|  |TAMS 0x00000000d3c00000, 0x00000000d3c00000| Untracked 
|  43|0x00000000d3d00000, 0x00000000d3d00000, 0x00000000d3e00000|  0%| F|  |TAMS 0x00000000d3d00000, 0x00000000d3d00000| Untracked 
|  44|0x00000000d3e00000, 0x00000000d3e00000, 0x00000000d3f00000|  0%| F|  |TAMS 0x00000000d3e00000, 0x00000000d3e00000| Untracked 
|  45|0x00000000d3f00000, 0x00000000d3f00000, 0x00000000d4000000|  0%| F|  |TAMS 0x00000000d3f00000, 0x00000000d3f00000| Untracked 
|  46|0x00000000d4000000, 0x00000000d4000000, 0x00000000d4100000|  0%| F|  |TAMS 0x00000000d4000000, 0x00000000d4000000| Untracked 
|  47|0x00000000d4100000, 0x00000000d4100000, 0x00000000d4200000|  0%| F|  |TAMS 0x00000000d4100000, 0x00000000d4100000| Untracked 
|  48|0x00000000d4200000, 0x00000000d4200000, 0x00000000d4300000|  0%| F|  |TAMS 0x00000000d4200000, 0x00000000d4200000| Untracked 
|  49|0x00000000d4300000, 0x00000000d4300000, 0x00000000d4400000|  0%| F|  |TAMS 0x00000000d4300000, 0x00000000d4300000| Untracked 
|  50|0x00000000d4400000, 0x00000000d4400000, 0x00000000d4500000|  0%| F|  |TAMS 0x00000000d4400000, 0x00000000d4400000| Untracked 
|  51|0x00000000d4500000, 0x00000000d4500000, 0x00000000d4600000|  0%| F|  |TAMS 0x00000000d4500000, 0x00000000d4500000| Untracked 
|  52|0x00000000d4600000, 0x00000000d4600000, 0x00000000d4700000|  0%| F|  |TAMS 0x00000000d4600000, 0x00000000d4600000| Untracked 
|  53|0x00000000d4700000, 0x00000000d4700000, 0x00000000d4800000|  0%| F|  |TAMS 0x00000000d4700000, 0x00000000d4700000| Untracked 
|  54|0x00000000d4800000, 0x00000000d4800000, 0x00000000d4900000|  0%| F|  |TAMS 0x00000000d4800000, 0x00000000d4800000| Untracked 
|  55|0x00000000d4900000, 0x00000000d4900000, 0x00000000d4a00000|  0%| F|  |TAMS 0x00000000d4900000, 0x00000000d4900000| Untracked 
|  56|0x00000000d4a00000, 0x00000000d4a00000, 0x00000000d4b00000|  0%| F|  |TAMS 0x00000000d4a00000, 0x00000000d4a00000| Untracked 
|  57|0x00000000d4b00000, 0x00000000d4b00000, 0x00000000d4c00000|  0%| F|  |TAMS 0x00000000d4b00000, 0x00000000d4b00000| Untracked 
|  58|0x00000000d4c00000, 0x00000000d4c00000, 0x00000000d4d00000|  0%| F|  |TAMS 0x00000000d4c00000, 0x00000000d4c00000| Untracked 
|  59|0x00000000d4d00000, 0x00000000d4d00000, 0x00000000d4e00000|  0%| F|  |TAMS 0x00000000d4d00000, 0x00000000d4d00000| Untracked 
|  60|0x00000000d4e00000, 0x00000000d4e00000, 0x00000000d4f00000|  0%| F|  |TAMS 0x00000000d4e00000, 0x00000000d4e00000| Untracked 
|  61|0x00000000d4f00000, 0x00000000d4f00000, 0x00000000d5000000|  0%| F|  |TAMS 0x00000000d4f00000, 0x00000000d4f00000| Untracked 
|  62|0x00000000d5000000, 0x00000000d5000000, 0x00000000d5100000|  0%| F|  |TAMS 0x00000000d5000000, 0x00000000d5000000| Untracked 
|  63|0x00000000d5100000, 0x00000000d5100000, 0x00000000d5200000|  0%| F|  |TAMS 0x00000000d5100000, 0x00000000d5100000| Untracked 
|  64|0x00000000d5200000, 0x00000000d5200000, 0x00000000d5300000|  0%| F|  |TAMS 0x00000000d5200000, 0x00000000d5200000| Untracked 
|  65|0x00000000d5300000, 0x00000000d5300000, 0x00000000d5400000|  0%| F|  |TAMS 0x00000000d5300000, 0x00000000d5300000| Untracked 
|  66|0x00000000d5400000, 0x00000000d5400000, 0x00000000d5500000|  0%| F|  |TAMS 0x00000000d5400000, 0x00000000d5400000| Untracked 
|  67|0x00000000d5500000, 0x00000000d5500000, 0x00000000d5600000|  0%| F|  |TAMS 0x00000000d5500000, 0x00000000d5500000| Untracked 
|  68|0x00000000d5600000, 0x00000000d5600000, 0x00000000d5700000|  0%| F|  |TAMS 0x00000000d5600000, 0x00000000d5600000| Untracked 
|  69|0x00000000d5700000, 0x00000000d5700000, 0x00000000d5800000|  0%| F|  |TAMS 0x00000000d5700000, 0x00000000d5700000| Untracked 
|  70|0x00000000d5800000, 0x00000000d5800000, 0x00000000d5900000|  0%| F|  |TAMS 0x00000000d5800000, 0x00000000d5800000| Untracked 
|  71|0x00000000d5900000, 0x00000000d5900000, 0x00000000d5a00000|  0%| F|  |TAMS 0x00000000d5900000, 0x00000000d5900000| Untracked 
|  72|0x00000000d5a00000, 0x00000000d5a00000, 0x00000000d5b00000|  0%| F|  |TAMS 0x00000000d5a00000, 0x00000000d5a00000| Untracked 
|  73|0x00000000d5b00000, 0x00000000d5b00000, 0x00000000d5c00000|  0%| F|  |TAMS 0x00000000d5b00000, 0x00000000d5b00000| Untracked 
|  74|0x00000000d5c00000, 0x00000000d5c00000, 0x00000000d5d00000|  0%| F|  |TAMS 0x00000000d5c00000, 0x00000000d5c00000| Untracked 
|  75|0x00000000d5d00000, 0x00000000d5d00000, 0x00000000d5e00000|  0%| F|  |TAMS 0x00000000d5d00000, 0x00000000d5d00000| Untracked 
|  76|0x00000000d5e00000, 0x00000000d5e00000, 0x00000000d5f00000|  0%| F|  |TAMS 0x00000000d5e00000, 0x00000000d5e00000| Untracked 
|  77|0x00000000d5f00000, 0x00000000d5f00000, 0x00000000d6000000|  0%| F|  |TAMS 0x00000000d5f00000, 0x00000000d5f00000| Untracked 
|  78|0x00000000d6000000, 0x00000000d6000000, 0x00000000d6100000|  0%| F|  |TAMS 0x00000000d6000000, 0x00000000d6000000| Untracked 
|  79|0x00000000d6100000, 0x00000000d6100000, 0x00000000d6200000|  0%| F|  |TAMS 0x00000000d6100000, 0x00000000d6100000| Untracked 
|  80|0x00000000d6200000, 0x00000000d6200000, 0x00000000d6300000|  0%| F|  |TAMS 0x00000000d6200000, 0x00000000d6200000| Untracked 
|  81|0x00000000d6300000, 0x00000000d6300000, 0x00000000d6400000|  0%| F|  |TAMS 0x00000000d6300000, 0x00000000d6300000| Untracked 
|  82|0x00000000d6400000, 0x00000000d6400000, 0x00000000d6500000|  0%| F|  |TAMS 0x00000000d6400000, 0x00000000d6400000| Untracked 
|  83|0x00000000d6500000, 0x00000000d6500000, 0x00000000d6600000|  0%| F|  |TAMS 0x00000000d6500000, 0x00000000d6500000| Untracked 
|  84|0x00000000d6600000, 0x00000000d6600000, 0x00000000d6700000|  0%| F|  |TAMS 0x00000000d6600000, 0x00000000d6600000| Untracked 
|  85|0x00000000d6700000, 0x00000000d6700000, 0x00000000d6800000|  0%| F|  |TAMS 0x00000000d6700000, 0x00000000d6700000| Untracked 
|  86|0x00000000d6800000, 0x00000000d6800000, 0x00000000d6900000|  0%| F|  |TAMS 0x00000000d6800000, 0x00000000d6800000| Untracked 
|  87|0x00000000d6900000, 0x00000000d6900000, 0x00000000d6a00000|  0%| F|  |TAMS 0x00000000d6900000, 0x00000000d6900000| Untracked 
|  88|0x00000000d6a00000, 0x00000000d6a00000, 0x00000000d6b00000|  0%| F|  |TAMS 0x00000000d6a00000, 0x00000000d6a00000| Untracked 
|  89|0x00000000d6b00000, 0x00000000d6b00000, 0x00000000d6c00000|  0%| F|  |TAMS 0x00000000d6b00000, 0x00000000d6b00000| Untracked 
|  90|0x00000000d6c00000, 0x00000000d6c00000, 0x00000000d6d00000|  0%| F|  |TAMS 0x00000000d6c00000, 0x00000000d6c00000| Untracked 
|  91|0x00000000d6d00000, 0x00000000d6d00000, 0x00000000d6e00000|  0%| F|  |TAMS 0x00000000d6d00000, 0x00000000d6d00000| Untracked 
|  92|0x00000000d6e00000, 0x00000000d6e00000, 0x00000000d6f00000|  0%| F|  |TAMS 0x00000000d6e00000, 0x00000000d6e00000| Untracked 
|  93|0x00000000d6f00000, 0x00000000d6f00000, 0x00000000d7000000|  0%| F|  |TAMS 0x00000000d6f00000, 0x00000000d6f00000| Untracked 
|  94|0x00000000d7000000, 0x00000000d7000000, 0x00000000d7100000|  0%| F|  |TAMS 0x00000000d7000000, 0x00000000d7000000| Untracked 
|  95|0x00000000d7100000, 0x00000000d7100000, 0x00000000d7200000|  0%| F|  |TAMS 0x00000000d7100000, 0x00000000d7100000| Untracked 
|  96|0x00000000d7200000, 0x00000000d7200000, 0x00000000d7300000|  0%| F|  |TAMS 0x00000000d7200000, 0x00000000d7200000| Untracked 
|  97|0x00000000d7300000, 0x00000000d7300000, 0x00000000d7400000|  0%| F|  |TAMS 0x00000000d7300000, 0x00000000d7300000| Untracked 
|  98|0x00000000d7400000, 0x00000000d7400000, 0x00000000d7500000|  0%| F|  |TAMS 0x00000000d7400000, 0x00000000d7400000| Untracked 
|  99|0x00000000d7500000, 0x00000000d7500000, 0x00000000d7600000|  0%| F|  |TAMS 0x00000000d7500000, 0x00000000d7500000| Untracked 
| 100|0x00000000d7600000, 0x00000000d7600000, 0x00000000d7700000|  0%| F|  |TAMS 0x00000000d7600000, 0x00000000d7600000| Untracked 
| 101|0x00000000d7700000, 0x00000000d7700000, 0x00000000d7800000|  0%| F|  |TAMS 0x00000000d7700000, 0x00000000d7700000| Untracked 
| 102|0x00000000d7800000, 0x00000000d7800000, 0x00000000d7900000|  0%| F|  |TAMS 0x00000000d7800000, 0x00000000d7800000| Untracked 
| 103|0x00000000d7900000, 0x00000000d7900000, 0x00000000d7a00000|  0%| F|  |TAMS 0x00000000d7900000, 0x00000000d7900000| Untracked 
| 104|0x00000000d7a00000, 0x00000000d7a00000, 0x00000000d7b00000|  0%| F|  |TAMS 0x00000000d7a00000, 0x00000000d7a00000| Untracked 
| 105|0x00000000d7b00000, 0x00000000d7b00000, 0x00000000d7c00000|  0%| F|  |TAMS 0x00000000d7b00000, 0x00000000d7b00000| Untracked 
| 106|0x00000000d7c00000, 0x00000000d7c00000, 0x00000000d7d00000|  0%| F|  |TAMS 0x00000000d7c00000, 0x00000000d7c00000| Untracked 
| 107|0x00000000d7d00000, 0x00000000d7d00000, 0x00000000d7e00000|  0%| F|  |TAMS 0x00000000d7d00000, 0x00000000d7d00000| Untracked 
| 108|0x00000000d7e00000, 0x00000000d7e00000, 0x00000000d7f00000|  0%| F|  |TAMS 0x00000000d7e00000, 0x00000000d7e00000| Untracked 
| 109|0x00000000d7f00000, 0x00000000d7f00000, 0x00000000d8000000|  0%| F|  |TAMS 0x00000000d7f00000, 0x00000000d7f00000| Untracked 
| 110|0x00000000d8000000, 0x00000000d8000000, 0x00000000d8100000|  0%| F|  |TAMS 0x00000000d8000000, 0x00000000d8000000| Untracked 
| 111|0x00000000d8100000, 0x00000000d8100000, 0x00000000d8200000|  0%| F|  |TAMS 0x00000000d8100000, 0x00000000d8100000| Untracked 
| 112|0x00000000d8200000, 0x00000000d8200000, 0x00000000d8300000|  0%| F|  |TAMS 0x00000000d8200000, 0x00000000d8200000| Untracked 
| 113|0x00000000d8300000, 0x00000000d8300000, 0x00000000d8400000|  0%| F|  |TAMS 0x00000000d8300000, 0x00000000d8300000| Untracked 
| 114|0x00000000d8400000, 0x00000000d8473578, 0x00000000d8500000| 45%| E|  |TAMS 0x00000000d8400000, 0x00000000d8400000| Complete 
| 115|0x00000000d8500000, 0x00000000d8600000, 0x00000000d8600000|100%| E|CS|TAMS 0x00000000d8500000, 0x00000000d8500000| Complete 
| 116|0x00000000d8600000, 0x00000000d8700000, 0x00000000d8700000|100%| E|CS|TAMS 0x00000000d8600000, 0x00000000d8600000| Complete 
| 117|0x00000000d8700000, 0x00000000d8800000, 0x00000000d8800000|100%| E|CS|TAMS 0x00000000d8700000, 0x00000000d8700000| Complete 
| 118|0x00000000d8800000, 0x00000000d8900000, 0x00000000d8900000|100%| E|CS|TAMS 0x00000000d8800000, 0x00000000d8800000| Complete 
| 119|0x00000000d8900000, 0x00000000d8a00000, 0x00000000d8a00000|100%| E|CS|TAMS 0x00000000d8900000, 0x00000000d8900000| Complete 
| 120|0x00000000d8a00000, 0x00000000d8b00000, 0x00000000d8b00000|100%| E|CS|TAMS 0x00000000d8a00000, 0x00000000d8a00000| Complete 
| 121|0x00000000d8b00000, 0x00000000d8c00000, 0x00000000d8c00000|100%| E|CS|TAMS 0x00000000d8b00000, 0x00000000d8b00000| Complete 
| 122|0x00000000d8c00000, 0x00000000d8d00000, 0x00000000d8d00000|100%| E|CS|TAMS 0x00000000d8c00000, 0x00000000d8c00000| Complete 
| 123|0x00000000d8d00000, 0x00000000d8e00000, 0x00000000d8e00000|100%| E|CS|TAMS 0x00000000d8d00000, 0x00000000d8d00000| Complete 
| 124|0x00000000d8e00000, 0x00000000d8f00000, 0x00000000d8f00000|100%| E|CS|TAMS 0x00000000d8e00000, 0x00000000d8e00000| Complete 
| 125|0x00000000d8f00000, 0x00000000d9000000, 0x00000000d9000000|100%| E|CS|TAMS 0x00000000d8f00000, 0x00000000d8f00000| Complete 
| 126|0x00000000d9000000, 0x00000000d9100000, 0x00000000d9100000|100%| E|CS|TAMS 0x00000000d9000000, 0x00000000d9000000| Complete 
| 127|0x00000000d9100000, 0x00000000d9200000, 0x00000000d9200000|100%| E|CS|TAMS 0x00000000d9100000, 0x00000000d9100000| Complete 

Card table byte_map: [0x0000020af8690000,0x0000020af8810000] _byte_map_base: 0x0000020af8007000

Marking Bits (Prev, Next): (CMBitMap*) 0x0000020af4a1cc60, (CMBitMap*) 0x0000020af4a1cca0
 Prev Bits: [0x0000020af8990000, 0x0000020af9548000)
 Next Bits: [0x0000020af9550000, 0x0000020afa108000)

Polling page: 0x0000020af4480000

Metaspace:

Usage:
  Non-class:     13.41 MB used.
      Class:      1.52 MB used.
       Both:     14.93 MB used.

Virtual space:
  Non-class space:       16.00 MB reserved,      13.50 MB ( 84%) committed,  2 nodes.
      Class space:        1.00 GB reserved,       1.62 MB ( <1%) committed,  1 nodes.
             Both:        1.02 GB reserved,      15.12 MB (  1%) committed. 

Chunk freelists:
   Non-Class:  2.11 MB
       Class:  2.41 MB
        Both:  4.52 MB

MaxMetaspaceSize: unlimited
CompressedClassSpaceSize: 1.00 GB
Initial GC threshold: 21.00 MB
Current GC threshold: 21.00 MB
CDS: off
MetaspaceReclaimPolicy: balanced
 - commit_granule_bytes: 65536.
 - commit_granule_words: 8192.
 - virtual_space_node_default_size: 1048576.
 - enlarge_chunks_in_place: 1.
 - new_chunks_are_fully_committed: 0.
 - uncommit_free_chunks: 1.
 - use_allocation_guard: 0.
 - handle_deallocations: 1.


Internal statistics:

num_allocs_failed_limit: 0.
num_arena_births: 182.
num_arena_deaths: 0.
num_vsnodes_births: 3.
num_vsnodes_deaths: 0.
num_space_committed: 242.
num_space_uncommitted: 0.
num_chunks_returned_to_freelist: 0.
num_chunks_taken_from_freelist: 351.
num_chunk_merges: 0.
num_chunk_splits: 203.
num_chunks_enlarged: 92.
num_purges: 0.
num_inconsistent_stats: 0.

CodeHeap 'non-profiled nmethods': size=120000Kb used=297Kb max_used=297Kb free=119703Kb
 bounds [0x0000020a87ad0000, 0x0000020a87d40000, 0x0000020a8f000000]
CodeHeap 'profiled nmethods': size=120000Kb used=1453Kb max_used=1453Kb free=118546Kb
 bounds [0x0000020a805a0000, 0x0000020a80810000, 0x0000020a87ad0000]
CodeHeap 'non-nmethods': size=5760Kb used=1205Kb max_used=1235Kb free=4554Kb
 bounds [0x0000020a80000000, 0x0000020a80270000, 0x0000020a805a0000]
 total_blobs=1408 nmethods=896 adapters=425
 compilation: enabled
              stopped_count=0, restarted_count=0
 full_count=0

Compilation events (20 events):
Event: 0.497 Thread 0x0000020afd479910 nmethod 882 0x0000020a80700d90 code [0x0000020a80700f40, 0x0000020a80701198]
Event: 0.497 Thread 0x0000020afd479910  883       3       sun.invoke.util.Wrapper::isNumeric (16 bytes)
Event: 0.497 Thread 0x0000020afd479910 nmethod 883 0x0000020a80701290 code [0x0000020a80701420, 0x0000020a80701598]
Event: 0.497 Thread 0x0000020afd479910  887       3       java.util.regex.Pattern$Node::<init> (12 bytes)
Event: 0.497 Thread 0x0000020afd479910 nmethod 887 0x0000020a80701610 code [0x0000020a807017c0, 0x0000020a80701998]
Event: 0.497 Thread 0x0000020afd479910  888       3       java.lang.StringLatin1::getChar (9 bytes)
Event: 0.497 Thread 0x0000020afd479910 nmethod 888 0x0000020a80701a90 code [0x0000020a80701c20, 0x0000020a80701d38]
Event: 0.497 Thread 0x0000020afd479910  889       3       com.cloudera.impala.dsi.core.utilities.Variant::<init> (309 bytes)
Event: 0.498 Thread 0x0000020afd479910 nmethod 889 0x0000020a80701e10 code [0x0000020a807021a0, 0x0000020a80703ee8]
Event: 0.498 Thread 0x0000020afd479910  890       3       java.util.zip.ZipFile::getZipEntry (322 bytes)
Event: 0.499 Thread 0x0000020afd479910 nmethod 890 0x0000020a80704510 code [0x0000020a80704980, 0x0000020a80707038]
Event: 0.499 Thread 0x0000020afd479910  891       3       java.net.URL::toString (5 bytes)
Event: 0.499 Thread 0x0000020afd479910 nmethod 891 0x0000020a80707e90 code [0x0000020a80708040, 0x0000020a80708268]
Event: 0.499 Thread 0x0000020afd479910  892       3       java.net.URL::toExternalForm (9 bytes)
Event: 0.499 Thread 0x0000020afd479910 nmethod 892 0x0000020a80708390 code [0x0000020a80708540, 0x0000020a80708708]
Event: 0.500 Thread 0x0000020afd479910  893   !   3       jdk.internal.loader.URLClassPath$JarLoader::checkResource (78 bytes)
Event: 0.500 Thread 0x0000020afd479910 nmethod 893 0x0000020a80708810 code [0x0000020a80708a60, 0x0000020a80709468]
Event: 0.501 Thread 0x0000020afd479910  894   !   3       java.util.zip.InflaterInputStream::read (138 bytes)
Event: 0.502 Thread 0x0000020afd479910 nmethod 894 0x0000020a80709910 code [0x0000020a80709bc0, 0x0000020a8070a8b8]
Event: 0.502 Thread 0x0000020afd479910  896       3       java.nio.Buffer::position (52 bytes)

GC Heap History (0 events):
No events

Deoptimization events (20 events):
Event: 0.358 Thread 0x0000020af49dd840 Uncommon trap: trap_request=0xffffff45 fr.pc=0x0000020a87af8c74 relative=0x0000000000000074
Event: 0.358 Thread 0x0000020af49dd840 Uncommon trap: reason=unstable_if action=reinterpret pc=0x0000020a87af8c74 method=jdk.internal.misc.Unsafe.convEndian(ZI)I @ 4 c2
Event: 0.358 Thread 0x0000020af49dd840 DEOPT PACKING pc=0x0000020a87af8c74 sp=0x0000009cac0fda20
Event: 0.358 Thread 0x0000020af49dd840 DEOPT UNPACKING pc=0x0000020a800523a3 sp=0x0000009cac0fd950 mode 2
Event: 0.358 Thread 0x0000020af49dd840 Uncommon trap: trap_request=0xffffff45 fr.pc=0x0000020a87af9c38 relative=0x0000000000000038
Event: 0.358 Thread 0x0000020af49dd840 Uncommon trap: reason=unstable_if action=reinterpret pc=0x0000020a87af9c38 method=jdk.internal.misc.Unsafe.convEndian(ZI)I @ 4 c2
Event: 0.358 Thread 0x0000020af49dd840 DEOPT PACKING pc=0x0000020a87af9c38 sp=0x0000009cac0fd9c0
Event: 0.358 Thread 0x0000020af49dd840 DEOPT UNPACKING pc=0x0000020a800523a3 sp=0x0000009cac0fd958 mode 2
Event: 0.364 Thread 0x0000020af49dd840 DEOPT PACKING pc=0x0000020a805b3ad1 sp=0x0000009cac0fe6d0
Event: 0.364 Thread 0x0000020af49dd840 DEOPT UNPACKING pc=0x0000020a80052b43 sp=0x0000009cac0fdb48 mode 0
Event: 0.371 Thread 0x0000020af49dd840 DEOPT PACKING pc=0x0000020a80649c82 sp=0x0000009cac0feb90
Event: 0.371 Thread 0x0000020af49dd840 DEOPT UNPACKING pc=0x0000020a80052b43 sp=0x0000009cac0fe020 mode 0
Event: 0.391 Thread 0x0000020afed24b20 Uncommon trap: trap_request=0xffffff45 fr.pc=0x0000020a87afc0b8 relative=0x0000000000000198
Event: 0.391 Thread 0x0000020afed24b20 Uncommon trap: reason=unstable_if action=reinterpret pc=0x0000020a87afc0b8 method=java.lang.invoke.VarHandle.checkExactAccessMode(Ljava/lang/invoke/VarHandle$AccessDescriptor;)V @ 4 c2
Event: 0.391 Thread 0x0000020afed24b20 DEOPT PACKING pc=0x0000020a87afc0b8 sp=0x0000009cadafecb0
Event: 0.391 Thread 0x0000020afed24b20 DEOPT UNPACKING pc=0x0000020a800523a3 sp=0x0000009cadafec90 mode 2
Event: 0.430 Thread 0x0000020afed24180 Uncommon trap: trap_request=0xffffff45 fr.pc=0x0000020a87b03f70 relative=0x00000000000004d0
Event: 0.430 Thread 0x0000020afed24180 Uncommon trap: reason=unstable_if action=reinterpret pc=0x0000020a87b03f70 method=java.lang.StringLatin1.replace([BCC)Ljava/lang/String; @ 19 c2
Event: 0.430 Thread 0x0000020afed24180 DEOPT PACKING pc=0x0000020a87b03f70 sp=0x0000009cadcfd570
Event: 0.430 Thread 0x0000020afed24180 DEOPT UNPACKING pc=0x0000020a800523a3 sp=0x0000009cadcfd4f0 mode 2

Classes unloaded (0 events):
No events

Classes redefined (0 events):
No events

Internal exceptions (14 events):
Event: 0.177 Thread 0x0000020af49dd840 Exception <a 'java/io/FileNotFoundException'{0x00000000d8e462e0}> (0x00000000d8e462e0) 
thrown [s\src\hotspot\share\prims\jni.cpp, line 517]
Event: 0.184 Thread 0x0000020af49dd840 Exception <a 'java/io/FileNotFoundException'{0x00000000d8e89518}> (0x00000000d8e89518) 
thrown [s\src\hotspot\share\prims\jni.cpp, line 517]
Event: 0.188 Thread 0x0000020af49dd840 Exception <a 'java/lang/ClassNotFoundException'{0x00000000d8e96cb8}: sun/awt/resources/spi/awtProvider> (0x00000000d8e96cb8) 
thrown [s\src\hotspot\share\classfile\systemDictionary.cpp, line 256]
Event: 0.203 Thread 0x0000020af49dd840 Exception <a 'java/io/FileNotFoundException'{0x00000000d8d03ad8}> (0x00000000d8d03ad8) 
thrown [s\src\hotspot\share\prims\jni.cpp, line 517]
Event: 0.208 Thread 0x0000020af49dd840 Exception <a 'java/io/FileNotFoundException'{0x00000000d8d30bb0}> (0x00000000d8d30bb0) 
thrown [s\src\hotspot\share\prims\jni.cpp, line 517]
Event: 0.241 Thread 0x0000020af49dd840 Exception <a 'java/lang/NoSuchMethodError'{0x00000000d8d691f8}: 'java.lang.Object java.lang.invoke.DirectMethodHandle$Holder.invokeStaticInit(java.lang.Object)'> (0x00000000d8d691f8) 
thrown [s\src\hotspot\share\interpreter\linkResolver.cpp, line 771]
Event: 0.298 Thread 0x0000020af49dd840 Exception <a 'java/lang/NoSuchMethodError'{0x00000000d8c62d48}: 'java.lang.Object java.lang.invoke.DirectMethodHandle$Holder.invokeStaticInit(java.lang.Object, int, int, int, int)'> (0x00000000d8c62d48) 
thrown [s\src\hotspot\share\interpreter\linkResolver.cpp, line 771]
Event: 0.335 Thread 0x0000020af49dd840 Exception <a 'java/lang/NoSuchMethodError'{0x00000000d8b48f78}: 'java.lang.Object java.lang.invoke.DirectMethodHandle$Holder.invokeStaticInit(java.lang.Object, java.lang.Object, int, int, int, int)'> (0x00000000d8b48f78) 
thrown [s\src\hotspot\share\interpreter\linkResolver.cpp, line 771]
Event: 0.352 Thread 0x0000020af49dd840 Exception <a 'java/lang/NoSuchMethodError'{0x00000000d8b834c0}: 'void java.lang.invoke.DirectMethodHandle$Holder.invokeStatic(java.lang.Object, java.lang.Object)'> (0x00000000d8b834c0) 
thrown [s\src\hotspot\share\interpreter\linkResolver.cpp, line 771]
Event: 0.380 Thread 0x0000020af49dd840 Exception <a 'java/lang/NoSuchMethodError'{0x00000000d890e2a8}: 'java.lang.Object java.lang.invoke.Invokers$Holder.linkToTargetMethod(java.lang.Object, long, java.lang.Object)'> (0x00000000d890e2a8) 
thrown [s\src\hotspot\share\interpreter\linkResolver.cpp, line 771]
Event: 0.415 Thread 0x0000020afed24180 Exception <a 'java/lang/NoSuchMethodError'{0x00000000d8891728}: static [B.<clinit>()V> (0x00000000d8891728) 
thrown [s\src\hotspot\share\prims\jni.cpp, line 1108]
Event: 0.423 Thread 0x0000020afed24180 Exception <a 'java/lang/NoSuchMethodError'{0x00000000d88c2b88}: static [Ljava/rmi/server/ObjID;.<clinit>()V> (0x00000000d88c2b88) 
thrown [s\src\hotspot\share\prims\jni.cpp, line 1108]
Event: 0.424 Thread 0x0000020afed24ff0 Exception <a 'java/lang/InterruptedException'{0x00000000d88d9928}> (0x00000000d88d9928) 
thrown [s\src\hotspot\share\runtime\objectMonitor.cpp, line 1648]
Event: 0.425 Thread 0x0000020afed24ff0 Exception <a 'java/lang/NoSuchMethodError'{0x00000000d88e20c8}: 'java.lang.Object java.lang.invoke.DirectMethodHandle$Holder.newInvokeSpecial(java.lang.Object, java.lang.Object, int, java.lang.Object, long)'> (0x00000000d88e20c8) 
thrown [s\src\hotspot\share\interpreter\linkResolver.cpp, line 771]

VM Operations (8 events):
Event: 0.144 Executing VM operation: HandshakeAllThreads
Event: 0.144 Executing VM operation: HandshakeAllThreads done
Event: 0.265 Executing VM operation: HandshakeAllThreads
Event: 0.265 Executing VM operation: HandshakeAllThreads done
Event: 0.431 Executing VM operation: HandshakeAllThreads
Event: 0.431 Executing VM operation: HandshakeAllThreads done
Event: 0.501 Executing VM operation: HandshakeAllThreads
Event: 0.501 Executing VM operation: HandshakeAllThreads done

Events (20 events):
Event: 0.488 loading class java/text/FieldPosition$Delegate
Event: 0.488 loading class java/text/Format$FieldDelegate
Event: 0.488 loading class java/text/Format$FieldDelegate done
Event: 0.488 loading class java/text/FieldPosition$Delegate done
Event: 0.488 loading class java/text/NumberFormat$Field
Event: 0.488 loading class java/text/Format$Field
Event: 0.488 loading class java/text/Format$Field done
Event: 0.488 loading class java/text/NumberFormat$Field done
Event: 0.488 loading class java/text/MessageFormat$Field
Event: 0.488 loading class java/text/MessageFormat$Field done
Event: 0.491 loading class javax/naming/OperationNotSupportedException
Event: 0.491 loading class javax/naming/NamingException
Event: 0.491 loading class javax/naming/NamingException done
Event: 0.492 loading class javax/naming/OperationNotSupportedException done
Event: 0.494 loading class java/util/concurrent/TimeoutException
Event: 0.494 loading class java/util/concurrent/TimeoutException done
Event: 0.494 loading class java/util/concurrent/ExecutionException
Event: 0.494 loading class java/util/concurrent/ExecutionException done
Event: 0.496 loading class java/util/concurrent/Executors$DefaultThreadFactory
Event: 0.496 loading class java/util/concurrent/Executors$DefaultThreadFactory done


Dynamic libraries:
0x00007ff6bb370000 - 0x00007ff6bb37a000 	D:\DataSoft\JetBox\apps\datagrip\ch-0\222.4167.25\jbr\bin\java.exe
0x00007ffc0de70000 - 0x00007ffc0e068000 	C:\WINDOWS\SYSTEM32\ntdll.dll
0x00007ffc0d490000 - 0x00007ffc0d54f000 	C:\WINDOWS\System32\KERNEL32.DLL
0x00007ffc0b850000 - 0x00007ffc0bb46000 	C:\WINDOWS\System32\KERNELBASE.dll
0x00007ffc0b750000 - 0x00007ffc0b850000 	C:\WINDOWS\System32\ucrtbase.dll
0x00007ffc07d80000 - 0x00007ffc07d97000 	D:\DataSoft\JetBox\apps\datagrip\ch-0\222.4167.25\jbr\bin\jli.dll
0x00007ffc07da0000 - 0x00007ffc07dbb000 	D:\DataSoft\JetBox\apps\datagrip\ch-0\222.4167.25\jbr\bin\VCRUNTIME140.dll
0x00007ffc0d830000 - 0x00007ffc0d9cd000 	C:\WINDOWS\System32\USER32.dll
0x00007ffc0b720000 - 0x00007ffc0b742000 	C:\WINDOWS\System32\win32u.dll
0x00007ffc0d670000 - 0x00007ffc0d69c000 	C:\WINDOWS\System32\GDI32.dll
0x00007ffbfe4b0000 - 0x00007ffbfe74a000 	C:\WINDOWS\WinSxS\amd64_microsoft.windows.common-controls_6595b64144ccf1df_6.0.19041.1110_none_60b5254171f9507e\COMCTL32.dll
0x00007ffc0b600000 - 0x00007ffc0b715000 	C:\WINDOWS\System32\gdi32full.dll
0x00007ffc0da30000 - 0x00007ffc0dace000 	C:\WINDOWS\System32\msvcrt.dll
0x00007ffc0be30000 - 0x00007ffc0becd000 	C:\WINDOWS\System32\msvcp_win.dll
0x00007ffc0d380000 - 0x00007ffc0d3b0000 	C:\WINDOWS\System32\IMM32.DLL
0x00007ffc0b280000 - 0x00007ffc0b2ef000 	C:\WINDOWS\LVUAAgentInstBaseRoot\system32\Vozokopot.dll
0x00007ffc07d50000 - 0x00007ffc07d5c000 	D:\DataSoft\JetBox\apps\datagrip\ch-0\222.4167.25\jbr\bin\vcruntime140_1.dll
0x00007ffbe1b70000 - 0x00007ffbe1bfd000 	D:\DataSoft\JetBox\apps\datagrip\ch-0\222.4167.25\jbr\bin\msvcp140.dll
0x00007ffb90890000 - 0x00007ffb914f9000 	D:\DataSoft\JetBox\apps\datagrip\ch-0\222.4167.25\jbr\bin\server\jvm.dll
0x00007ffc0d2d0000 - 0x00007ffc0d37f000 	C:\WINDOWS\System32\ADVAPI32.dll
0x00007ffc0c870000 - 0x00007ffc0c90c000 	C:\WINDOWS\System32\sechost.dll
0x00007ffc0c910000 - 0x00007ffc0ca36000 	C:\WINDOWS\System32\RPCRT4.dll
0x00007ffc0c860000 - 0x00007ffc0c868000 	C:\WINDOWS\System32\PSAPI.DLL
0x00007ffbf5c70000 - 0x00007ffbf5c79000 	C:\WINDOWS\SYSTEM32\WSOCK32.dll
0x00007ffbf6420000 - 0x00007ffbf6447000 	C:\WINDOWS\SYSTEM32\WINMM.dll
0x00007ffc061d0000 - 0x00007ffc061da000 	C:\WINDOWS\SYSTEM32\VERSION.dll
0x00007ffc0d000000 - 0x00007ffc0d06b000 	C:\WINDOWS\System32\WS2_32.dll
0x00007ffbfe130000 - 0x00007ffbfe4a8000 	C:\WINDOWS\LVUAAgentInstBaseRoot\system32\MozartBreathCore.dll
0x00007ffc0c780000 - 0x00007ffc0c85a000 	C:\WINDOWS\System32\COMDLG32.dll
0x00007ffc0dad0000 - 0x00007ffc0de24000 	C:\WINDOWS\System32\combase.dll
0x00007ffc08ac0000 - 0x00007ffc08ad4000 	C:\WINDOWS\SYSTEM32\WTSAPI32.dll
0x00007ffc0bf80000 - 0x00007ffc0c02d000 	C:\WINDOWS\System32\shcore.dll
0x00007ffc0d6a0000 - 0x00007ffc0d6f5000 	C:\WINDOWS\System32\SHLWAPI.dll
0x00007ffc0a920000 - 0x00007ffc0a95c000 	C:\WINDOWS\SYSTEM32\IPHLPAPI.DLL
0x00007ffc0a960000 - 0x00007ffc0aa2b000 	C:\WINDOWS\SYSTEM32\DNSAPI.dll
0x00007ffc0c030000 - 0x00007ffc0c774000 	C:\WINDOWS\System32\SHELL32.dll
0x00007ffbfe090000 - 0x00007ffbfe128000 	C:\WINDOWS\SYSTEM32\WINSPOOL.DRV
0x00007ffc0d700000 - 0x00007ffc0d82a000 	C:\WINDOWS\System32\ole32.dll
0x00007ffc0ca40000 - 0x00007ffc0cb0d000 	C:\WINDOWS\System32\OLEAUT32.dll
0x00007ffbfc7b0000 - 0x00007ffbfc7cd000 	C:\WINDOWS\SYSTEM32\MPR.dll
0x00007ffc0d2c0000 - 0x00007ffc0d2c8000 	C:\WINDOWS\System32\NSI.dll
0x00007ffbf59f0000 - 0x00007ffbf5a0f000 	C:\WINDOWS\LVUAAgentInstBaseRoot\system32\MozartBreathOM.dll
0x00007ffc09330000 - 0x00007ffc09342000 	C:\WINDOWS\SYSTEM32\kernel.appcore.dll
0x00007ffbf5310000 - 0x00007ffbf5337000 	C:\WINDOWS\LVUAAgentInstBaseRoot\system32\MozartBreathFw.dll
0x00007ffc04f40000 - 0x00007ffc04f4a000 	D:\DataSoft\JetBox\apps\datagrip\ch-0\222.4167.25\jbr\bin\jimage.dll
0x00007ffbf9d40000 - 0x00007ffbf9f24000 	C:\WINDOWS\SYSTEM32\DBGHELP.DLL
0x00007ffbf8cb0000 - 0x00007ffbf8ce4000 	C:\WINDOWS\SYSTEM32\dbgcore.DLL
0x00007ffc0bd30000 - 0x00007ffc0bdb2000 	C:\WINDOWS\System32\bcryptPrimitives.dll
0x00007ffbf5130000 - 0x00007ffbf519d000 	C:\WINDOWS\LVUAAgentInstBaseRoot\system32\MozartBreathFile.dll
0x00007ffbf4010000 - 0x00007ffbf413d000 	C:\WINDOWS\LVUAAgentInstBaseRoot\system32\MozartBreathProcess.dll
0x00007ffbf3ad0000 - 0x00007ffbf3b47000 	C:\WINDOWS\LVUAAgentInstBaseRoot\system32\MozartBreathBolo2.dll
0x00007ffbf3790000 - 0x00007ffbf37bb000 	C:\WINDOWS\LVUAAgentInstBaseRoot\system32\MozartBreathProtect.dll
0x00007ffbcd570000 - 0x00007ffbcd595000 	D:\DataSoft\JetBox\apps\datagrip\ch-0\222.4167.25\jbr\bin\java.dll
0x00007ffbf88a0000 - 0x00007ffbf88b8000 	D:\DataSoft\JetBox\apps\datagrip\ch-0\222.4167.25\jbr\bin\zip.dll
0x00007ffc09530000 - 0x00007ffc09cc3000 	C:\WINDOWS\SYSTEM32\windows.storage.dll
0x00007ffc0aed0000 - 0x00007ffc0aefe000 	C:\WINDOWS\System32\Wldp.dll
0x00007ffc0b490000 - 0x00007ffc0b4af000 	C:\WINDOWS\SYSTEM32\profapi.dll
0x00007ffbdcf90000 - 0x00007ffbdcfa9000 	D:\DataSoft\JetBox\apps\datagrip\ch-0\222.4167.25\jbr\bin\net.dll
0x00007ffc06280000 - 0x00007ffc0638a000 	C:\WINDOWS\SYSTEM32\WINHTTP.dll
0x00007ffc0ac30000 - 0x00007ffc0ac9a000 	C:\WINDOWS\system32\mswsock.dll
0x00007ffbd03c0000 - 0x00007ffbd03d6000 	D:\DataSoft\JetBox\apps\datagrip\ch-0\222.4167.25\jbr\bin\nio.dll
0x00007ffb937c0000 - 0x00007ffb93953000 	D:\DataSoft\JetBox\apps\datagrip\ch-0\222.4167.25\jbr\bin\awt.dll
0x00007ffc09150000 - 0x00007ffc0917f000 	C:\WINDOWS\SYSTEM32\dwmapi.dll
0x00007ffc08a20000 - 0x00007ffc08ab1000 	C:\WINDOWS\SYSTEM32\apphelp.dll
0x00007ffc08e60000 - 0x00007ffc08efe000 	C:\WINDOWS\system32\uxtheme.dll
0x00007ffbd7e80000 - 0x00007ffbd7f59000 	c:\Program Files\HP\HP ProtectTools Security Manager\Bin\DpoFeedb.dll
0x00007ffc0b410000 - 0x00007ffc0b43e000 	C:\WINDOWS\SYSTEM32\USERENV.dll
0x00007ffc0d550000 - 0x00007ffc0d664000 	C:\WINDOWS\System32\MSCTF.dll
0x0000000180000000 - 0x0000000180044000 	C:\WINDOWS\LVUAAgentInstBaseRoot\system32\OverlordSpear.dll
0x00007ffc06a70000 - 0x00007ffc06a87000 	C:\WINDOWS\SYSTEM32\dhcpcsvc6.DLL
0x00007ffc06a50000 - 0x00007ffc06a6d000 	C:\WINDOWS\SYSTEM32\dhcpcsvc.DLL
0x00007ffc0ae20000 - 0x00007ffc0ae38000 	C:\WINDOWS\SYSTEM32\CRYPTSP.dll
0x00007ffc0a550000 - 0x00007ffc0a584000 	C:\WINDOWS\system32\rsaenh.dll
0x00007ffc0bba0000 - 0x00007ffc0bbc7000 	C:\WINDOWS\System32\bcrypt.dll
0x00007ffc0ae40000 - 0x00007ffc0ae4c000 	C:\WINDOWS\SYSTEM32\CRYPTBASE.dll
0x00007ffc05210000 - 0x00007ffc05217000 	D:\DataSoft\JetBox\apps\datagrip\ch-0\222.4167.25\jbr\bin\rmi.dll
0x00007ffc04f30000 - 0x00007ffc04f40000 	D:\DataSoft\JetBox\apps\datagrip\ch-0\222.4167.25\jbr\bin\verify.dll

dbghelp: loaded successfully - version: 4.0.5 - missing functions: none
symbol engine: initialized successfully - sym options: 0x614 - pdb path: .;D:\DataSoft\JetBox\apps\datagrip\ch-0\222.4167.25\jbr\bin;C:\WINDOWS\SYSTEM32;C:\WINDOWS\WinSxS\amd64_microsoft.windows.common-controls_6595b64144ccf1df_6.0.19041.1110_none_60b5254171f9507e;C:\WINDOWS\LVUAAgentInstBaseRoot\system32;D:\DataSoft\JetBox\apps\datagrip\ch-0\222.4167.25\jbr\bin\server;c:\Program Files\HP\HP ProtectTools Security Manager\Bin

VM Arguments:
jvm_args: -Dawt.toolkit=com.intellij.desktop.DesktopActionsToolkit -Djava.rmi.server.hostname=127.0.0.1 -Duser.timezone=UTC -Xmx750m -Xms128m --add-exports=java.desktop/sun.awt=ALL-UNNAMED --add-exports=java.desktop/java.awt.peer=ALL-UNNAMED --add-opens=java.desktop/java.awt=ALL-UNNAMED --add-opens=jdk.unsupported/sun.misc=ALL-UNNAMED --add-opens=java.base/java.nio=ALL-UNNAMED -Dfile.encoding=UTF-8 
java_command: com.intellij.database.remote.RemoteJdbcServer com.cloudera.impala.jdbc41.Driver
java_class_path (initial): D:\DataSoft\JetBox\apps\datagrip\ch-0\222.4167.25\lib\util_rt.jar;D:\DataSoft\JetBox\apps\datagrip\ch-0\222.4167.25\lib\util.jar;D:\DataSoft\JetBox\apps\datagrip\ch-0\222.4167.25\lib\groovy.jar;D:\DataSoft\JetBox\apps\datagrip\ch-0\222.4167.25\plugins\DatabaseTools\lib\jdbc-console.jar;D:\DataSoft\DBeaver\jre\lib\ImpalaJDBC41-2.6.3.jar
Launcher Type: SUN_STANDARD

[Global flags]
     intx CICompilerCount                          = 3                                         {product} {ergonomic}
     uint ConcGCThreads                            = 2                                         {product} {ergonomic}
     uint G1ConcRefinementThreads                  = 6                                         {product} {ergonomic}
   size_t G1HeapRegionSize                         = 1048576                                   {product} {ergonomic}
    uintx GCDrainStackTargetSize                   = 64                                        {product} {ergonomic}
   size_t InitialHeapSize                          = 134217728                                 {product} {command line}
   size_t MarkStackSize                            = 4194304                                   {product} {ergonomic}
   size_t MaxHeapSize                              = 786432000                                 {product} {command line}
   size_t MaxNewSize                               = 471859200                                 {product} {ergonomic}
   size_t MinHeapDeltaBytes                        = 1048576                                   {product} {ergonomic}
   size_t MinHeapSize                              = 134217728                                 {product} {command line}
    uintx NonNMethodCodeHeapSize                   = 5832780                                {pd product} {ergonomic}
    uintx NonProfiledCodeHeapSize                  = 122912730                              {pd product} {ergonomic}
    uintx ProfiledCodeHeapSize                     = 122912730                              {pd product} {ergonomic}
    uintx ReservedCodeCacheSize                    = 251658240                              {pd product} {ergonomic}
     bool SegmentedCodeCache                       = true                                      {product} {ergonomic}
   size_t SoftMaxHeapSize                          = 786432000                              {manageable} {ergonomic}
     bool UseCompressedClassPointers               = true                           {product lp64_product} {ergonomic}
     bool UseCompressedOops                        = true                           {product lp64_product} {ergonomic}
     bool UseG1GC                                  = true                                      {product} {ergonomic}
     bool UseLargePagesIndividualAllocation        = false                                  {pd product} {ergonomic}

Logging:
Log output configuration:
 #0: stdout all=warning uptime,level,tags
 #1: stderr all=off uptime,level,tags

Environment Variables:
JAVA_HOME=D:\Program Files (x86)\Java\jdk1.8.0_181
PATH=C:\Program Files\Microsoft\jdk-11.0.16.101-hotspot\bin;C:\Program Files (x86)\Common Files\Oracle\Java\javapath;C:\WINDOWS\system32;C:\WINDOWS;C:\WINDOWS\System32\Wbem;C:\WINDOWS\System32\WindowsPowerShell\v1.0\;C:\WINDOWS\System32\OpenSSH\;D:\Program Files (x86)\Java\jdk1.8.0_181\bin;D:\Program Files (x86)\Java\jdk1.8.0_181\jre\bin;C:\Program Files (x86)\Microsoft SQL Server\150\DTS\Binn\;C:\Program Files\Microsoft SQL Server\130\Tools\Binn\;D:\Program Files\Git\cmd;D:\Program Files\TortoiseGit\bin;D:\Program Files\apache-maven-3.8.1\bin\;C:\Program Files\MySQL\MySQL Server 5.7\bin;D:\DataSoft\scala\bin;D:\DataSoft\scala\bin;D:\DataSoft\scala\jre\bin;C:\Program Files (x86)\Intel\Intel(R) Management Engine Components\DAL;C:\Program Files\Intel\Intel(R) Management Engine Components\DAL;E:\LinuxOS\Xftp\;D:\DataSoft\python;D:\DataSoft\python\Lib;D:\DataSoft\python\Scripts;C:\Program Files\Microsoft SQL Server\150\Tools\Binn\;C:\Program Files\Microsoft SQL Server\Client SDK\ODBC\170\Tools\Binn\;C:\Program Files\dotnet\;D:\Program Files (x86)\IncrediBuild;D:\Program Files\Visual Studio\VC\Tools\MSVC\14.35.32215\bin\Hostx64\x64;E:\LinuxOS\Xshell\;C:\Users\DMC8612144\AppData\Local\Microsoft\WindowsApps;
USERNAME=DMC8612144
OS=Windows_NT
PROCESSOR_IDENTIFIER=Intel64 Family 6 Model 158 Stepping 10, GenuineIntel
TMP=C:\Users\DMC861~1\AppData\Local\Temp
TEMP=C:\Users\DMC861~1\AppData\Local\Temp



---------------  S Y S T E M  ---------------

OS:
 Windows 10 , 64 bit Build 19041 (10.0.19041.2913)
OS uptime: 4 days 4:04 hours

CPU: total 6 (initial active 6) (6 cores per cpu, 1 threads per core) family 6 model 158 stepping 10 microcode 0xb4, cx8, cmov, fxsr, mmx, 3dnowpref, sse, sse2, sse3, ssse3, sse4.1, sse4.2, popcnt, lzcnt, tsc, tscinvbit, avx, avx2, aes, erms, clmul, bmi1, bmi2, rtm, adx, fma, vzeroupper, clflush, clflushopt

Memory: 4k page, system-wide physical 16227M (3837M free)
TotalPageFile size 20323M (AvailPageFile size 6M)
current process WorkingSet (physical memory assigned to process): 83M, peak: 83M
current process commit charge ("private bytes"): 228M, peak: 228M

vm_info: OpenJDK 64-Bit Server VM (17.0.4+7-b469.53) for windows-amd64 JRE (17.0.4+7-b469.53), built on 2022-08-29 by "builduser" with MS VC++ 16.10 / 16.11 (VS2019)

END.
