#
# There is insufficient memory for the Java Runtime Environment to continue.
# Native memory allocation (malloc) failed to allocate 65552 bytes for Chunk::new
# Possible reasons:
#   The system is out of physical RAM or swap space
#   The process is running with CompressedOops enabled, and the Java Heap may be blocking the growth of the native heap
# Possible solutions:
#   Reduce memory load on the system
#   Increase physical memory or swap space
#   Check if swap backing store is full
#   Decrease Java heap size (-Xmx/-Xms)
#   Decrease number of Java threads
#   Decrease Java thread stack sizes (-Xss)
#   Set larger code cache with -XX:ReservedCodeCacheSize=
#   JVM is running with Unscaled Compressed Oops mode in which the Java heap is
#     placed in the first 4GB address space. The Java Heap base address is the
#     maximum limit for the native heap growth. Please use -XX:HeapBaseMinAddress
#     to set the Java Heap base and to place the Java Heap above 4GB virtual address.
# This output file may be truncated or incomplete.
#
#  Out of Memory Error (arena.cpp:189), pid=1392, tid=6224
#
# JRE version: OpenJDK Runtime Environment JBR-17.0.4+7-469.53-jcef (17.0.4+7) (build 17.0.4+7-b469.53)
# Java VM: OpenJDK 64-Bit Server VM JBR-17.0.4+7-469.53-jcef (17.0.4+7-b469.53, mixed mode, tiered, compressed oops, compressed class ptrs, g1 gc, windows-amd64)
# No core dump will be written. Minidumps are not enabled by default on client versions of Windows
#

---------------  S U M M A R Y ------------

Command Line: -Dawt.toolkit=com.intellij.desktop.DesktopActionsToolkit -Djava.rmi.server.hostname=127.0.0.1 -Duser.timezone=UTC -Xmx750m -Xms128m --add-exports=java.desktop/sun.awt=ALL-UNNAMED --add-exports=java.desktop/java.awt.peer=ALL-UNNAMED --add-opens=java.desktop/java.awt=ALL-UNNAMED --add-opens=jdk.unsupported/sun.misc=ALL-UNNAMED --add-opens=java.base/java.nio=ALL-UNNAMED -Dfile.encoding=GBK com.intellij.database.remote.RemoteJdbcServer com.cloudera.impala.jdbc41.Driver

Host: Intel(R) Core(TM) i5-8500 CPU @ 3.00GHz, 6 cores, 15G,  Windows 10 , 64 bit Build 19041 (10.0.19041.2546)
Time: Tue Feb 21 15:18:16 2023  Windows 10 , 64 bit Build 19041 (10.0.19041.2546) elapsed time: 91896.520583 seconds (1d 1h 31m 36s)

---------------  T H R E A D  ---------------

Current thread (0x000001aa7ac946a0):  JavaThread "C2 CompilerThread0" daemon [_thread_in_native, id=6224, stack(0x0000003e43a00000,0x0000003e43b00000)]


Current CompileTask:
C2:91896520 3285   !   4       java.io.ObjectOutputStream::writeSerialData (223 bytes)

Stack: [0x0000003e43a00000,0x0000003e43b00000]
Native frames: (J=compiled Java code, j=interpreted, Vv=VM code, C=native code)
V  [jvm.dll+0x68348a]
V  [jvm.dll+0x83faf4]
V  [jvm.dll+0x84129e]
V  [jvm.dll+0x841903]
V  [jvm.dll+0x2494a5]
V  [jvm.dll+0xabd5c]
V  [jvm.dll+0xac32c]
V  [jvm.dll+0xabe6b]
V  [jvm.dll+0x66078c]
V  [jvm.dll+0x60ee57]
V  [jvm.dll+0x61467b]
V  [jvm.dll+0x615442]
V  [jvm.dll+0x6139a4]
V  [jvm.dll+0x21ba08]
V  [jvm.dll+0x21afb1]
V  [jvm.dll+0x1a4cfd]
V  [jvm.dll+0x22aa48]
V  [jvm.dll+0x228af9]
V  [jvm.dll+0x7f52fc]
V  [jvm.dll+0x7ef82a]
V  [jvm.dll+0x6822c5]
C  [ucrtbase.dll+0x21bb2]
C  [KERNEL32.DLL+0x17614]
C  [ntdll.dll+0x526a1]


---------------  P R O C E S S  ---------------

Threads class SMR info:
_java_thread_list=0x000001aa7b572f60, length=23, elements={
0x000001aa71f104a0, 0x000001aa7ac3c610, 0x000001aa7ac3d190, 0x000001aa7ac6bea0,
0x000001aa7ac91570, 0x000001aa7ac92440, 0x000001aa7ac92d00, 0x000001aa7ac946a0,
0x000001aa7ac94fa0, 0x000001aa7ac958a0, 0x000001aa7ae138d0, 0x000001aa7ae1bb80,
0x000001aa7aebfa30, 0x000001aa7aef8e20, 0x000001aa7b1a9ff0, 0x000001aa7af84370,
0x000001aa7af84c10, 0x000001aa7b37d740, 0x000001aa7b381c50, 0x000001aa7b414630,
0x000001aa7b415e40, 0x000001aa7b415970, 0x000001aa7b4154a0
}

Java Threads: ( => current thread )
  0x000001aa71f104a0 JavaThread "main" [_thread_blocked, id=1584, stack(0x0000003e42e00000,0x0000003e42f00000)]
  0x000001aa7ac3c610 JavaThread "Reference Handler" daemon [_thread_blocked, id=5344, stack(0x0000003e43400000,0x0000003e43500000)]
  0x000001aa7ac3d190 JavaThread "Finalizer" daemon [_thread_blocked, id=10868, stack(0x0000003e43500000,0x0000003e43600000)]
  0x000001aa7ac6bea0 JavaThread "Signal Dispatcher" daemon [_thread_blocked, id=16244, stack(0x0000003e43600000,0x0000003e43700000)]
  0x000001aa7ac91570 JavaThread "Attach Listener" daemon [_thread_blocked, id=8512, stack(0x0000003e43700000,0x0000003e43800000)]
  0x000001aa7ac92440 JavaThread "Service Thread" daemon [_thread_blocked, id=3504, stack(0x0000003e43800000,0x0000003e43900000)]
  0x000001aa7ac92d00 JavaThread "Monitor Deflation Thread" daemon [_thread_blocked, id=8216, stack(0x0000003e43900000,0x0000003e43a00000)]
=>0x000001aa7ac946a0 JavaThread "C2 CompilerThread0" daemon [_thread_in_native, id=6224, stack(0x0000003e43a00000,0x0000003e43b00000)]
  0x000001aa7ac94fa0 JavaThread "C1 CompilerThread0" daemon [_thread_blocked, id=3480, stack(0x0000003e43b00000,0x0000003e43c00000)]
  0x000001aa7ac958a0 JavaThread "Sweeper thread" daemon [_thread_blocked, id=10112, stack(0x0000003e43c00000,0x0000003e43d00000)]
  0x000001aa7ae138d0 JavaThread "Common-Cleaner" daemon [_thread_blocked, id=14192, stack(0x0000003e43d00000,0x0000003e43e00000)]
  0x000001aa7ae1bb80 JavaThread "Notification Thread" daemon [_thread_blocked, id=13940, stack(0x0000003e43e00000,0x0000003e43f00000)]
  0x000001aa7aebfa30 JavaThread "Java2D Disposer" daemon [_thread_blocked, id=940, stack(0x0000003e44100000,0x0000003e44200000)]
  0x000001aa7aef8e20 JavaThread "AWT-Windows" daemon [_thread_in_native, id=3040, stack(0x0000003e44300000,0x0000003e44400000)]
  0x000001aa7b1a9ff0 JavaThread "RMI TCP Accept-41024" daemon [_thread_in_native, id=11604, stack(0x0000003e44400000,0x0000003e44500000)]
  0x000001aa7af84370 JavaThread "RMI TCP Accept-0" daemon [_thread_in_native, id=10060, stack(0x0000003e44500000,0x0000003e44600000)]
  0x000001aa7af84c10 JavaThread "RMI Reaper" [_thread_blocked, id=12416, stack(0x0000003e44600000,0x0000003e44700000)]
  0x000001aa7b37d740 JavaThread "RMI GC Daemon" daemon [_thread_blocked, id=3324, stack(0x0000003e44700000,0x0000003e44800000)]
  0x000001aa7b381c50 JavaThread "RMI TCP Connection(1)-127.0.0.1" daemon [_thread_in_native, id=14772, stack(0x0000003e44800000,0x0000003e44900000)]
  0x000001aa7b414630 JavaThread "RMI Scheduler(0)" daemon [_thread_blocked, id=8228, stack(0x0000003e44900000,0x0000003e44a00000)]
  0x000001aa7b415e40 JavaThread "RMI TCP Connection(2)-127.0.0.1" daemon [_thread_in_native, id=13988, stack(0x0000003e44a00000,0x0000003e44b00000)]
  0x000001aa7b415970 JavaThread "RMI RenewClean-[127.0.0.1:55128]" daemon [_thread_blocked, id=8424, stack(0x0000003e44000000,0x0000003e44100000)]
  0x000001aa7b4154a0 JavaThread "RMI TCP Connection(idle)" daemon [_thread_blocked, id=18028, stack(0x0000003e42a00000,0x0000003e42b00000)]

Other Threads:
  0x000001aa7ac16620 VMThread "VM Thread" [stack: 0x0000003e43300000,0x0000003e43400000] [id=10180]
  0x000001aa7ae1c460 WatcherThread [stack: 0x0000003e43f00000,0x0000003e44000000] [id=6604]
  0x000001aa71f46320 GCTaskThread "GC Thread#0" [stack: 0x0000003e42d00000,0x0000003e42e00000] [id=8756]
  0x000001aa7c4bb4d0 GCTaskThread "GC Thread#1" [stack: 0x0000003e44b00000,0x0000003e44c00000] [id=1272]
  0x000001aa7c4bb780 GCTaskThread "GC Thread#2" [stack: 0x0000003e44c00000,0x0000003e44d00000] [id=13700]
  0x000001aa7b477e90 GCTaskThread "GC Thread#3" [stack: 0x0000003e44d00000,0x0000003e44e00000] [id=5844]
  0x000001aa7b58fbe0 GCTaskThread "GC Thread#4" [stack: 0x0000003e44e00000,0x0000003e44f00000] [id=7044]
  0x000001aa7c80ea70 GCTaskThread "GC Thread#5" [stack: 0x0000003e44f00000,0x0000003e45000000] [id=14668]
  0x000001aa71f4ce30 ConcurrentGCThread "G1 Main Marker" [stack: 0x0000003e42f00000,0x0000003e43000000] [id=12952]
  0x000001aa71f4d650 ConcurrentGCThread "G1 Conc#0" [stack: 0x0000003e43000000,0x0000003e43100000] [id=5096]
  0x000001aa799cfd30 ConcurrentGCThread "G1 Refine#0" [stack: 0x0000003e43100000,0x0000003e43200000] [id=5244]
  0x000001aa799d0560 ConcurrentGCThread "G1 Service" [stack: 0x0000003e43200000,0x0000003e43300000] [id=13356]

Threads with active compile tasks:
C2 CompilerThread0  91896650 3285   !   4       java.io.ObjectOutputStream::writeSerialData (223 bytes)

VM state: not at safepoint (normal execution)

VM Mutex/Monitor currently owned by a thread: None

Heap address: 0x00000000d1200000, size: 750 MB, Compressed Oops mode: 32-bit

CDS archive(s) not mapped
Compressed class space mapped at: 0x0000000100000000-0x0000000140000000, reserved size: 1073741824
Narrow klass base: 0x0000000000000000, Narrow klass shift: 3, Narrow klass range: 0x140000000

GC Precious Log:
 CPUs: 6 total, 6 available
 Memory: 16227M
 Large Page Support: Disabled
 NUMA Support: Disabled
 Compressed Oops: Enabled (32-bit)
 Heap Region Size: 1M
 Heap Min Capacity: 128M
 Heap Initial Capacity: 128M
 Heap Max Capacity: 750M
 Pre-touch: Disabled
 Parallel Workers: 6
 Concurrent Workers: 2
 Concurrent Refinement Workers: 6
 Periodic GC: Disabled

Heap:
 garbage-first heap   total 131072K, used 16515K [0x00000000d1200000, 0x0000000100000000)
  region size 1024K, 10 young (10240K), 0 survivors (0K)
 Metaspace       used 23030K, committed 23296K, reserved 1073152K
  class space    used 2368K, committed 2496K, reserved 1048576K

Heap Regions: E=young(eden), S=young(survivor), O=old, HS=humongous(starts), HC=humongous(continues), CS=collection set, F=free, OA=open archive, CA=closed archive, TAMS=top-at-mark-start (previous, next)
|   0|0x00000000d1200000, 0x00000000d1300000, 0x00000000d1300000|100%|HS|  |TAMS 0x00000000d1300000, 0x00000000d1200000| Untracked 
|   1|0x00000000d1300000, 0x00000000d1400000, 0x00000000d1400000|100%|HC|  |TAMS 0x00000000d1400000, 0x00000000d1300000| Untracked 
|   2|0x00000000d1400000, 0x00000000d14f8ca0, 0x00000000d1500000| 97%| O|  |TAMS 0x00000000d14f8ca0, 0x00000000d1400000| Untracked 
|   3|0x00000000d1500000, 0x00000000d15fff88, 0x00000000d1600000| 99%| O|  |TAMS 0x00000000d15fff88, 0x00000000d1500000| Untracked 
|   4|0x00000000d1600000, 0x00000000d16fe1b0, 0x00000000d1700000| 99%| O|  |TAMS 0x00000000d16fe1b0, 0x00000000d1600000| Untracked 
|   5|0x00000000d1700000, 0x00000000d1800000, 0x00000000d1800000|100%| O|  |TAMS 0x00000000d1800000, 0x00000000d1700000| Untracked 
|   6|0x00000000d1800000, 0x00000000d18744d0, 0x00000000d1900000| 45%| O|  |TAMS 0x00000000d1800000, 0x00000000d1800000| Untracked 
|   7|0x00000000d1900000, 0x00000000d19b0768, 0x00000000d1a00000| 68%| O|  |TAMS 0x00000000d1900000, 0x00000000d1900000| Untracked 
|   8|0x00000000d1a00000, 0x00000000d1a052c0, 0x00000000d1b00000|  2%| O|  |TAMS 0x00000000d1a00000, 0x00000000d1a00000| Untracked 
|   9|0x00000000d1b00000, 0x00000000d1b00000, 0x00000000d1c00000|  0%| F|  |TAMS 0x00000000d1b00000, 0x00000000d1b00000| Untracked 
|  10|0x00000000d1c00000, 0x00000000d1c00000, 0x00000000d1d00000|  0%| F|  |TAMS 0x00000000d1c00000, 0x00000000d1c00000| Untracked 
|  11|0x00000000d1d00000, 0x00000000d1d00000, 0x00000000d1e00000|  0%| F|  |TAMS 0x00000000d1d00000, 0x00000000d1d00000| Untracked 
|  12|0x00000000d1e00000, 0x00000000d1e00000, 0x00000000d1f00000|  0%| F|  |TAMS 0x00000000d1e00000, 0x00000000d1e00000| Untracked 
|  13|0x00000000d1f00000, 0x00000000d1f00000, 0x00000000d2000000|  0%| F|  |TAMS 0x00000000d1f00000, 0x00000000d1f00000| Untracked 
|  14|0x00000000d2000000, 0x00000000d2000000, 0x00000000d2100000|  0%| F|  |TAMS 0x00000000d2000000, 0x00000000d2000000| Untracked 
|  15|0x00000000d2100000, 0x00000000d2100000, 0x00000000d2200000|  0%| F|  |TAMS 0x00000000d2100000, 0x00000000d2100000| Untracked 
|  16|0x00000000d2200000, 0x00000000d2200000, 0x00000000d2300000|  0%| F|  |TAMS 0x00000000d2200000, 0x00000000d2200000| Untracked 
|  17|0x00000000d2300000, 0x00000000d2300000, 0x00000000d2400000|  0%| F|  |TAMS 0x00000000d2300000, 0x00000000d2300000| Untracked 
|  18|0x00000000d2400000, 0x00000000d2400000, 0x00000000d2500000|  0%| F|  |TAMS 0x00000000d2400000, 0x00000000d2400000| Untracked 
|  19|0x00000000d2500000, 0x00000000d2500000, 0x00000000d2600000|  0%| F|  |TAMS 0x00000000d2500000, 0x00000000d2500000| Untracked 
|  20|0x00000000d2600000, 0x00000000d2600000, 0x00000000d2700000|  0%| F|  |TAMS 0x00000000d2600000, 0x00000000d2600000| Untracked 
|  21|0x00000000d2700000, 0x00000000d2700000, 0x00000000d2800000|  0%| F|  |TAMS 0x00000000d2700000, 0x00000000d2700000| Untracked 
|  22|0x00000000d2800000, 0x00000000d2800000, 0x00000000d2900000|  0%| F|  |TAMS 0x00000000d2800000, 0x00000000d2800000| Untracked 
|  23|0x00000000d2900000, 0x00000000d2900000, 0x00000000d2a00000|  0%| F|  |TAMS 0x00000000d2900000, 0x00000000d2900000| Untracked 
|  24|0x00000000d2a00000, 0x00000000d2a00000, 0x00000000d2b00000|  0%| F|  |TAMS 0x00000000d2a00000, 0x00000000d2a00000| Untracked 
|  25|0x00000000d2b00000, 0x00000000d2b00000, 0x00000000d2c00000|  0%| F|  |TAMS 0x00000000d2b00000, 0x00000000d2b00000| Untracked 
|  26|0x00000000d2c00000, 0x00000000d2c00000, 0x00000000d2d00000|  0%| F|  |TAMS 0x00000000d2c00000, 0x00000000d2c00000| Untracked 
|  27|0x00000000d2d00000, 0x00000000d2d00000, 0x00000000d2e00000|  0%| F|  |TAMS 0x00000000d2d00000, 0x00000000d2d00000| Untracked 
|  28|0x00000000d2e00000, 0x00000000d2e00000, 0x00000000d2f00000|  0%| F|  |TAMS 0x00000000d2e00000, 0x00000000d2e00000| Untracked 
|  29|0x00000000d2f00000, 0x00000000d2f00000, 0x00000000d3000000|  0%| F|  |TAMS 0x00000000d2f00000, 0x00000000d2f00000| Untracked 
|  30|0x00000000d3000000, 0x00000000d3000000, 0x00000000d3100000|  0%| F|  |TAMS 0x00000000d3000000, 0x00000000d3000000| Untracked 
|  31|0x00000000d3100000, 0x00000000d3100000, 0x00000000d3200000|  0%| F|  |TAMS 0x00000000d3100000, 0x00000000d3100000| Untracked 
|  32|0x00000000d3200000, 0x00000000d3200000, 0x00000000d3300000|  0%| F|  |TAMS 0x00000000d3200000, 0x00000000d3200000| Untracked 
|  33|0x00000000d3300000, 0x00000000d3300000, 0x00000000d3400000|  0%| F|  |TAMS 0x00000000d3300000, 0x00000000d3300000| Untracked 
|  34|0x00000000d3400000, 0x00000000d3400000, 0x00000000d3500000|  0%| F|  |TAMS 0x00000000d3400000, 0x00000000d3400000| Untracked 
|  35|0x00000000d3500000, 0x00000000d3500000, 0x00000000d3600000|  0%| F|  |TAMS 0x00000000d3500000, 0x00000000d3500000| Untracked 
|  36|0x00000000d3600000, 0x00000000d3600000, 0x00000000d3700000|  0%| F|  |TAMS 0x00000000d3600000, 0x00000000d3600000| Untracked 
|  37|0x00000000d3700000, 0x00000000d3700000, 0x00000000d3800000|  0%| F|  |TAMS 0x00000000d3700000, 0x00000000d3700000| Untracked 
|  38|0x00000000d3800000, 0x00000000d3800000, 0x00000000d3900000|  0%| F|  |TAMS 0x00000000d3800000, 0x00000000d3800000| Untracked 
|  39|0x00000000d3900000, 0x00000000d3900000, 0x00000000d3a00000|  0%| F|  |TAMS 0x00000000d3900000, 0x00000000d3900000| Untracked 
|  40|0x00000000d3a00000, 0x00000000d3a00000, 0x00000000d3b00000|  0%| F|  |TAMS 0x00000000d3a00000, 0x00000000d3a00000| Untracked 
|  41|0x00000000d3b00000, 0x00000000d3b00000, 0x00000000d3c00000|  0%| F|  |TAMS 0x00000000d3b00000, 0x00000000d3b00000| Untracked 
|  42|0x00000000d3c00000, 0x00000000d3c00000, 0x00000000d3d00000|  0%| F|  |TAMS 0x00000000d3c00000, 0x00000000d3c00000| Untracked 
|  43|0x00000000d3d00000, 0x00000000d3d00000, 0x00000000d3e00000|  0%| F|  |TAMS 0x00000000d3d00000, 0x00000000d3d00000| Untracked 
|  44|0x00000000d3e00000, 0x00000000d3e00000, 0x00000000d3f00000|  0%| F|  |TAMS 0x00000000d3e00000, 0x00000000d3e00000| Untracked 
|  45|0x00000000d3f00000, 0x00000000d3f00000, 0x00000000d4000000|  0%| F|  |TAMS 0x00000000d3f00000, 0x00000000d3f00000| Untracked 
|  46|0x00000000d4000000, 0x00000000d4000000, 0x00000000d4100000|  0%| F|  |TAMS 0x00000000d4000000, 0x00000000d4000000| Untracked 
|  47|0x00000000d4100000, 0x00000000d4100000, 0x00000000d4200000|  0%| F|  |TAMS 0x00000000d4100000, 0x00000000d4100000| Untracked 
|  48|0x00000000d4200000, 0x00000000d4200000, 0x00000000d4300000|  0%| F|  |TAMS 0x00000000d4200000, 0x00000000d4200000| Untracked 
|  49|0x00000000d4300000, 0x00000000d4300000, 0x00000000d4400000|  0%| F|  |TAMS 0x00000000d4300000, 0x00000000d4300000| Untracked 
|  50|0x00000000d4400000, 0x00000000d4400000, 0x00000000d4500000|  0%| F|  |TAMS 0x00000000d4400000, 0x00000000d4400000| Untracked 
|  51|0x00000000d4500000, 0x00000000d4500000, 0x00000000d4600000|  0%| F|  |TAMS 0x00000000d4500000, 0x00000000d4500000| Untracked 
|  52|0x00000000d4600000, 0x00000000d4600000, 0x00000000d4700000|  0%| F|  |TAMS 0x00000000d4600000, 0x00000000d4600000| Untracked 
|  53|0x00000000d4700000, 0x00000000d4700000, 0x00000000d4800000|  0%| F|  |TAMS 0x00000000d4700000, 0x00000000d4700000| Untracked 
|  54|0x00000000d4800000, 0x00000000d4800000, 0x00000000d4900000|  0%| F|  |TAMS 0x00000000d4800000, 0x00000000d4800000| Untracked 
|  55|0x00000000d4900000, 0x00000000d4900000, 0x00000000d4a00000|  0%| F|  |TAMS 0x00000000d4900000, 0x00000000d4900000| Untracked 
|  56|0x00000000d4a00000, 0x00000000d4a00000, 0x00000000d4b00000|  0%| F|  |TAMS 0x00000000d4a00000, 0x00000000d4a00000| Untracked 
|  57|0x00000000d4b00000, 0x00000000d4b00000, 0x00000000d4c00000|  0%| F|  |TAMS 0x00000000d4b00000, 0x00000000d4b00000| Untracked 
|  58|0x00000000d4c00000, 0x00000000d4c00000, 0x00000000d4d00000|  0%| F|  |TAMS 0x00000000d4c00000, 0x00000000d4c00000| Untracked 
|  59|0x00000000d4d00000, 0x00000000d4d00000, 0x00000000d4e00000|  0%| F|  |TAMS 0x00000000d4d00000, 0x00000000d4d00000| Untracked 
|  60|0x00000000d4e00000, 0x00000000d4e00000, 0x00000000d4f00000|  0%| F|  |TAMS 0x00000000d4e00000, 0x00000000d4e00000| Untracked 
|  61|0x00000000d4f00000, 0x00000000d4f00000, 0x00000000d5000000|  0%| F|  |TAMS 0x00000000d4f00000, 0x00000000d4f00000| Untracked 
|  62|0x00000000d5000000, 0x00000000d5000000, 0x00000000d5100000|  0%| F|  |TAMS 0x00000000d5000000, 0x00000000d5000000| Untracked 
|  63|0x00000000d5100000, 0x00000000d5100000, 0x00000000d5200000|  0%| F|  |TAMS 0x00000000d5100000, 0x00000000d5100000| Untracked 
|  64|0x00000000d5200000, 0x00000000d5200000, 0x00000000d5300000|  0%| F|  |TAMS 0x00000000d5200000, 0x00000000d5200000| Untracked 
|  65|0x00000000d5300000, 0x00000000d5300000, 0x00000000d5400000|  0%| F|  |TAMS 0x00000000d5300000, 0x00000000d5300000| Untracked 
|  66|0x00000000d5400000, 0x00000000d5400000, 0x00000000d5500000|  0%| F|  |TAMS 0x00000000d5400000, 0x00000000d5400000| Untracked 
|  67|0x00000000d5500000, 0x00000000d5500000, 0x00000000d5600000|  0%| F|  |TAMS 0x00000000d5500000, 0x00000000d5500000| Untracked 
|  68|0x00000000d5600000, 0x00000000d5600000, 0x00000000d5700000|  0%| F|  |TAMS 0x00000000d5600000, 0x00000000d5600000| Untracked 
|  69|0x00000000d5700000, 0x00000000d5700000, 0x00000000d5800000|  0%| F|  |TAMS 0x00000000d5700000, 0x00000000d5700000| Untracked 
|  70|0x00000000d5800000, 0x00000000d5800000, 0x00000000d5900000|  0%| F|  |TAMS 0x00000000d5800000, 0x00000000d5800000| Untracked 
|  71|0x00000000d5900000, 0x00000000d5900000, 0x00000000d5a00000|  0%| F|  |TAMS 0x00000000d5900000, 0x00000000d5900000| Untracked 
|  72|0x00000000d5a00000, 0x00000000d5a00000, 0x00000000d5b00000|  0%| F|  |TAMS 0x00000000d5a00000, 0x00000000d5a00000| Untracked 
|  73|0x00000000d5b00000, 0x00000000d5b00000, 0x00000000d5c00000|  0%| F|  |TAMS 0x00000000d5b00000, 0x00000000d5b00000| Untracked 
|  74|0x00000000d5c00000, 0x00000000d5c00000, 0x00000000d5d00000|  0%| F|  |TAMS 0x00000000d5c00000, 0x00000000d5c00000| Untracked 
|  75|0x00000000d5d00000, 0x00000000d5d00000, 0x00000000d5e00000|  0%| F|  |TAMS 0x00000000d5d00000, 0x00000000d5d00000| Untracked 
|  76|0x00000000d5e00000, 0x00000000d5e00000, 0x00000000d5f00000|  0%| F|  |TAMS 0x00000000d5e00000, 0x00000000d5e00000| Untracked 
|  77|0x00000000d5f00000, 0x00000000d5f00000, 0x00000000d6000000|  0%| F|  |TAMS 0x00000000d5f00000, 0x00000000d5f00000| Untracked 
|  78|0x00000000d6000000, 0x00000000d6000000, 0x00000000d6100000|  0%| F|  |TAMS 0x00000000d6000000, 0x00000000d6000000| Untracked 
|  79|0x00000000d6100000, 0x00000000d6100000, 0x00000000d6200000|  0%| F|  |TAMS 0x00000000d6100000, 0x00000000d6100000| Untracked 
|  80|0x00000000d6200000, 0x00000000d6200000, 0x00000000d6300000|  0%| F|  |TAMS 0x00000000d6200000, 0x00000000d6200000| Untracked 
|  81|0x00000000d6300000, 0x00000000d6300000, 0x00000000d6400000|  0%| F|  |TAMS 0x00000000d6300000, 0x00000000d6300000| Untracked 
|  82|0x00000000d6400000, 0x00000000d6400000, 0x00000000d6500000|  0%| F|  |TAMS 0x00000000d6400000, 0x00000000d6400000| Untracked 
|  83|0x00000000d6500000, 0x00000000d6500000, 0x00000000d6600000|  0%| F|  |TAMS 0x00000000d6500000, 0x00000000d6500000| Untracked 
|  84|0x00000000d6600000, 0x00000000d6600000, 0x00000000d6700000|  0%| F|  |TAMS 0x00000000d6600000, 0x00000000d6600000| Untracked 
|  85|0x00000000d6700000, 0x00000000d6700000, 0x00000000d6800000|  0%| F|  |TAMS 0x00000000d6700000, 0x00000000d6700000| Untracked 
|  86|0x00000000d6800000, 0x00000000d6800000, 0x00000000d6900000|  0%| F|  |TAMS 0x00000000d6800000, 0x00000000d6800000| Untracked 
|  87|0x00000000d6900000, 0x00000000d6900000, 0x00000000d6a00000|  0%| F|  |TAMS 0x00000000d6900000, 0x00000000d6900000| Untracked 
|  88|0x00000000d6a00000, 0x00000000d6a00000, 0x00000000d6b00000|  0%| F|  |TAMS 0x00000000d6a00000, 0x00000000d6a00000| Untracked 
|  89|0x00000000d6b00000, 0x00000000d6b00000, 0x00000000d6c00000|  0%| F|  |TAMS 0x00000000d6b00000, 0x00000000d6b00000| Untracked 
|  90|0x00000000d6c00000, 0x00000000d6c00000, 0x00000000d6d00000|  0%| F|  |TAMS 0x00000000d6c00000, 0x00000000d6c00000| Untracked 
|  91|0x00000000d6d00000, 0x00000000d6d00000, 0x00000000d6e00000|  0%| F|  |TAMS 0x00000000d6d00000, 0x00000000d6d00000| Untracked 
|  92|0x00000000d6e00000, 0x00000000d6e00000, 0x00000000d6f00000|  0%| F|  |TAMS 0x00000000d6e00000, 0x00000000d6e00000| Untracked 
|  93|0x00000000d6f00000, 0x00000000d6f00000, 0x00000000d7000000|  0%| F|  |TAMS 0x00000000d6f00000, 0x00000000d6f00000| Untracked 
|  94|0x00000000d7000000, 0x00000000d7000000, 0x00000000d7100000|  0%| F|  |TAMS 0x00000000d7000000, 0x00000000d7000000| Untracked 
|  95|0x00000000d7100000, 0x00000000d7100000, 0x00000000d7200000|  0%| F|  |TAMS 0x00000000d7100000, 0x00000000d7100000| Untracked 
|  96|0x00000000d7200000, 0x00000000d7200000, 0x00000000d7300000|  0%| F|  |TAMS 0x00000000d7200000, 0x00000000d7200000| Untracked 
|  97|0x00000000d7300000, 0x00000000d7300000, 0x00000000d7400000|  0%| F|  |TAMS 0x00000000d7300000, 0x00000000d7300000| Untracked 
|  98|0x00000000d7400000, 0x00000000d7400000, 0x00000000d7500000|  0%| F|  |TAMS 0x00000000d7400000, 0x00000000d7400000| Untracked 
|  99|0x00000000d7500000, 0x00000000d7500000, 0x00000000d7600000|  0%| F|  |TAMS 0x00000000d7500000, 0x00000000d7500000| Untracked 
| 100|0x00000000d7600000, 0x00000000d7600000, 0x00000000d7700000|  0%| F|  |TAMS 0x00000000d7600000, 0x00000000d7600000| Untracked 
| 101|0x00000000d7700000, 0x00000000d7700000, 0x00000000d7800000|  0%| F|  |TAMS 0x00000000d7700000, 0x00000000d7700000| Untracked 
| 102|0x00000000d7800000, 0x00000000d7800000, 0x00000000d7900000|  0%| F|  |TAMS 0x00000000d7800000, 0x00000000d7800000| Untracked 
| 103|0x00000000d7900000, 0x00000000d7900000, 0x00000000d7a00000|  0%| F|  |TAMS 0x00000000d7900000, 0x00000000d7900000| Untracked 
| 104|0x00000000d7a00000, 0x00000000d7a00000, 0x00000000d7b00000|  0%| F|  |TAMS 0x00000000d7a00000, 0x00000000d7a00000| Untracked 
| 105|0x00000000d7b00000, 0x00000000d7b00000, 0x00000000d7c00000|  0%| F|  |TAMS 0x00000000d7b00000, 0x00000000d7b00000| Untracked 
| 106|0x00000000d7c00000, 0x00000000d7c00000, 0x00000000d7d00000|  0%| F|  |TAMS 0x00000000d7c00000, 0x00000000d7c00000| Untracked 
| 107|0x00000000d7d00000, 0x00000000d7d00000, 0x00000000d7e00000|  0%| F|  |TAMS 0x00000000d7d00000, 0x00000000d7d00000| Untracked 
| 108|0x00000000d7e00000, 0x00000000d7e00000, 0x00000000d7f00000|  0%| F|  |TAMS 0x00000000d7e00000, 0x00000000d7e00000| Untracked 
| 109|0x00000000d7f00000, 0x00000000d7f00000, 0x00000000d8000000|  0%| F|  |TAMS 0x00000000d7f00000, 0x00000000d7f00000| Untracked 
| 110|0x00000000d8000000, 0x00000000d8000000, 0x00000000d8100000|  0%| F|  |TAMS 0x00000000d8000000, 0x00000000d8000000| Untracked 
| 111|0x00000000d8100000, 0x00000000d8100000, 0x00000000d8200000|  0%| F|  |TAMS 0x00000000d8100000, 0x00000000d8100000| Untracked 
| 112|0x00000000d8200000, 0x00000000d8200000, 0x00000000d8300000|  0%| F|  |TAMS 0x00000000d8200000, 0x00000000d8200000| Untracked 
| 113|0x00000000d8300000, 0x00000000d8300000, 0x00000000d8400000|  0%| F|  |TAMS 0x00000000d8300000, 0x00000000d8300000| Untracked 
| 114|0x00000000d8400000, 0x00000000d8400000, 0x00000000d8500000|  0%| F|  |TAMS 0x00000000d8400000, 0x00000000d8400000| Untracked 
| 115|0x00000000d8500000, 0x00000000d8500000, 0x00000000d8600000|  0%| F|  |TAMS 0x00000000d8500000, 0x00000000d8500000| Untracked 
| 116|0x00000000d8600000, 0x00000000d8600000, 0x00000000d8700000|  0%| F|  |TAMS 0x00000000d8600000, 0x00000000d8600000| Untracked 
| 117|0x00000000d8700000, 0x00000000d8700000, 0x00000000d8800000|  0%| F|  |TAMS 0x00000000d8700000, 0x00000000d8700000| Untracked 
| 118|0x00000000d8800000, 0x00000000d8800800, 0x00000000d8900000|  0%| E|  |TAMS 0x00000000d8800000, 0x00000000d8800000| Complete 
| 119|0x00000000d8900000, 0x00000000d8a00000, 0x00000000d8a00000|100%| E|CS|TAMS 0x00000000d8900000, 0x00000000d8900000| Complete 
| 120|0x00000000d8a00000, 0x00000000d8b00000, 0x00000000d8b00000|100%| E|CS|TAMS 0x00000000d8a00000, 0x00000000d8a00000| Complete 
| 121|0x00000000d8b00000, 0x00000000d8c00000, 0x00000000d8c00000|100%| E|CS|TAMS 0x00000000d8b00000, 0x00000000d8b00000| Complete 
| 122|0x00000000d8c00000, 0x00000000d8d00000, 0x00000000d8d00000|100%| E|CS|TAMS 0x00000000d8c00000, 0x00000000d8c00000| Complete 
| 123|0x00000000d8d00000, 0x00000000d8e00000, 0x00000000d8e00000|100%| E|CS|TAMS 0x00000000d8d00000, 0x00000000d8d00000| Complete 
| 124|0x00000000d8e00000, 0x00000000d8f00000, 0x00000000d8f00000|100%| E|CS|TAMS 0x00000000d8e00000, 0x00000000d8e00000| Complete 
| 125|0x00000000d8f00000, 0x00000000d9000000, 0x00000000d9000000|100%| E|CS|TAMS 0x00000000d8f00000, 0x00000000d8f00000| Complete 
| 126|0x00000000d9000000, 0x00000000d9100000, 0x00000000d9100000|100%| E|CS|TAMS 0x00000000d9000000, 0x00000000d9000000| Complete 
| 127|0x00000000d9100000, 0x00000000d9200000, 0x00000000d9200000|100%| E|CS|TAMS 0x00000000d9100000, 0x00000000d9100000| Complete 

Card table byte_map: [0x000001aa75dd0000,0x000001aa75f50000] _byte_map_base: 0x000001aa75747000

Marking Bits (Prev, Next): (CMBitMap*) 0x000001aa71f46780, (CMBitMap*) 0x000001aa71f46740
 Prev Bits: [0x000001aa76c90000, 0x000001aa77848000)
 Next Bits: [0x000001aa760d0000, 0x000001aa76c88000)

Polling page: 0x000001aa71a00000

Metaspace:

Usage:
  Non-class:     20.18 MB used.
      Class:      2.31 MB used.
       Both:     22.49 MB used.

Virtual space:
  Non-class space:       24.00 MB reserved,      20.31 MB ( 85%) committed,  3 nodes.
      Class space:        1.00 GB reserved,       2.44 MB ( <1%) committed,  1 nodes.
             Both:        1.02 GB reserved,      22.75 MB (  2%) committed. 

Chunk freelists:
   Non-Class:  3.70 MB
       Class:  1.48 MB
        Both:  5.18 MB

MaxMetaspaceSize: unlimited
CompressedClassSpaceSize: 1.00 GB
Initial GC threshold: 21.00 MB
Current GC threshold: 37.94 MB
CDS: off
MetaspaceReclaimPolicy: balanced
 - commit_granule_bytes: 65536.
 - commit_granule_words: 8192.
 - virtual_space_node_default_size: 1048576.
 - enlarge_chunks_in_place: 1.
 - new_chunks_are_fully_committed: 0.
 - uncommit_free_chunks: 1.
 - use_allocation_guard: 0.
 - handle_deallocations: 1.


Internal statistics:

num_allocs_failed_limit: 0.
num_arena_births: 412.
num_arena_deaths: 222.
num_vsnodes_births: 4.
num_vsnodes_deaths: 0.
num_space_committed: 364.
num_space_uncommitted: 0.
num_chunks_returned_to_freelist: 305.
num_chunks_taken_from_freelist: 947.
num_chunk_merges: 92.
num_chunk_splits: 495.
num_chunks_enlarged: 262.
num_purges: 6.
num_inconsistent_stats: 0.

CodeHeap 'non-profiled nmethods': size=120000Kb used=2353Kb max_used=2353Kb free=117646Kb
 bounds [0x000001aa07ad0000, 0x000001aa07d40000, 0x000001aa0f000000]
CodeHeap 'profiled nmethods': size=120000Kb used=6460Kb max_used=6460Kb free=113539Kb
 bounds [0x000001aa005a0000, 0x000001aa00bf0000, 0x000001aa07ad0000]
CodeHeap 'non-nmethods': size=5760Kb used=1246Kb max_used=1319Kb free=4513Kb
 bounds [0x000001aa00000000, 0x000001aa00270000, 0x000001aa005a0000]
 total_blobs=3839 nmethods=3279 adapters=472
 compilation: enabled
              stopped_count=0, restarted_count=0
 full_count=0

Compilation events (20 events):
Event: 91820.088 Thread 0x000001aa7ac94fa0 3277       3       java.lang.reflect.Method::setMethodAccessor (21 bytes)
Event: 91820.088 Thread 0x000001aa7ac94fa0 nmethod 3277 0x000001aa00beb790 code [0x000001aa00beb940, 0x000001aa00bebc28]
Event: 91820.089 Thread 0x000001aa7ac946a0 nmethod 3274 0x000001aa07d1b090 code [0x000001aa07d1b260, 0x000001aa07d1b7e0]
Event: 91820.089 Thread 0x000001aa7ac946a0 3276       4       java.lang.Class::getClassLoader (28 bytes)
Event: 91820.090 Thread 0x000001aa7ac946a0 nmethod 3276 0x000001aa07d1bb10 code [0x000001aa07d1bc80, 0x000001aa07d1bd38]
Event: 91820.435 Thread 0x000001aa7ac94fa0 3278   !   3       com.cloudera.impala.jdbc.common.SStatement::checkIfOpen (47 bytes)
Event: 91820.435 Thread 0x000001aa7ac94fa0 nmethod 3278 0x000001aa00bebd10 code [0x000001aa00bebee0, 0x000001aa00bec308]
Event: 91820.436 Thread 0x000001aa7ac94fa0 3279       3       java.lang.StackTraceElement::<init> (10 bytes)
Event: 91820.436 Thread 0x000001aa7ac94fa0 nmethod 3279 0x000001aa00bec510 code [0x000001aa00bec6a0, 0x000001aa00bec818]
Event: 91820.436 Thread 0x000001aa7ac94fa0 3280  s!   3       java.lang.StackTraceElement::computeFormat (71 bytes)
Event: 91820.436 Thread 0x000001aa7ac94fa0 nmethod 3280 0x000001aa00bec910 code [0x000001aa00becb20, 0x000001aa00bed3b8]
Event: 91820.436 Thread 0x000001aa7ac94fa0 3282       3       java.lang.Class::getConstructor0 (83 bytes)
Event: 91820.437 Thread 0x000001aa7ac94fa0 nmethod 3282 0x000001aa00bed690 code [0x000001aa00bed900, 0x000001aa00bee358]
Event: 91820.437 Thread 0x000001aa7ac94fa0 3281       3       java.lang.StackTraceElement::isHashedInJavaBase (31 bytes)
Event: 91820.437 Thread 0x000001aa7ac94fa0 nmethod 3281 0x000001aa00bee810 code [0x000001aa00beea00, 0x000001aa00beef18]
Event: 91820.437 Thread 0x000001aa7ac94fa0 3283       1       java.util.stream.AbstractPipeline::getStreamAndOpFlags (5 bytes)
Event: 91820.437 Thread 0x000001aa7ac94fa0 nmethod 3283 0x000001aa07d1be10 code [0x000001aa07d1bfa0, 0x000001aa07d1c078]
Event: 91824.452 Thread 0x000001aa7ac946a0 3284       4       sun.rmi.transport.Target::getImpl (11 bytes)
Event: 91824.453 Thread 0x000001aa7ac946a0 nmethod 3284 0x000001aa07d1c110 code [0x000001aa07d1c280, 0x000001aa07d1c3b8]
Event: 91896.472 Thread 0x000001aa7ac946a0 3285   !   4       java.io.ObjectOutputStream::writeSerialData (223 bytes)

GC Heap History (20 events):
Event: 61200.252 GC heap before
{Heap before GC invocations=17 (full 16):
 garbage-first heap   total 131072K, used 11299K [0x00000000d1200000, 0x0000000100000000)
  region size 1024K, 6 young (6144K), 0 survivors (0K)
 Metaspace       used 19267K, committed 19648K, reserved 1073152K
  class space    used 1924K, committed 2048K, reserved 1048576K
}
Event: 61200.262 GC heap after
{Heap after GC invocations=18 (full 17):
 garbage-first heap   total 131072K, used 6179K [0x00000000d1200000, 0x0000000100000000)
  region size 1024K, 0 young (0K), 0 survivors (0K)
 Metaspace       used 19267K, committed 19648K, reserved 1073152K
  class space    used 1924K, committed 2048K, reserved 1048576K
}
Event: 64800.264 GC heap before
{Heap before GC invocations=18 (full 17):
 garbage-first heap   total 131072K, used 11299K [0x00000000d1200000, 0x0000000100000000)
  region size 1024K, 6 young (6144K), 0 survivors (0K)
 Metaspace       used 19267K, committed 19648K, reserved 1073152K
  class space    used 1924K, committed 2048K, reserved 1048576K
}
Event: 64800.273 GC heap after
{Heap after GC invocations=19 (full 18):
 garbage-first heap   total 131072K, used 6179K [0x00000000d1200000, 0x0000000100000000)
  region size 1024K, 0 young (0K), 0 survivors (0K)
 Metaspace       used 19267K, committed 19648K, reserved 1073152K
  class space    used 1924K, committed 2048K, reserved 1048576K
}
Event: 68400.274 GC heap before
{Heap before GC invocations=19 (full 18):
 garbage-first heap   total 131072K, used 12323K [0x00000000d1200000, 0x0000000100000000)
  region size 1024K, 7 young (7168K), 0 survivors (0K)
 Metaspace       used 19271K, committed 19648K, reserved 1073152K
  class space    used 1924K, committed 2048K, reserved 1048576K
}
Event: 68400.290 GC heap after
{Heap after GC invocations=20 (full 19):
 garbage-first heap   total 131072K, used 6179K [0x00000000d1200000, 0x0000000100000000)
  region size 1024K, 0 young (0K), 0 survivors (0K)
 Metaspace       used 19271K, committed 19648K, reserved 1073152K
  class space    used 1924K, committed 2048K, reserved 1048576K
}
Event: 72000.291 GC heap before
{Heap before GC invocations=20 (full 19):
 garbage-first heap   total 131072K, used 13347K [0x00000000d1200000, 0x0000000100000000)
  region size 1024K, 8 young (8192K), 0 survivors (0K)
 Metaspace       used 19277K, committed 19648K, reserved 1073152K
  class space    used 1924K, committed 2048K, reserved 1048576K
}
Event: 72000.299 GC heap after
{Heap after GC invocations=21 (full 20):
 garbage-first heap   total 131072K, used 6179K [0x00000000d1200000, 0x0000000100000000)
  region size 1024K, 0 young (0K), 0 survivors (0K)
 Metaspace       used 19277K, committed 19648K, reserved 1073152K
  class space    used 1924K, committed 2048K, reserved 1048576K
}
Event: 75600.302 GC heap before
{Heap before GC invocations=21 (full 20):
 garbage-first heap   total 131072K, used 12323K [0x00000000d1200000, 0x0000000100000000)
  region size 1024K, 7 young (7168K), 0 survivors (0K)
 Metaspace       used 19289K, committed 19648K, reserved 1073152K
  class space    used 1924K, committed 2048K, reserved 1048576K
}
Event: 75600.311 GC heap after
{Heap after GC invocations=22 (full 21):
 garbage-first heap   total 131072K, used 6179K [0x00000000d1200000, 0x0000000100000000)
  region size 1024K, 0 young (0K), 0 survivors (0K)
 Metaspace       used 19289K, committed 19648K, reserved 1073152K
  class space    used 1924K, committed 2048K, reserved 1048576K
}
Event: 76852.818 GC heap before
{Heap before GC invocations=22 (full 21):
 garbage-first heap   total 131072K, used 32803K [0x00000000d1200000, 0x0000000100000000)
  region size 1024K, 26 young (26624K), 0 survivors (0K)
 Metaspace       used 22560K, committed 22784K, reserved 1073152K
  class space    used 2356K, committed 2432K, reserved 1048576K
}
Event: 76852.820 GC heap after
{Heap after GC invocations=23 (full 21):
 garbage-first heap   total 131072K, used 8083K [0x00000000d1200000, 0x0000000100000000)
  region size 1024K, 2 young (2048K), 2 survivors (2048K)
 Metaspace       used 22560K, committed 22784K, reserved 1073152K
  class space    used 2356K, committed 2432K, reserved 1048576K
}
Event: 79200.312 GC heap before
{Heap before GC invocations=23 (full 21):
 garbage-first heap   total 131072K, used 68499K [0x00000000d1200000, 0x0000000100000000)
  region size 1024K, 62 young (63488K), 2 survivors (2048K)
 Metaspace       used 23034K, committed 23296K, reserved 1073152K
  class space    used 2378K, committed 2496K, reserved 1048576K
}
Event: 79200.330 GC heap after
{Heap after GC invocations=24 (full 22):
 garbage-first heap   total 131072K, used 7677K [0x00000000d1200000, 0x0000000100000000)
  region size 1024K, 0 young (0K), 0 survivors (0K)
 Metaspace       used 22984K, committed 23296K, reserved 1073152K
  class space    used 2370K, committed 2496K, reserved 1048576K
}
Event: 82800.331 GC heap before
{Heap before GC invocations=24 (full 22):
 garbage-first heap   total 131072K, used 13821K [0x00000000d1200000, 0x0000000100000000)
  region size 1024K, 7 young (7168K), 0 survivors (0K)
 Metaspace       used 22991K, committed 23296K, reserved 1073152K
  class space    used 2371K, committed 2496K, reserved 1048576K
}
Event: 82800.341 GC heap after
{Heap after GC invocations=25 (full 23):
 garbage-first heap   total 131072K, used 7299K [0x00000000d1200000, 0x0000000100000000)
  region size 1024K, 0 young (0K), 0 survivors (0K)
 Metaspace       used 22914K, committed 23296K, reserved 1073152K
  class space    used 2357K, committed 2496K, reserved 1048576K
}
Event: 86400.343 GC heap before
{Heap before GC invocations=25 (full 23):
 garbage-first heap   total 131072K, used 13443K [0x00000000d1200000, 0x0000000100000000)
  region size 1024K, 7 young (7168K), 0 survivors (0K)
 Metaspace       used 22914K, committed 23296K, reserved 1073152K
  class space    used 2357K, committed 2496K, reserved 1048576K
}
Event: 86400.352 GC heap after
{Heap after GC invocations=26 (full 24):
 garbage-first heap   total 131072K, used 7297K [0x00000000d1200000, 0x0000000100000000)
  region size 1024K, 0 young (0K), 0 survivors (0K)
 Metaspace       used 22914K, committed 23296K, reserved 1073152K
  class space    used 2357K, committed 2496K, reserved 1048576K
}
Event: 90000.355 GC heap before
{Heap before GC invocations=26 (full 24):
 garbage-first heap   total 131072K, used 18561K [0x00000000d1200000, 0x0000000100000000)
  region size 1024K, 12 young (12288K), 0 survivors (0K)
 Metaspace       used 22916K, committed 23296K, reserved 1073152K
  class space    used 2357K, committed 2496K, reserved 1048576K
}
Event: 90000.388 GC heap after
{Heap after GC invocations=27 (full 25):
 garbage-first heap   total 131072K, used 7299K [0x00000000d1200000, 0x0000000100000000)
  region size 1024K, 0 young (0K), 0 survivors (0K)
 Metaspace       used 22916K, committed 23296K, reserved 1073152K
  class space    used 2357K, committed 2496K, reserved 1048576K
}

Deoptimization events (20 events):
Event: 77936.575 Thread 0x000001aa7b415e40 Uncommon trap: trap_request=0xffffff45 fr.pc=0x000001aa07c2b430 relative=0x0000000000000d50
Event: 77936.575 Thread 0x000001aa7b415e40 Uncommon trap: reason=unstable_if action=reinterpret pc=0x000001aa07c2b430 method=java.io.ObjectOutputStream$BlockDataOutputStream.getUTFLength(Ljava/lang/String;)J @ 88 c2
Event: 77936.575 Thread 0x000001aa7b415e40 DEOPT PACKING pc=0x000001aa07c2b430 sp=0x0000003e44afe190
Event: 77936.575 Thread 0x000001aa7b415e40 DEOPT UNPACKING pc=0x000001aa000523a3 sp=0x0000003e44afe170 mode 2
Event: 77936.575 Thread 0x000001aa7b415e40 Uncommon trap: trap_request=0xffffff45 fr.pc=0x000001aa07c490f0 relative=0x0000000000001bd0
Event: 77936.576 Thread 0x000001aa7b415e40 Uncommon trap: reason=unstable_if action=reinterpret pc=0x000001aa07c490f0 method=java.io.BufferedOutputStream.write([BII)V @ 35 c2
Event: 77936.576 Thread 0x000001aa7b415e40 DEOPT PACKING pc=0x000001aa07c490f0 sp=0x0000003e44afdff0
Event: 77936.576 Thread 0x000001aa7b415e40 DEOPT UNPACKING pc=0x000001aa000523a3 sp=0x0000003e44afe048 mode 2
Event: 91819.829 Thread 0x000001aa7b415e40 Uncommon trap: trap_request=0xffffffcc fr.pc=0x000001aa07cfd830 relative=0x0000000000002570
Event: 91819.829 Thread 0x000001aa7b415e40 Uncommon trap: reason=intrinsic_or_type_checked_inlining action=make_not_entrant pc=0x000001aa07cfd830 method=java.util.ArrayList.toArray([Ljava/lang/Object;)[Ljava/lang/Object; @ 36 c2
Event: 91819.829 Thread 0x000001aa7b415e40 DEOPT PACKING pc=0x000001aa07cfd830 sp=0x0000003e44afe750
Event: 91819.829 Thread 0x000001aa7b415e40 DEOPT UNPACKING pc=0x000001aa000523a3 sp=0x0000003e44afe5c8 mode 2
Event: 91819.833 Thread 0x000001aa7b381c50 Uncommon trap: trap_request=0xffffffde fr.pc=0x000001aa07bf558c relative=0x0000000000000c4c
Event: 91819.833 Thread 0x000001aa7b381c50 Uncommon trap: reason=class_check action=maybe_recompile pc=0x000001aa07bf558c method=sun.rmi.registry.RegistryImpl.lookup(Ljava/lang/String;)Ljava/rmi/Remote; @ 15 c2
Event: 91819.833 Thread 0x000001aa7b381c50 DEOPT PACKING pc=0x000001aa07bf558c sp=0x0000003e448fef90
Event: 91819.833 Thread 0x000001aa7b381c50 DEOPT UNPACKING pc=0x000001aa000523a3 sp=0x0000003e448fee78 mode 2
Event: 91820.368 Thread 0x000001aa7b415e40 Uncommon trap: trap_request=0xffffff45 fr.pc=0x000001aa07c770a0 relative=0x0000000000002ee0
Event: 91820.368 Thread 0x000001aa7b415e40 Uncommon trap: reason=unstable_if action=reinterpret pc=0x000001aa07c770a0 method=com.cloudera.impala.jdbc41.internal.apache.thrift.protocol.TBinaryProtocol.writeBool(Z)V @ 2 c2
Event: 91820.368 Thread 0x000001aa7b415e40 DEOPT PACKING pc=0x000001aa07c770a0 sp=0x0000003e44afda60
Event: 91820.368 Thread 0x000001aa7b415e40 DEOPT UNPACKING pc=0x000001aa000523a3 sp=0x0000003e44afd5f0 mode 2

Classes unloaded (20 events):
Event: 82800.333 Thread 0x000001aa7ac16620 Unloading class 0x0000000100283c00 'jdk/internal/reflect/GeneratedMethodAccessor33'
Event: 82800.333 Thread 0x000001aa7ac16620 Unloading class 0x0000000100283800 'jdk/internal/reflect/GeneratedMethodAccessor32'
Event: 82800.333 Thread 0x000001aa7ac16620 Unloading class 0x0000000100283400 'jdk/internal/reflect/GeneratedMethodAccessor31'
Event: 82800.333 Thread 0x000001aa7ac16620 Unloading class 0x0000000100283000 'jdk/internal/reflect/GeneratedMethodAccessor30'
Event: 82800.333 Thread 0x000001aa7ac16620 Unloading class 0x0000000100282c00 'jdk/internal/reflect/GeneratedMethodAccessor29'
Event: 82800.334 Thread 0x000001aa7ac16620 Unloading class 0x0000000100276c00 'jdk/internal/reflect/GeneratedMethodAccessor19'
Event: 82800.334 Thread 0x000001aa7ac16620 Unloading class 0x0000000100276800 'jdk/internal/reflect/GeneratedMethodAccessor18'
Event: 82800.334 Thread 0x000001aa7ac16620 Unloading class 0x0000000100275400 'jdk/internal/reflect/GeneratedMethodAccessor14'
Event: 82800.334 Thread 0x000001aa7ac16620 Unloading class 0x0000000100275000 'jdk/internal/reflect/GeneratedMethodAccessor13'
Event: 82800.334 Thread 0x000001aa7ac16620 Unloading class 0x0000000100274c00 'jdk/internal/reflect/GeneratedMethodAccessor12'
Event: 82800.334 Thread 0x000001aa7ac16620 Unloading class 0x0000000100274800 'jdk/internal/reflect/GeneratedSerializationConstructorAccessor51'
Event: 82800.334 Thread 0x000001aa7ac16620 Unloading class 0x0000000100274400 'jdk/internal/reflect/GeneratedSerializationConstructorAccessor50'
Event: 82800.334 Thread 0x000001aa7ac16620 Unloading class 0x0000000100274000 'jdk/internal/reflect/GeneratedSerializationConstructorAccessor49'
Event: 82800.334 Thread 0x000001aa7ac16620 Unloading class 0x000000010025ec00 'jdk/internal/reflect/GeneratedSerializationConstructorAccessor48'
Event: 82800.334 Thread 0x000001aa7ac16620 Unloading class 0x000000010025c400 'jdk/internal/reflect/GeneratedSerializationConstructorAccessor47'
Event: 82800.334 Thread 0x000001aa7ac16620 Unloading class 0x000000010025c000 'jdk/internal/reflect/GeneratedSerializationConstructorAccessor46'
Event: 82800.334 Thread 0x000001aa7ac16620 Unloading class 0x00000001000ccc00 'jdk/internal/reflect/GeneratedSerializationConstructorAccessor45'
Event: 82800.334 Thread 0x000001aa7ac16620 Unloading class 0x00000001000ce800 'jdk/internal/reflect/GeneratedSerializationConstructorAccessor44'
Event: 82800.334 Thread 0x000001aa7ac16620 Unloading class 0x00000001000cf000 'jdk/internal/reflect/GeneratedSerializationConstructorAccessor43'
Event: 82800.334 Thread 0x000001aa7ac16620 Unloading class 0x000000010010e800 'jdk/internal/reflect/GeneratedSerializationConstructorAccessor31'

Classes redefined (0 events):
No events

Internal exceptions (20 events):
Event: 75777.251 Thread 0x000001aa7b415e40 Implicit null exception at 0x000001aa07b9f540 to 0x000001aa07ba65b8
Event: 75777.251 Thread 0x000001aa7b415e40 Implicit null exception at 0x000001aa07bf0c91 to 0x000001aa07bf18ac
Event: 75777.251 Thread 0x000001aa7b415e40 Implicit null exception at 0x000001aa07b9e200 to 0x000001aa07b9e2c0
Event: 75777.256 Thread 0x000001aa7b415e40 Implicit null exception at 0x000001aa07c06680 to 0x000001aa07c06724
Event: 75777.258 Thread 0x000001aa7b415e40 Exception <a 'java/lang/NoSuchMethodError'{0x00000000d8f15ba0}: static [Ljava/lang/StackTraceElement;.<clinit>()V> (0x00000000d8f15ba0) 
thrown [s\src\hotspot\share\prims\jni.cpp, line 1108]
Event: 75777.263 Thread 0x000001aa7b381c50 Implicit null exception at 0x000001aa07befd83 to 0x000001aa07bf0574
Event: 75777.267 Thread 0x000001aa7b415e40 Implicit null exception at 0x000001aa07c0912c to 0x000001aa07c094c4
Event: 75777.476 Thread 0x000001aa7b415e40 Exception <a 'java/lang/reflect/InvocationTargetException'{0x00000000d8faeb20}> (0x00000000d8faeb20) 
thrown [s\src\hotspot\share\runtime\reflection.cpp, line 1127]
Event: 75777.478 Thread 0x000001aa7b415e40 Exception <a 'java/lang/NoSuchMethodError'{0x00000000d8fc1710}: static Lcom/intellij/execution/rmi/RemoteObject$ForeignException;.<clinit>()V> (0x00000000d8fc1710) 
thrown [s\src\hotspot\share\prims\jni.cpp, line 1108]
Event: 75778.377 Thread 0x000001aa7b415e40 Exception <a 'java/lang/NoSuchMethodError'{0x00000000d85eef88}: static Lcom/intellij/database/remote/jdbc/RemoteResultSet$DataRetrievingOptions;.<clinit>()V> (0x00000000d85eef88) 
thrown [s\src\hotspot\share\prims\jni.cpp, line 1108]
Event: 75778.377 Thread 0x000001aa7b415e40 Implicit null exception at 0x000001aa07becfe0 to 0x000001aa07bed1d8
Event: 75779.662 Thread 0x000001aa7b415e40 Exception <a 'java/lang/NoSuchMethodError'{0x00000000d84e3f30}: static [Ljava/lang/Object;.<clinit>()V> (0x00000000d84e3f30) 
thrown [s\src\hotspot\share\prims\jni.cpp, line 1108]
Event: 76376.683 Thread 0x000001aa7b412e20 Implicit null exception at 0x000001aa07b98c05 to 0x000001aa07b9915c
Event: 91819.778 Thread 0x000001aa7b4132f0 Exception <a 'sun/net/ConnectionResetException'{0x00000000d8dd93c0}: Connection reset> (0x00000000d8dd93c0) 
thrown [s\src\hotspot\share\prims\jni.cpp, line 536]
Event: 91819.816 Thread 0x000001aa7b413c90 Exception <a 'java/io/IOException'{0x00000000d8c00340}: Connection reset by peer> (0x00000000d8c00340) 
thrown [s\src\hotspot\share\prims\jni.cpp, line 536]
Event: 91819.819 Thread 0x000001aa7b415e40 Exception <a 'java/io/IOException'{0x00000000d8d3a2d8}: Connection reset by peer> (0x00000000d8d3a2d8) 
thrown [s\src\hotspot\share\prims\jni.cpp, line 536]
Event: 91819.821 Thread 0x000001aa7b415e40 Exception <a 'java/lang/reflect/InvocationTargetException'{0x00000000d8d51a80}> (0x00000000d8d51a80) 
thrown [s\src\hotspot\share\runtime\reflection.cpp, line 1127]
Event: 91819.831 Thread 0x000001aa7b415e40 Exception <a 'java/lang/NoSuchMethodError'{0x00000000d8d74008}: static [Ljava/lang/StackTraceElement;.<clinit>()V> (0x00000000d8d74008) 
thrown [s\src\hotspot\share\prims\jni.cpp, line 1108]
Event: 91820.042 Thread 0x000001aa7b415e40 Exception <a 'java/lang/reflect/InvocationTargetException'{0x00000000d8b4d4f0}> (0x00000000d8b4d4f0) 
thrown [s\src\hotspot\share\runtime\reflection.cpp, line 1127]
Event: 91820.043 Thread 0x000001aa7b415e40 Exception <a 'java/lang/NoSuchMethodError'{0x00000000d8b600b8}: static Lcom/intellij/execution/rmi/RemoteObject$ForeignException;.<clinit>()V> (0x00000000d8b600b8) 
thrown [s\src\hotspot\share\prims\jni.cpp, line 1108]

VM Operations (20 events):
Event: 79202.333 Executing VM operation: Cleanup
Event: 79202.333 Executing VM operation: Cleanup done
Event: 82800.331 Executing VM operation: G1CollectFull
Event: 82800.341 Executing VM operation: G1CollectFull done
Event: 86400.343 Executing VM operation: G1CollectFull
Event: 86400.352 Executing VM operation: G1CollectFull done
Event: 86664.475 Executing VM operation: Cleanup
Event: 86664.475 Executing VM operation: Cleanup done
Event: 87696.017 Executing VM operation: Cleanup
Event: 87696.017 Executing VM operation: Cleanup done
Event: 88378.107 Executing VM operation: Cleanup
Event: 88378.107 Executing VM operation: Cleanup done
Event: 90000.353 Executing VM operation: G1CollectFull
Event: 90000.388 Executing VM operation: G1CollectFull done
Event: 91820.041 Executing VM operation: Cleanup
Event: 91820.041 Executing VM operation: Cleanup done
Event: 91821.042 Executing VM operation: Cleanup
Event: 91821.042 Executing VM operation: Cleanup done
Event: 91825.044 Executing VM operation: Cleanup
Event: 91825.044 Executing VM operation: Cleanup done

Events (20 events):
Event: 91395.451 Thread 0x000001aa7b4154a0 Thread exited: 0x000001aa7b4154a0
Event: 91484.557 Thread 0x000001aa7b4132f0 Thread added: 0x000001aa7b4132f0
Event: 91485.563 Thread 0x000001aa7b4132f0 Thread exited: 0x000001aa7b4132f0
Event: 91819.776 Thread 0x000001aa7b4132f0 Thread added: 0x000001aa7b4132f0
Event: 91819.814 Thread 0x000001aa7b4132f0 Thread exited: 0x000001aa7b4132f0
Event: 91819.815 Thread 0x000001aa7b413c90 Thread added: 0x000001aa7b413c90
Event: 91819.816 Thread 0x000001aa7b413c90 Thread exited: 0x000001aa7b413c90
Event: 91819.873 Thread 0x000001aa7b4154a0 Thread added: 0x000001aa7b4154a0
Event: 91820.052 Thread 0x000001aa7b414fd0 Thread added: 0x000001aa7b414fd0
Event: 91820.082 Thread 0x000001aa7b414fd0 Thread exited: 0x000001aa7b414fd0
Event: 91820.438 Thread 0x000001aa7b414fd0 Thread added: 0x000001aa7b414fd0
Event: 91820.469 Thread 0x000001aa7b414fd0 Thread exited: 0x000001aa7b414fd0
Event: 91846.570 Thread 0x000001aa7b414fd0 Thread added: 0x000001aa7b414fd0
Event: 91846.570 Thread 0x000001aa7b4132f0 Thread added: 0x000001aa7b4132f0
Event: 91846.570 Thread 0x000001aa7b4137c0 Thread added: 0x000001aa7b4137c0
Event: 91846.571 Thread 0x000001aa7b414fd0 Thread exited: 0x000001aa7b414fd0
Event: 91846.571 Thread 0x000001aa7b4132f0 Thread exited: 0x000001aa7b4132f0
Event: 91846.571 Thread 0x000001aa7b4137c0 Thread exited: 0x000001aa7b4137c0
Event: 91846.902 Thread 0x000001aa7b4132f0 Thread added: 0x000001aa7b4132f0
Event: 91846.903 Thread 0x000001aa7b4132f0 Thread exited: 0x000001aa7b4132f0


Dynamic libraries:
0x00007ff70a060000 - 0x00007ff70a06a000 	D:\DataSoft\JetBox\apps\datagrip\ch-0\222.4167.25\jbr\bin\java.exe
0x00007ffcdead0000 - 0x00007ffcdecc8000 	C:\WINDOWS\SYSTEM32\ntdll.dll
0x00007ffcddca0000 - 0x00007ffcddd5f000 	C:\WINDOWS\System32\KERNEL32.DLL
0x00007ffcdc550000 - 0x00007ffcdc822000 	C:\WINDOWS\System32\KERNELBASE.dll
0x00007ffcdc450000 - 0x00007ffcdc550000 	C:\WINDOWS\System32\ucrtbase.dll
0x00007ffccf4c0000 - 0x00007ffccf4d7000 	D:\DataSoft\JetBox\apps\datagrip\ch-0\222.4167.25\jbr\bin\jli.dll
0x00007ffcde7c0000 - 0x00007ffcde961000 	C:\WINDOWS\System32\USER32.dll
0x00007ffcdc1f0000 - 0x00007ffcdc212000 	C:\WINDOWS\System32\win32u.dll
0x00007ffcd00d0000 - 0x00007ffcd036a000 	C:\WINDOWS\WinSxS\amd64_microsoft.windows.common-controls_6595b64144ccf1df_6.0.19041.1110_none_60b5254171f9507e\COMCTL32.dll
0x00007ffcde4b0000 - 0x00007ffcde4db000 	C:\WINDOWS\System32\GDI32.dll
0x00007ffcde5c0000 - 0x00007ffcde65e000 	C:\WINDOWS\System32\msvcrt.dll
0x00007ffcdc290000 - 0x00007ffcdc39f000 	C:\WINDOWS\System32\gdi32full.dll
0x00007ffcdca70000 - 0x00007ffcdcb0d000 	C:\WINDOWS\System32\msvcp_win.dll
0x00007ffcbd360000 - 0x00007ffcbd37b000 	D:\DataSoft\JetBox\apps\datagrip\ch-0\222.4167.25\jbr\bin\VCRUNTIME140.dll
0x00007ffcddbe0000 - 0x00007ffcddc12000 	C:\WINDOWS\System32\IMM32.DLL
0x00007ffcdbef0000 - 0x00007ffcdbf5f000 	C:\WINDOWS\LVUAAgentInstBaseRoot\system32\Vozokopot.dll
0x00007ffcd0a50000 - 0x00007ffcd0dc8000 	C:\WINDOWS\LVUAAgentInstBaseRoot\system32\MozartBreathCore.dll
0x00007ffcdd290000 - 0x00007ffcdd2fb000 	C:\WINDOWS\System32\WS2_32.dll
0x00007ffcdd0b0000 - 0x00007ffcdd1d5000 	C:\WINDOWS\System32\RPCRT4.dll
0x00007ffcdb520000 - 0x00007ffcdb55b000 	C:\WINDOWS\SYSTEM32\IPHLPAPI.DLL
0x00007ffcd75c0000 - 0x00007ffcd75d4000 	C:\WINDOWS\SYSTEM32\WTSAPI32.dll
0x00007ffcde4e0000 - 0x00007ffcde5ba000 	C:\WINDOWS\System32\COMDLG32.dll
0x00007ffcd4430000 - 0x00007ffcd444d000 	C:\WINDOWS\SYSTEM32\MPR.dll
0x00007ffcdd870000 - 0x00007ffcddbc5000 	C:\WINDOWS\System32\combase.dll
0x00007ffcdb560000 - 0x00007ffcdb62b000 	C:\WINDOWS\SYSTEM32\DNSAPI.dll
0x00007ffcdd000000 - 0x00007ffcdd0ad000 	C:\WINDOWS\System32\shcore.dll
0x00007ffcd17b0000 - 0x00007ffcd1848000 	C:\WINDOWS\SYSTEM32\WINSPOOL.DRV
0x00007ffcdd310000 - 0x00007ffcdd365000 	C:\WINDOWS\System32\SHLWAPI.dll
0x00007ffcddd60000 - 0x00007ffcde4a5000 	C:\WINDOWS\System32\SHELL32.dll
0x00007ffcdd1e0000 - 0x00007ffcdd28e000 	C:\WINDOWS\System32\ADVAPI32.dll
0x00007ffcde660000 - 0x00007ffcde6fc000 	C:\WINDOWS\System32\sechost.dll
0x00007ffcdd5c0000 - 0x00007ffcdd6ea000 	C:\WINDOWS\System32\ole32.dll
0x00007ffcdd7a0000 - 0x00007ffcdd86d000 	C:\WINDOWS\System32\OLEAUT32.dll
0x00007ffcdd300000 - 0x00007ffcdd308000 	C:\WINDOWS\System32\NSI.dll
0x00007ffccdc10000 - 0x00007ffccdc19000 	C:\WINDOWS\SYSTEM32\wsock32.dll
0x00007ffcd5790000 - 0x00007ffcd579c000 	D:\DataSoft\JetBox\apps\datagrip\ch-0\222.4167.25\jbr\bin\vcruntime140_1.dll
0x00007ffccda80000 - 0x00007ffccda9f000 	C:\WINDOWS\LVUAAgentInstBaseRoot\system32\MozartBreathOM.dll
0x00007ffcb1ef0000 - 0x00007ffcb1f7d000 	D:\DataSoft\JetBox\apps\datagrip\ch-0\222.4167.25\jbr\bin\msvcp140.dll
0x00007ffc95b30000 - 0x00007ffc96799000 	D:\DataSoft\JetBox\apps\datagrip\ch-0\222.4167.25\jbr\bin\server\jvm.dll
0x00007ffcdd5b0000 - 0x00007ffcdd5b8000 	C:\WINDOWS\System32\PSAPI.DLL
0x00007ffccf610000 - 0x00007ffccf637000 	C:\WINDOWS\SYSTEM32\WINMM.dll
0x00007ffcd7450000 - 0x00007ffcd745a000 	C:\WINDOWS\SYSTEM32\VERSION.dll
0x00007ffccca30000 - 0x00007ffccca57000 	C:\WINDOWS\LVUAAgentInstBaseRoot\system32\MozartBreathFw.dll
0x00007ffcda030000 - 0x00007ffcda042000 	C:\WINDOWS\SYSTEM32\kernel.appcore.dll
0x00007ffccc960000 - 0x00007ffccc9cd000 	C:\WINDOWS\LVUAAgentInstBaseRoot\system32\MozartBreathFile.dll
0x00007ffcd7ca0000 - 0x00007ffcd7caa000 	D:\DataSoft\JetBox\apps\datagrip\ch-0\222.4167.25\jbr\bin\jimage.dll
0x00007ffcd6b80000 - 0x00007ffcd6d64000 	C:\WINDOWS\SYSTEM32\DBGHELP.DLL
0x00007ffcd6620000 - 0x00007ffcd6655000 	C:\WINDOWS\SYSTEM32\dbgcore.DLL
0x00007ffcdc880000 - 0x00007ffcdc902000 	C:\WINDOWS\System32\bcryptPrimitives.dll
0x00007ffccc4d0000 - 0x00007ffccc5fd000 	C:\WINDOWS\LVUAAgentInstBaseRoot\system32\MozartBreathProcess.dll
0x00007ffccbc80000 - 0x00007ffccbcf7000 	C:\WINDOWS\LVUAAgentInstBaseRoot\system32\MozartBreathBolo2.dll
0x00007ffccbc00000 - 0x00007ffccbc2b000 	C:\WINDOWS\LVUAAgentInstBaseRoot\system32\MozartBreathProtect.dll
0x00007ffcd60d0000 - 0x00007ffcd60f5000 	D:\DataSoft\JetBox\apps\datagrip\ch-0\222.4167.25\jbr\bin\java.dll
0x00007ffcd7600000 - 0x00007ffcd7618000 	D:\DataSoft\JetBox\apps\datagrip\ch-0\222.4167.25\jbr\bin\zip.dll
0x00007ffcda230000 - 0x00007ffcda9c2000 	C:\WINDOWS\SYSTEM32\windows.storage.dll
0x00007ffcdbad0000 - 0x00007ffcdbb00000 	C:\WINDOWS\System32\Wldp.dll
0x00007ffcdc100000 - 0x00007ffcdc11f000 	C:\WINDOWS\SYSTEM32\profapi.dll
0x00007ffcd62a0000 - 0x00007ffcd62b9000 	D:\DataSoft\JetBox\apps\datagrip\ch-0\222.4167.25\jbr\bin\net.dll
0x00007ffcd7630000 - 0x00007ffcd773c000 	C:\WINDOWS\SYSTEM32\WINHTTP.dll
0x00007ffcdb830000 - 0x00007ffcdb89a000 	C:\WINDOWS\system32\mswsock.dll
0x00007ffcc11f0000 - 0x00007ffcc1206000 	D:\DataSoft\JetBox\apps\datagrip\ch-0\222.4167.25\jbr\bin\nio.dll
0x00007ffc95540000 - 0x00007ffc956d3000 	D:\DataSoft\JetBox\apps\datagrip\ch-0\222.4167.25\jbr\bin\awt.dll
0x00007ffcd9e50000 - 0x00007ffcd9e7f000 	C:\WINDOWS\SYSTEM32\dwmapi.dll
0x00007ffcd9980000 - 0x00007ffcd9a10000 	C:\WINDOWS\SYSTEM32\apphelp.dll
0x00007ffcd9b60000 - 0x00007ffcd9bfe000 	C:\WINDOWS\system32\uxtheme.dll
0x00007ffca1650000 - 0x00007ffca1729000 	c:\Program Files\HP\HP ProtectTools Security Manager\Bin\DpoFeedb.dll
0x00007ffcdc080000 - 0x00007ffcdc0ae000 	C:\WINDOWS\SYSTEM32\USERENV.dll
0x00007ffcde970000 - 0x00007ffcdea85000 	C:\WINDOWS\System32\MSCTF.dll
0x0000000180000000 - 0x0000000180044000 	C:\WINDOWS\LVUAAgentInstBaseRoot\system32\OverlordSpear.dll
0x00007ffcd7ce0000 - 0x00007ffcd7cf7000 	C:\WINDOWS\SYSTEM32\dhcpcsvc6.DLL
0x00007ffcd7cc0000 - 0x00007ffcd7cdd000 	C:\WINDOWS\SYSTEM32\dhcpcsvc.DLL
0x00007ffcdba30000 - 0x00007ffcdba48000 	C:\WINDOWS\System32\CRYPTSP.dll
0x00007ffcdb150000 - 0x00007ffcdb184000 	C:\WINDOWS\system32\rsaenh.dll
0x00007ffcdc1c0000 - 0x00007ffcdc1e7000 	C:\WINDOWS\System32\bcrypt.dll
0x00007ffcdba20000 - 0x00007ffcdba2c000 	C:\WINDOWS\SYSTEM32\CRYPTBASE.dll
0x00007ffcd50a0000 - 0x00007ffcd50a7000 	D:\DataSoft\JetBox\apps\datagrip\ch-0\222.4167.25\jbr\bin\rmi.dll
0x00007ffcd5fb0000 - 0x00007ffcd5fc0000 	D:\DataSoft\JetBox\apps\datagrip\ch-0\222.4167.25\jbr\bin\verify.dll
0x00007ffcd6610000 - 0x00007ffcd661a000 	C:\Windows\System32\rasadhlp.dll
0x00007ffcd7c10000 - 0x00007ffcd7c90000 	C:\WINDOWS\System32\fwpuclnt.dll

dbghelp: loaded successfully - version: 4.0.5 - missing functions: none
symbol engine: initialized successfully - sym options: 0x614 - pdb path: .;D:\DataSoft\JetBox\apps\datagrip\ch-0\222.4167.25\jbr\bin;C:\WINDOWS\SYSTEM32;C:\WINDOWS\WinSxS\amd64_microsoft.windows.common-controls_6595b64144ccf1df_6.0.19041.1110_none_60b5254171f9507e;C:\WINDOWS\LVUAAgentInstBaseRoot\system32;D:\DataSoft\JetBox\apps\datagrip\ch-0\222.4167.25\jbr\bin\server;c:\Program Files\HP\HP ProtectTools Security Manager\Bin

VM Arguments:
jvm_args: -Dawt.toolkit=com.intellij.desktop.DesktopActionsToolkit -Djava.rmi.server.hostname=127.0.0.1 -Duser.timezone=UTC -Xmx750m -Xms128m --add-exports=java.desktop/sun.awt=ALL-UNNAMED --add-exports=java.desktop/java.awt.peer=ALL-UNNAMED --add-opens=java.desktop/java.awt=ALL-UNNAMED --add-opens=jdk.unsupported/sun.misc=ALL-UNNAMED --add-opens=java.base/java.nio=ALL-UNNAMED -Dfile.encoding=GBK 
java_command: com.intellij.database.remote.RemoteJdbcServer com.cloudera.impala.jdbc41.Driver
java_class_path (initial): D:\DataSoft\JetBox\apps\datagrip\ch-0\222.4167.25\lib\util_rt.jar;D:\DataSoft\JetBox\apps\datagrip\ch-0\222.4167.25\lib\util.jar;D:\DataSoft\JetBox\apps\datagrip\ch-0\222.4167.25\lib\groovy.jar;D:\DataSoft\JetBox\apps\datagrip\ch-0\222.4167.25\plugins\DatabaseTools\lib\jdbc-console.jar;D:\DataSoft\DBeaver\jre\lib\ImpalaJDBC41-2.6.3.jar
Launcher Type: SUN_STANDARD

[Global flags]
     intx CICompilerCount                          = 3                                         {product} {ergonomic}
     uint ConcGCThreads                            = 2                                         {product} {ergonomic}
     uint G1ConcRefinementThreads                  = 6                                         {product} {ergonomic}
   size_t G1HeapRegionSize                         = 1048576                                   {product} {ergonomic}
    uintx GCDrainStackTargetSize                   = 64                                        {product} {ergonomic}
   size_t InitialHeapSize                          = 134217728                                 {product} {command line}
   size_t MarkStackSize                            = 4194304                                   {product} {ergonomic}
   size_t MaxHeapSize                              = 786432000                                 {product} {command line}
   size_t MaxNewSize                               = 471859200                                 {product} {ergonomic}
   size_t MinHeapDeltaBytes                        = 1048576                                   {product} {ergonomic}
   size_t MinHeapSize                              = 134217728                                 {product} {command line}
    uintx NonNMethodCodeHeapSize                   = 5832780                                {pd product} {ergonomic}
    uintx NonProfiledCodeHeapSize                  = 122912730                              {pd product} {ergonomic}
    uintx ProfiledCodeHeapSize                     = 122912730                              {pd product} {ergonomic}
    uintx ReservedCodeCacheSize                    = 251658240                              {pd product} {ergonomic}
     bool SegmentedCodeCache                       = true                                      {product} {ergonomic}
   size_t SoftMaxHeapSize                          = 786432000                              {manageable} {ergonomic}
     bool UseCompressedClassPointers               = true                           {product lp64_product} {ergonomic}
     bool UseCompressedOops                        = true                           {product lp64_product} {ergonomic}
     bool UseG1GC                                  = true                                      {product} {ergonomic}
     bool UseLargePagesIndividualAllocation        = false                                  {pd product} {ergonomic}

Logging:
Log output configuration:
 #0: stdout all=warning uptime,level,tags
 #1: stderr all=off uptime,level,tags

Environment Variables:
JAVA_HOME=D:\Program Files (x86)\Java\jdk1.8.0_181
PATH=C:\Program Files (x86)\Common Files\Oracle\Java\javapath;C:\WINDOWS\system32;C:\WINDOWS;C:\WINDOWS\System32\Wbem;C:\WINDOWS\System32\WindowsPowerShell\v1.0\;C:\WINDOWS\System32\OpenSSH\;D:\Program Files (x86)\Java\jdk1.8.0_181\bin;D:\Program Files (x86)\Java\jdk1.8.0_181\jre\bin;C:\Program Files (x86)\Microsoft SQL Server\150\DTS\Binn\;C:\Program Files\Microsoft SQL Server\130\Tools\Binn\;D:\Program Files\Git\cmd;D:\Program Files\TortoiseGit\bin;D:\Program Files\apache-maven-3.8.1\bin\;C:\Program Files\MySQL\MySQL Server 5.7\bin;D:\DataSoft\scala\bin;D:\DataSoft\scala\bin;D:\DataSoft\scala\jre\bin;C:\Program Files (x86)\Intel\Intel(R) Management Engine Components\DAL;C:\Program Files\Intel\Intel(R) Management Engine Components\DAL;E:\LinuxOS\Xshell\;E:\LinuxOS\Xftp\;D:\DataSoft\python;D:\DataSoft\python\Lib;D:\DataSoft\python\Scripts;C:\Users\DMC8612144\AppData\Local\Microsoft\WindowsApps;
USERNAME=DMC8612144
OS=Windows_NT
PROCESSOR_IDENTIFIER=Intel64 Family 6 Model 158 Stepping 10, GenuineIntel
TMP=C:\Users\DMC861~1\AppData\Local\Temp
TEMP=C:\Users\DMC861~1\AppData\Local\Temp



---------------  S Y S T E M  ---------------

OS:
 Windows 10 , 64 bit Build 19041 (10.0.19041.2546)
OS uptime: 1 days 3:35 hours

CPU: total 6 (initial active 6) (6 cores per cpu, 1 threads per core) family 6 model 158 stepping 10 microcode 0xb4, cx8, cmov, fxsr, mmx, 3dnowpref, sse, sse2, sse3, ssse3, sse4.1, sse4.2, popcnt, lzcnt, tsc, tscinvbit, avx, avx2, aes, erms, clmul, bmi1, bmi2, rtm, adx, fma, vzeroupper, clflush, clflushopt

Memory: 4k page, system-wide physical 16227M (3350M free)
TotalPageFile size 20323M (AvailPageFile size 2M)
current process WorkingSet (physical memory assigned to process): 83M, peak: 147M
current process commit charge ("private bytes"): 240M, peak: 258M

vm_info: OpenJDK 64-Bit Server VM (17.0.4+7-b469.53) for windows-amd64 JRE (17.0.4+7-b469.53), built on 2022-08-29 by "builduser" with MS VC++ 16.10 / 16.11 (VS2019)

END.
