#
# There is insufficient memory for the Java Runtime Environment to continue.
# Native memory allocation (malloc) failed to allocate 896656 bytes for Chunk::new
# Possible reasons:
#   The system is out of physical RAM or swap space
#   The process is running with CompressedOops enabled, and the Java Heap may be blocking the growth of the native heap
# Possible solutions:
#   Reduce memory load on the system
#   Increase physical memory or swap space
#   Check if swap backing store is full
#   Decrease Java heap size (-Xmx/-Xms)
#   Decrease number of Java threads
#   Decrease Java thread stack sizes (-Xss)
#   Set larger code cache with -XX:ReservedCodeCacheSize=
#   JVM is running with Unscaled Compressed Oops mode in which the Java heap is
#     placed in the first 4GB address space. The Java Heap base address is the
#     maximum limit for the native heap growth. Please use -XX:HeapBaseMinAddress
#     to set the Java Heap base and to place the Java Heap above 4GB virtual address.
# This output file may be truncated or incomplete.
#
#  Out of Memory Error (arena.cpp:189), pid=18916, tid=17780
#
# JRE version: OpenJDK Runtime Environment JBR-17.0.4+7-469.53-jcef (17.0.4+7) (build 17.0.4+7-b469.53)
# Java VM: OpenJDK 64-Bit Server VM JBR-17.0.4+7-469.53-jcef (17.0.4+7-b469.53, mixed mode, tiered, compressed oops, compressed class ptrs, g1 gc, windows-amd64)
# No core dump will be written. Minidumps are not enabled by default on client versions of Windows
#

---------------  S U M M A R Y ------------

Command Line: -Dawt.toolkit=com.intellij.desktop.DesktopActionsToolkit -Djava.rmi.server.hostname=127.0.0.1 -Duser.timezone=UTC -Xmx750m -Xms128m --add-exports=java.desktop/sun.awt=ALL-UNNAMED --add-exports=java.desktop/java.awt.peer=ALL-UNNAMED --add-opens=java.desktop/java.awt=ALL-UNNAMED --add-opens=jdk.unsupported/sun.misc=ALL-UNNAMED --add-opens=java.base/java.nio=ALL-UNNAMED -Dfile.encoding=GBK com.intellij.database.remote.RemoteJdbcServer com.mysql.cj.jdbc.Driver

Host: Intel(R) Core(TM) i5-8500 CPU @ 3.00GHz, 6 cores, 15G,  Windows 10 , 64 bit Build 19041 (10.0.19041.2546)
Time: Thu Feb 23 17:27:58 2023  Windows 10 , 64 bit Build 19041 (10.0.19041.2546) elapsed time: 972.659007 seconds (0d 0h 16m 12s)

---------------  T H R E A D  ---------------

Current thread (0x0000018bda448550):  JavaThread "C2 CompilerThread0" daemon [_thread_in_native, id=17780, stack(0x0000007e07100000,0x0000007e07200000)]


Current CompileTask:
C2: 972659 3484       4       sun.rmi.transport.ConnectionOutputStream::<init> (45 bytes)

Stack: [0x0000007e07100000,0x0000007e07200000]
Native frames: (J=compiled Java code, j=interpreted, Vv=VM code, C=native code)
V  [jvm.dll+0x68348a]
V  [jvm.dll+0x83faf4]
V  [jvm.dll+0x84129e]
V  [jvm.dll+0x841903]
V  [jvm.dll+0x2494a5]
V  [jvm.dll+0xabd5c]
V  [jvm.dll+0xac32c]
V  [jvm.dll+0x368722]
V  [jvm.dll+0x332ae1]
V  [jvm.dll+0x331f8a]
V  [jvm.dll+0x21bb91]
V  [jvm.dll+0x21afb1]
V  [jvm.dll+0x1a4cfd]
V  [jvm.dll+0x22aa48]
V  [jvm.dll+0x228af9]
V  [jvm.dll+0x7f52fc]
V  [jvm.dll+0x7ef82a]
V  [jvm.dll+0x6822c5]
C  [ucrtbase.dll+0x21bb2]
C  [KERNEL32.DLL+0x17614]
C  [ntdll.dll+0x526a1]


---------------  P R O C E S S  ---------------

Threads class SMR info:
_java_thread_list=0x0000018bdd6db7f0, length=23, elements={
0x0000018bc2ba9a00, 0x0000018bda435480, 0x0000018bda435fc0, 0x0000018bda4af020,
0x0000018bda489c10, 0x0000018bda48a8d0, 0x0000018bda447880, 0x0000018bda448550,
0x0000018bda44c560, 0x0000018bda44d670, 0x0000018bda64b370, 0x0000018bc05c8e50,
0x0000018bda7003c0, 0x0000018bdbd89c20, 0x0000018bdbdd3050, 0x0000018bdbe524d0,
0x0000018bdbf062f0, 0x0000018bdbf067c0, 0x0000018bdc158f50, 0x0000018bdc159420,
0x0000018bdc158a80, 0x0000018bdc159dc0, 0x0000018bdc15a760
}

Java Threads: ( => current thread )
  0x0000018bc2ba9a00 JavaThread "main" [_thread_blocked, id=4964, stack(0x0000007e06400000,0x0000007e06500000)]
  0x0000018bda435480 JavaThread "Reference Handler" daemon [_thread_blocked, id=20560, stack(0x0000007e06b00000,0x0000007e06c00000)]
  0x0000018bda435fc0 JavaThread "Finalizer" daemon [_thread_blocked, id=4044, stack(0x0000007e06c00000,0x0000007e06d00000)]
  0x0000018bda4af020 JavaThread "Signal Dispatcher" daemon [_thread_blocked, id=5640, stack(0x0000007e06d00000,0x0000007e06e00000)]
  0x0000018bda489c10 JavaThread "Attach Listener" daemon [_thread_blocked, id=7640, stack(0x0000007e06e00000,0x0000007e06f00000)]
  0x0000018bda48a8d0 JavaThread "Service Thread" daemon [_thread_blocked, id=14768, stack(0x0000007e06f00000,0x0000007e07000000)]
  0x0000018bda447880 JavaThread "Monitor Deflation Thread" daemon [_thread_blocked, id=16216, stack(0x0000007e07000000,0x0000007e07100000)]
=>0x0000018bda448550 JavaThread "C2 CompilerThread0" daemon [_thread_in_native, id=17780, stack(0x0000007e07100000,0x0000007e07200000)]
  0x0000018bda44c560 JavaThread "C1 CompilerThread0" daemon [_thread_blocked, id=8580, stack(0x0000007e07200000,0x0000007e07300000)]
  0x0000018bda44d670 JavaThread "Sweeper thread" daemon [_thread_blocked, id=18912, stack(0x0000007e07300000,0x0000007e07400000)]
  0x0000018bda64b370 JavaThread "Common-Cleaner" daemon [_thread_blocked, id=1604, stack(0x0000007e07400000,0x0000007e07500000)]
  0x0000018bc05c8e50 JavaThread "Notification Thread" daemon [_thread_blocked, id=24212, stack(0x0000007e06300000,0x0000007e06400000)]
  0x0000018bda7003c0 JavaThread "mysql-cj-abandoned-connection-cleanup" daemon [_thread_blocked, id=1096, stack(0x0000007e07700000,0x0000007e07800000)]
  0x0000018bdbd89c20 JavaThread "Java2D Disposer" daemon [_thread_blocked, id=12988, stack(0x0000007e07800000,0x0000007e07900000)]
  0x0000018bdbdd3050 JavaThread "AWT-Windows" daemon [_thread_in_native, id=21132, stack(0x0000007e07a00000,0x0000007e07b00000)]
  0x0000018bdbe524d0 JavaThread "RMI TCP Accept-42723" daemon [_thread_in_native, id=11344, stack(0x0000007e07b00000,0x0000007e07c00000)]
  0x0000018bdbf062f0 JavaThread "RMI TCP Accept-0" daemon [_thread_in_native, id=22648, stack(0x0000007e07c00000,0x0000007e07d00000)]
  0x0000018bdbf067c0 JavaThread "RMI Reaper" [_thread_blocked, id=21644, stack(0x0000007e07d00000,0x0000007e07e00000)]
  0x0000018bdc158f50 JavaThread "RMI GC Daemon" daemon [_thread_blocked, id=4004, stack(0x0000007e07e00000,0x0000007e07f00000)]
  0x0000018bdc159420 JavaThread "RMI TCP Connection(1)-127.0.0.1" daemon [_thread_in_native, id=17048, stack(0x0000007e07f00000,0x0000007e08000000)]
  0x0000018bdc158a80 JavaThread "RMI Scheduler(0)" daemon [_thread_blocked, id=23136, stack(0x0000007e08000000,0x0000007e08100000)]
  0x0000018bdc159dc0 JavaThread "RMI TCP Connection(2)-127.0.0.1" daemon [_thread_in_native, id=15308, stack(0x0000007e08100000,0x0000007e08200000)]
  0x0000018bdc15a760 JavaThread "RMI RenewClean-[127.0.0.1:55128]" daemon [_thread_blocked, id=21444, stack(0x0000007e08200000,0x0000007e08300000)]

Other Threads:
  0x0000018bda42d6f0 VMThread "VM Thread" [stack: 0x0000007e06a00000,0x0000007e06b00000] [id=19996]
  0x0000018bd954bbe0 WatcherThread [stack: 0x0000007e07500000,0x0000007e07600000] [id=24460]
  0x0000018bc2be2360 GCTaskThread "GC Thread#0" [stack: 0x0000007e06500000,0x0000007e06600000] [id=19472]
  0x0000018bdc41fc10 GCTaskThread "GC Thread#1" [stack: 0x0000007e08300000,0x0000007e08400000] [id=17712]
  0x0000018bdc3a9020 GCTaskThread "GC Thread#2" [stack: 0x0000007e08400000,0x0000007e08500000] [id=22952]
  0x0000018bdc3fe5c0 GCTaskThread "GC Thread#3" [stack: 0x0000007e08500000,0x0000007e08600000] [id=16056]
  0x0000018bdc3fec80 GCTaskThread "GC Thread#4" [stack: 0x0000007e08600000,0x0000007e08700000] [id=19868]
  0x0000018bdc46eec0 GCTaskThread "GC Thread#5" [stack: 0x0000007e08700000,0x0000007e08800000] [id=11948]
  0x0000018bc2be8e10 ConcurrentGCThread "G1 Main Marker" [stack: 0x0000007e06600000,0x0000007e06700000] [id=20940]
  0x0000018bc2be95d0 ConcurrentGCThread "G1 Conc#0" [stack: 0x0000007e06700000,0x0000007e06800000] [id=22104]
  0x0000018bdc3fccc0 ConcurrentGCThread "G1 Conc#1" [stack: 0x0000007e08a00000,0x0000007e08b00000] [id=20580]
  0x0000018bd95a2490 ConcurrentGCThread "G1 Refine#0" [stack: 0x0000007e06800000,0x0000007e06900000] [id=10400]
  0x0000018bdc36dbd0 ConcurrentGCThread "G1 Refine#1" [stack: 0x0000007e08800000,0x0000007e08900000] [id=14476]
  0x0000018bdc3ff580 ConcurrentGCThread "G1 Refine#2" [stack: 0x0000007e08900000,0x0000007e08a00000] [id=19540]
  0x0000018bd95a2c60 ConcurrentGCThread "G1 Service" [stack: 0x0000007e06900000,0x0000007e06a00000] [id=8752]

Threads with active compile tasks:
C2 CompilerThread0   972761 3484       4       sun.rmi.transport.ConnectionOutputStream::<init> (45 bytes)

VM state: not at safepoint (normal execution)

VM Mutex/Monitor currently owned by a thread: None

Heap address: 0x00000000d1200000, size: 750 MB, Compressed Oops mode: 32-bit

CDS archive(s) not mapped
Compressed class space mapped at: 0x0000000100000000-0x0000000140000000, reserved size: 1073741824
Narrow klass base: 0x0000000000000000, Narrow klass shift: 3, Narrow klass range: 0x140000000

GC Precious Log:
 CPUs: 6 total, 6 available
 Memory: 16227M
 Large Page Support: Disabled
 NUMA Support: Disabled
 Compressed Oops: Enabled (32-bit)
 Heap Region Size: 1M
 Heap Min Capacity: 128M
 Heap Initial Capacity: 128M
 Heap Max Capacity: 750M
 Pre-touch: Disabled
 Parallel Workers: 6
 Concurrent Workers: 2
 Concurrent Refinement Workers: 6
 Periodic GC: Disabled

Heap:
 garbage-first heap   total 131072K, used 75109K [0x00000000d1200000, 0x0000000100000000)
  region size 1024K, 70 young (71680K), 3 survivors (3072K)
 Metaspace       used 25302K, committed 25600K, reserved 1073152K
  class space    used 2573K, committed 2688K, reserved 1048576K

Heap Regions: E=young(eden), S=young(survivor), O=old, HS=humongous(starts), HC=humongous(continues), CS=collection set, F=free, OA=open archive, CA=closed archive, TAMS=top-at-mark-start (previous, next)
|   0|0x00000000d1200000, 0x00000000d1300000, 0x00000000d1300000|100%| O|  |TAMS 0x00000000d1300000, 0x00000000d1200000| Untracked 
|   1|0x00000000d1300000, 0x00000000d1400000, 0x00000000d1400000|100%| O|  |TAMS 0x00000000d1400000, 0x00000000d1300000| Untracked 
|   2|0x00000000d1400000, 0x00000000d1500000, 0x00000000d1500000|100%| O|  |TAMS 0x00000000d1412600, 0x00000000d1400000| Untracked 
|   3|0x00000000d1500000, 0x00000000d1600000, 0x00000000d1600000|100%| O|  |TAMS 0x00000000d1500000, 0x00000000d1500000| Untracked 
|   4|0x00000000d1600000, 0x00000000d16f5600, 0x00000000d1700000| 95%| O|  |TAMS 0x00000000d1600000, 0x00000000d1600000| Untracked 
|   5|0x00000000d1700000, 0x00000000d1700000, 0x00000000d1800000|  0%| F|  |TAMS 0x00000000d1700000, 0x00000000d1700000| Untracked 
|   6|0x00000000d1800000, 0x00000000d1800000, 0x00000000d1900000|  0%| F|  |TAMS 0x00000000d1800000, 0x00000000d1800000| Untracked 
|   7|0x00000000d1900000, 0x00000000d1900000, 0x00000000d1a00000|  0%| F|  |TAMS 0x00000000d1900000, 0x00000000d1900000| Untracked 
|   8|0x00000000d1a00000, 0x00000000d1a00000, 0x00000000d1b00000|  0%| F|  |TAMS 0x00000000d1a00000, 0x00000000d1a00000| Untracked 
|   9|0x00000000d1b00000, 0x00000000d1b00000, 0x00000000d1c00000|  0%| F|  |TAMS 0x00000000d1b00000, 0x00000000d1b00000| Untracked 
|  10|0x00000000d1c00000, 0x00000000d1c00000, 0x00000000d1d00000|  0%| F|  |TAMS 0x00000000d1c00000, 0x00000000d1c00000| Untracked 
|  11|0x00000000d1d00000, 0x00000000d1d00000, 0x00000000d1e00000|  0%| F|  |TAMS 0x00000000d1d00000, 0x00000000d1d00000| Untracked 
|  12|0x00000000d1e00000, 0x00000000d1e00000, 0x00000000d1f00000|  0%| F|  |TAMS 0x00000000d1e00000, 0x00000000d1e00000| Untracked 
|  13|0x00000000d1f00000, 0x00000000d1f00000, 0x00000000d2000000|  0%| F|  |TAMS 0x00000000d1f00000, 0x00000000d1f00000| Untracked 
|  14|0x00000000d2000000, 0x00000000d2000000, 0x00000000d2100000|  0%| F|  |TAMS 0x00000000d2000000, 0x00000000d2000000| Untracked 
|  15|0x00000000d2100000, 0x00000000d2100000, 0x00000000d2200000|  0%| F|  |TAMS 0x00000000d2100000, 0x00000000d2100000| Untracked 
|  16|0x00000000d2200000, 0x00000000d2200000, 0x00000000d2300000|  0%| F|  |TAMS 0x00000000d2200000, 0x00000000d2200000| Untracked 
|  17|0x00000000d2300000, 0x00000000d2300000, 0x00000000d2400000|  0%| F|  |TAMS 0x00000000d2300000, 0x00000000d2300000| Untracked 
|  18|0x00000000d2400000, 0x00000000d2400000, 0x00000000d2500000|  0%| F|  |TAMS 0x00000000d2400000, 0x00000000d2400000| Untracked 
|  19|0x00000000d2500000, 0x00000000d2500000, 0x00000000d2600000|  0%| F|  |TAMS 0x00000000d2500000, 0x00000000d2500000| Untracked 
|  20|0x00000000d2600000, 0x00000000d2600000, 0x00000000d2700000|  0%| F|  |TAMS 0x00000000d2600000, 0x00000000d2600000| Untracked 
|  21|0x00000000d2700000, 0x00000000d2700000, 0x00000000d2800000|  0%| F|  |TAMS 0x00000000d2700000, 0x00000000d2700000| Untracked 
|  22|0x00000000d2800000, 0x00000000d2800000, 0x00000000d2900000|  0%| F|  |TAMS 0x00000000d2800000, 0x00000000d2800000| Untracked 
|  23|0x00000000d2900000, 0x00000000d2900000, 0x00000000d2a00000|  0%| F|  |TAMS 0x00000000d2900000, 0x00000000d2900000| Untracked 
|  24|0x00000000d2a00000, 0x00000000d2a00000, 0x00000000d2b00000|  0%| F|  |TAMS 0x00000000d2a00000, 0x00000000d2a00000| Untracked 
|  25|0x00000000d2b00000, 0x00000000d2b00000, 0x00000000d2c00000|  0%| F|  |TAMS 0x00000000d2b00000, 0x00000000d2b00000| Untracked 
|  26|0x00000000d2c00000, 0x00000000d2c00000, 0x00000000d2d00000|  0%| F|  |TAMS 0x00000000d2c00000, 0x00000000d2c00000| Untracked 
|  27|0x00000000d2d00000, 0x00000000d2d00000, 0x00000000d2e00000|  0%| F|  |TAMS 0x00000000d2d00000, 0x00000000d2d00000| Untracked 
|  28|0x00000000d2e00000, 0x00000000d2e00000, 0x00000000d2f00000|  0%| F|  |TAMS 0x00000000d2e00000, 0x00000000d2e00000| Untracked 
|  29|0x00000000d2f00000, 0x00000000d2f00000, 0x00000000d3000000|  0%| F|  |TAMS 0x00000000d2f00000, 0x00000000d2f00000| Untracked 
|  30|0x00000000d3000000, 0x00000000d3000000, 0x00000000d3100000|  0%| F|  |TAMS 0x00000000d3000000, 0x00000000d3000000| Untracked 
|  31|0x00000000d3100000, 0x00000000d3100000, 0x00000000d3200000|  0%| F|  |TAMS 0x00000000d3100000, 0x00000000d3100000| Untracked 
|  32|0x00000000d3200000, 0x00000000d3200000, 0x00000000d3300000|  0%| F|  |TAMS 0x00000000d3200000, 0x00000000d3200000| Untracked 
|  33|0x00000000d3300000, 0x00000000d3300000, 0x00000000d3400000|  0%| F|  |TAMS 0x00000000d3300000, 0x00000000d3300000| Untracked 
|  34|0x00000000d3400000, 0x00000000d3400000, 0x00000000d3500000|  0%| F|  |TAMS 0x00000000d3400000, 0x00000000d3400000| Untracked 
|  35|0x00000000d3500000, 0x00000000d3500000, 0x00000000d3600000|  0%| F|  |TAMS 0x00000000d3500000, 0x00000000d3500000| Untracked 
|  36|0x00000000d3600000, 0x00000000d3600000, 0x00000000d3700000|  0%| F|  |TAMS 0x00000000d3600000, 0x00000000d3600000| Untracked 
|  37|0x00000000d3700000, 0x00000000d3700000, 0x00000000d3800000|  0%| F|  |TAMS 0x00000000d3700000, 0x00000000d3700000| Untracked 
|  38|0x00000000d3800000, 0x00000000d3800000, 0x00000000d3900000|  0%| F|  |TAMS 0x00000000d3800000, 0x00000000d3800000| Untracked 
|  39|0x00000000d3900000, 0x00000000d3900000, 0x00000000d3a00000|  0%| F|  |TAMS 0x00000000d3900000, 0x00000000d3900000| Untracked 
|  40|0x00000000d3a00000, 0x00000000d3a00000, 0x00000000d3b00000|  0%| F|  |TAMS 0x00000000d3a00000, 0x00000000d3a00000| Untracked 
|  41|0x00000000d3b00000, 0x00000000d3b00000, 0x00000000d3c00000|  0%| F|  |TAMS 0x00000000d3b00000, 0x00000000d3b00000| Untracked 
|  42|0x00000000d3c00000, 0x00000000d3c00000, 0x00000000d3d00000|  0%| F|  |TAMS 0x00000000d3c00000, 0x00000000d3c00000| Untracked 
|  43|0x00000000d3d00000, 0x00000000d3d00000, 0x00000000d3e00000|  0%| F|  |TAMS 0x00000000d3d00000, 0x00000000d3d00000| Untracked 
|  44|0x00000000d3e00000, 0x00000000d3e00000, 0x00000000d3f00000|  0%| F|  |TAMS 0x00000000d3e00000, 0x00000000d3e00000| Untracked 
|  45|0x00000000d3f00000, 0x00000000d3f00000, 0x00000000d4000000|  0%| F|  |TAMS 0x00000000d3f00000, 0x00000000d3f00000| Untracked 
|  46|0x00000000d4000000, 0x00000000d4000000, 0x00000000d4100000|  0%| F|  |TAMS 0x00000000d4000000, 0x00000000d4000000| Untracked 
|  47|0x00000000d4100000, 0x00000000d4100000, 0x00000000d4200000|  0%| F|  |TAMS 0x00000000d4100000, 0x00000000d4100000| Untracked 
|  48|0x00000000d4200000, 0x00000000d4200000, 0x00000000d4300000|  0%| F|  |TAMS 0x00000000d4200000, 0x00000000d4200000| Untracked 
|  49|0x00000000d4300000, 0x00000000d4300000, 0x00000000d4400000|  0%| F|  |TAMS 0x00000000d4300000, 0x00000000d4300000| Untracked 
|  50|0x00000000d4400000, 0x00000000d4400000, 0x00000000d4500000|  0%| F|  |TAMS 0x00000000d4400000, 0x00000000d4400000| Untracked 
|  51|0x00000000d4500000, 0x00000000d4500000, 0x00000000d4600000|  0%| F|  |TAMS 0x00000000d4500000, 0x00000000d4500000| Untracked 
|  52|0x00000000d4600000, 0x00000000d4600000, 0x00000000d4700000|  0%| F|  |TAMS 0x00000000d4600000, 0x00000000d4600000| Untracked 
|  53|0x00000000d4700000, 0x00000000d4700000, 0x00000000d4800000|  0%| F|  |TAMS 0x00000000d4700000, 0x00000000d4700000| Untracked 
|  54|0x00000000d4800000, 0x00000000d4800000, 0x00000000d4900000|  0%| F|  |TAMS 0x00000000d4800000, 0x00000000d4800000| Untracked 
|  55|0x00000000d4900000, 0x00000000d4900000, 0x00000000d4a00000|  0%| F|  |TAMS 0x00000000d4900000, 0x00000000d4900000| Untracked 
|  56|0x00000000d4a00000, 0x00000000d4a00000, 0x00000000d4b00000|  0%| F|  |TAMS 0x00000000d4a00000, 0x00000000d4a00000| Untracked 
|  57|0x00000000d4b00000, 0x00000000d4b00000, 0x00000000d4c00000|  0%| F|  |TAMS 0x00000000d4b00000, 0x00000000d4b00000| Untracked 
|  58|0x00000000d4c00000, 0x00000000d4c80800, 0x00000000d4d00000| 50%| E|  |TAMS 0x00000000d4c00000, 0x00000000d4c00000| Complete 
|  59|0x00000000d4d00000, 0x00000000d4e00000, 0x00000000d4e00000|100%| E|CS|TAMS 0x00000000d4d00000, 0x00000000d4d00000| Complete 
|  60|0x00000000d4e00000, 0x00000000d4f00000, 0x00000000d4f00000|100%| E|CS|TAMS 0x00000000d4e00000, 0x00000000d4e00000| Complete 
|  61|0x00000000d4f00000, 0x00000000d5000000, 0x00000000d5000000|100%| E|CS|TAMS 0x00000000d4f00000, 0x00000000d4f00000| Complete 
|  62|0x00000000d5000000, 0x00000000d5100000, 0x00000000d5100000|100%| E|CS|TAMS 0x00000000d5000000, 0x00000000d5000000| Complete 
|  63|0x00000000d5100000, 0x00000000d5200000, 0x00000000d5200000|100%| E|CS|TAMS 0x00000000d5100000, 0x00000000d5100000| Complete 
|  64|0x00000000d5200000, 0x00000000d5300000, 0x00000000d5300000|100%| E|CS|TAMS 0x00000000d5200000, 0x00000000d5200000| Complete 
|  65|0x00000000d5300000, 0x00000000d5400000, 0x00000000d5400000|100%| E|CS|TAMS 0x00000000d5300000, 0x00000000d5300000| Complete 
|  66|0x00000000d5400000, 0x00000000d5500000, 0x00000000d5500000|100%| E|CS|TAMS 0x00000000d5400000, 0x00000000d5400000| Complete 
|  67|0x00000000d5500000, 0x00000000d5600000, 0x00000000d5600000|100%| E|CS|TAMS 0x00000000d5500000, 0x00000000d5500000| Complete 
|  68|0x00000000d5600000, 0x00000000d5700000, 0x00000000d5700000|100%| E|CS|TAMS 0x00000000d5600000, 0x00000000d5600000| Complete 
|  69|0x00000000d5700000, 0x00000000d5800000, 0x00000000d5800000|100%| E|CS|TAMS 0x00000000d5700000, 0x00000000d5700000| Complete 
|  70|0x00000000d5800000, 0x00000000d5900000, 0x00000000d5900000|100%| E|CS|TAMS 0x00000000d5800000, 0x00000000d5800000| Complete 
|  71|0x00000000d5900000, 0x00000000d5a00000, 0x00000000d5a00000|100%| E|CS|TAMS 0x00000000d5900000, 0x00000000d5900000| Complete 
|  72|0x00000000d5a00000, 0x00000000d5b00000, 0x00000000d5b00000|100%| E|CS|TAMS 0x00000000d5a00000, 0x00000000d5a00000| Complete 
|  73|0x00000000d5b00000, 0x00000000d5c00000, 0x00000000d5c00000|100%| E|CS|TAMS 0x00000000d5b00000, 0x00000000d5b00000| Complete 
|  74|0x00000000d5c00000, 0x00000000d5d00000, 0x00000000d5d00000|100%| E|CS|TAMS 0x00000000d5c00000, 0x00000000d5c00000| Complete 
|  75|0x00000000d5d00000, 0x00000000d5e00000, 0x00000000d5e00000|100%| E|CS|TAMS 0x00000000d5d00000, 0x00000000d5d00000| Complete 
|  76|0x00000000d5e00000, 0x00000000d5f00000, 0x00000000d5f00000|100%| E|CS|TAMS 0x00000000d5e00000, 0x00000000d5e00000| Complete 
|  77|0x00000000d5f00000, 0x00000000d6000000, 0x00000000d6000000|100%| E|CS|TAMS 0x00000000d5f00000, 0x00000000d5f00000| Complete 
|  78|0x00000000d6000000, 0x00000000d6100000, 0x00000000d6100000|100%| E|CS|TAMS 0x00000000d6000000, 0x00000000d6000000| Complete 
|  79|0x00000000d6100000, 0x00000000d6200000, 0x00000000d6200000|100%| E|CS|TAMS 0x00000000d6100000, 0x00000000d6100000| Complete 
|  80|0x00000000d6200000, 0x00000000d6300000, 0x00000000d6300000|100%| E|CS|TAMS 0x00000000d6200000, 0x00000000d6200000| Complete 
|  81|0x00000000d6300000, 0x00000000d6400000, 0x00000000d6400000|100%| E|CS|TAMS 0x00000000d6300000, 0x00000000d6300000| Complete 
|  82|0x00000000d6400000, 0x00000000d6500000, 0x00000000d6500000|100%| E|CS|TAMS 0x00000000d6400000, 0x00000000d6400000| Complete 
|  83|0x00000000d6500000, 0x00000000d6600000, 0x00000000d6600000|100%| E|CS|TAMS 0x00000000d6500000, 0x00000000d6500000| Complete 
|  84|0x00000000d6600000, 0x00000000d6663e10, 0x00000000d6700000| 39%| S|CS|TAMS 0x00000000d6600000, 0x00000000d6600000| Complete 
|  85|0x00000000d6700000, 0x00000000d6800000, 0x00000000d6800000|100%| S|CS|TAMS 0x00000000d6700000, 0x00000000d6700000| Complete 
|  86|0x00000000d6800000, 0x00000000d6900000, 0x00000000d6900000|100%| S|CS|TAMS 0x00000000d6800000, 0x00000000d6800000| Complete 
|  87|0x00000000d6900000, 0x00000000d6a00000, 0x00000000d6a00000|100%| E|CS|TAMS 0x00000000d6900000, 0x00000000d6900000| Complete 
|  88|0x00000000d6a00000, 0x00000000d6b00000, 0x00000000d6b00000|100%| E|CS|TAMS 0x00000000d6a00000, 0x00000000d6a00000| Complete 
|  89|0x00000000d6b00000, 0x00000000d6c00000, 0x00000000d6c00000|100%| E|CS|TAMS 0x00000000d6b00000, 0x00000000d6b00000| Complete 
|  90|0x00000000d6c00000, 0x00000000d6d00000, 0x00000000d6d00000|100%| E|CS|TAMS 0x00000000d6c00000, 0x00000000d6c00000| Complete 
|  91|0x00000000d6d00000, 0x00000000d6e00000, 0x00000000d6e00000|100%| E|CS|TAMS 0x00000000d6d00000, 0x00000000d6d00000| Complete 
|  92|0x00000000d6e00000, 0x00000000d6f00000, 0x00000000d6f00000|100%| E|CS|TAMS 0x00000000d6e00000, 0x00000000d6e00000| Complete 
|  93|0x00000000d6f00000, 0x00000000d7000000, 0x00000000d7000000|100%| E|CS|TAMS 0x00000000d6f00000, 0x00000000d6f00000| Complete 
|  94|0x00000000d7000000, 0x00000000d7100000, 0x00000000d7100000|100%| E|CS|TAMS 0x00000000d7000000, 0x00000000d7000000| Complete 
|  95|0x00000000d7100000, 0x00000000d7200000, 0x00000000d7200000|100%| E|CS|TAMS 0x00000000d7100000, 0x00000000d7100000| Complete 
|  96|0x00000000d7200000, 0x00000000d7300000, 0x00000000d7300000|100%| E|CS|TAMS 0x00000000d7200000, 0x00000000d7200000| Complete 
|  97|0x00000000d7300000, 0x00000000d7400000, 0x00000000d7400000|100%| E|CS|TAMS 0x00000000d7300000, 0x00000000d7300000| Complete 
|  98|0x00000000d7400000, 0x00000000d7500000, 0x00000000d7500000|100%| E|CS|TAMS 0x00000000d7400000, 0x00000000d7400000| Complete 
|  99|0x00000000d7500000, 0x00000000d7600000, 0x00000000d7600000|100%| E|CS|TAMS 0x00000000d7500000, 0x00000000d7500000| Complete 
| 100|0x00000000d7600000, 0x00000000d7700000, 0x00000000d7700000|100%| E|CS|TAMS 0x00000000d7600000, 0x00000000d7600000| Complete 
| 101|0x00000000d7700000, 0x00000000d7800000, 0x00000000d7800000|100%| E|CS|TAMS 0x00000000d7700000, 0x00000000d7700000| Complete 
| 102|0x00000000d7800000, 0x00000000d7900000, 0x00000000d7900000|100%| E|CS|TAMS 0x00000000d7800000, 0x00000000d7800000| Complete 
| 103|0x00000000d7900000, 0x00000000d7a00000, 0x00000000d7a00000|100%| E|CS|TAMS 0x00000000d7900000, 0x00000000d7900000| Complete 
| 104|0x00000000d7a00000, 0x00000000d7b00000, 0x00000000d7b00000|100%| E|CS|TAMS 0x00000000d7a00000, 0x00000000d7a00000| Complete 
| 105|0x00000000d7b00000, 0x00000000d7c00000, 0x00000000d7c00000|100%| E|CS|TAMS 0x00000000d7b00000, 0x00000000d7b00000| Complete 
| 106|0x00000000d7c00000, 0x00000000d7d00000, 0x00000000d7d00000|100%| E|CS|TAMS 0x00000000d7c00000, 0x00000000d7c00000| Complete 
| 107|0x00000000d7d00000, 0x00000000d7e00000, 0x00000000d7e00000|100%| E|CS|TAMS 0x00000000d7d00000, 0x00000000d7d00000| Complete 
| 108|0x00000000d7e00000, 0x00000000d7f00000, 0x00000000d7f00000|100%| E|CS|TAMS 0x00000000d7e00000, 0x00000000d7e00000| Complete 
| 109|0x00000000d7f00000, 0x00000000d8000000, 0x00000000d8000000|100%| E|CS|TAMS 0x00000000d7f00000, 0x00000000d7f00000| Complete 
| 110|0x00000000d8000000, 0x00000000d8100000, 0x00000000d8100000|100%| E|CS|TAMS 0x00000000d8000000, 0x00000000d8000000| Complete 
| 111|0x00000000d8100000, 0x00000000d8200000, 0x00000000d8200000|100%| E|CS|TAMS 0x00000000d8100000, 0x00000000d8100000| Complete 
| 112|0x00000000d8200000, 0x00000000d8300000, 0x00000000d8300000|100%| E|CS|TAMS 0x00000000d8200000, 0x00000000d8200000| Complete 
| 113|0x00000000d8300000, 0x00000000d8400000, 0x00000000d8400000|100%| E|CS|TAMS 0x00000000d8300000, 0x00000000d8300000| Complete 
| 114|0x00000000d8400000, 0x00000000d8500000, 0x00000000d8500000|100%| E|CS|TAMS 0x00000000d8400000, 0x00000000d8400000| Complete 
| 115|0x00000000d8500000, 0x00000000d8600000, 0x00000000d8600000|100%| E|CS|TAMS 0x00000000d8500000, 0x00000000d8500000| Complete 
| 116|0x00000000d8600000, 0x00000000d8700000, 0x00000000d8700000|100%| E|CS|TAMS 0x00000000d8600000, 0x00000000d8600000| Complete 
| 117|0x00000000d8700000, 0x00000000d8800000, 0x00000000d8800000|100%| E|CS|TAMS 0x00000000d8700000, 0x00000000d8700000| Complete 
| 118|0x00000000d8800000, 0x00000000d8900000, 0x00000000d8900000|100%| E|CS|TAMS 0x00000000d8800000, 0x00000000d8800000| Complete 
| 119|0x00000000d8900000, 0x00000000d8a00000, 0x00000000d8a00000|100%| E|CS|TAMS 0x00000000d8900000, 0x00000000d8900000| Complete 
| 120|0x00000000d8a00000, 0x00000000d8b00000, 0x00000000d8b00000|100%| E|CS|TAMS 0x00000000d8a00000, 0x00000000d8a00000| Complete 
| 121|0x00000000d8b00000, 0x00000000d8c00000, 0x00000000d8c00000|100%| E|CS|TAMS 0x00000000d8b00000, 0x00000000d8b00000| Complete 
| 122|0x00000000d8c00000, 0x00000000d8d00000, 0x00000000d8d00000|100%| E|CS|TAMS 0x00000000d8c00000, 0x00000000d8c00000| Complete 
| 123|0x00000000d8d00000, 0x00000000d8e00000, 0x00000000d8e00000|100%| E|CS|TAMS 0x00000000d8d00000, 0x00000000d8d00000| Complete 
| 124|0x00000000d8e00000, 0x00000000d8f00000, 0x00000000d8f00000|100%| E|CS|TAMS 0x00000000d8e00000, 0x00000000d8e00000| Complete 
| 125|0x00000000d8f00000, 0x00000000d9000000, 0x00000000d9000000|100%| E|CS|TAMS 0x00000000d8f00000, 0x00000000d8f00000| Complete 
| 126|0x00000000d9000000, 0x00000000d9100000, 0x00000000d9100000|100%| E|CS|TAMS 0x00000000d9000000, 0x00000000d9000000| Complete 
| 127|0x00000000d9100000, 0x00000000d9200000, 0x00000000d9200000|100%| E|CS|TAMS 0x00000000d9100000, 0x00000000d9100000| Complete 

Card table byte_map: [0x0000018bd5850000,0x0000018bd59d0000] _byte_map_base: 0x0000018bd51c7000

Marking Bits (Prev, Next): (CMBitMap*) 0x0000018bc2be2760, (CMBitMap*) 0x0000018bc2be2720
 Prev Bits: [0x0000018bd6710000, 0x0000018bd72c8000)
 Next Bits: [0x0000018bd5b50000, 0x0000018bd6708000)

Polling page: 0x0000018bc2650000

Metaspace:

Usage:
  Non-class:     22.20 MB used.
      Class:      2.51 MB used.
       Both:     24.71 MB used.

Virtual space:
  Non-class space:       24.00 MB reserved,      22.38 MB ( 93%) committed,  3 nodes.
      Class space:        1.00 GB reserved,       2.62 MB ( <1%) committed,  1 nodes.
             Both:        1.02 GB reserved,      25.00 MB (  2%) committed. 

Chunk freelists:
   Non-Class:  739.00 KB
       Class:  1.34 MB
        Both:  2.06 MB

MaxMetaspaceSize: unlimited
CompressedClassSpaceSize: 1.00 GB
Initial GC threshold: 21.00 MB
Current GC threshold: 35.12 MB
CDS: off
MetaspaceReclaimPolicy: balanced
 - commit_granule_bytes: 65536.
 - commit_granule_words: 8192.
 - virtual_space_node_default_size: 1048576.
 - enlarge_chunks_in_place: 1.
 - new_chunks_are_fully_committed: 0.
 - uncommit_free_chunks: 1.
 - use_allocation_guard: 0.
 - handle_deallocations: 1.


Internal statistics:

num_allocs_failed_limit: 3.
num_arena_births: 356.
num_arena_deaths: 0.
num_vsnodes_births: 4.
num_vsnodes_deaths: 0.
num_space_committed: 400.
num_space_uncommitted: 0.
num_chunks_returned_to_freelist: 3.
num_chunks_taken_from_freelist: 766.
num_chunk_merges: 0.
num_chunk_splits: 443.
num_chunks_enlarged: 215.
num_purges: 0.
num_inconsistent_stats: 0.

CodeHeap 'non-profiled nmethods': size=120000Kb used=2132Kb max_used=2132Kb free=117867Kb
 bounds [0x0000018bcdd60000, 0x0000018bcdfd0000, 0x0000018bd5290000]
CodeHeap 'profiled nmethods': size=120000Kb used=7270Kb max_used=7270Kb free=112729Kb
 bounds [0x0000018bc6830000, 0x0000018bc6f50000, 0x0000018bcdd60000]
CodeHeap 'non-nmethods': size=5760Kb used=1283Kb max_used=1364Kb free=4476Kb
 bounds [0x0000018bc6290000, 0x0000018bc6500000, 0x0000018bc6830000]
 total_blobs=4085 nmethods=3483 adapters=514
 compilation: enabled
              stopped_count=0, restarted_count=0
 full_count=0

Compilation events (20 events):
Event: 639.527 Thread 0x0000018bda44c560 nmethod 3473 0x0000018bc6f43e10 code [0x0000018bc6f44040, 0x0000018bc6f44a18]
Event: 639.527 Thread 0x0000018bda44c560 3474       3       java.lang.ThreadLocal$ThreadLocalMap::getEntry (42 bytes)
Event: 639.527 Thread 0x0000018bda44c560 nmethod 3474 0x0000018bc6f44d10 code [0x0000018bc6f44ee0, 0x0000018bc6f452b8]
Event: 648.529 Thread 0x0000018bda448550 3475       4       java.nio.MappedByteBuffer::rewind (5 bytes)
Event: 648.529 Thread 0x0000018bda448550 nmethod 3475 0x0000018bcdf73510 code [0x0000018bcdf73680, 0x0000018bcdf73718]
Event: 675.531 Thread 0x0000018bda448550 3476       4       java.io.DataOutputStream::writeByte (14 bytes)
Event: 675.532 Thread 0x0000018bda448550 nmethod 3476 0x0000018bcdf73810 code [0x0000018bcdf739a0, 0x0000018bcdf73c58]
Event: 675.532 Thread 0x0000018bda448550 3477       4       sun.rmi.transport.tcp.TCPConnection::releaseOutputStream (15 bytes)
Event: 675.533 Thread 0x0000018bda448550 nmethod 3477 0x0000018bcdf73e10 code [0x0000018bcdf73fa0, 0x0000018bcdf742b8]
Event: 693.535 Thread 0x0000018bda448550 3478       4       java.util.concurrent.locks.ReentrantLock$Sync::tryRelease (51 bytes)
Event: 693.536 Thread 0x0000018bda448550 nmethod 3478 0x0000018bcdf74410 code [0x0000018bcdf74580, 0x0000018bcdf746b8]
Event: 768.087 Thread 0x0000018bda44c560 3479       1       java.net.InetAddress::holder (5 bytes)
Event: 768.087 Thread 0x0000018bda44c560 nmethod 3479 0x0000018bcdf74790 code [0x0000018bcdf74920, 0x0000018bcdf749f8]
Event: 860.286 Thread 0x0000018bda44c560 3481       3       jdk.internal.util.jar.JarIndex::get (49 bytes)
Event: 860.287 Thread 0x0000018bda44c560 nmethod 3481 0x0000018bc6f45490 code [0x0000018bc6f456c0, 0x0000018bc6f45f88]
Event: 927.581 Thread 0x0000018bda448550 3482       4       java.util.concurrent.locks.ReentrantLock$NonfairSync::initialTryLock (58 bytes)
Event: 927.583 Thread 0x0000018bda448550 nmethod 3482 0x0000018bcdf74e90 code [0x0000018bcdf75000, 0x0000018bcdf751b8]
Event: 940.293 Thread 0x0000018bda44c560 3483   !   3       jdk.internal.loader.URLClassPath$JarLoader::getResource (354 bytes)
Event: 940.298 Thread 0x0000018bda44c560 nmethod 3483 0x0000018bc6f46290 code [0x0000018bc6f46700, 0x0000018bc6f486d8]
Event: 972.593 Thread 0x0000018bda448550 3484       4       sun.rmi.transport.ConnectionOutputStream::<init> (45 bytes)

GC Heap History (6 events):
Event: 0.669 GC heap before
{Heap before GC invocations=0 (full 0):
 garbage-first heap   total 131072K, used 20480K [0x00000000d1200000, 0x0000000100000000)
  region size 1024K, 21 young (21504K), 0 survivors (0K)
 Metaspace       used 17782K, committed 18048K, reserved 1064960K
  class space    used 1852K, committed 1984K, reserved 1048576K
}
Event: 0.673 GC heap after
{Heap after GC invocations=1 (full 0):
 garbage-first heap   total 131072K, used 5193K [0x00000000d1200000, 0x0000000100000000)
  region size 1024K, 3 young (3072K), 3 survivors (3072K)
 Metaspace       used 17782K, committed 18048K, reserved 1064960K
  class space    used 1852K, committed 1984K, reserved 1048576K
}
Event: 0.814 GC heap before
{Heap before GC invocations=1 (full 0):
 garbage-first heap   total 131072K, used 8265K [0x00000000d1200000, 0x0000000100000000)
  region size 1024K, 7 young (7168K), 3 survivors (3072K)
 Metaspace       used 21341K, committed 21504K, reserved 1073152K
  class space    used 2294K, committed 2368K, reserved 1048576K
}
Event: 0.816 GC heap after
{Heap after GC invocations=2 (full 0):
 garbage-first heap   total 131072K, used 5519K [0x00000000d1200000, 0x0000000100000000)
  region size 1024K, 1 young (1024K), 1 survivors (1024K)
 Metaspace       used 21341K, committed 21504K, reserved 1073152K
  class space    used 2294K, committed 2368K, reserved 1048576K
}
Event: 3.674 GC heap before
{Heap before GC invocations=3 (full 0):
 garbage-first heap   total 131072K, used 46479K [0x00000000d1200000, 0x0000000100000000)
  region size 1024K, 41 young (41984K), 1 survivors (1024K)
 Metaspace       used 24944K, committed 25280K, reserved 1073152K
  class space    used 2559K, committed 2688K, reserved 1048576K
}
Event: 3.676 GC heap after
{Heap after GC invocations=4 (full 0):
 garbage-first heap   total 131072K, used 7525K [0x00000000d1200000, 0x0000000100000000)
  region size 1024K, 3 young (3072K), 3 survivors (3072K)
 Metaspace       used 24944K, committed 25280K, reserved 1073152K
  class space    used 2559K, committed 2688K, reserved 1048576K
}

Deoptimization events (20 events):
Event: 168.109 Thread 0x0000018bdc159dc0 DEOPT PACKING pc=0x0000018bcddd7b68 sp=0x0000007e081fdc70
Event: 168.109 Thread 0x0000018bdc159dc0 DEOPT UNPACKING pc=0x0000018bc62e23a3 sp=0x0000007e081fdc18 mode 2
Event: 168.109 Thread 0x0000018bdc159dc0 Uncommon trap: trap_request=0xffffffde fr.pc=0x0000018bcde987b0 relative=0x00000000000007f0
Event: 168.109 Thread 0x0000018bdc159dc0 Uncommon trap: reason=class_check action=maybe_recompile pc=0x0000018bcde987b0 method=com.mysql.cj.jdbc.result.ResultSetImpl.getString(I)Ljava/lang/String; @ 46 c2
Event: 168.109 Thread 0x0000018bdc159dc0 DEOPT PACKING pc=0x0000018bcde987b0 sp=0x0000007e081fdae0
Event: 168.109 Thread 0x0000018bdc159dc0 DEOPT UNPACKING pc=0x0000018bc62e23a3 sp=0x0000007e081fdaa0 mode 2
Event: 168.112 Thread 0x0000018bdc159dc0 DEOPT PACKING pc=0x0000018bc6ecb4ee sp=0x0000007e081fd8b0
Event: 168.112 Thread 0x0000018bdc159dc0 DEOPT UNPACKING pc=0x0000018bc62e2b43 sp=0x0000007e081fcd08 mode 0
Event: 168.123 Thread 0x0000018bdc159dc0 Uncommon trap: trap_request=0xffffff45 fr.pc=0x0000018bcde9dd3c relative=0x000000000000057c
Event: 168.123 Thread 0x0000018bdc159dc0 Uncommon trap: reason=unstable_if action=reinterpret pc=0x0000018bcde9dd3c method=java.lang.String.regionMatches(ZILjava/lang/String;II)Z @ 36 c2
Event: 168.123 Thread 0x0000018bdc159dc0 DEOPT PACKING pc=0x0000018bcde9dd3c sp=0x0000007e081fdb40
Event: 168.123 Thread 0x0000018bdc159dc0 DEOPT UNPACKING pc=0x0000018bc62e23a3 sp=0x0000007e081fdab8 mode 2
Event: 468.086 Thread 0x0000018bdc15a760 Uncommon trap: trap_request=0xffffff45 fr.pc=0x0000018bcde6d294 relative=0x00000000000005b4
Event: 468.086 Thread 0x0000018bdc15a760 Uncommon trap: reason=unstable_if action=reinterpret pc=0x0000018bcde6d294 method=java.lang.ThreadLocal.get()Ljava/lang/Object; @ 11 c2
Event: 468.086 Thread 0x0000018bdc15a760 DEOPT PACKING pc=0x0000018bcde6d294 sp=0x0000007e082fe9f0
Event: 468.086 Thread 0x0000018bdc15a760 DEOPT UNPACKING pc=0x0000018bc62e23a3 sp=0x0000007e082fe948 mode 2
Event: 468.086 Thread 0x0000018bdc15a760 Uncommon trap: trap_request=0xffffff45 fr.pc=0x0000018bcde3d784 relative=0x00000000000000e4
Event: 468.086 Thread 0x0000018bdc15a760 Uncommon trap: reason=unstable_if action=reinterpret pc=0x0000018bcde3d784 method=java.lang.ThreadLocal$ThreadLocalMap.getEntry(Ljava/lang/ThreadLocal;)Ljava/lang/ThreadLocal$ThreadLocalMap$Entry; @ 21 c2
Event: 468.086 Thread 0x0000018bdc15a760 DEOPT PACKING pc=0x0000018bcde3d784 sp=0x0000007e082fe800
Event: 468.086 Thread 0x0000018bdc15a760 DEOPT UNPACKING pc=0x0000018bc62e23a3 sp=0x0000007e082fe790 mode 2

Classes unloaded (0 events):
No events

Classes redefined (0 events):
No events

Internal exceptions (20 events):
Event: 1.254 Thread 0x0000018bdc159dc0 Exception <a 'java/lang/NoSuchMethodError'{0x00000000d840c910}: static Lcom/intellij/database/remote/jdba/exceptions/DBException;.<clinit>()V> (0x00000000d840c910) 
thrown [s\src\hotspot\share\prims\jni.cpp, line 1108]
Event: 1.255 Thread 0x0000018bdc159dc0 Exception <a 'java/lang/NoSuchMethodError'{0x00000000d8419e10}: static [Ljava/lang/StackTraceElement;.<clinit>()V> (0x00000000d8419e10) 
thrown [s\src\hotspot\share\prims\jni.cpp, line 1108]
Event: 1.262 Thread 0x0000018bdc159dc0 Exception <a 'java/lang/NoSuchMethodError'{0x00000000d845a1d8}: 'java.lang.Object java.lang.invoke.DirectMethodHandle$Holder.invokeSpecial(java.lang.Object, java.lang.Object, java.lang.Object, java.lang.Object, int)'> (0x00000000d845a1d8) 
thrown [s\src\hotspot\share\interpreter\linkResolver.cpp, line 771]
Event: 1.262 Thread 0x0000018bdc159dc0 Exception <a 'java/lang/NoSuchMethodError'{0x00000000d845dda0}: 'java.lang.Object java.lang.invoke.Invokers$Holder.linkToTargetMethod(java.lang.Object, java.lang.Object, int, java.lang.Object)'> (0x00000000d845dda0) 
thrown [s\src\hotspot\share\interpreter\linkResolver.cpp, line 771]
Event: 1.268 Thread 0x0000018bdc159dc0 Exception <a 'java/lang/reflect/InvocationTargetException'{0x00000000d830a120}> (0x00000000d830a120) 
thrown [s\src\hotspot\share\runtime\reflection.cpp, line 1127]
Event: 1.275 Thread 0x0000018bdc159dc0 Exception <a 'java/lang/reflect/InvocationTargetException'{0x00000000d8330d50}> (0x00000000d8330d50) 
thrown [s\src\hotspot\share\runtime\reflection.cpp, line 1127]
Event: 1.280 Thread 0x0000018bdc159dc0 Exception <a 'java/lang/reflect/InvocationTargetException'{0x00000000d8357a68}> (0x00000000d8357a68) 
thrown [s\src\hotspot\share\runtime\reflection.cpp, line 1127]
Event: 1.287 Thread 0x0000018bdc159dc0 Exception <a 'java/lang/reflect/InvocationTargetException'{0x00000000d8381168}> (0x00000000d8381168) 
thrown [s\src\hotspot\share\runtime\reflection.cpp, line 1127]
Event: 1.294 Thread 0x0000018bdc159dc0 Exception <a 'java/lang/reflect/InvocationTargetException'{0x00000000d83a7d38}> (0x00000000d83a7d38) 
thrown [s\src\hotspot\share\runtime\reflection.cpp, line 1127]
Event: 1.302 Thread 0x0000018bdc159dc0 Exception <a 'java/lang/reflect/InvocationTargetException'{0x00000000d83dfdd0}> (0x00000000d83dfdd0) 
thrown [s\src\hotspot\share\runtime\reflection.cpp, line 1127]
Event: 1.890 Thread 0x0000018bdc159dc0 Implicit null exception at 0x0000018bcde531a5 to 0x0000018bcde56724
Event: 4.212 Thread 0x0000018bdc15ac30 Implicit null exception at 0x0000018bcdf05b60 to 0x0000018bcdf05cdc
Event: 4.213 Thread 0x0000018bdc15ac30 Implicit null exception at 0x0000018bcdea836b to 0x0000018bcdea9368
Event: 4.213 Thread 0x0000018bdc15ac30 Implicit null exception at 0x0000018bcde3d280 to 0x0000018bcde3d2fc
Event: 164.574 Thread 0x0000018bdc159dc0 Implicit null exception at 0x0000018bcdf1cac0 to 0x0000018bcdf1cf08
Event: 164.576 Thread 0x0000018bdc159dc0 Implicit null exception at 0x0000018bcde31a60 to 0x0000018bcde32364
Event: 164.599 Thread 0x0000018bdc159dc0 Implicit null exception at 0x0000018bcde961a3 to 0x0000018bcde96f30
Event: 168.157 Thread 0x0000018bdc159dc0 Exception <a 'java/lang/NoSuchMethodError'{0x00000000d509e1e0}: static Lcom/intellij/database/remote/jdbc/RemoteResultSet$DataRetrievingOptions;.<clinit>()V> (0x00000000d509e1e0) 
thrown [s\src\hotspot\share\prims\jni.cpp, line 1108]
Event: 468.086 Thread 0x0000018bdc15a760 Implicit null exception at 0x0000018bcde6cd17 to 0x0000018bcde6d27c
Event: 468.086 Thread 0x0000018bdc15a760 Implicit null exception at 0x0000018bcde3d700 to 0x0000018bcde3d76c

VM Operations (20 events):
Event: 168.572 Executing VM operation: Cleanup
Event: 168.572 Executing VM operation: Cleanup done
Event: 195.583 Executing VM operation: Cleanup
Event: 195.583 Executing VM operation: Cleanup done
Event: 302.631 Executing VM operation: Cleanup
Event: 302.631 Executing VM operation: Cleanup done
Event: 304.632 Executing VM operation: Cleanup
Event: 304.632 Executing VM operation: Cleanup done
Event: 468.714 Executing VM operation: Cleanup
Event: 468.715 Executing VM operation: Cleanup done
Event: 610.787 Executing VM operation: Cleanup
Event: 610.787 Executing VM operation: Cleanup done
Event: 648.807 Executing VM operation: Cleanup
Event: 648.807 Executing VM operation: Cleanup done
Event: 696.832 Executing VM operation: Cleanup
Event: 696.832 Executing VM operation: Cleanup done
Event: 930.948 Executing VM operation: Cleanup
Event: 930.948 Executing VM operation: Cleanup done
Event: 936.951 Executing VM operation: Cleanup
Event: 936.951 Executing VM operation: Cleanup done

Events (20 events):
Event: 164.582 Thread 0x0000018bda64fc10 Thread added: 0x0000018bda64fc10
Event: 173.187 Thread 0x0000018bda64fc10 Thread exited: 0x0000018bda64fc10
Event: 194.805 Thread 0x0000018bdc157270 Thread added: 0x0000018bdc157270
Event: 194.805 Thread 0x0000018bdc1580e0 Thread added: 0x0000018bdc1580e0
Event: 194.805 Thread 0x0000018bdc157c10 Thread added: 0x0000018bdc157c10
Event: 194.805 Thread 0x0000018bdc157740 Thread added: 0x0000018bdc157740
Event: 194.805 Thread 0x0000018bdc1585b0 Thread added: 0x0000018bdc1585b0
Event: 194.805 Thread 0x0000018bdc1580e0 Thread exited: 0x0000018bdc1580e0
Event: 194.805 Thread 0x0000018bdc157270 Thread exited: 0x0000018bdc157270
Event: 194.805 Thread 0x0000018bddf5d4a0 Thread added: 0x0000018bddf5d4a0
Event: 194.806 Thread 0x0000018bddf582d0 Thread added: 0x0000018bddf582d0
Event: 194.806 Thread 0x0000018bdc157c10 Thread exited: 0x0000018bdc157c10
Event: 194.806 Thread 0x0000018bddf5d970 Thread added: 0x0000018bddf5d970
Event: 194.806 Thread 0x0000018bddf59610 Thread added: 0x0000018bddf59610
Event: 194.806 Thread 0x0000018bdc157740 Thread exited: 0x0000018bdc157740
Event: 194.806 Thread 0x0000018bdc1585b0 Thread exited: 0x0000018bdc1585b0
Event: 194.806 Thread 0x0000018bddf5d4a0 Thread exited: 0x0000018bddf5d4a0
Event: 194.806 Thread 0x0000018bddf582d0 Thread exited: 0x0000018bddf582d0
Event: 194.806 Thread 0x0000018bddf5d970 Thread exited: 0x0000018bddf5d970
Event: 194.806 Thread 0x0000018bddf59610 Thread exited: 0x0000018bddf59610


Dynamic libraries:
0x00007ff70a060000 - 0x00007ff70a06a000 	D:\DataSoft\JetBox\apps\datagrip\ch-0\222.4167.25\jbr\bin\java.exe
0x00007ffcdead0000 - 0x00007ffcdecc8000 	C:\WINDOWS\SYSTEM32\ntdll.dll
0x00007ffcddca0000 - 0x00007ffcddd5f000 	C:\WINDOWS\System32\KERNEL32.DLL
0x00007ffcdc550000 - 0x00007ffcdc822000 	C:\WINDOWS\System32\KERNELBASE.dll
0x00007ffcdc450000 - 0x00007ffcdc550000 	C:\WINDOWS\System32\ucrtbase.dll
0x00007ffccf4c0000 - 0x00007ffccf4d7000 	D:\DataSoft\JetBox\apps\datagrip\ch-0\222.4167.25\jbr\bin\jli.dll
0x00007ffcbd360000 - 0x00007ffcbd37b000 	D:\DataSoft\JetBox\apps\datagrip\ch-0\222.4167.25\jbr\bin\VCRUNTIME140.dll
0x00007ffcde7c0000 - 0x00007ffcde961000 	C:\WINDOWS\System32\USER32.dll
0x00007ffcdc1f0000 - 0x00007ffcdc212000 	C:\WINDOWS\System32\win32u.dll
0x00007ffcd00d0000 - 0x00007ffcd036a000 	C:\WINDOWS\WinSxS\amd64_microsoft.windows.common-controls_6595b64144ccf1df_6.0.19041.1110_none_60b5254171f9507e\COMCTL32.dll
0x00007ffcde4b0000 - 0x00007ffcde4db000 	C:\WINDOWS\System32\GDI32.dll
0x00007ffcde5c0000 - 0x00007ffcde65e000 	C:\WINDOWS\System32\msvcrt.dll
0x00007ffcdc290000 - 0x00007ffcdc39f000 	C:\WINDOWS\System32\gdi32full.dll
0x00007ffcdca70000 - 0x00007ffcdcb0d000 	C:\WINDOWS\System32\msvcp_win.dll
0x00007ffcddbe0000 - 0x00007ffcddc12000 	C:\WINDOWS\System32\IMM32.DLL
0x00007ffcdbef0000 - 0x00007ffcdbf5f000 	C:\WINDOWS\LVUAAgentInstBaseRoot\system32\Vozokopot.dll
0x00007ffcd5790000 - 0x00007ffcd579c000 	D:\DataSoft\JetBox\apps\datagrip\ch-0\222.4167.25\jbr\bin\vcruntime140_1.dll
0x00007ffcb1ef0000 - 0x00007ffcb1f7d000 	D:\DataSoft\JetBox\apps\datagrip\ch-0\222.4167.25\jbr\bin\msvcp140.dll
0x00007ffc95b30000 - 0x00007ffc96799000 	D:\DataSoft\JetBox\apps\datagrip\ch-0\222.4167.25\jbr\bin\server\jvm.dll
0x00007ffcdd1e0000 - 0x00007ffcdd28e000 	C:\WINDOWS\System32\ADVAPI32.dll
0x00007ffcde660000 - 0x00007ffcde6fc000 	C:\WINDOWS\System32\sechost.dll
0x00007ffcdd0b0000 - 0x00007ffcdd1d5000 	C:\WINDOWS\System32\RPCRT4.dll
0x00007ffcdd5b0000 - 0x00007ffcdd5b8000 	C:\WINDOWS\System32\PSAPI.DLL
0x00007ffccdc10000 - 0x00007ffccdc19000 	C:\WINDOWS\SYSTEM32\WSOCK32.dll
0x00007ffccf610000 - 0x00007ffccf637000 	C:\WINDOWS\SYSTEM32\WINMM.dll
0x00007ffcdd290000 - 0x00007ffcdd2fb000 	C:\WINDOWS\System32\WS2_32.dll
0x00007ffcd7450000 - 0x00007ffcd745a000 	C:\WINDOWS\SYSTEM32\VERSION.dll
0x00007ffcd0a50000 - 0x00007ffcd0dc8000 	C:\WINDOWS\LVUAAgentInstBaseRoot\system32\MozartBreathCore.dll
0x00007ffcde4e0000 - 0x00007ffcde5ba000 	C:\WINDOWS\System32\COMDLG32.dll
0x00007ffcdd870000 - 0x00007ffcddbc5000 	C:\WINDOWS\System32\combase.dll
0x00007ffcdb520000 - 0x00007ffcdb55b000 	C:\WINDOWS\SYSTEM32\IPHLPAPI.DLL
0x00007ffcd4430000 - 0x00007ffcd444d000 	C:\WINDOWS\SYSTEM32\MPR.dll
0x00007ffcd75c0000 - 0x00007ffcd75d4000 	C:\WINDOWS\SYSTEM32\WTSAPI32.dll
0x00007ffcdd000000 - 0x00007ffcdd0ad000 	C:\WINDOWS\System32\shcore.dll
0x00007ffcdd310000 - 0x00007ffcdd365000 	C:\WINDOWS\System32\SHLWAPI.dll
0x00007ffcdb560000 - 0x00007ffcdb62b000 	C:\WINDOWS\SYSTEM32\DNSAPI.dll
0x00007ffcd17b0000 - 0x00007ffcd1848000 	C:\WINDOWS\SYSTEM32\WINSPOOL.DRV
0x00007ffcddd60000 - 0x00007ffcde4a5000 	C:\WINDOWS\System32\SHELL32.dll
0x00007ffcdd5c0000 - 0x00007ffcdd6ea000 	C:\WINDOWS\System32\ole32.dll
0x00007ffcdd7a0000 - 0x00007ffcdd86d000 	C:\WINDOWS\System32\OLEAUT32.dll
0x00007ffcdd300000 - 0x00007ffcdd308000 	C:\WINDOWS\System32\NSI.dll
0x00007ffcda030000 - 0x00007ffcda042000 	C:\WINDOWS\SYSTEM32\kernel.appcore.dll
0x00007ffccda80000 - 0x00007ffccda9f000 	C:\WINDOWS\LVUAAgentInstBaseRoot\system32\MozartBreathOM.dll
0x00007ffcd7ca0000 - 0x00007ffcd7caa000 	D:\DataSoft\JetBox\apps\datagrip\ch-0\222.4167.25\jbr\bin\jimage.dll
0x00007ffccca30000 - 0x00007ffccca57000 	C:\WINDOWS\LVUAAgentInstBaseRoot\system32\MozartBreathFw.dll
0x00007ffcd6b80000 - 0x00007ffcd6d64000 	C:\WINDOWS\SYSTEM32\DBGHELP.DLL
0x00007ffcd6620000 - 0x00007ffcd6655000 	C:\WINDOWS\SYSTEM32\dbgcore.DLL
0x00007ffcdc880000 - 0x00007ffcdc902000 	C:\WINDOWS\System32\bcryptPrimitives.dll
0x00007ffccc960000 - 0x00007ffccc9cd000 	C:\WINDOWS\LVUAAgentInstBaseRoot\system32\MozartBreathFile.dll
0x00007ffccc4d0000 - 0x00007ffccc5fd000 	C:\WINDOWS\LVUAAgentInstBaseRoot\system32\MozartBreathProcess.dll
0x00007ffccbc80000 - 0x00007ffccbcf7000 	C:\WINDOWS\LVUAAgentInstBaseRoot\system32\MozartBreathBolo2.dll
0x00007ffccbc00000 - 0x00007ffccbc2b000 	C:\WINDOWS\LVUAAgentInstBaseRoot\system32\MozartBreathProtect.dll
0x00007ffcd60d0000 - 0x00007ffcd60f5000 	D:\DataSoft\JetBox\apps\datagrip\ch-0\222.4167.25\jbr\bin\java.dll
0x00007ffcd7600000 - 0x00007ffcd7618000 	D:\DataSoft\JetBox\apps\datagrip\ch-0\222.4167.25\jbr\bin\zip.dll
0x00007ffcda230000 - 0x00007ffcda9c2000 	C:\WINDOWS\SYSTEM32\windows.storage.dll
0x00007ffcdbad0000 - 0x00007ffcdbb00000 	C:\WINDOWS\System32\Wldp.dll
0x00007ffcdc100000 - 0x00007ffcdc11f000 	C:\WINDOWS\SYSTEM32\profapi.dll
0x00007ffcd62a0000 - 0x00007ffcd62b9000 	D:\DataSoft\JetBox\apps\datagrip\ch-0\222.4167.25\jbr\bin\net.dll
0x00007ffcd7630000 - 0x00007ffcd773c000 	C:\WINDOWS\SYSTEM32\WINHTTP.dll
0x00007ffcdb830000 - 0x00007ffcdb89a000 	C:\WINDOWS\system32\mswsock.dll
0x00007ffcc11f0000 - 0x00007ffcc1206000 	D:\DataSoft\JetBox\apps\datagrip\ch-0\222.4167.25\jbr\bin\nio.dll
0x00007ffc95540000 - 0x00007ffc956d3000 	D:\DataSoft\JetBox\apps\datagrip\ch-0\222.4167.25\jbr\bin\awt.dll
0x00007ffcd9e50000 - 0x00007ffcd9e7f000 	C:\WINDOWS\SYSTEM32\dwmapi.dll
0x00007ffcd9980000 - 0x00007ffcd9a10000 	C:\WINDOWS\SYSTEM32\apphelp.dll
0x00007ffcd9b60000 - 0x00007ffcd9bfe000 	C:\WINDOWS\system32\uxtheme.dll
0x00007ffca1650000 - 0x00007ffca1729000 	c:\Program Files\HP\HP ProtectTools Security Manager\Bin\DpoFeedb.dll
0x00007ffcdc080000 - 0x00007ffcdc0ae000 	C:\WINDOWS\SYSTEM32\USERENV.dll
0x00007ffcde970000 - 0x00007ffcdea85000 	C:\WINDOWS\System32\MSCTF.dll
0x0000000180000000 - 0x0000000180044000 	C:\WINDOWS\LVUAAgentInstBaseRoot\system32\OverlordSpear.dll
0x00007ffcd7ce0000 - 0x00007ffcd7cf7000 	C:\WINDOWS\SYSTEM32\dhcpcsvc6.DLL
0x00007ffcd7cc0000 - 0x00007ffcd7cdd000 	C:\WINDOWS\SYSTEM32\dhcpcsvc.DLL
0x00007ffcdba30000 - 0x00007ffcdba48000 	C:\WINDOWS\SYSTEM32\CRYPTSP.dll
0x00007ffcdb150000 - 0x00007ffcdb184000 	C:\WINDOWS\system32\rsaenh.dll
0x00007ffcdc1c0000 - 0x00007ffcdc1e7000 	C:\WINDOWS\System32\bcrypt.dll
0x00007ffcdba20000 - 0x00007ffcdba2c000 	C:\WINDOWS\SYSTEM32\CRYPTBASE.dll
0x00007ffcd50a0000 - 0x00007ffcd50a7000 	D:\DataSoft\JetBox\apps\datagrip\ch-0\222.4167.25\jbr\bin\rmi.dll
0x00007ffcd5fb0000 - 0x00007ffcd5fc0000 	D:\DataSoft\JetBox\apps\datagrip\ch-0\222.4167.25\jbr\bin\verify.dll
0x00007ffcd6610000 - 0x00007ffcd661a000 	C:\Windows\System32\rasadhlp.dll
0x00007ffcd7c10000 - 0x00007ffcd7c90000 	C:\WINDOWS\System32\fwpuclnt.dll
0x00007ffcbc9d0000 - 0x00007ffcbc9dd000 	D:\DataSoft\JetBox\apps\datagrip\ch-0\222.4167.25\jbr\bin\sunmscapi.dll
0x00007ffcdc910000 - 0x00007ffcdca66000 	C:\WINDOWS\System32\CRYPT32.dll
0x00007ffcdbb40000 - 0x00007ffcdbb67000 	C:\WINDOWS\SYSTEM32\ncrypt.dll
0x00007ffcdbb00000 - 0x00007ffcdbb3b000 	C:\WINDOWS\SYSTEM32\NTASN1.dll

dbghelp: loaded successfully - version: 4.0.5 - missing functions: none
symbol engine: initialized successfully - sym options: 0x614 - pdb path: .;D:\DataSoft\JetBox\apps\datagrip\ch-0\222.4167.25\jbr\bin;C:\WINDOWS\SYSTEM32;C:\WINDOWS\WinSxS\amd64_microsoft.windows.common-controls_6595b64144ccf1df_6.0.19041.1110_none_60b5254171f9507e;C:\WINDOWS\LVUAAgentInstBaseRoot\system32;D:\DataSoft\JetBox\apps\datagrip\ch-0\222.4167.25\jbr\bin\server;c:\Program Files\HP\HP ProtectTools Security Manager\Bin

VM Arguments:
jvm_args: -Dawt.toolkit=com.intellij.desktop.DesktopActionsToolkit -Djava.rmi.server.hostname=127.0.0.1 -Duser.timezone=UTC -Xmx750m -Xms128m --add-exports=java.desktop/sun.awt=ALL-UNNAMED --add-exports=java.desktop/java.awt.peer=ALL-UNNAMED --add-opens=java.desktop/java.awt=ALL-UNNAMED --add-opens=jdk.unsupported/sun.misc=ALL-UNNAMED --add-opens=java.base/java.nio=ALL-UNNAMED -Dfile.encoding=GBK 
java_command: com.intellij.database.remote.RemoteJdbcServer com.mysql.cj.jdbc.Driver
java_class_path (initial): D:\DataSoft\JetBox\apps\datagrip\ch-0\222.4167.25\lib\util_rt.jar;D:\DataSoft\JetBox\apps\datagrip\ch-0\222.4167.25\lib\util.jar;D:\DataSoft\JetBox\apps\datagrip\ch-0\222.4167.25\lib\groovy.jar;D:\DataSoft\JetBox\apps\datagrip\ch-0\222.4167.25\plugins\DatabaseTools\lib\jdbc-console.jar;C:\Users\DMC8612144\AppData\Roaming\JetBrains\DataGrip2022.2\jdbc-drivers\MySQL ConnectorJ\8.0.25\mysql-connector-java-8.0.25.jar
Launcher Type: SUN_STANDARD

[Global flags]
     intx CICompilerCount                          = 3                                         {product} {ergonomic}
     uint ConcGCThreads                            = 2                                         {product} {ergonomic}
     uint G1ConcRefinementThreads                  = 6                                         {product} {ergonomic}
   size_t G1HeapRegionSize                         = 1048576                                   {product} {ergonomic}
    uintx GCDrainStackTargetSize                   = 64                                        {product} {ergonomic}
   size_t InitialHeapSize                          = 134217728                                 {product} {command line}
   size_t MarkStackSize                            = 4194304                                   {product} {ergonomic}
   size_t MaxHeapSize                              = 786432000                                 {product} {command line}
   size_t MaxNewSize                               = 471859200                                 {product} {ergonomic}
   size_t MinHeapDeltaBytes                        = 1048576                                   {product} {ergonomic}
   size_t MinHeapSize                              = 134217728                                 {product} {command line}
    uintx NonNMethodCodeHeapSize                   = 5832780                                {pd product} {ergonomic}
    uintx NonProfiledCodeHeapSize                  = 122912730                              {pd product} {ergonomic}
    uintx ProfiledCodeHeapSize                     = 122912730                              {pd product} {ergonomic}
    uintx ReservedCodeCacheSize                    = 251658240                              {pd product} {ergonomic}
     bool SegmentedCodeCache                       = true                                      {product} {ergonomic}
   size_t SoftMaxHeapSize                          = 786432000                              {manageable} {ergonomic}
     bool UseCompressedClassPointers               = true                           {product lp64_product} {ergonomic}
     bool UseCompressedOops                        = true                           {product lp64_product} {ergonomic}
     bool UseG1GC                                  = true                                      {product} {ergonomic}
     bool UseLargePagesIndividualAllocation        = false                                  {pd product} {ergonomic}

Logging:
Log output configuration:
 #0: stdout all=warning uptime,level,tags
 #1: stderr all=off uptime,level,tags

Environment Variables:
JAVA_HOME=D:\Program Files (x86)\Java\jdk1.8.0_181
PATH=C:\Program Files (x86)\Common Files\Oracle\Java\javapath;C:\WINDOWS\system32;C:\WINDOWS;C:\WINDOWS\System32\Wbem;C:\WINDOWS\System32\WindowsPowerShell\v1.0\;C:\WINDOWS\System32\OpenSSH\;D:\Program Files (x86)\Java\jdk1.8.0_181\bin;D:\Program Files (x86)\Java\jdk1.8.0_181\jre\bin;C:\Program Files (x86)\Microsoft SQL Server\150\DTS\Binn\;C:\Program Files\Microsoft SQL Server\130\Tools\Binn\;D:\Program Files\Git\cmd;D:\Program Files\TortoiseGit\bin;D:\Program Files\apache-maven-3.8.1\bin\;C:\Program Files\MySQL\MySQL Server 5.7\bin;D:\DataSoft\scala\bin;D:\DataSoft\scala\bin;D:\DataSoft\scala\jre\bin;C:\Program Files (x86)\Intel\Intel(R) Management Engine Components\DAL;C:\Program Files\Intel\Intel(R) Management Engine Components\DAL;E:\LinuxOS\Xshell\;E:\LinuxOS\Xftp\;D:\DataSoft\python;D:\DataSoft\python\Lib;D:\DataSoft\python\Scripts;C:\Users\DMC8612144\AppData\Local\Microsoft\WindowsApps;
USERNAME=DMC8612144
OS=Windows_NT
PROCESSOR_IDENTIFIER=Intel64 Family 6 Model 158 Stepping 10, GenuineIntel
TMP=C:\Users\DMC861~1\AppData\Local\Temp
TEMP=C:\Users\DMC861~1\AppData\Local\Temp



---------------  S Y S T E M  ---------------

OS:
 Windows 10 , 64 bit Build 19041 (10.0.19041.2546)
OS uptime: 3 days 5:44 hours

CPU: total 6 (initial active 6) (6 cores per cpu, 1 threads per core) family 6 model 158 stepping 10 microcode 0xb4, cx8, cmov, fxsr, mmx, 3dnowpref, sse, sse2, sse3, ssse3, sse4.1, sse4.2, popcnt, lzcnt, tsc, tscinvbit, avx, avx2, aes, erms, clmul, bmi1, bmi2, rtm, adx, fma, vzeroupper, clflush, clflushopt

Memory: 4k page, system-wide physical 16227M (3281M free)
TotalPageFile size 20323M (AvailPageFile size 4M)
current process WorkingSet (physical memory assigned to process): 160M, peak: 174M
current process commit charge ("private bytes"): 249M, peak: 275M

vm_info: OpenJDK 64-Bit Server VM (17.0.4+7-b469.53) for windows-amd64 JRE (17.0.4+7-b469.53), built on 2022-08-29 by "builduser" with MS VC++ 16.10 / 16.11 (VS2019)

END.
