#
# There is insufficient memory for the Java Runtime Environment to continue.
# Native memory allocation (mmap) failed to map 134217728 bytes for G1 virtual space
# Possible reasons:
#   The system is out of physical RAM or swap space
#   The process is running with CompressedOops enabled, and the Java Heap may be blocking the growth of the native heap
# Possible solutions:
#   Reduce memory load on the system
#   Increase physical memory or swap space
#   Check if swap backing store is full
#   Decrease Java heap size (-Xmx/-Xms)
#   Decrease number of Java threads
#   Decrease Java thread stack sizes (-Xss)
#   Set larger code cache with -XX:ReservedCodeCacheSize=
#   JVM is running with Unscaled Compressed Oops mode in which the Java heap is
#     placed in the first 4GB address space. The Java Heap base address is the
#     maximum limit for the native heap growth. Please use -XX:HeapBaseMinAddress
#     to set the Java Heap base and to place the Java Heap above 4GB virtual address.
# This output file may be truncated or incomplete.
#
#  Out of Memory Error (os_windows.cpp:3753), pid=20780, tid=11748
#
# JRE version:  (17.0.4+7) (build )
# Java VM: OpenJDK 64-Bit Server VM (17.0.4+7-b469.53, mixed mode, sharing, tiered, compressed oops, compressed class ptrs, g1 gc, windows-amd64)
# No core dump will be written. Minidumps are not enabled by default on client versions of Windows
#

---------------  S U M M A R Y ------------

Command Line: -Dawt.toolkit=com.intellij.desktop.DesktopActionsToolkit -Djava.rmi.server.hostname=127.0.0.1 -Duser.timezone=UTC -Xmx750m -Xms128m --add-exports=java.desktop/sun.awt=ALL-UNNAMED --add-exports=java.desktop/java.awt.peer=ALL-UNNAMED --add-opens=java.desktop/java.awt=ALL-UNNAMED --add-opens=jdk.unsupported/sun.misc=ALL-UNNAMED --add-opens=java.base/java.nio=ALL-UNNAMED -Dfile.encoding=GBK com.intellij.database.remote.RemoteJdbcServer org.apache.hive.jdbc.HiveDriver

Host: Intel(R) Core(TM) i5-8500 CPU @ 3.00GHz, 6 cores, 15G,  Windows 10 , 64 bit Build 19041 (10.0.19041.2364)
Time: Wed Jan 11 17:34:57 2023  Windows 10 , 64 bit Build 19041 (10.0.19041.2364) elapsed time: 0.009523 seconds (0d 0h 0m 0s)

---------------  T H R E A D  ---------------

Current thread (0x000001b62971bf60):  JavaThread "Unknown thread" [_thread_in_vm, id=11748, stack(0x0000002832300000,0x0000002832400000)]

Stack: [0x0000002832300000,0x0000002832400000]
Native frames: (J=compiled Java code, j=interpreted, Vv=VM code, C=native code)
V  [jvm.dll+0x68348a]
V  [jvm.dll+0x83faf4]
V  [jvm.dll+0x84129e]
V  [jvm.dll+0x841903]
V  [jvm.dll+0x2494a5]
V  [jvm.dll+0x680359]
V  [jvm.dll+0x67499a]
V  [jvm.dll+0x3092db]
V  [jvm.dll+0x310796]
V  [jvm.dll+0x36077e]
V  [jvm.dll+0x3609af]
V  [jvm.dll+0x2df3c8]
V  [jvm.dll+0x2e0334]
V  [jvm.dll+0x8112e1]
V  [jvm.dll+0x36e5d1]
V  [jvm.dll+0x7f06bc]
V  [jvm.dll+0x3f16ef]
V  [jvm.dll+0x3f3231]
C  [jli.dll+0x526b]
C  [ucrtbase.dll+0x21bb2]
C  [KERNEL32.DLL+0x17614]
C  [ntdll.dll+0x526a1]


---------------  P R O C E S S  ---------------

Threads class SMR info:
_java_thread_list=0x00007ff91bc07f18, length=0, elements={
}

Java Threads: ( => current thread )

Other Threads:
  0x000001b63de3c600 GCTaskThread "GC Thread#0" [stack: 0x0000002832400000,0x0000002832500000] [id=10668]
  0x000001b63de3cbf0 ConcurrentGCThread "G1 Main Marker" [stack: 0x0000002832500000,0x0000002832600000] [id=2188]
  0x000001b62974cb50 ConcurrentGCThread "G1 Conc#0" [stack: 0x0000002832600000,0x0000002832700000] [id=11356]

[error occurred during error reporting (printing all threads), id 0xc0000005, EXCEPTION_ACCESS_VIOLATION (0xc0000005) at pc=0x00007ff91b3bff87]

VM state: not at safepoint (not fully initialized)

VM Mutex/Monitor currently owned by a thread:  ([mutex/lock_event])
[0x000001b629718130] Heap_lock - owner thread: 0x000001b62971bf60

Heap address: 0x00000000d1200000, size: 750 MB, Compressed Oops mode: 32-bit

CDS archive(s) mapped at: [0x0000000000000000-0x0000000000000000-0x0000000000000000), size 0, SharedBaseAddress: 0x0000000800000000, ArchiveRelocationMode: 0.
Narrow klass base: 0x0000000000000000, Narrow klass shift: 0, Narrow klass range: 0x0

GC Precious Log:
<Empty>

Heap:
 garbage-first heap   total 0K, used 0K [0x00000000d1200000, 0x0000000100000000)
  region size 1024K, 0 young (0K), 0 survivors (0K)

[error occurred during error reporting (printing heap information), id 0xc0000005, EXCEPTION_ACCESS_VIOLATION (0xc0000005) at pc=0x00007ff91b7ad119]

GC Heap History (0 events):
No events

Deoptimization events (0 events):
No events

Classes unloaded (0 events):
No events

Classes redefined (0 events):
No events

Internal exceptions (0 events):
No events

VM Operations (0 events):
No events

Events (1 events):
Event: 0.006 Loaded shared library D:\DataSoft\JetBox\apps\datagrip\ch-0\222.4167.25\jbr\bin\java.dll


Dynamic libraries:
0x00007ff660900000 - 0x00007ff66090a000 	D:\DataSoft\JetBox\apps\datagrip\ch-0\222.4167.25\jbr\bin\java.exe
0x00007ff95bd10000 - 0x00007ff95bf08000 	C:\WINDOWS\SYSTEM32\ntdll.dll
0x00007ff95ba10000 - 0x00007ff95bacf000 	C:\WINDOWS\System32\KERNEL32.DLL
0x00007ff959a70000 - 0x00007ff959d42000 	C:\WINDOWS\System32\KERNELBASE.dll
0x00007ff959860000 - 0x00007ff959960000 	C:\WINDOWS\System32\ucrtbase.dll
0x00007ff951ce0000 - 0x00007ff951cf7000 	D:\DataSoft\JetBox\apps\datagrip\ch-0\222.4167.25\jbr\bin\jli.dll
0x00007ff951cc0000 - 0x00007ff951cdb000 	D:\DataSoft\JetBox\apps\datagrip\ch-0\222.4167.25\jbr\bin\VCRUNTIME140.dll
0x00007ff95b6a0000 - 0x00007ff95b841000 	C:\WINDOWS\System32\USER32.dll
0x00007ff959830000 - 0x00007ff959852000 	C:\WINDOWS\System32\win32u.dll
0x00007ff94c260000 - 0x00007ff94c4fa000 	C:\WINDOWS\WinSxS\amd64_microsoft.windows.common-controls_6595b64144ccf1df_6.0.19041.1110_none_60b5254171f9507e\COMCTL32.dll
0x00007ff95aea0000 - 0x00007ff95aecb000 	C:\WINDOWS\System32\GDI32.dll
0x00007ff95b930000 - 0x00007ff95b9ce000 	C:\WINDOWS\System32\msvcrt.dll
0x00007ff959960000 - 0x00007ff959a6f000 	C:\WINDOWS\System32\gdi32full.dll
0x00007ff959430000 - 0x00007ff9594cd000 	C:\WINDOWS\System32\msvcp_win.dll
0x00007ff95b9d0000 - 0x00007ff95ba02000 	C:\WINDOWS\System32\IMM32.DLL
0x00007ff8d4c40000 - 0x00007ff8d4caf000 	C:\WINDOWS\LVUAAgentInstBaseRoot\system32\Vozokopot.dll
0x00007ff951cb0000 - 0x00007ff951cbc000 	D:\DataSoft\JetBox\apps\datagrip\ch-0\222.4167.25\jbr\bin\vcruntime140_1.dll
0x00007ff9352a0000 - 0x00007ff93532d000 	D:\DataSoft\JetBox\apps\datagrip\ch-0\222.4167.25\jbr\bin\msvcp140.dll
0x00007ff91b0d0000 - 0x00007ff91bd39000 	D:\DataSoft\JetBox\apps\datagrip\ch-0\222.4167.25\jbr\bin\server\jvm.dll
0x00007ff95adf0000 - 0x00007ff95ae9e000 	C:\WINDOWS\System32\ADVAPI32.dll
0x00007ff95b580000 - 0x00007ff95b61c000 	C:\WINDOWS\System32\sechost.dll
0x00007ff959d50000 - 0x00007ff959e75000 	C:\WINDOWS\System32\RPCRT4.dll
0x00007ff95b570000 - 0x00007ff95b578000 	C:\WINDOWS\System32\PSAPI.DLL
0x00007ff8efd40000 - 0x00007ff8efd49000 	C:\WINDOWS\SYSTEM32\WSOCK32.dll
0x00007ff94c5e0000 - 0x00007ff94c607000 	C:\WINDOWS\SYSTEM32\WINMM.dll
0x00007ff953ee0000 - 0x00007ff953eea000 	C:\WINDOWS\SYSTEM32\VERSION.dll
0x00007ff95b350000 - 0x00007ff95b3bb000 	C:\WINDOWS\System32\WS2_32.dll
0x00007ff8d48c0000 - 0x00007ff8d4c38000 	C:\WINDOWS\LVUAAgentInstBaseRoot\system32\MozartBreathCore.dll
0x00007ff95b850000 - 0x00007ff95b92a000 	C:\WINDOWS\System32\COMDLG32.dll
0x00007ff95a000000 - 0x00007ff95a355000 	C:\WINDOWS\System32\combase.dll
0x00007ff956a70000 - 0x00007ff956a84000 	C:\WINDOWS\SYSTEM32\WTSAPI32.dll
0x00007ff9587d0000 - 0x00007ff95880b000 	C:\WINDOWS\SYSTEM32\IPHLPAPI.DLL
0x00007ff934d00000 - 0x00007ff934d1d000 	C:\WINDOWS\SYSTEM32\MPR.dll
0x00007ff95bad0000 - 0x00007ff95bb7d000 	C:\WINDOWS\System32\shcore.dll
0x00007ff95a360000 - 0x00007ff95a3b5000 	C:\WINDOWS\System32\SHLWAPI.dll
0x00007ff958810000 - 0x00007ff9588da000 	C:\WINDOWS\SYSTEM32\DNSAPI.dll
0x00007ff9491d0000 - 0x00007ff949268000 	C:\WINDOWS\SYSTEM32\WINSPOOL.DRV
0x00007ff95a6a0000 - 0x00007ff95ade4000 	C:\WINDOWS\System32\SHELL32.dll
0x00007ff95a4e0000 - 0x00007ff95a60a000 	C:\WINDOWS\System32\ole32.dll
0x00007ff95bb80000 - 0x00007ff95bc4d000 	C:\WINDOWS\System32\OLEAUT32.dll
0x00007ff95aed0000 - 0x00007ff95aed8000 	C:\WINDOWS\System32\NSI.dll
0x00007ff9572e0000 - 0x00007ff9572f2000 	C:\WINDOWS\SYSTEM32\kernel.appcore.dll
0x00007ff8f3470000 - 0x00007ff8f348f000 	C:\WINDOWS\LVUAAgentInstBaseRoot\system32\MozartBreathOM.dll
0x00007ff954b00000 - 0x00007ff954b0a000 	D:\DataSoft\JetBox\apps\datagrip\ch-0\222.4167.25\jbr\bin\jimage.dll
0x00007ff8e5aa0000 - 0x00007ff8e5ac7000 	C:\WINDOWS\LVUAAgentInstBaseRoot\system32\MozartBreathFw.dll
0x00007ff94bbe0000 - 0x00007ff94bdc4000 	C:\WINDOWS\SYSTEM32\DBGHELP.DLL
0x00007ff94a110000 - 0x00007ff94a145000 	C:\WINDOWS\SYSTEM32\dbgcore.DLL
0x00007ff9596f0000 - 0x00007ff959772000 	C:\WINDOWS\System32\bcryptPrimitives.dll
0x00007ff91e950000 - 0x00007ff91e9bd000 	C:\WINDOWS\LVUAAgentInstBaseRoot\system32\MozartBreathFile.dll
0x00007ff91e660000 - 0x00007ff91e78d000 	C:\WINDOWS\LVUAAgentInstBaseRoot\system32\MozartBreathProcess.dll
0x00007ff90f720000 - 0x00007ff90f797000 	C:\WINDOWS\LVUAAgentInstBaseRoot\system32\MozartBreathBolo2.dll
0x00007ff924ec0000 - 0x00007ff924eeb000 	C:\WINDOWS\LVUAAgentInstBaseRoot\system32\MozartBreathProtect.dll
0x00007ff94f1f0000 - 0x00007ff94f215000 	D:\DataSoft\JetBox\apps\datagrip\ch-0\222.4167.25\jbr\bin\java.dll

dbghelp: loaded successfully - version: 4.0.5 - missing functions: none
symbol engine: initialized successfully - sym options: 0x614 - pdb path: .;D:\DataSoft\JetBox\apps\datagrip\ch-0\222.4167.25\jbr\bin;C:\WINDOWS\SYSTEM32;C:\WINDOWS\WinSxS\amd64_microsoft.windows.common-controls_6595b64144ccf1df_6.0.19041.1110_none_60b5254171f9507e;C:\WINDOWS\LVUAAgentInstBaseRoot\system32;D:\DataSoft\JetBox\apps\datagrip\ch-0\222.4167.25\jbr\bin\server

VM Arguments:
jvm_args: -Dawt.toolkit=com.intellij.desktop.DesktopActionsToolkit -Djava.rmi.server.hostname=127.0.0.1 -Duser.timezone=UTC -Xmx750m -Xms128m --add-exports=java.desktop/sun.awt=ALL-UNNAMED --add-exports=java.desktop/java.awt.peer=ALL-UNNAMED --add-opens=java.desktop/java.awt=ALL-UNNAMED --add-opens=jdk.unsupported/sun.misc=ALL-UNNAMED --add-opens=java.base/java.nio=ALL-UNNAMED -Dfile.encoding=GBK 
java_command: com.intellij.database.remote.RemoteJdbcServer org.apache.hive.jdbc.HiveDriver
java_class_path (initial): D:\DataSoft\JetBox\apps\datagrip\ch-0\222.4167.25\lib\util_rt.jar;D:\DataSoft\JetBox\apps\datagrip\ch-0\222.4167.25\lib\util.jar;D:\DataSoft\JetBox\apps\datagrip\ch-0\222.4167.25\lib\groovy.jar;D:\DataSoft\JetBox\apps\datagrip\ch-0\222.4167.25\plugins\DatabaseTools\lib\jdbc-console.jar;C:\Users\DMC8612144\AppData\Roaming\JetBrains\DataGrip2022.2\jdbc-drivers\Hive\3.1.2\hive-jdbc-3.1.2-standalone.jar
Launcher Type: SUN_STANDARD

[Global flags]
     intx CICompilerCount                          = 3                                         {product} {ergonomic}
     uint ConcGCThreads                            = 2                                         {product} {ergonomic}
     uint G1ConcRefinementThreads                  = 6                                         {product} {ergonomic}
   size_t G1HeapRegionSize                         = 1048576                                   {product} {ergonomic}
    uintx GCDrainStackTargetSize                   = 64                                        {product} {ergonomic}
   size_t InitialHeapSize                          = 134217728                                 {product} {command line}
   size_t MarkStackSize                            = 4194304                                   {product} {ergonomic}
   size_t MaxHeapSize                              = 786432000                                 {product} {command line}
   size_t MinHeapDeltaBytes                        = 1048576                                   {product} {ergonomic}
   size_t MinHeapSize                              = 134217728                                 {product} {command line}
    uintx NonNMethodCodeHeapSize                   = 5832780                                {pd product} {ergonomic}
    uintx NonProfiledCodeHeapSize                  = 122912730                              {pd product} {ergonomic}
    uintx ProfiledCodeHeapSize                     = 122912730                              {pd product} {ergonomic}
    uintx ReservedCodeCacheSize                    = 251658240                              {pd product} {ergonomic}
     bool SegmentedCodeCache                       = true                                      {product} {ergonomic}
   size_t SoftMaxHeapSize                          = 786432000                              {manageable} {ergonomic}
     bool UseCompressedClassPointers               = true                           {product lp64_product} {ergonomic}
     bool UseCompressedOops                        = true                           {product lp64_product} {ergonomic}
     bool UseG1GC                                  = true                                      {product} {ergonomic}
     bool UseLargePagesIndividualAllocation        = false                                  {pd product} {ergonomic}

Logging:
Log output configuration:
 #0: stdout all=warning uptime,level,tags
 #1: stderr all=off uptime,level,tags

Environment Variables:
JAVA_HOME=D:\Program Files (x86)\Java\jdk1.8.0_181
PATH=C:\Program Files (x86)\Common Files\Oracle\Java\javapath;C:\WINDOWS\system32;C:\WINDOWS;C:\WINDOWS\System32\Wbem;C:\WINDOWS\System32\WindowsPowerShell\v1.0\;C:\WINDOWS\System32\OpenSSH\;D:\Program Files (x86)\Java\jdk1.8.0_181\bin;D:\Program Files (x86)\Java\jdk1.8.0_181\jre\bin;C:\Program Files (x86)\Microsoft SQL Server\150\DTS\Binn\;C:\Program Files\Microsoft SQL Server\130\Tools\Binn\;D:\Program Files\Git\cmd;D:\Program Files\TortoiseGit\bin;D:\Program Files\apache-maven-3.8.1\bin\;C:\Program Files\MySQL\MySQL Server 5.7\bin;D:\DataSoft\scala\bin;D:\DataSoft\scala\bin;D:\DataSoft\scala\jre\bin;C:\Program Files (x86)\Intel\Intel(R) Management Engine Components\DAL;C:\Program Files\Intel\Intel(R) Management Engine Components\DAL;E:\LinuxOS\Xshell\;E:\LinuxOS\Xftp\;C:\Users\DMC8612144\AppData\Local\Microsoft\WindowsApps;
USERNAME=DMC8612144
OS=Windows_NT
PROCESSOR_IDENTIFIER=Intel64 Family 6 Model 158 Stepping 10, GenuineIntel
TMP=C:\Users\DMC861~1\AppData\Local\Temp
TEMP=C:\Users\DMC861~1\AppData\Local\Temp



---------------  S Y S T E M  ---------------

OS:
 Windows 10 , 64 bit Build 19041 (10.0.19041.2364)
OS uptime: 8 days 8:58 hours

CPU: total 6 (initial active 6) (6 cores per cpu, 1 threads per core) family 6 model 158 stepping 10 microcode 0xb4, cx8, cmov, fxsr, mmx, 3dnowpref, sse, sse2, sse3, ssse3, sse4.1, sse4.2, popcnt, lzcnt, tsc, tscinvbit, avx, avx2, aes, erms, clmul, bmi1, bmi2, rtm, adx, fma, vzeroupper, clflush, clflushopt

Memory: 4k page, system-wide physical 16227M (4553M free)
TotalPageFile size 20323M (AvailPageFile size 67M)
current process WorkingSet (physical memory assigned to process): 18M, peak: 18M
current process commit charge ("private bytes"): 59M, peak: 185M

vm_info: OpenJDK 64-Bit Server VM (17.0.4+7-b469.53) for windows-amd64 JRE (17.0.4+7-b469.53), built on 2022-08-29 by "builduser" with MS VC++ 16.10 / 16.11 (VS2019)

END.
