#
# There is insufficient memory for the Java Runtime Environment to continue.
# Native memory allocation (malloc) failed to allocate 1048576 bytes for AllocateHeap
# Possible reasons:
#   The system is out of physical RAM or swap space
#   The process is running with CompressedOops enabled, and the Java Heap may be blocking the growth of the native heap
# Possible solutions:
#   Reduce memory load on the system
#   Increase physical memory or swap space
#   Check if swap backing store is full
#   Decrease Java heap size (-Xmx/-Xms)
#   Decrease number of Java threads
#   Decrease Java thread stack sizes (-Xss)
#   Set larger code cache with -XX:ReservedCodeCacheSize=
#   JVM is running with Unscaled Compressed Oops mode in which the Java heap is
#     placed in the first 4GB address space. The Java Heap base address is the
#     maximum limit for the native heap growth. Please use -XX:HeapBaseMinAddress
#     to set the Java Heap base and to place the Java Heap above 4GB virtual address.
# This output file may be truncated or incomplete.
#
#  Out of Memory Error (allocation.cpp:44), pid=15320, tid=10552
#
# JRE version: OpenJDK Runtime Environment JBR-17.0.4+7-469.53-jcef (17.0.4+7) (build 17.0.4+7-b469.53)
# Java VM: OpenJDK 64-Bit Server VM JBR-17.0.4+7-469.53-jcef (17.0.4+7-b469.53, mixed mode, tiered, compressed oops, compressed class ptrs, g1 gc, windows-amd64)
# No core dump will be written. Minidumps are not enabled by default on client versions of Windows
#

---------------  S U M M A R Y ------------

Command Line: -Dawt.toolkit=com.intellij.desktop.DesktopActionsToolkit -Djava.rmi.server.hostname=127.0.0.1 -Duser.timezone=UTC -Xmx750m -Xms128m --add-exports=java.desktop/sun.awt=ALL-UNNAMED --add-exports=java.desktop/java.awt.peer=ALL-UNNAMED --add-opens=java.desktop/java.awt=ALL-UNNAMED --add-opens=jdk.unsupported/sun.misc=ALL-UNNAMED --add-opens=java.base/java.nio=ALL-UNNAMED -Dfile.encoding=GBK com.intellij.database.remote.RemoteJdbcServer com.cloudera.impala.jdbc41.Driver

Host: Intel(R) Core(TM) i5-8500 CPU @ 3.00GHz, 6 cores, 15G,  Windows 10 , 64 bit Build 19041 (10.0.19041.2364)
Time: Sat Feb 11 19:36:55 2023  Windows 10 , 64 bit Build 19041 (10.0.19041.2364) elapsed time: 363601.657849 seconds (4d 5h 0m 1s)

---------------  T H R E A D  ---------------

Current thread (0x0000022073aee790):  VMThread "VM Thread" [stack: 0x0000008539400000,0x0000008539500000] [id=10552]

Stack: [0x0000008539400000,0x0000008539500000]
Native frames: (J=compiled Java code, j=interpreted, Vv=VM code, C=native code)
V  [jvm.dll+0x68348a]
V  [jvm.dll+0x83faf4]
V  [jvm.dll+0x84129e]
V  [jvm.dll+0x841903]
V  [jvm.dll+0x2494a5]
V  [jvm.dll+0xa64cf]
V  [jvm.dll+0x2fa143]
V  [jvm.dll+0x2f5570]
V  [jvm.dll+0x2ddb37]
V  [jvm.dll+0x3218e7]
V  [jvm.dll+0x845ddb]
V  [jvm.dll+0x846b14]
V  [jvm.dll+0x84702d]
V  [jvm.dll+0x847404]
V  [jvm.dll+0x8474d0]
V  [jvm.dll+0x7ef82a]
V  [jvm.dll+0x6822c5]
C  [ucrtbase.dll+0x21bb2]
C  [KERNEL32.DLL+0x17614]
C  [ntdll.dll+0x526a1]

VM_Operation (0x000000853a7feff0): G1CollectFull, mode: safepoint, requested by thread 0x0000022076f718e0


---------------  P R O C E S S  ---------------

Threads class SMR info:
_java_thread_list=0x0000022078533630, length=22, elements={
0x000002205f1eda60, 0x0000022076c4c270, 0x0000022076c4cdf0, 0x000002205ccdbe80,
0x000002205ccd8810, 0x0000022076c9dc30, 0x0000022076c9e4f0, 0x0000022076c9edb0,
0x0000022076c9f6b0, 0x0000022076ca54c0, 0x0000022076e27ea0, 0x0000022076e28370,
0x0000022076ffe430, 0x0000022077117130, 0x0000022077199e10, 0x000002207715f310,
0x000002207715fbb0, 0x0000022076f718e0, 0x000002207715ded0, 0x0000022077555890,
0x0000022077557a40, 0x0000022077554550
}

Java Threads: ( => current thread )
  0x000002205f1eda60 JavaThread "main" [_thread_blocked, id=3356, stack(0x0000008538e00000,0x0000008538f00000)]
  0x0000022076c4c270 JavaThread "Reference Handler" daemon [_thread_blocked, id=17328, stack(0x0000008539500000,0x0000008539600000)]
  0x0000022076c4cdf0 JavaThread "Finalizer" daemon [_thread_blocked, id=10248, stack(0x0000008539600000,0x0000008539700000)]
  0x000002205ccdbe80 JavaThread "Signal Dispatcher" daemon [_thread_blocked, id=14732, stack(0x0000008538d00000,0x0000008538e00000)]
  0x000002205ccd8810 JavaThread "Attach Listener" daemon [_thread_blocked, id=17348, stack(0x0000008539700000,0x0000008539800000)]
  0x0000022076c9dc30 JavaThread "Service Thread" daemon [_thread_blocked, id=17208, stack(0x0000008539800000,0x0000008539900000)]
  0x0000022076c9e4f0 JavaThread "Monitor Deflation Thread" daemon [_thread_blocked, id=10628, stack(0x0000008539900000,0x0000008539a00000)]
  0x0000022076c9edb0 JavaThread "C2 CompilerThread0" daemon [_thread_blocked, id=14876, stack(0x0000008539a00000,0x0000008539b00000)]
  0x0000022076c9f6b0 JavaThread "C1 CompilerThread0" daemon [_thread_blocked, id=7060, stack(0x0000008539b00000,0x0000008539c00000)]
  0x0000022076ca54c0 JavaThread "Sweeper thread" daemon [_thread_blocked, id=16348, stack(0x0000008539c00000,0x0000008539d00000)]
  0x0000022076e27ea0 JavaThread "Common-Cleaner" daemon [_thread_blocked, id=17092, stack(0x0000008539d00000,0x0000008539e00000)]
  0x0000022076e28370 JavaThread "Notification Thread" daemon [_thread_blocked, id=14584, stack(0x0000008539e00000,0x0000008539f00000)]
  0x0000022076ffe430 JavaThread "Java2D Disposer" daemon [_thread_blocked, id=348, stack(0x000000853a100000,0x000000853a200000)]
  0x0000022077117130 JavaThread "AWT-Windows" daemon [_thread_in_native, id=1068, stack(0x000000853a300000,0x000000853a400000)]
  0x0000022077199e10 JavaThread "RMI TCP Accept-32231" daemon [_thread_in_native, id=12736, stack(0x000000853a400000,0x000000853a500000)]
  0x000002207715f310 JavaThread "RMI TCP Accept-0" daemon [_thread_in_native, id=12016, stack(0x000000853a500000,0x000000853a600000)]
  0x000002207715fbb0 JavaThread "RMI Reaper" [_thread_blocked, id=2432, stack(0x000000853a600000,0x000000853a700000)]
  0x0000022076f718e0 JavaThread "RMI GC Daemon" daemon [_thread_blocked, id=16180, stack(0x000000853a700000,0x000000853a800000)]
  0x000002207715ded0 JavaThread "RMI TCP Connection(1)-127.0.0.1" daemon [_thread_in_native, id=5788, stack(0x000000853a800000,0x000000853a900000)]
  0x0000022077555890 JavaThread "RMI Scheduler(0)" daemon [_thread_blocked, id=10560, stack(0x000000853a900000,0x000000853aa00000)]
  0x0000022077557a40 JavaThread "RMI TCP Connection(2)-127.0.0.1" daemon [_thread_in_native, id=15420, stack(0x000000853aa00000,0x000000853ab00000)]
  0x0000022077554550 JavaThread "RMI RenewClean-[127.0.0.1:52372]" daemon [_thread_blocked, id=13864, stack(0x000000853ab00000,0x000000853ac00000)]

Other Threads:
=>0x0000022073aee790 VMThread "VM Thread" [stack: 0x0000008539400000,0x0000008539500000] [id=10552]
  0x0000022076e2ac60 WatcherThread [stack: 0x0000008539f00000,0x000000853a000000] [id=16408]
  0x00000220738fc600 GCTaskThread "GC Thread#0" [stack: 0x0000008538f00000,0x0000008539000000] [id=11208]
  0x00000220782d1f80 GCTaskThread "GC Thread#1" [stack: 0x000000853a000000,0x000000853a100000] [id=7844]
  0x00000220782d2230 GCTaskThread "GC Thread#2" [stack: 0x000000853ac00000,0x000000853ad00000] [id=7832]
  0x00000220784e0a90 GCTaskThread "GC Thread#3" [stack: 0x000000853ad00000,0x000000853ae00000] [id=4940]
  0x00000220784e0d40 GCTaskThread "GC Thread#4" [stack: 0x000000853ae00000,0x000000853af00000] [id=15468]
  0x00000220784e1800 GCTaskThread "GC Thread#5" [stack: 0x000000853af00000,0x000000853b000000] [id=15040]
  0x000002205f21e800 ConcurrentGCThread "G1 Main Marker" [stack: 0x0000008539000000,0x0000008539100000] [id=5640]
  0x0000022073901520 ConcurrentGCThread "G1 Conc#0" [stack: 0x0000008539100000,0x0000008539200000] [id=13468]
  0x000002205ccdeed0 ConcurrentGCThread "G1 Refine#0" [stack: 0x0000008539200000,0x0000008539300000] [id=9264]
  0x000002205ccde910 ConcurrentGCThread "G1 Refine#1" [stack: 0x000000853b000000,0x000000853b100000] [id=11988]
  0x00000220739766e0 ConcurrentGCThread "G1 Service" [stack: 0x0000008539300000,0x0000008539400000] [id=10580]

Threads with active compile tasks:

VM state: at safepoint (normal execution)

VM Mutex/Monitor currently owned by a thread:  ([mutex/lock_event])
[0x000002205f1e8020] Threads_lock - owner thread: 0x0000022073aee790
[0x000002205f1e8650] Heap_lock - owner thread: 0x0000022076f718e0

Heap address: 0x00000000d1200000, size: 750 MB, Compressed Oops mode: 32-bit

CDS archive(s) not mapped
Compressed class space mapped at: 0x0000000100000000-0x0000000140000000, reserved size: 1073741824
Narrow klass base: 0x0000000000000000, Narrow klass shift: 3, Narrow klass range: 0x140000000

GC Precious Log:
 CPUs: 6 total, 6 available
 Memory: 16227M
 Large Page Support: Disabled
 NUMA Support: Disabled
 Compressed Oops: Enabled (32-bit)
 Heap Region Size: 1M
 Heap Min Capacity: 128M
 Heap Initial Capacity: 128M
 Heap Max Capacity: 750M
 Pre-touch: Disabled
 Parallel Workers: 6
 Concurrent Workers: 2
 Concurrent Refinement Workers: 6
 Periodic GC: Disabled

Heap:
 garbage-first heap   total 131072K, used 12283K [0x00000000d1200000, 0x0000000100000000)
  region size 1024K, 6 young (6144K), 0 survivors (0K)
 Metaspace       used 23861K, committed 24192K, reserved 1073152K
  class space    used 2397K, committed 2560K, reserved 1048576K

Heap Regions: E=young(eden), S=young(survivor), O=old, HS=humongous(starts), HC=humongous(continues), CS=collection set, F=free, OA=open archive, CA=closed archive, TAMS=top-at-mark-start (previous, next)
|   0|0x00000000d1200000, 0x00000000d1300000, 0x00000000d1300000|100%|HS|  |TAMS 0x00000000d1300000, 0x00000000d1200000| Untracked 
|   1|0x00000000d1300000, 0x00000000d1400000, 0x00000000d1400000|100%|HC|  |TAMS 0x00000000d1400000, 0x00000000d1300000| Untracked 
|   2|0x00000000d1400000, 0x00000000d14efab8, 0x00000000d1500000| 93%| O|  |TAMS 0x00000000d1400000, 0x00000000d1400000| Untracked 
|   3|0x00000000d1500000, 0x00000000d15ffff0, 0x00000000d1600000| 99%| O|  |TAMS 0x00000000d15ffff0, 0x00000000d1500000| Untracked 
|   4|0x00000000d1600000, 0x00000000d16e6928, 0x00000000d1700000| 90%| O|  |TAMS 0x00000000d1600000, 0x00000000d1600000| Untracked 
|   5|0x00000000d1700000, 0x00000000d17ffff0, 0x00000000d1800000| 99%| O|  |TAMS 0x00000000d17ffff0, 0x00000000d1700000| Untracked 
|   6|0x00000000d1800000, 0x00000000d1828ab8, 0x00000000d1900000| 15%| O|  |TAMS 0x00000000d1800000, 0x00000000d1800000| Untracked 
|   7|0x00000000d1900000, 0x00000000d1900000, 0x00000000d1a00000|  0%| F|  |TAMS 0x00000000d1900000, 0x00000000d1900000| Untracked 
|   8|0x00000000d1a00000, 0x00000000d1a00000, 0x00000000d1b00000|  0%| F|  |TAMS 0x00000000d1a00000, 0x00000000d1a00000| Untracked 
|   9|0x00000000d1b00000, 0x00000000d1b00000, 0x00000000d1c00000|  0%| F|  |TAMS 0x00000000d1b00000, 0x00000000d1b00000| Untracked 
|  10|0x00000000d1c00000, 0x00000000d1c00000, 0x00000000d1d00000|  0%| F|  |TAMS 0x00000000d1c00000, 0x00000000d1c00000| Untracked 
|  11|0x00000000d1d00000, 0x00000000d1d00000, 0x00000000d1e00000|  0%| F|  |TAMS 0x00000000d1d00000, 0x00000000d1d00000| Untracked 
|  12|0x00000000d1e00000, 0x00000000d1e00000, 0x00000000d1f00000|  0%| F|  |TAMS 0x00000000d1e00000, 0x00000000d1e00000| Untracked 
|  13|0x00000000d1f00000, 0x00000000d1f00000, 0x00000000d2000000|  0%| F|  |TAMS 0x00000000d1f00000, 0x00000000d1f00000| Untracked 
|  14|0x00000000d2000000, 0x00000000d2000000, 0x00000000d2100000|  0%| F|  |TAMS 0x00000000d2000000, 0x00000000d2000000| Untracked 
|  15|0x00000000d2100000, 0x00000000d2100000, 0x00000000d2200000|  0%| F|  |TAMS 0x00000000d2100000, 0x00000000d2100000| Untracked 
|  16|0x00000000d2200000, 0x00000000d2200000, 0x00000000d2300000|  0%| F|  |TAMS 0x00000000d2200000, 0x00000000d2200000| Untracked 
|  17|0x00000000d2300000, 0x00000000d2300000, 0x00000000d2400000|  0%| F|  |TAMS 0x00000000d2300000, 0x00000000d2300000| Untracked 
|  18|0x00000000d2400000, 0x00000000d2400000, 0x00000000d2500000|  0%| F|  |TAMS 0x00000000d2400000, 0x00000000d2400000| Untracked 
|  19|0x00000000d2500000, 0x00000000d2500000, 0x00000000d2600000|  0%| F|  |TAMS 0x00000000d2500000, 0x00000000d2500000| Untracked 
|  20|0x00000000d2600000, 0x00000000d2600000, 0x00000000d2700000|  0%| F|  |TAMS 0x00000000d2600000, 0x00000000d2600000| Untracked 
|  21|0x00000000d2700000, 0x00000000d2700000, 0x00000000d2800000|  0%| F|  |TAMS 0x00000000d2700000, 0x00000000d2700000| Untracked 
|  22|0x00000000d2800000, 0x00000000d2800000, 0x00000000d2900000|  0%| F|  |TAMS 0x00000000d2800000, 0x00000000d2800000| Untracked 
|  23|0x00000000d2900000, 0x00000000d2900000, 0x00000000d2a00000|  0%| F|  |TAMS 0x00000000d2900000, 0x00000000d2900000| Untracked 
|  24|0x00000000d2a00000, 0x00000000d2a00000, 0x00000000d2b00000|  0%| F|  |TAMS 0x00000000d2a00000, 0x00000000d2a00000| Untracked 
|  25|0x00000000d2b00000, 0x00000000d2b00000, 0x00000000d2c00000|  0%| F|  |TAMS 0x00000000d2b00000, 0x00000000d2b00000| Untracked 
|  26|0x00000000d2c00000, 0x00000000d2c00000, 0x00000000d2d00000|  0%| F|  |TAMS 0x00000000d2c00000, 0x00000000d2c00000| Untracked 
|  27|0x00000000d2d00000, 0x00000000d2d00000, 0x00000000d2e00000|  0%| F|  |TAMS 0x00000000d2d00000, 0x00000000d2d00000| Untracked 
|  28|0x00000000d2e00000, 0x00000000d2e00000, 0x00000000d2f00000|  0%| F|  |TAMS 0x00000000d2e00000, 0x00000000d2e00000| Untracked 
|  29|0x00000000d2f00000, 0x00000000d2f00000, 0x00000000d3000000|  0%| F|  |TAMS 0x00000000d2f00000, 0x00000000d2f00000| Untracked 
|  30|0x00000000d3000000, 0x00000000d3000000, 0x00000000d3100000|  0%| F|  |TAMS 0x00000000d3000000, 0x00000000d3000000| Untracked 
|  31|0x00000000d3100000, 0x00000000d3100000, 0x00000000d3200000|  0%| F|  |TAMS 0x00000000d3100000, 0x00000000d3100000| Untracked 
|  32|0x00000000d3200000, 0x00000000d3200000, 0x00000000d3300000|  0%| F|  |TAMS 0x00000000d3200000, 0x00000000d3200000| Untracked 
|  33|0x00000000d3300000, 0x00000000d3300000, 0x00000000d3400000|  0%| F|  |TAMS 0x00000000d3300000, 0x00000000d3300000| Untracked 
|  34|0x00000000d3400000, 0x00000000d3400000, 0x00000000d3500000|  0%| F|  |TAMS 0x00000000d3400000, 0x00000000d3400000| Untracked 
|  35|0x00000000d3500000, 0x00000000d3500000, 0x00000000d3600000|  0%| F|  |TAMS 0x00000000d3500000, 0x00000000d3500000| Untracked 
|  36|0x00000000d3600000, 0x00000000d3600000, 0x00000000d3700000|  0%| F|  |TAMS 0x00000000d3600000, 0x00000000d3600000| Untracked 
|  37|0x00000000d3700000, 0x00000000d3700000, 0x00000000d3800000|  0%| F|  |TAMS 0x00000000d3700000, 0x00000000d3700000| Untracked 
|  38|0x00000000d3800000, 0x00000000d3800000, 0x00000000d3900000|  0%| F|  |TAMS 0x00000000d3800000, 0x00000000d3800000| Untracked 
|  39|0x00000000d3900000, 0x00000000d3900000, 0x00000000d3a00000|  0%| F|  |TAMS 0x00000000d3900000, 0x00000000d3900000| Untracked 
|  40|0x00000000d3a00000, 0x00000000d3a00000, 0x00000000d3b00000|  0%| F|  |TAMS 0x00000000d3a00000, 0x00000000d3a00000| Untracked 
|  41|0x00000000d3b00000, 0x00000000d3b00000, 0x00000000d3c00000|  0%| F|  |TAMS 0x00000000d3b00000, 0x00000000d3b00000| Untracked 
|  42|0x00000000d3c00000, 0x00000000d3c00000, 0x00000000d3d00000|  0%| F|  |TAMS 0x00000000d3c00000, 0x00000000d3c00000| Untracked 
|  43|0x00000000d3d00000, 0x00000000d3d00000, 0x00000000d3e00000|  0%| F|  |TAMS 0x00000000d3d00000, 0x00000000d3d00000| Untracked 
|  44|0x00000000d3e00000, 0x00000000d3e00000, 0x00000000d3f00000|  0%| F|  |TAMS 0x00000000d3e00000, 0x00000000d3e00000| Untracked 
|  45|0x00000000d3f00000, 0x00000000d3f00000, 0x00000000d4000000|  0%| F|  |TAMS 0x00000000d3f00000, 0x00000000d3f00000| Untracked 
|  46|0x00000000d4000000, 0x00000000d4000000, 0x00000000d4100000|  0%| F|  |TAMS 0x00000000d4000000, 0x00000000d4000000| Untracked 
|  47|0x00000000d4100000, 0x00000000d4100000, 0x00000000d4200000|  0%| F|  |TAMS 0x00000000d4100000, 0x00000000d4100000| Untracked 
|  48|0x00000000d4200000, 0x00000000d4200000, 0x00000000d4300000|  0%| F|  |TAMS 0x00000000d4200000, 0x00000000d4200000| Untracked 
|  49|0x00000000d4300000, 0x00000000d4300000, 0x00000000d4400000|  0%| F|  |TAMS 0x00000000d4300000, 0x00000000d4300000| Untracked 
|  50|0x00000000d4400000, 0x00000000d4400000, 0x00000000d4500000|  0%| F|  |TAMS 0x00000000d4400000, 0x00000000d4400000| Untracked 
|  51|0x00000000d4500000, 0x00000000d4500000, 0x00000000d4600000|  0%| F|  |TAMS 0x00000000d4500000, 0x00000000d4500000| Untracked 
|  52|0x00000000d4600000, 0x00000000d4600000, 0x00000000d4700000|  0%| F|  |TAMS 0x00000000d4600000, 0x00000000d4600000| Untracked 
|  53|0x00000000d4700000, 0x00000000d4700000, 0x00000000d4800000|  0%| F|  |TAMS 0x00000000d4700000, 0x00000000d4700000| Untracked 
|  54|0x00000000d4800000, 0x00000000d4800000, 0x00000000d4900000|  0%| F|  |TAMS 0x00000000d4800000, 0x00000000d4800000| Untracked 
|  55|0x00000000d4900000, 0x00000000d4900000, 0x00000000d4a00000|  0%| F|  |TAMS 0x00000000d4900000, 0x00000000d4900000| Untracked 
|  56|0x00000000d4a00000, 0x00000000d4a00000, 0x00000000d4b00000|  0%| F|  |TAMS 0x00000000d4a00000, 0x00000000d4a00000| Untracked 
|  57|0x00000000d4b00000, 0x00000000d4b00000, 0x00000000d4c00000|  0%| F|  |TAMS 0x00000000d4b00000, 0x00000000d4b00000| Untracked 
|  58|0x00000000d4c00000, 0x00000000d4c00000, 0x00000000d4d00000|  0%| F|  |TAMS 0x00000000d4c00000, 0x00000000d4c00000| Untracked 
|  59|0x00000000d4d00000, 0x00000000d4d00000, 0x00000000d4e00000|  0%| F|  |TAMS 0x00000000d4d00000, 0x00000000d4d00000| Untracked 
|  60|0x00000000d4e00000, 0x00000000d4e00000, 0x00000000d4f00000|  0%| F|  |TAMS 0x00000000d4e00000, 0x00000000d4e00000| Untracked 
|  61|0x00000000d4f00000, 0x00000000d4f00000, 0x00000000d5000000|  0%| F|  |TAMS 0x00000000d4f00000, 0x00000000d4f00000| Untracked 
|  62|0x00000000d5000000, 0x00000000d5000000, 0x00000000d5100000|  0%| F|  |TAMS 0x00000000d5000000, 0x00000000d5000000| Untracked 
|  63|0x00000000d5100000, 0x00000000d5100000, 0x00000000d5200000|  0%| F|  |TAMS 0x00000000d5100000, 0x00000000d5100000| Untracked 
|  64|0x00000000d5200000, 0x00000000d5200000, 0x00000000d5300000|  0%| F|  |TAMS 0x00000000d5200000, 0x00000000d5200000| Untracked 
|  65|0x00000000d5300000, 0x00000000d5300000, 0x00000000d5400000|  0%| F|  |TAMS 0x00000000d5300000, 0x00000000d5300000| Untracked 
|  66|0x00000000d5400000, 0x00000000d5400000, 0x00000000d5500000|  0%| F|  |TAMS 0x00000000d5400000, 0x00000000d5400000| Untracked 
|  67|0x00000000d5500000, 0x00000000d5500000, 0x00000000d5600000|  0%| F|  |TAMS 0x00000000d5500000, 0x00000000d5500000| Untracked 
|  68|0x00000000d5600000, 0x00000000d5600000, 0x00000000d5700000|  0%| F|  |TAMS 0x00000000d5600000, 0x00000000d5600000| Untracked 
|  69|0x00000000d5700000, 0x00000000d5700000, 0x00000000d5800000|  0%| F|  |TAMS 0x00000000d5700000, 0x00000000d5700000| Untracked 
|  70|0x00000000d5800000, 0x00000000d5800000, 0x00000000d5900000|  0%| F|  |TAMS 0x00000000d5800000, 0x00000000d5800000| Untracked 
|  71|0x00000000d5900000, 0x00000000d5900000, 0x00000000d5a00000|  0%| F|  |TAMS 0x00000000d5900000, 0x00000000d5900000| Untracked 
|  72|0x00000000d5a00000, 0x00000000d5a00000, 0x00000000d5b00000|  0%| F|  |TAMS 0x00000000d5a00000, 0x00000000d5a00000| Untracked 
|  73|0x00000000d5b00000, 0x00000000d5b00000, 0x00000000d5c00000|  0%| F|  |TAMS 0x00000000d5b00000, 0x00000000d5b00000| Untracked 
|  74|0x00000000d5c00000, 0x00000000d5c00000, 0x00000000d5d00000|  0%| F|  |TAMS 0x00000000d5c00000, 0x00000000d5c00000| Untracked 
|  75|0x00000000d5d00000, 0x00000000d5d00000, 0x00000000d5e00000|  0%| F|  |TAMS 0x00000000d5d00000, 0x00000000d5d00000| Untracked 
|  76|0x00000000d5e00000, 0x00000000d5e00000, 0x00000000d5f00000|  0%| F|  |TAMS 0x00000000d5e00000, 0x00000000d5e00000| Untracked 
|  77|0x00000000d5f00000, 0x00000000d5f00000, 0x00000000d6000000|  0%| F|  |TAMS 0x00000000d5f00000, 0x00000000d5f00000| Untracked 
|  78|0x00000000d6000000, 0x00000000d6000000, 0x00000000d6100000|  0%| F|  |TAMS 0x00000000d6000000, 0x00000000d6000000| Untracked 
|  79|0x00000000d6100000, 0x00000000d6100000, 0x00000000d6200000|  0%| F|  |TAMS 0x00000000d6100000, 0x00000000d6100000| Untracked 
|  80|0x00000000d6200000, 0x00000000d6200000, 0x00000000d6300000|  0%| F|  |TAMS 0x00000000d6200000, 0x00000000d6200000| Untracked 
|  81|0x00000000d6300000, 0x00000000d6300000, 0x00000000d6400000|  0%| F|  |TAMS 0x00000000d6300000, 0x00000000d6300000| Untracked 
|  82|0x00000000d6400000, 0x00000000d6400000, 0x00000000d6500000|  0%| F|  |TAMS 0x00000000d6400000, 0x00000000d6400000| Untracked 
|  83|0x00000000d6500000, 0x00000000d6500000, 0x00000000d6600000|  0%| F|  |TAMS 0x00000000d6500000, 0x00000000d6500000| Untracked 
|  84|0x00000000d6600000, 0x00000000d6600000, 0x00000000d6700000|  0%| F|  |TAMS 0x00000000d6600000, 0x00000000d6600000| Untracked 
|  85|0x00000000d6700000, 0x00000000d6700000, 0x00000000d6800000|  0%| F|  |TAMS 0x00000000d6700000, 0x00000000d6700000| Untracked 
|  86|0x00000000d6800000, 0x00000000d6800000, 0x00000000d6900000|  0%| F|  |TAMS 0x00000000d6800000, 0x00000000d6800000| Untracked 
|  87|0x00000000d6900000, 0x00000000d6900000, 0x00000000d6a00000|  0%| F|  |TAMS 0x00000000d6900000, 0x00000000d6900000| Untracked 
|  88|0x00000000d6a00000, 0x00000000d6a00000, 0x00000000d6b00000|  0%| F|  |TAMS 0x00000000d6a00000, 0x00000000d6a00000| Untracked 
|  89|0x00000000d6b00000, 0x00000000d6b00000, 0x00000000d6c00000|  0%| F|  |TAMS 0x00000000d6b00000, 0x00000000d6b00000| Untracked 
|  90|0x00000000d6c00000, 0x00000000d6c00000, 0x00000000d6d00000|  0%| F|  |TAMS 0x00000000d6c00000, 0x00000000d6c00000| Untracked 
|  91|0x00000000d6d00000, 0x00000000d6d00000, 0x00000000d6e00000|  0%| F|  |TAMS 0x00000000d6d00000, 0x00000000d6d00000| Untracked 
|  92|0x00000000d6e00000, 0x00000000d6e00000, 0x00000000d6f00000|  0%| F|  |TAMS 0x00000000d6e00000, 0x00000000d6e00000| Untracked 
|  93|0x00000000d6f00000, 0x00000000d6f00000, 0x00000000d7000000|  0%| F|  |TAMS 0x00000000d6f00000, 0x00000000d6f00000| Untracked 
|  94|0x00000000d7000000, 0x00000000d7000000, 0x00000000d7100000|  0%| F|  |TAMS 0x00000000d7000000, 0x00000000d7000000| Untracked 
|  95|0x00000000d7100000, 0x00000000d7100000, 0x00000000d7200000|  0%| F|  |TAMS 0x00000000d7100000, 0x00000000d7100000| Untracked 
|  96|0x00000000d7200000, 0x00000000d7200000, 0x00000000d7300000|  0%| F|  |TAMS 0x00000000d7200000, 0x00000000d7200000| Untracked 
|  97|0x00000000d7300000, 0x00000000d7300000, 0x00000000d7400000|  0%| F|  |TAMS 0x00000000d7300000, 0x00000000d7300000| Untracked 
|  98|0x00000000d7400000, 0x00000000d7400000, 0x00000000d7500000|  0%| F|  |TAMS 0x00000000d7400000, 0x00000000d7400000| Untracked 
|  99|0x00000000d7500000, 0x00000000d7500000, 0x00000000d7600000|  0%| F|  |TAMS 0x00000000d7500000, 0x00000000d7500000| Untracked 
| 100|0x00000000d7600000, 0x00000000d7600000, 0x00000000d7700000|  0%| F|  |TAMS 0x00000000d7600000, 0x00000000d7600000| Untracked 
| 101|0x00000000d7700000, 0x00000000d7700000, 0x00000000d7800000|  0%| F|  |TAMS 0x00000000d7700000, 0x00000000d7700000| Untracked 
| 102|0x00000000d7800000, 0x00000000d7800000, 0x00000000d7900000|  0%| F|  |TAMS 0x00000000d7800000, 0x00000000d7800000| Untracked 
| 103|0x00000000d7900000, 0x00000000d7900000, 0x00000000d7a00000|  0%| F|  |TAMS 0x00000000d7900000, 0x00000000d7900000| Untracked 
| 104|0x00000000d7a00000, 0x00000000d7a00000, 0x00000000d7b00000|  0%| F|  |TAMS 0x00000000d7a00000, 0x00000000d7a00000| Untracked 
| 105|0x00000000d7b00000, 0x00000000d7b00000, 0x00000000d7c00000|  0%| F|  |TAMS 0x00000000d7b00000, 0x00000000d7b00000| Untracked 
| 106|0x00000000d7c00000, 0x00000000d7d00000, 0x00000000d7d00000|100%| O|  |TAMS 0x00000000d7d00000, 0x00000000d7c00000| Untracked 
| 107|0x00000000d7d00000, 0x00000000d7d00000, 0x00000000d7e00000|  0%| F|  |TAMS 0x00000000d7d00000, 0x00000000d7d00000| Untracked 
| 108|0x00000000d7e00000, 0x00000000d7e00000, 0x00000000d7f00000|  0%| F|  |TAMS 0x00000000d7e00000, 0x00000000d7e00000| Untracked 
| 109|0x00000000d7f00000, 0x00000000d7f00000, 0x00000000d8000000|  0%| F|  |TAMS 0x00000000d7f00000, 0x00000000d7f00000| Untracked 
| 110|0x00000000d8000000, 0x00000000d8000000, 0x00000000d8100000|  0%| F|  |TAMS 0x00000000d8000000, 0x00000000d8000000| Untracked 
| 111|0x00000000d8100000, 0x00000000d8100000, 0x00000000d8200000|  0%| F|  |TAMS 0x00000000d8100000, 0x00000000d8100000| Untracked 
| 112|0x00000000d8200000, 0x00000000d8200000, 0x00000000d8300000|  0%| F|  |TAMS 0x00000000d8200000, 0x00000000d8200000| Untracked 
| 113|0x00000000d8300000, 0x00000000d8300000, 0x00000000d8400000|  0%| F|  |TAMS 0x00000000d8300000, 0x00000000d8300000| Untracked 
| 114|0x00000000d8400000, 0x00000000d8400000, 0x00000000d8500000|  0%| F|  |TAMS 0x00000000d8400000, 0x00000000d8400000| Untracked 
| 115|0x00000000d8500000, 0x00000000d8500000, 0x00000000d8600000|  0%| F|  |TAMS 0x00000000d8500000, 0x00000000d8500000| Untracked 
| 116|0x00000000d8600000, 0x00000000d8600000, 0x00000000d8700000|  0%| F|  |TAMS 0x00000000d8600000, 0x00000000d8600000| Untracked 
| 117|0x00000000d8700000, 0x00000000d8700000, 0x00000000d8800000|  0%| F|  |TAMS 0x00000000d8700000, 0x00000000d8700000| Untracked 
| 118|0x00000000d8800000, 0x00000000d8800000, 0x00000000d8900000|  0%| F|  |TAMS 0x00000000d8800000, 0x00000000d8800000| Untracked 
| 119|0x00000000d8900000, 0x00000000d8900000, 0x00000000d8a00000|  0%| F|  |TAMS 0x00000000d8900000, 0x00000000d8900000| Untracked 
| 120|0x00000000d8a00000, 0x00000000d8a00000, 0x00000000d8b00000|  0%| F|  |TAMS 0x00000000d8a00000, 0x00000000d8a00000| Untracked 
| 121|0x00000000d8b00000, 0x00000000d8b00000, 0x00000000d8c00000|  0%| F|  |TAMS 0x00000000d8b00000, 0x00000000d8b00000| Untracked 
| 122|0x00000000d8c00000, 0x00000000d8c32760, 0x00000000d8d00000| 19%| E|  |TAMS 0x00000000d8c00000, 0x00000000d8c00000| Complete 
| 123|0x00000000d8d00000, 0x00000000d8e00000, 0x00000000d8e00000|100%| E|CS|TAMS 0x00000000d8d00000, 0x00000000d8d00000| Complete 
| 124|0x00000000d8e00000, 0x00000000d8f00000, 0x00000000d8f00000|100%| E|CS|TAMS 0x00000000d8e00000, 0x00000000d8e00000| Complete 
| 125|0x00000000d8f00000, 0x00000000d9000000, 0x00000000d9000000|100%| E|CS|TAMS 0x00000000d8f00000, 0x00000000d8f00000| Complete 
| 126|0x00000000d9000000, 0x00000000d9100000, 0x00000000d9100000|100%| E|CS|TAMS 0x00000000d9000000, 0x00000000d9000000| Complete 
| 127|0x00000000d9100000, 0x00000000d9200000, 0x00000000d9200000|100%| E|CS|TAMS 0x00000000d9100000, 0x00000000d9100000| Complete 

Card table byte_map: [0x0000022071e70000,0x0000022071ff0000] _byte_map_base: 0x00000220717e7000

Marking Bits (Prev, Next): (CMBitMap*) 0x000002205f21c9c0, (CMBitMap*) 0x000002205f21ca00
 Prev Bits: [0x0000022072170000, 0x0000022072d28000)
 Next Bits: [0x0000022072d30000, 0x00000220738e8000)

Polling page: 0x000002205cf00000

Metaspace:

Usage:
  Non-class:     20.96 MB used.
      Class:      2.34 MB used.
       Both:     23.30 MB used.

Virtual space:
  Non-class space:       24.00 MB reserved,      21.12 MB ( 88%) committed,  3 nodes.
      Class space:        1.00 GB reserved,       2.50 MB ( <1%) committed,  1 nodes.
             Both:        1.02 GB reserved,      23.62 MB (  2%) committed. 

Chunk freelists:
   Non-Class:  2.98 MB
       Class:  1.47 MB
        Both:  4.45 MB

MaxMetaspaceSize: unlimited
CompressedClassSpaceSize: 1.00 GB
Initial GC threshold: 21.00 MB
Current GC threshold: 39.38 MB
CDS: off
MetaspaceReclaimPolicy: balanced
 - commit_granule_bytes: 65536.
 - commit_granule_words: 8192.
 - virtual_space_node_default_size: 1048576.
 - enlarge_chunks_in_place: 1.
 - new_chunks_are_fully_committed: 0.
 - uncommit_free_chunks: 1.
 - use_allocation_guard: 0.
 - handle_deallocations: 1.


Internal statistics:

num_allocs_failed_limit: 0.
num_arena_births: 768.
num_arena_deaths: 628.
num_vsnodes_births: 4.
num_vsnodes_deaths: 0.
num_space_committed: 378.
num_space_uncommitted: 0.
num_chunks_returned_to_freelist: 949.
num_chunks_taken_from_freelist: 1578.
num_chunk_merges: 248.
num_chunk_splits: 658.
num_chunks_enlarged: 292.
num_purges: 28.
num_inconsistent_stats: 0.

CodeHeap 'non-profiled nmethods': size=120000Kb used=2524Kb max_used=3002Kb free=117475Kb
 bounds [0x000002206a380000, 0x000002206a670000, 0x00000220718b0000]
CodeHeap 'profiled nmethods': size=120000Kb used=6229Kb max_used=7868Kb free=113770Kb
 bounds [0x0000022062e50000, 0x0000022063610000, 0x000002206a380000]
CodeHeap 'non-nmethods': size=5760Kb used=1244Kb max_used=1321Kb free=4515Kb
 bounds [0x00000220628b0000, 0x0000022062b20000, 0x0000022062e50000]
 total_blobs=4029 nmethods=3469 adapters=472
 compilation: enabled
              stopped_count=0, restarted_count=0
 full_count=0

Compilation events (20 events):
Event: 265713.690 Thread 0x0000022076c9edb0 4180       4       com.cloudera.impala.jdbc41.internal.apache.hive.service.cli.thrift.TColumn::enumForId (6 bytes)
Event: 265713.690 Thread 0x0000022076c9f6b0 4182       3       com.cloudera.impala.jdbc41.internal.apache.hive.service.cli.thrift.TRowSet$TRowSetStandardScheme::read (315 bytes)
Event: 265713.690 Thread 0x0000022076c9edb0 nmethod 4180 0x000002206a64b490 code [0x000002206a64b600, 0x000002206a64b6b8]
Event: 265713.690 Thread 0x0000022076c9edb0 4181       4       com.cloudera.impala.jdbc41.internal.apache.hive.service.cli.thrift.TStringColumn$TStringColumnStandardSchemeFactory::getScheme (5 bytes)
Event: 265713.691 Thread 0x0000022076c9edb0 nmethod 4181 0x000002206a64af90 code [0x000002206a64b120, 0x000002206a64b228]
Event: 265713.691 Thread 0x0000022076c9f6b0 nmethod 4182 0x00000220633d9f90 code [0x00000220633da3c0, 0x00000220633dc0e8]
Event: 278308.178 Thread 0x0000022076c9edb0 4183   !   4       jdk.internal.reflect.GeneratedSerializationConstructorAccessor6::newInstance (49 bytes)
Event: 278308.179 Thread 0x0000022076c9edb0 nmethod 4183 0x000002206a48fd10 code [0x000002206a48fea0, 0x000002206a490008]
Event: 306508.530 Thread 0x0000022076c9edb0 4184       4       sun.nio.ch.NioSocketImpl::park (32 bytes)
Event: 306508.531 Thread 0x0000022076c9edb0 nmethod 4184 0x000002206a48f890 code [0x000002206a48fa20, 0x000002206a48fb88]
Event: 310408.580 Thread 0x0000022076c9edb0 4185   !   4       sun.nio.ch.NioSocketImpl::setOption (545 bytes)
Event: 310408.586 Thread 0x0000022076c9edb0 nmethod 4185 0x000002206a57ff90 code [0x000002206a5801c0, 0x000002206a580be0]
Event: 311608.590 Thread 0x0000022076c9edb0 4186       4       java.net.DelegatingSocketImpl::setOption (10 bytes)
Event: 311608.591 Thread 0x0000022076c9edb0 nmethod 4186 0x000002206a57fc10 code [0x000002206a57fda0, 0x000002206a57fe88]
Event: 313683.229 Thread 0x0000022076c9edb0 4187   !   4       jdk.internal.ref.PhantomCleanable::isListEmpty (34 bytes)
Event: 313683.230 Thread 0x0000022076c9edb0 nmethod 4187 0x000002206a48f390 code [0x000002206a48f500, 0x000002206a48f738]
Event: 317608.673 Thread 0x0000022076c9edb0 4188       4       java.lang.Integer::parseInt (300 bytes)
Event: 317608.685 Thread 0x0000022076c9edb0 nmethod 4188 0x000002206a406110 code [0x000002206a4062e0, 0x000002206a406c98]
Event: 320908.723 Thread 0x0000022076c9edb0 4189       4       sun.rmi.transport.DGCImpl_Stub::leaseFilter (179 bytes)
Event: 320908.725 Thread 0x0000022076c9edb0 nmethod 4189 0x000002206a405b10 code [0x000002206a405ca0, 0x000002206a405eb8]

GC Heap History (20 events):
Event: 327601.438 GC heap before
{Heap before GC invocations=98 (full 90):
 garbage-first heap   total 131072K, used 12283K [0x00000000d1200000, 0x0000000100000000)
  region size 1024K, 6 young (6144K), 0 survivors (0K)
 Metaspace       used 23861K, committed 24192K, reserved 1073152K
  class space    used 2397K, committed 2560K, reserved 1048576K
}
Event: 327601.449 GC heap after
{Heap after GC invocations=99 (full 91):
 garbage-first heap   total 131072K, used 7163K [0x00000000d1200000, 0x0000000100000000)
  region size 1024K, 0 young (0K), 0 survivors (0K)
 Metaspace       used 23861K, committed 24192K, reserved 1073152K
  class space    used 2397K, committed 2560K, reserved 1048576K
}
Event: 331201.450 GC heap before
{Heap before GC invocations=99 (full 91):
 garbage-first heap   total 131072K, used 12283K [0x00000000d1200000, 0x0000000100000000)
  region size 1024K, 6 young (6144K), 0 survivors (0K)
 Metaspace       used 23861K, committed 24192K, reserved 1073152K
  class space    used 2397K, committed 2560K, reserved 1048576K
}
Event: 331201.458 GC heap after
{Heap after GC invocations=100 (full 92):
 garbage-first heap   total 131072K, used 7163K [0x00000000d1200000, 0x0000000100000000)
  region size 1024K, 0 young (0K), 0 survivors (0K)
 Metaspace       used 23861K, committed 24192K, reserved 1073152K
  class space    used 2397K, committed 2560K, reserved 1048576K
}
Event: 334801.460 GC heap before
{Heap before GC invocations=100 (full 92):
 garbage-first heap   total 131072K, used 12283K [0x00000000d1200000, 0x0000000100000000)
  region size 1024K, 6 young (6144K), 0 survivors (0K)
 Metaspace       used 23861K, committed 24192K, reserved 1073152K
  class space    used 2397K, committed 2560K, reserved 1048576K
}
Event: 334801.472 GC heap after
{Heap after GC invocations=101 (full 93):
 garbage-first heap   total 131072K, used 7163K [0x00000000d1200000, 0x0000000100000000)
  region size 1024K, 0 young (0K), 0 survivors (0K)
 Metaspace       used 23861K, committed 24192K, reserved 1073152K
  class space    used 2397K, committed 2560K, reserved 1048576K
}
Event: 338401.480 GC heap before
{Heap before GC invocations=101 (full 93):
 garbage-first heap   total 131072K, used 12283K [0x00000000d1200000, 0x0000000100000000)
  region size 1024K, 6 young (6144K), 0 survivors (0K)
 Metaspace       used 23861K, committed 24192K, reserved 1073152K
  class space    used 2397K, committed 2560K, reserved 1048576K
}
Event: 338401.489 GC heap after
{Heap after GC invocations=102 (full 94):
 garbage-first heap   total 131072K, used 7163K [0x00000000d1200000, 0x0000000100000000)
  region size 1024K, 0 young (0K), 0 survivors (0K)
 Metaspace       used 23861K, committed 24192K, reserved 1073152K
  class space    used 2397K, committed 2560K, reserved 1048576K
}
Event: 342001.490 GC heap before
{Heap before GC invocations=102 (full 94):
 garbage-first heap   total 131072K, used 12283K [0x00000000d1200000, 0x0000000100000000)
  region size 1024K, 6 young (6144K), 0 survivors (0K)
 Metaspace       used 23861K, committed 24192K, reserved 1073152K
  class space    used 2397K, committed 2560K, reserved 1048576K
}
Event: 342001.498 GC heap after
{Heap after GC invocations=103 (full 95):
 garbage-first heap   total 131072K, used 7163K [0x00000000d1200000, 0x0000000100000000)
  region size 1024K, 0 young (0K), 0 survivors (0K)
 Metaspace       used 23861K, committed 24192K, reserved 1073152K
  class space    used 2397K, committed 2560K, reserved 1048576K
}
Event: 345601.500 GC heap before
{Heap before GC invocations=103 (full 95):
 garbage-first heap   total 131072K, used 12283K [0x00000000d1200000, 0x0000000100000000)
  region size 1024K, 6 young (6144K), 0 survivors (0K)
 Metaspace       used 23861K, committed 24192K, reserved 1073152K
  class space    used 2397K, committed 2560K, reserved 1048576K
}
Event: 345601.512 GC heap after
{Heap after GC invocations=104 (full 96):
 garbage-first heap   total 131072K, used 7163K [0x00000000d1200000, 0x0000000100000000)
  region size 1024K, 0 young (0K), 0 survivors (0K)
 Metaspace       used 23861K, committed 24192K, reserved 1073152K
  class space    used 2397K, committed 2560K, reserved 1048576K
}
Event: 349201.512 GC heap before
{Heap before GC invocations=104 (full 96):
 garbage-first heap   total 131072K, used 12283K [0x00000000d1200000, 0x0000000100000000)
  region size 1024K, 6 young (6144K), 0 survivors (0K)
 Metaspace       used 23861K, committed 24192K, reserved 1073152K
  class space    used 2397K, committed 2560K, reserved 1048576K
}
Event: 349201.520 GC heap after
{Heap after GC invocations=105 (full 97):
 garbage-first heap   total 131072K, used 7163K [0x00000000d1200000, 0x0000000100000000)
  region size 1024K, 0 young (0K), 0 survivors (0K)
 Metaspace       used 23861K, committed 24192K, reserved 1073152K
  class space    used 2397K, committed 2560K, reserved 1048576K
}
Event: 352801.521 GC heap before
{Heap before GC invocations=105 (full 97):
 garbage-first heap   total 131072K, used 12283K [0x00000000d1200000, 0x0000000100000000)
  region size 1024K, 6 young (6144K), 0 survivors (0K)
 Metaspace       used 23861K, committed 24192K, reserved 1073152K
  class space    used 2397K, committed 2560K, reserved 1048576K
}
Event: 352801.535 GC heap after
{Heap after GC invocations=106 (full 98):
 garbage-first heap   total 131072K, used 7163K [0x00000000d1200000, 0x0000000100000000)
  region size 1024K, 0 young (0K), 0 survivors (0K)
 Metaspace       used 23861K, committed 24192K, reserved 1073152K
  class space    used 2397K, committed 2560K, reserved 1048576K
}
Event: 356401.535 GC heap before
{Heap before GC invocations=106 (full 98):
 garbage-first heap   total 131072K, used 12283K [0x00000000d1200000, 0x0000000100000000)
  region size 1024K, 6 young (6144K), 0 survivors (0K)
 Metaspace       used 23861K, committed 24192K, reserved 1073152K
  class space    used 2397K, committed 2560K, reserved 1048576K
}
Event: 356401.546 GC heap after
{Heap after GC invocations=107 (full 99):
 garbage-first heap   total 131072K, used 7163K [0x00000000d1200000, 0x0000000100000000)
  region size 1024K, 0 young (0K), 0 survivors (0K)
 Metaspace       used 23861K, committed 24192K, reserved 1073152K
  class space    used 2397K, committed 2560K, reserved 1048576K
}
Event: 360001.546 GC heap before
{Heap before GC invocations=107 (full 99):
 garbage-first heap   total 131072K, used 12283K [0x00000000d1200000, 0x0000000100000000)
  region size 1024K, 6 young (6144K), 0 survivors (0K)
 Metaspace       used 23861K, committed 24192K, reserved 1073152K
  class space    used 2397K, committed 2560K, reserved 1048576K
}
Event: 360001.558 GC heap after
{Heap after GC invocations=108 (full 100):
 garbage-first heap   total 131072K, used 7163K [0x00000000d1200000, 0x0000000100000000)
  region size 1024K, 0 young (0K), 0 survivors (0K)
 Metaspace       used 23861K, committed 24192K, reserved 1073152K
  class space    used 2397K, committed 2560K, reserved 1048576K
}

Deoptimization events (20 events):
Event: 258704.435 Thread 0x0000022077557a40 DEOPT PACKING pc=0x00000220635e9e73 sp=0x000000853aafe060
Event: 258704.435 Thread 0x0000022077557a40 DEOPT UNPACKING pc=0x0000022062902b43 sp=0x000000853aafd500 mode 0
Event: 258704.435 Thread 0x0000022077557a40 DEOPT PACKING pc=0x00000220635e9e73 sp=0x000000853aafe060
Event: 258704.435 Thread 0x0000022077557a40 DEOPT UNPACKING pc=0x0000022062902b43 sp=0x000000853aafd500 mode 0
Event: 258741.735 Thread 0x0000022077557a40 DEOPT PACKING pc=0x0000022063136fa9 sp=0x000000853aafece0
Event: 258741.735 Thread 0x0000022077557a40 DEOPT UNPACKING pc=0x0000022062902b43 sp=0x000000853aafe140 mode 0
Event: 258741.735 Thread 0x0000022077557a40 DEOPT PACKING pc=0x00000220630a3193 sp=0x000000853aafec90
Event: 258741.735 Thread 0x0000022077557a40 DEOPT UNPACKING pc=0x0000022062902b43 sp=0x000000853aafe138 mode 0
Event: 259009.981 Thread 0x0000022077557a40 Uncommon trap: trap_request=0xffffff45 fr.pc=0x000002206a3c54c4 relative=0x00000000000006c4
Event: 259009.981 Thread 0x0000022077557a40 Uncommon trap: reason=unstable_if action=reinterpret pc=0x000002206a3c54c4 method=java.lang.StringUTF16.toUpperCase(Ljava/lang/String;[BLjava/util/Locale;)Ljava/lang/String; @ 26 c2
Event: 259009.981 Thread 0x0000022077557a40 DEOPT PACKING pc=0x000002206a3c54c4 sp=0x000000853aafe370
Event: 259009.981 Thread 0x0000022077557a40 DEOPT UNPACKING pc=0x00000220629023a3 sp=0x000000853aafe300 mode 2
Event: 265708.294 Thread 0x0000022077557a40 DEOPT PACKING pc=0x0000022063119b00 sp=0x000000853aafe060
Event: 265708.294 Thread 0x0000022077557a40 DEOPT UNPACKING pc=0x0000022062902b43 sp=0x000000853aafd530 mode 0
Event: 265708.295 Thread 0x0000022077557a40 DEOPT PACKING pc=0x0000022063119b00 sp=0x000000853aafe050
Event: 265708.295 Thread 0x0000022077557a40 DEOPT UNPACKING pc=0x0000022062902b43 sp=0x000000853aafd520 mode 0
Event: 265708.295 Thread 0x0000022077557a40 DEOPT PACKING pc=0x00000220634418aa sp=0x000000853aafe070
Event: 265708.295 Thread 0x0000022077557a40 DEOPT UNPACKING pc=0x0000022062902b43 sp=0x000000853aafd5d0 mode 0
Event: 265708.295 Thread 0x0000022077557a40 DEOPT PACKING pc=0x0000022063119b00 sp=0x000000853aafdfd0
Event: 265708.295 Thread 0x0000022077557a40 DEOPT UNPACKING pc=0x0000022062902b43 sp=0x000000853aafd4a0 mode 0

Classes unloaded (20 events):
Event: 270001.222 Thread 0x0000022073aee790 Unloading class 0x000000010020e800 'jdk/internal/reflect/GeneratedSerializationConstructorAccessor198'
Event: 270001.222 Thread 0x0000022073aee790 Unloading class 0x000000010010e800 'jdk/internal/reflect/GeneratedSerializationConstructorAccessor197'
Event: 270001.222 Thread 0x0000022073aee790 Unloading class 0x000000010010dc00 'jdk/internal/reflect/GeneratedSerializationConstructorAccessor196'
Event: 270001.222 Thread 0x0000022073aee790 Unloading class 0x000000010010c800 'jdk/internal/reflect/GeneratedSerializationConstructorAccessor195'
Event: 270001.222 Thread 0x0000022073aee790 Unloading class 0x000000010010ac00 'jdk/internal/reflect/GeneratedSerializationConstructorAccessor194'
Event: 270001.222 Thread 0x0000022073aee790 Unloading class 0x0000000100107c00 'jdk/internal/reflect/GeneratedSerializationConstructorAccessor193'
Event: 270001.222 Thread 0x0000022073aee790 Unloading class 0x0000000100106c00 'jdk/internal/reflect/GeneratedSerializationConstructorAccessor192'
Event: 270001.222 Thread 0x0000022073aee790 Unloading class 0x0000000100105000 'jdk/internal/reflect/GeneratedSerializationConstructorAccessor191'
Event: 270001.222 Thread 0x0000022073aee790 Unloading class 0x0000000100102c00 'jdk/internal/reflect/GeneratedSerializationConstructorAccessor190'
Event: 270001.222 Thread 0x0000022073aee790 Unloading class 0x00000001000ce800 'jdk/internal/reflect/GeneratedSerializationConstructorAccessor189'
Event: 270001.222 Thread 0x0000022073aee790 Unloading class 0x0000000100100000 'jdk/internal/reflect/GeneratedSerializationConstructorAccessor188'
Event: 270001.222 Thread 0x0000022073aee790 Unloading class 0x0000000100101400 'jdk/internal/reflect/GeneratedSerializationConstructorAccessor187'
Event: 270001.222 Thread 0x0000022073aee790 Unloading class 0x0000000100102000 'jdk/internal/reflect/GeneratedSerializationConstructorAccessor186'
Event: 270001.222 Thread 0x0000022073aee790 Unloading class 0x000000010027c800 'jdk/internal/reflect/GeneratedSerializationConstructorAccessor185'
Event: 270001.222 Thread 0x0000022073aee790 Unloading class 0x0000000100100800 'jdk/internal/reflect/GeneratedSerializationConstructorAccessor184'
Event: 270001.222 Thread 0x0000022073aee790 Unloading class 0x0000000100214000 'jdk/internal/reflect/GeneratedSerializationConstructorAccessor183'
Event: 270001.222 Thread 0x0000022073aee790 Unloading class 0x000000010022ac00 'jdk/internal/reflect/GeneratedSerializationConstructorAccessor182'
Event: 270001.222 Thread 0x0000022073aee790 Unloading class 0x0000000100258000 'jdk/internal/reflect/GeneratedSerializationConstructorAccessor181'
Event: 270001.222 Thread 0x0000022073aee790 Unloading class 0x0000000100275800 'jdk/internal/reflect/GeneratedSerializationConstructorAccessor180'
Event: 270001.222 Thread 0x0000022073aee790 Unloading class 0x00000001000cf000 'jdk/internal/reflect/GeneratedSerializationConstructorAccessor179'

Classes redefined (0 events):
No events

Internal exceptions (20 events):
Event: 258465.321 Thread 0x0000022077556230 Exception <a 'java/io/IOException'{0x00000000d8655378}: Connection reset by peer> (0x00000000d8655378) 
thrown [s\src\hotspot\share\prims\jni.cpp, line 536]
Event: 258465.323 Thread 0x0000022077557a40 Exception <a 'java/io/IOException'{0x00000000d886f808}: Connection reset by peer> (0x00000000d886f808) 
thrown [s\src\hotspot\share\prims\jni.cpp, line 536]
Event: 258465.325 Thread 0x0000022077557a40 Exception <a 'java/lang/reflect/InvocationTargetException'{0x00000000d86a4048}> (0x00000000d86a4048) 
thrown [s\src\hotspot\share\runtime\reflection.cpp, line 1127]
Event: 258465.334 Thread 0x0000022077557a40 Exception <a 'java/lang/NoSuchMethodError'{0x00000000d86c65b8}: static [Ljava/lang/StackTraceElement;.<clinit>()V> (0x00000000d86c65b8) 
thrown [s\src\hotspot\share\prims\jni.cpp, line 1108]
Event: 258465.552 Thread 0x0000022077557a40 Exception <a 'java/lang/reflect/InvocationTargetException'{0x00000000d8569790}> (0x00000000d8569790) 
thrown [s\src\hotspot\share\runtime\reflection.cpp, line 1127]
Event: 258465.553 Thread 0x0000022077557a40 Exception <a 'java/lang/NoSuchMethodError'{0x00000000d857c370}: static Lcom/intellij/execution/rmi/RemoteObject$ForeignException;.<clinit>()V> (0x00000000d857c370) 
thrown [s\src\hotspot\share\prims\jni.cpp, line 1108]
Event: 258465.811 Thread 0x0000022077557a40 Exception <a 'java/lang/reflect/InvocationTargetException'{0x00000000d7ba8200}> (0x00000000d7ba8200) 
thrown [s\src\hotspot\share\runtime\reflection.cpp, line 1127]
Event: 258704.508 Thread 0x0000022077557a40 Exception <a 'java/lang/reflect/InvocationTargetException'{0x00000000d763eae8}> (0x00000000d763eae8) 
thrown [s\src\hotspot\share\runtime\reflection.cpp, line 1127]
Event: 258706.507 Thread 0x0000022077557a40 Exception <a 'java/lang/reflect/InvocationTargetException'{0x00000000d73e9498}> (0x00000000d73e9498) 
thrown [s\src\hotspot\share\runtime\reflection.cpp, line 1127]
Event: 258742.318 Thread 0x0000022077557a40 Exception <a 'java/lang/reflect/InvocationTargetException'{0x00000000d6e7ec40}> (0x00000000d6e7ec40) 
thrown [s\src\hotspot\share\runtime\reflection.cpp, line 1127]
Event: 259010.097 Thread 0x0000022077557a40 Exception <a 'java/lang/NoSuchMethodError'{0x00000000d5857000}: static Lcom/intellij/database/remote/jdbc/RemoteResultSet$DataRetrievingOptions;.<clinit>()V> (0x00000000d5857000) 
thrown [s\src\hotspot\share\prims\jni.cpp, line 1108]
Event: 259010.821 Thread 0x0000022077557a40 Exception <a 'java/lang/NoSuchMethodError'{0x00000000d58700c0}: static [Ljava/lang/Object;.<clinit>()V> (0x00000000d58700c0) 
thrown [s\src\hotspot\share\prims\jni.cpp, line 1108]
Event: 265707.985 Thread 0x00000220775570a0 Exception <a 'sun/net/ConnectionResetException'{0x00000000d8350e58}: Connection reset> (0x00000000d8350e58) 
thrown [s\src\hotspot\share\prims\jni.cpp, line 536]
Event: 265707.992 Thread 0x0000022077556230 Exception <a 'java/io/IOException'{0x00000000d8391b68}: Connection reset by peer> (0x00000000d8391b68) 
thrown [s\src\hotspot\share\prims\jni.cpp, line 536]
Event: 265707.993 Thread 0x0000022077557a40 Exception <a 'java/io/IOException'{0x00000000d84ff050}: Connection reset by peer> (0x00000000d84ff050) 
thrown [s\src\hotspot\share\prims\jni.cpp, line 536]
Event: 265707.994 Thread 0x0000022077557a40 Exception <a 'java/lang/reflect/InvocationTargetException'{0x00000000d83e9088}> (0x00000000d83e9088) 
thrown [s\src\hotspot\share\runtime\reflection.cpp, line 1127]
Event: 265708.000 Thread 0x0000022077557a40 Exception <a 'java/lang/NoSuchMethodError'{0x00000000d820baa0}: static [Ljava/lang/StackTraceElement;.<clinit>()V> (0x00000000d820baa0) 
thrown [s\src\hotspot\share\prims\jni.cpp, line 1108]
Event: 265708.202 Thread 0x0000022077557a40 Exception <a 'java/lang/reflect/InvocationTargetException'{0x00000000d82abdf8}> (0x00000000d82abdf8) 
thrown [s\src\hotspot\share\runtime\reflection.cpp, line 1127]
Event: 265708.203 Thread 0x0000022077557a40 Exception <a 'java/lang/NoSuchMethodError'{0x00000000d82be9d8}: static Lcom/intellij/execution/rmi/RemoteObject$ForeignException;.<clinit>()V> (0x00000000d82be9d8) 
thrown [s\src\hotspot\share\prims\jni.cpp, line 1108]
Event: 265713.646 Thread 0x0000022077557a40 Exception <a 'java/lang/NoSuchMethodError'{0x00000000d75356c8}: static Lcom/intellij/database/remote/jdbc/RemoteResultSet$DataRetrievingOptions;.<clinit>()V> (0x00000000d75356c8) 
thrown [s\src\hotspot\share\prims\jni.cpp, line 1108]

VM Operations (20 events):
Event: 327601.449 Executing VM operation: G1CollectFull done
Event: 331201.450 Executing VM operation: G1CollectFull
Event: 331201.459 Executing VM operation: G1CollectFull done
Event: 334801.460 Executing VM operation: G1CollectFull
Event: 334801.472 Executing VM operation: G1CollectFull done
Event: 338401.480 Executing VM operation: G1CollectFull
Event: 338401.489 Executing VM operation: G1CollectFull done
Event: 342001.489 Executing VM operation: G1CollectFull
Event: 342001.498 Executing VM operation: G1CollectFull done
Event: 345601.499 Executing VM operation: G1CollectFull
Event: 345601.512 Executing VM operation: G1CollectFull done
Event: 349201.512 Executing VM operation: G1CollectFull
Event: 349201.520 Executing VM operation: G1CollectFull done
Event: 352801.520 Executing VM operation: G1CollectFull
Event: 352801.535 Executing VM operation: G1CollectFull done
Event: 356401.535 Executing VM operation: G1CollectFull
Event: 356401.546 Executing VM operation: G1CollectFull done
Event: 360001.546 Executing VM operation: G1CollectFull
Event: 360001.558 Executing VM operation: G1CollectFull done
Event: 363601.558 Executing VM operation: G1CollectFull

Events (20 events):
Event: 336055.115 Thread 0x0000022077556700 Thread added: 0x0000022077556700
Event: 336056.115 Thread 0x0000022077556700 Thread exited: 0x0000022077556700
Event: 338734.660 Thread 0x0000022077556700 Thread added: 0x0000022077556700
Event: 338735.661 Thread 0x0000022077556700 Thread exited: 0x0000022077556700
Event: 342234.985 Thread 0x0000022077557f10 Thread added: 0x0000022077557f10
Event: 342235.986 Thread 0x0000022077557f10 Thread exited: 0x0000022077557f10
Event: 344194.579 Thread 0x0000022077556700 Thread added: 0x0000022077556700
Event: 344195.580 Thread 0x0000022077556700 Thread exited: 0x0000022077556700
Event: 348414.957 Thread 0x0000022077556700 Thread added: 0x0000022077556700
Event: 348415.969 Thread 0x0000022077556700 Thread exited: 0x0000022077556700
Event: 349654.392 Thread 0x0000022077556700 Thread added: 0x0000022077556700
Event: 349655.393 Thread 0x0000022077556700 Thread exited: 0x0000022077556700
Event: 354594.940 Thread 0x00000220775570a0 Thread added: 0x00000220775570a0
Event: 354595.940 Thread 0x00000220775570a0 Thread exited: 0x00000220775570a0
Event: 355113.607 Thread 0x0000022077554ef0 Thread added: 0x0000022077554ef0
Event: 355114.608 Thread 0x0000022077554ef0 Thread exited: 0x0000022077554ef0
Event: 360574.873 Thread 0x0000022077554ef0 Thread added: 0x0000022077554ef0
Event: 360575.883 Thread 0x0000022077554ef0 Thread exited: 0x0000022077554ef0
Event: 360774.237 Thread 0x0000022077556700 Thread added: 0x0000022077556700
Event: 360775.238 Thread 0x0000022077556700 Thread exited: 0x0000022077556700


Dynamic libraries:
0x00007ff6a3440000 - 0x00007ff6a344a000 	D:\DataSoft\JetBox\apps\datagrip\ch-0\222.4167.25\jbr\bin\java.exe
0x00007ffa3fe30000 - 0x00007ffa40028000 	C:\WINDOWS\SYSTEM32\ntdll.dll
0x00007ffa3fac0000 - 0x00007ffa3fb7f000 	C:\WINDOWS\System32\KERNEL32.DLL
0x00007ffa3d910000 - 0x00007ffa3dbe2000 	C:\WINDOWS\System32\KERNELBASE.dll
0x00007ffa3dd40000 - 0x00007ffa3de40000 	C:\WINDOWS\System32\ucrtbase.dll
0x00007ffa37020000 - 0x00007ffa3703b000 	D:\DataSoft\JetBox\apps\datagrip\ch-0\222.4167.25\jbr\bin\VCRUNTIME140.dll
0x00007ffa35300000 - 0x00007ffa35317000 	D:\DataSoft\JetBox\apps\datagrip\ch-0\222.4167.25\jbr\bin\jli.dll
0x00007ffa3deb0000 - 0x00007ffa3e051000 	C:\WINDOWS\System32\USER32.dll
0x00007ffa3de40000 - 0x00007ffa3de62000 	C:\WINDOWS\System32\win32u.dll
0x00007ffa3fa00000 - 0x00007ffa3fa2b000 	C:\WINDOWS\System32\GDI32.dll
0x00007ffa298c0000 - 0x00007ffa29b5a000 	C:\WINDOWS\WinSxS\amd64_microsoft.windows.common-controls_6595b64144ccf1df_6.0.19041.1110_none_60b5254171f9507e\COMCTL32.dll
0x00007ffa3d520000 - 0x00007ffa3d62f000 	C:\WINDOWS\System32\gdi32full.dll
0x00007ffa3e500000 - 0x00007ffa3e59e000 	C:\WINDOWS\System32\msvcrt.dll
0x00007ffa3d790000 - 0x00007ffa3d82d000 	C:\WINDOWS\System32\msvcp_win.dll
0x00007ffa3de70000 - 0x00007ffa3dea2000 	C:\WINDOWS\System32\IMM32.DLL
0x00007ffa3d240000 - 0x00007ffa3d2af000 	C:\WINDOWS\LVUAAgentInstBaseRoot\system32\Vozokopot.dll
0x00007ffa38ad0000 - 0x00007ffa38adc000 	D:\DataSoft\JetBox\apps\datagrip\ch-0\222.4167.25\jbr\bin\vcruntime140_1.dll
0x00007ffa14c80000 - 0x00007ffa14d0d000 	D:\DataSoft\JetBox\apps\datagrip\ch-0\222.4167.25\jbr\bin\msvcp140.dll
0x00007ffa14d10000 - 0x00007ffa15979000 	D:\DataSoft\JetBox\apps\datagrip\ch-0\222.4167.25\jbr\bin\server\jvm.dll
0x00007ffa3f460000 - 0x00007ffa3f50e000 	C:\WINDOWS\System32\ADVAPI32.dll
0x00007ffa3e460000 - 0x00007ffa3e4fc000 	C:\WINDOWS\System32\sechost.dll
0x00007ffa3fcc0000 - 0x00007ffa3fde5000 	C:\WINDOWS\System32\RPCRT4.dll
0x00007ffa3e180000 - 0x00007ffa3e188000 	C:\WINDOWS\System32\PSAPI.DLL
0x00007ffa28880000 - 0x00007ffa28889000 	C:\WINDOWS\SYSTEM32\WSOCK32.dll
0x00007ffa29070000 - 0x00007ffa29097000 	C:\WINDOWS\SYSTEM32\WINMM.dll
0x00007ffa3eaf0000 - 0x00007ffa3eb5b000 	C:\WINDOWS\System32\WS2_32.dll
0x00007ffa38020000 - 0x00007ffa3802a000 	C:\WINDOWS\SYSTEM32\VERSION.dll
0x00007ffa2a430000 - 0x00007ffa2a7a8000 	C:\WINDOWS\LVUAAgentInstBaseRoot\system32\MozartBreathCore.dll
0x00007ffa3e1b0000 - 0x00007ffa3e28a000 	C:\WINDOWS\System32\COMDLG32.dll
0x00007ffa3f5e0000 - 0x00007ffa3f935000 	C:\WINDOWS\System32\combase.dll
0x00007ffa3c880000 - 0x00007ffa3c8bb000 	C:\WINDOWS\SYSTEM32\IPHLPAPI.DLL
0x00007ffa32410000 - 0x00007ffa3242d000 	C:\WINDOWS\SYSTEM32\MPR.dll
0x00007ffa3e3b0000 - 0x00007ffa3e45d000 	C:\WINDOWS\System32\shcore.dll
0x00007ffa3ab20000 - 0x00007ffa3ab34000 	C:\WINDOWS\SYSTEM32\WTSAPI32.dll
0x00007ffa3f9a0000 - 0x00007ffa3f9f5000 	C:\WINDOWS\System32\SHLWAPI.dll
0x00007ffa3c8c0000 - 0x00007ffa3c98a000 	C:\WINDOWS\SYSTEM32\DNSAPI.dll
0x00007ffa2b510000 - 0x00007ffa2b5a8000 	C:\WINDOWS\SYSTEM32\WINSPOOL.DRV
0x00007ffa3ed10000 - 0x00007ffa3f454000 	C:\WINDOWS\System32\SHELL32.dll
0x00007ffa3fb90000 - 0x00007ffa3fcba000 	C:\WINDOWS\System32\ole32.dll
0x00007ffa3f510000 - 0x00007ffa3f5dd000 	C:\WINDOWS\System32\OLEAUT32.dll
0x00007ffa3e3a0000 - 0x00007ffa3e3a8000 	C:\WINDOWS\System32\NSI.dll
0x00007ffa3b390000 - 0x00007ffa3b3a2000 	C:\WINDOWS\SYSTEM32\kernel.appcore.dll
0x00007ffa270e0000 - 0x00007ffa270ff000 	C:\WINDOWS\LVUAAgentInstBaseRoot\system32\MozartBreathOM.dll
0x00007ffa38ae0000 - 0x00007ffa38aea000 	D:\DataSoft\JetBox\apps\datagrip\ch-0\222.4167.25\jbr\bin\jimage.dll
0x00007ffa32ab0000 - 0x00007ffa32c94000 	C:\WINDOWS\SYSTEM32\DBGHELP.DLL
0x00007ffa2fbd0000 - 0x00007ffa2fc05000 	C:\WINDOWS\SYSTEM32\dbgcore.DLL
0x00007ffa26b70000 - 0x00007ffa26b97000 	C:\WINDOWS\LVUAAgentInstBaseRoot\system32\MozartBreathFw.dll
0x00007ffa3dbf0000 - 0x00007ffa3dc72000 	C:\WINDOWS\System32\bcryptPrimitives.dll
0x00007ffa269d0000 - 0x00007ffa26a3d000 	C:\WINDOWS\LVUAAgentInstBaseRoot\system32\MozartBreathFile.dll
0x00007ffa26810000 - 0x00007ffa2693d000 	C:\WINDOWS\LVUAAgentInstBaseRoot\system32\MozartBreathProcess.dll
0x00007ffa26740000 - 0x00007ffa267b7000 	C:\WINDOWS\LVUAAgentInstBaseRoot\system32\MozartBreathBolo2.dll
0x00007ffa25f10000 - 0x00007ffa25f3b000 	C:\WINDOWS\LVUAAgentInstBaseRoot\system32\MozartBreathProtect.dll
0x00007ffa1c250000 - 0x00007ffa1c275000 	D:\DataSoft\JetBox\apps\datagrip\ch-0\222.4167.25\jbr\bin\java.dll
0x00007ffa1d300000 - 0x00007ffa1d318000 	D:\DataSoft\JetBox\apps\datagrip\ch-0\222.4167.25\jbr\bin\zip.dll
0x00007ffa3b590000 - 0x00007ffa3bd22000 	C:\WINDOWS\SYSTEM32\windows.storage.dll
0x00007ffa3ce30000 - 0x00007ffa3ce60000 	C:\WINDOWS\System32\Wldp.dll
0x00007ffa3d460000 - 0x00007ffa3d47f000 	C:\WINDOWS\SYSTEM32\profapi.dll
0x00007ffa1c230000 - 0x00007ffa1c249000 	D:\DataSoft\JetBox\apps\datagrip\ch-0\222.4167.25\jbr\bin\net.dll
0x00007ffa37f10000 - 0x00007ffa3801c000 	C:\WINDOWS\SYSTEM32\WINHTTP.dll
0x00007ffa3cb90000 - 0x00007ffa3cbfa000 	C:\WINDOWS\system32\mswsock.dll
0x00007ffa15f50000 - 0x00007ffa15f66000 	D:\DataSoft\JetBox\apps\datagrip\ch-0\222.4167.25\jbr\bin\nio.dll
0x00007ffa14a60000 - 0x00007ffa14bf3000 	D:\DataSoft\JetBox\apps\datagrip\ch-0\222.4167.25\jbr\bin\awt.dll
0x00007ffa3b1b0000 - 0x00007ffa3b1df000 	C:\WINDOWS\SYSTEM32\dwmapi.dll
0x00007ffa3aa80000 - 0x00007ffa3ab11000 	C:\WINDOWS\SYSTEM32\apphelp.dll
0x00007ffa3aec0000 - 0x00007ffa3af5e000 	C:\WINDOWS\system32\uxtheme.dll
0x00007ffa06a20000 - 0x00007ffa06af9000 	c:\Program Files\HP\HP ProtectTools Security Manager\Bin\DpoFeedb.dll
0x00007ffa3d3e0000 - 0x00007ffa3d40e000 	C:\WINDOWS\SYSTEM32\USERENV.dll
0x00007ffa3e060000 - 0x00007ffa3e175000 	C:\WINDOWS\System32\MSCTF.dll
0x0000000180000000 - 0x0000000180044000 	C:\WINDOWS\LVUAAgentInstBaseRoot\system32\OverlordSpear.dll
0x00007ffa38a50000 - 0x00007ffa38a67000 	C:\WINDOWS\SYSTEM32\dhcpcsvc6.DLL
0x00007ffa38a20000 - 0x00007ffa38a3d000 	C:\WINDOWS\SYSTEM32\dhcpcsvc.DLL
0x00007ffa3cd90000 - 0x00007ffa3cda8000 	C:\WINDOWS\SYSTEM32\CRYPTSP.dll
0x00007ffa3c4b0000 - 0x00007ffa3c4e4000 	C:\WINDOWS\system32\rsaenh.dll
0x00007ffa3d8e0000 - 0x00007ffa3d907000 	C:\WINDOWS\System32\bcrypt.dll
0x00007ffa3cd80000 - 0x00007ffa3cd8c000 	C:\WINDOWS\SYSTEM32\CRYPTBASE.dll
0x00007ffa38740000 - 0x00007ffa38747000 	D:\DataSoft\JetBox\apps\datagrip\ch-0\222.4167.25\jbr\bin\rmi.dll
0x00007ffa38ac0000 - 0x00007ffa38ad0000 	D:\DataSoft\JetBox\apps\datagrip\ch-0\222.4167.25\jbr\bin\verify.dll
0x00007ffa37090000 - 0x00007ffa3709a000 	C:\Windows\System32\rasadhlp.dll
0x00007ffa38af0000 - 0x00007ffa38b70000 	C:\WINDOWS\System32\fwpuclnt.dll
0x00007ffa2b9b0000 - 0x00007ffa2ba5c000 	C:\WINDOWS\SYSTEM32\TextShaping.dll

dbghelp: loaded successfully - version: 4.0.5 - missing functions: none
symbol engine: initialized successfully - sym options: 0x614 - pdb path: .;D:\DataSoft\JetBox\apps\datagrip\ch-0\222.4167.25\jbr\bin;C:\WINDOWS\SYSTEM32;C:\WINDOWS\WinSxS\amd64_microsoft.windows.common-controls_6595b64144ccf1df_6.0.19041.1110_none_60b5254171f9507e;C:\WINDOWS\LVUAAgentInstBaseRoot\system32;D:\DataSoft\JetBox\apps\datagrip\ch-0\222.4167.25\jbr\bin\server;c:\Program Files\HP\HP ProtectTools Security Manager\Bin

VM Arguments:
jvm_args: -Dawt.toolkit=com.intellij.desktop.DesktopActionsToolkit -Djava.rmi.server.hostname=127.0.0.1 -Duser.timezone=UTC -Xmx750m -Xms128m --add-exports=java.desktop/sun.awt=ALL-UNNAMED --add-exports=java.desktop/java.awt.peer=ALL-UNNAMED --add-opens=java.desktop/java.awt=ALL-UNNAMED --add-opens=jdk.unsupported/sun.misc=ALL-UNNAMED --add-opens=java.base/java.nio=ALL-UNNAMED -Dfile.encoding=GBK 
java_command: com.intellij.database.remote.RemoteJdbcServer com.cloudera.impala.jdbc41.Driver
java_class_path (initial): D:\DataSoft\JetBox\apps\datagrip\ch-0\222.4167.25\lib\util_rt.jar;D:\DataSoft\JetBox\apps\datagrip\ch-0\222.4167.25\lib\util.jar;D:\DataSoft\JetBox\apps\datagrip\ch-0\222.4167.25\lib\groovy.jar;D:\DataSoft\JetBox\apps\datagrip\ch-0\222.4167.25\plugins\DatabaseTools\lib\jdbc-console.jar;D:\DataSoft\DBeaver\jre\lib\ImpalaJDBC41-2.6.3.jar
Launcher Type: SUN_STANDARD

[Global flags]
     intx CICompilerCount                          = 3                                         {product} {ergonomic}
     uint ConcGCThreads                            = 2                                         {product} {ergonomic}
     uint G1ConcRefinementThreads                  = 6                                         {product} {ergonomic}
   size_t G1HeapRegionSize                         = 1048576                                   {product} {ergonomic}
    uintx GCDrainStackTargetSize                   = 64                                        {product} {ergonomic}
   size_t InitialHeapSize                          = 134217728                                 {product} {command line}
   size_t MarkStackSize                            = 4194304                                   {product} {ergonomic}
   size_t MaxHeapSize                              = 786432000                                 {product} {command line}
   size_t MaxNewSize                               = 471859200                                 {product} {ergonomic}
   size_t MinHeapDeltaBytes                        = 1048576                                   {product} {ergonomic}
   size_t MinHeapSize                              = 134217728                                 {product} {command line}
    uintx NonNMethodCodeHeapSize                   = 5832780                                {pd product} {ergonomic}
    uintx NonProfiledCodeHeapSize                  = 122912730                              {pd product} {ergonomic}
    uintx ProfiledCodeHeapSize                     = 122912730                              {pd product} {ergonomic}
    uintx ReservedCodeCacheSize                    = 251658240                              {pd product} {ergonomic}
     bool SegmentedCodeCache                       = true                                      {product} {ergonomic}
   size_t SoftMaxHeapSize                          = 786432000                              {manageable} {ergonomic}
     bool UseCompressedClassPointers               = true                           {product lp64_product} {ergonomic}
     bool UseCompressedOops                        = true                           {product lp64_product} {ergonomic}
     bool UseG1GC                                  = true                                      {product} {ergonomic}
     bool UseLargePagesIndividualAllocation        = false                                  {pd product} {ergonomic}

Logging:
Log output configuration:
 #0: stdout all=warning uptime,level,tags
 #1: stderr all=off uptime,level,tags

Environment Variables:
JAVA_HOME=D:\Program Files (x86)\Java\jdk1.8.0_181
PATH=C:\Program Files (x86)\Common Files\Oracle\Java\javapath;C:\WINDOWS\system32;C:\WINDOWS;C:\WINDOWS\System32\Wbem;C:\WINDOWS\System32\WindowsPowerShell\v1.0\;C:\WINDOWS\System32\OpenSSH\;D:\Program Files (x86)\Java\jdk1.8.0_181\bin;D:\Program Files (x86)\Java\jdk1.8.0_181\jre\bin;C:\Program Files (x86)\Microsoft SQL Server\150\DTS\Binn\;C:\Program Files\Microsoft SQL Server\130\Tools\Binn\;D:\Program Files\Git\cmd;D:\Program Files\TortoiseGit\bin;D:\Program Files\apache-maven-3.8.1\bin\;C:\Program Files\MySQL\MySQL Server 5.7\bin;D:\DataSoft\scala\bin;D:\DataSoft\scala\bin;D:\DataSoft\scala\jre\bin;C:\Program Files (x86)\Intel\Intel(R) Management Engine Components\DAL;C:\Program Files\Intel\Intel(R) Management Engine Components\DAL;E:\LinuxOS\Xshell\;E:\LinuxOS\Xftp\;C:\Users\DMC8612144\AppData\Local\Microsoft\WindowsApps;
USERNAME=DMC8612144
OS=Windows_NT
PROCESSOR_IDENTIFIER=Intel64 Family 6 Model 158 Stepping 10, GenuineIntel
TMP=C:\Users\DMC861~1\AppData\Local\Temp
TEMP=C:\Users\DMC861~1\AppData\Local\Temp



---------------  S Y S T E M  ---------------

OS:
 Windows 10 , 64 bit Build 19041 (10.0.19041.2364)
OS uptime: 4 days 9:30 hours

CPU: total 6 (initial active 6) (6 cores per cpu, 1 threads per core) family 6 model 158 stepping 10 microcode 0xb4, cx8, cmov, fxsr, mmx, 3dnowpref, sse, sse2, sse3, ssse3, sse4.1, sse4.2, popcnt, lzcnt, tsc, tscinvbit, avx, avx2, aes, erms, clmul, bmi1, bmi2, rtm, adx, fma, vzeroupper, clflush, clflushopt

Memory: 4k page, system-wide physical 16227M (4297M free)
TotalPageFile size 20323M (AvailPageFile size 4M)
current process WorkingSet (physical memory assigned to process): 103M, peak: 185M
current process commit charge ("private bytes"): 243M, peak: 256M

vm_info: OpenJDK 64-Bit Server VM (17.0.4+7-b469.53) for windows-amd64 JRE (17.0.4+7-b469.53), built on 2022-08-29 by "builduser" with MS VC++ 16.10 / 16.11 (VS2019)

END.
