#
# There is insufficient memory for the Java Runtime Environment to continue.
# Native memory allocation (malloc) failed to allocate 327136 bytes for Chunk::new
# Possible reasons:
#   The system is out of physical RAM or swap space
#   The process is running with CompressedOops enabled, and the Java Heap may be blocking the growth of the native heap
# Possible solutions:
#   Reduce memory load on the system
#   Increase physical memory or swap space
#   Check if swap backing store is full
#   Decrease Java heap size (-Xmx/-Xms)
#   Decrease number of Java threads
#   Decrease Java thread stack sizes (-Xss)
#   Set larger code cache with -XX:ReservedCodeCacheSize=
#   JVM is running with Unscaled Compressed Oops mode in which the Java heap is
#     placed in the first 4GB address space. The Java Heap base address is the
#     maximum limit for the native heap growth. Please use -XX:HeapBaseMinAddress
#     to set the Java Heap base and to place the Java Heap above 4GB virtual address.
# This output file may be truncated or incomplete.
#
#  Out of Memory Error (arena.cpp:189), pid=14788, tid=9540
#
# JRE version: OpenJDK Runtime Environment JBR-17.0.4+7-469.53-jcef (17.0.4+7) (build 17.0.4+7-b469.53)
# Java VM: OpenJDK 64-Bit Server VM JBR-17.0.4+7-469.53-jcef (17.0.4+7-b469.53, mixed mode, tiered, compressed oops, compressed class ptrs, g1 gc, windows-amd64)
# No core dump will be written. Minidumps are not enabled by default on client versions of Windows
#

---------------  S U M M A R Y ------------

Command Line: -Dawt.toolkit=com.intellij.desktop.DesktopActionsToolkit -Djava.rmi.server.hostname=127.0.0.1 -Duser.timezone=UTC -Xmx750m -Xms128m --add-exports=java.desktop/sun.awt=ALL-UNNAMED --add-exports=java.desktop/java.awt.peer=ALL-UNNAMED --add-opens=java.desktop/java.awt=ALL-UNNAMED --add-opens=jdk.unsupported/sun.misc=ALL-UNNAMED --add-opens=java.base/java.nio=ALL-UNNAMED -Dfile.encoding=GBK com.intellij.database.remote.RemoteJdbcServer com.mysql.cj.jdbc.Driver

Host: Intel(R) Core(TM) i5-8500 CPU @ 3.00GHz, 6 cores, 15G,  Windows 10 , 64 bit Build 19041 (10.0.19041.2364)
Time: Tue Jan 31 17:26:19 2023  Windows 10 , 64 bit Build 19041 (10.0.19041.2364) elapsed time: 0.343998 seconds (0d 0h 0m 0s)

---------------  T H R E A D  ---------------

Current thread (0x000001e0990acbf0):  JavaThread "C2 CompilerThread0" daemon [_thread_in_native, id=9540, stack(0x0000003471a00000,0x0000003471b00000)]


Current CompileTask:
C2:    344  487 %     4       sun.security.provider.SHA::implCompress0 @ 27 (506 bytes)

Stack: [0x0000003471a00000,0x0000003471b00000]
Native frames: (J=compiled Java code, j=interpreted, Vv=VM code, C=native code)
V  [jvm.dll+0x68348a]
V  [jvm.dll+0x83faf4]
V  [jvm.dll+0x84129e]
V  [jvm.dll+0x841903]
V  [jvm.dll+0x2494a5]
V  [jvm.dll+0xabd5c]
V  [jvm.dll+0xac32c]
V  [jvm.dll+0x2b06df]
V  [jvm.dll+0x589a97]
V  [jvm.dll+0x223d52]
V  [jvm.dll+0x22412f]
V  [jvm.dll+0x21d9e5]
V  [jvm.dll+0x21aeab]
V  [jvm.dll+0x1a4cfd]
V  [jvm.dll+0x22aa48]
V  [jvm.dll+0x228af9]
V  [jvm.dll+0x7f52fc]
V  [jvm.dll+0x7ef82a]
V  [jvm.dll+0x6822c5]
C  [ucrtbase.dll+0x21bb2]
C  [KERNEL32.DLL+0x17614]
C  [ntdll.dll+0x526a1]


---------------  P R O C E S S  ---------------

Threads class SMR info:
_java_thread_list=0x000001e099345e20, length=22, elements={
0x000001e0ffd6afc0, 0x000001e0990492a0, 0x000001e09904bd70, 0x000001e099085ea0,
0x000001e0ff338090, 0x000001e0990aaa60, 0x000001e0990ab320, 0x000001e0990acbf0,
0x000001e0990b1200, 0x000001e0990bbf30, 0x000001e099231b40, 0x000001e099234020,
0x000001e0992fbaa0, 0x000001e0993fdfb0, 0x000001e0993fea80, 0x000001e099834d40,
0x000001e099886f00, 0x000001e099a6c130, 0x000001e099a9db10, 0x000001e099a9e3b0,
0x000001e099ae6030, 0x000001e099b0bd80
}

Java Threads: ( => current thread )
  0x000001e0ffd6afc0 JavaThread "main" [_thread_blocked, id=14000, stack(0x0000003470e00000,0x0000003470f00000)]
  0x000001e0990492a0 JavaThread "Reference Handler" daemon [_thread_blocked, id=14252, stack(0x0000003471500000,0x0000003471600000)]
  0x000001e09904bd70 JavaThread "Finalizer" daemon [_thread_blocked, id=13896, stack(0x0000003471600000,0x0000003471700000)]
  0x000001e099085ea0 JavaThread "Signal Dispatcher" daemon [_thread_blocked, id=1412, stack(0x0000003470d00000,0x0000003470e00000)]
  0x000001e0ff338090 JavaThread "Attach Listener" daemon [_thread_blocked, id=17776, stack(0x0000003471700000,0x0000003471800000)]
  0x000001e0990aaa60 JavaThread "Service Thread" daemon [_thread_blocked, id=10508, stack(0x0000003471800000,0x0000003471900000)]
  0x000001e0990ab320 JavaThread "Monitor Deflation Thread" daemon [_thread_blocked, id=1976, stack(0x0000003471900000,0x0000003471a00000)]
=>0x000001e0990acbf0 JavaThread "C2 CompilerThread0" daemon [_thread_in_native, id=9540, stack(0x0000003471a00000,0x0000003471b00000)]
  0x000001e0990b1200 JavaThread "C1 CompilerThread0" daemon [_thread_blocked, id=9748, stack(0x0000003471b00000,0x0000003471c00000)]
  0x000001e0990bbf30 JavaThread "Sweeper thread" daemon [_thread_blocked, id=4596, stack(0x0000003471c00000,0x0000003471d00000)]
  0x000001e099231b40 JavaThread "Common-Cleaner" daemon [_thread_blocked, id=18132, stack(0x0000003471d00000,0x0000003471e00000)]
  0x000001e099234020 JavaThread "Notification Thread" daemon [_thread_blocked, id=5980, stack(0x0000003471e00000,0x0000003471f00000)]
  0x000001e0992fbaa0 JavaThread "mysql-cj-abandoned-connection-cleanup" daemon [_thread_blocked, id=11800, stack(0x0000003472000000,0x0000003472100000)]
  0x000001e0993fdfb0 JavaThread "Java2D Disposer" daemon [_thread_blocked, id=12820, stack(0x0000003472100000,0x0000003472200000)]
  0x000001e0993fea80 JavaThread "AWT-Shutdown" [_thread_blocked, id=12804, stack(0x0000003472200000,0x0000003472300000)]
  0x000001e099834d40 JavaThread "AWT-Windows" daemon [_thread_in_native, id=14964, stack(0x0000003472300000,0x0000003472400000)]
  0x000001e099886f00 JavaThread "C2 CompilerThread1" daemon [_thread_in_native, id=3280, stack(0x0000003472400000,0x0000003472500000)]
  0x000001e099a6c130 JavaThread "RMI TCP Accept-14638" daemon [_thread_in_native, id=15396, stack(0x0000003472500000,0x0000003472600000)]
  0x000001e099a9db10 JavaThread "RMI TCP Accept-0" daemon [_thread_in_Java, id=10284, stack(0x0000003472600000,0x0000003472700000)]
  0x000001e099a9e3b0 JavaThread "RMI Reaper" [_thread_blocked, id=17652, stack(0x0000003472700000,0x0000003472800000)]
  0x000001e099ae6030 JavaThread "RMI GC Daemon" daemon [_thread_blocked, id=11528, stack(0x0000003472800000,0x0000003472900000)]
  0x000001e099b0bd80 JavaThread "RMI TCP Connection(1)-127.0.0.1" daemon [_thread_in_native, id=1436, stack(0x0000003472900000,0x0000003472a00000)]

Other Threads:
  0x000001e09610fd30 VMThread "VM Thread" [stack: 0x0000003471400000,0x0000003471500000] [id=2268]
  0x000001e095f439f0 WatcherThread [stack: 0x0000003471f00000,0x0000003472000000] [id=10188]
  0x000001e0ffd96c80 GCTaskThread "GC Thread#0" [stack: 0x0000003470f00000,0x0000003471000000] [id=10476]
  0x000001e095f3c830 ConcurrentGCThread "G1 Main Marker" [stack: 0x0000003471000000,0x0000003471100000] [id=10808]
  0x000001e0ffd9da50 ConcurrentGCThread "G1 Conc#0" [stack: 0x0000003471100000,0x0000003471200000] [id=17260]
  0x000001e095fc0770 ConcurrentGCThread "G1 Refine#0" [stack: 0x0000003471200000,0x0000003471300000] [id=14612]
  0x000001e0ff350440 ConcurrentGCThread "G1 Service" [stack: 0x0000003471300000,0x0000003471400000] [id=14888]

Threads with active compile tasks:
C2 CompilerThread0      417  487 %     4       sun.security.provider.SHA::implCompress0 @ 27 (506 bytes)
C2 CompilerThread1      417  700       4       jdk.internal.org.objectweb.asm.Symbol::<init> (38 bytes)

VM state: not at safepoint (normal execution)

VM Mutex/Monitor currently owned by a thread: None

Heap address: 0x00000000d1200000, size: 750 MB, Compressed Oops mode: 32-bit

CDS archive(s) not mapped
Compressed class space mapped at: 0x0000000100000000-0x0000000140000000, reserved size: 1073741824
Narrow klass base: 0x0000000000000000, Narrow klass shift: 3, Narrow klass range: 0x140000000

GC Precious Log:
 CPUs: 6 total, 6 available
 Memory: 16227M
 Large Page Support: Disabled
 NUMA Support: Disabled
 Compressed Oops: Enabled (32-bit)
 Heap Region Size: 1M
 Heap Min Capacity: 128M
 Heap Initial Capacity: 128M
 Heap Max Capacity: 750M
 Pre-touch: Disabled
 Parallel Workers: 6
 Concurrent Workers: 2
 Concurrent Refinement Workers: 6
 Periodic GC: Disabled

Heap:
 garbage-first heap   total 131072K, used 9216K [0x00000000d1200000, 0x0000000100000000)
  region size 1024K, 11 young (11264K), 0 survivors (0K)
 Metaspace       used 12485K, committed 12736K, reserved 1064960K
  class space    used 1230K, committed 1344K, reserved 1048576K

Heap Regions: E=young(eden), S=young(survivor), O=old, HS=humongous(starts), HC=humongous(continues), CS=collection set, F=free, OA=open archive, CA=closed archive, TAMS=top-at-mark-start (previous, next)
|   0|0x00000000d1200000, 0x00000000d1200000, 0x00000000d1300000|  0%| F|  |TAMS 0x00000000d1200000, 0x00000000d1200000| Untracked 
|   1|0x00000000d1300000, 0x00000000d1300000, 0x00000000d1400000|  0%| F|  |TAMS 0x00000000d1300000, 0x00000000d1300000| Untracked 
|   2|0x00000000d1400000, 0x00000000d1400000, 0x00000000d1500000|  0%| F|  |TAMS 0x00000000d1400000, 0x00000000d1400000| Untracked 
|   3|0x00000000d1500000, 0x00000000d1500000, 0x00000000d1600000|  0%| F|  |TAMS 0x00000000d1500000, 0x00000000d1500000| Untracked 
|   4|0x00000000d1600000, 0x00000000d1600000, 0x00000000d1700000|  0%| F|  |TAMS 0x00000000d1600000, 0x00000000d1600000| Untracked 
|   5|0x00000000d1700000, 0x00000000d1700000, 0x00000000d1800000|  0%| F|  |TAMS 0x00000000d1700000, 0x00000000d1700000| Untracked 
|   6|0x00000000d1800000, 0x00000000d1800000, 0x00000000d1900000|  0%| F|  |TAMS 0x00000000d1800000, 0x00000000d1800000| Untracked 
|   7|0x00000000d1900000, 0x00000000d1900000, 0x00000000d1a00000|  0%| F|  |TAMS 0x00000000d1900000, 0x00000000d1900000| Untracked 
|   8|0x00000000d1a00000, 0x00000000d1a00000, 0x00000000d1b00000|  0%| F|  |TAMS 0x00000000d1a00000, 0x00000000d1a00000| Untracked 
|   9|0x00000000d1b00000, 0x00000000d1b00000, 0x00000000d1c00000|  0%| F|  |TAMS 0x00000000d1b00000, 0x00000000d1b00000| Untracked 
|  10|0x00000000d1c00000, 0x00000000d1c00000, 0x00000000d1d00000|  0%| F|  |TAMS 0x00000000d1c00000, 0x00000000d1c00000| Untracked 
|  11|0x00000000d1d00000, 0x00000000d1d00000, 0x00000000d1e00000|  0%| F|  |TAMS 0x00000000d1d00000, 0x00000000d1d00000| Untracked 
|  12|0x00000000d1e00000, 0x00000000d1e00000, 0x00000000d1f00000|  0%| F|  |TAMS 0x00000000d1e00000, 0x00000000d1e00000| Untracked 
|  13|0x00000000d1f00000, 0x00000000d1f00000, 0x00000000d2000000|  0%| F|  |TAMS 0x00000000d1f00000, 0x00000000d1f00000| Untracked 
|  14|0x00000000d2000000, 0x00000000d2000000, 0x00000000d2100000|  0%| F|  |TAMS 0x00000000d2000000, 0x00000000d2000000| Untracked 
|  15|0x00000000d2100000, 0x00000000d2100000, 0x00000000d2200000|  0%| F|  |TAMS 0x00000000d2100000, 0x00000000d2100000| Untracked 
|  16|0x00000000d2200000, 0x00000000d2200000, 0x00000000d2300000|  0%| F|  |TAMS 0x00000000d2200000, 0x00000000d2200000| Untracked 
|  17|0x00000000d2300000, 0x00000000d2300000, 0x00000000d2400000|  0%| F|  |TAMS 0x00000000d2300000, 0x00000000d2300000| Untracked 
|  18|0x00000000d2400000, 0x00000000d2400000, 0x00000000d2500000|  0%| F|  |TAMS 0x00000000d2400000, 0x00000000d2400000| Untracked 
|  19|0x00000000d2500000, 0x00000000d2500000, 0x00000000d2600000|  0%| F|  |TAMS 0x00000000d2500000, 0x00000000d2500000| Untracked 
|  20|0x00000000d2600000, 0x00000000d2600000, 0x00000000d2700000|  0%| F|  |TAMS 0x00000000d2600000, 0x00000000d2600000| Untracked 
|  21|0x00000000d2700000, 0x00000000d2700000, 0x00000000d2800000|  0%| F|  |TAMS 0x00000000d2700000, 0x00000000d2700000| Untracked 
|  22|0x00000000d2800000, 0x00000000d2800000, 0x00000000d2900000|  0%| F|  |TAMS 0x00000000d2800000, 0x00000000d2800000| Untracked 
|  23|0x00000000d2900000, 0x00000000d2900000, 0x00000000d2a00000|  0%| F|  |TAMS 0x00000000d2900000, 0x00000000d2900000| Untracked 
|  24|0x00000000d2a00000, 0x00000000d2a00000, 0x00000000d2b00000|  0%| F|  |TAMS 0x00000000d2a00000, 0x00000000d2a00000| Untracked 
|  25|0x00000000d2b00000, 0x00000000d2b00000, 0x00000000d2c00000|  0%| F|  |TAMS 0x00000000d2b00000, 0x00000000d2b00000| Untracked 
|  26|0x00000000d2c00000, 0x00000000d2c00000, 0x00000000d2d00000|  0%| F|  |TAMS 0x00000000d2c00000, 0x00000000d2c00000| Untracked 
|  27|0x00000000d2d00000, 0x00000000d2d00000, 0x00000000d2e00000|  0%| F|  |TAMS 0x00000000d2d00000, 0x00000000d2d00000| Untracked 
|  28|0x00000000d2e00000, 0x00000000d2e00000, 0x00000000d2f00000|  0%| F|  |TAMS 0x00000000d2e00000, 0x00000000d2e00000| Untracked 
|  29|0x00000000d2f00000, 0x00000000d2f00000, 0x00000000d3000000|  0%| F|  |TAMS 0x00000000d2f00000, 0x00000000d2f00000| Untracked 
|  30|0x00000000d3000000, 0x00000000d3000000, 0x00000000d3100000|  0%| F|  |TAMS 0x00000000d3000000, 0x00000000d3000000| Untracked 
|  31|0x00000000d3100000, 0x00000000d3100000, 0x00000000d3200000|  0%| F|  |TAMS 0x00000000d3100000, 0x00000000d3100000| Untracked 
|  32|0x00000000d3200000, 0x00000000d3200000, 0x00000000d3300000|  0%| F|  |TAMS 0x00000000d3200000, 0x00000000d3200000| Untracked 
|  33|0x00000000d3300000, 0x00000000d3300000, 0x00000000d3400000|  0%| F|  |TAMS 0x00000000d3300000, 0x00000000d3300000| Untracked 
|  34|0x00000000d3400000, 0x00000000d3400000, 0x00000000d3500000|  0%| F|  |TAMS 0x00000000d3400000, 0x00000000d3400000| Untracked 
|  35|0x00000000d3500000, 0x00000000d3500000, 0x00000000d3600000|  0%| F|  |TAMS 0x00000000d3500000, 0x00000000d3500000| Untracked 
|  36|0x00000000d3600000, 0x00000000d3600000, 0x00000000d3700000|  0%| F|  |TAMS 0x00000000d3600000, 0x00000000d3600000| Untracked 
|  37|0x00000000d3700000, 0x00000000d3700000, 0x00000000d3800000|  0%| F|  |TAMS 0x00000000d3700000, 0x00000000d3700000| Untracked 
|  38|0x00000000d3800000, 0x00000000d3800000, 0x00000000d3900000|  0%| F|  |TAMS 0x00000000d3800000, 0x00000000d3800000| Untracked 
|  39|0x00000000d3900000, 0x00000000d3900000, 0x00000000d3a00000|  0%| F|  |TAMS 0x00000000d3900000, 0x00000000d3900000| Untracked 
|  40|0x00000000d3a00000, 0x00000000d3a00000, 0x00000000d3b00000|  0%| F|  |TAMS 0x00000000d3a00000, 0x00000000d3a00000| Untracked 
|  41|0x00000000d3b00000, 0x00000000d3b00000, 0x00000000d3c00000|  0%| F|  |TAMS 0x00000000d3b00000, 0x00000000d3b00000| Untracked 
|  42|0x00000000d3c00000, 0x00000000d3c00000, 0x00000000d3d00000|  0%| F|  |TAMS 0x00000000d3c00000, 0x00000000d3c00000| Untracked 
|  43|0x00000000d3d00000, 0x00000000d3d00000, 0x00000000d3e00000|  0%| F|  |TAMS 0x00000000d3d00000, 0x00000000d3d00000| Untracked 
|  44|0x00000000d3e00000, 0x00000000d3e00000, 0x00000000d3f00000|  0%| F|  |TAMS 0x00000000d3e00000, 0x00000000d3e00000| Untracked 
|  45|0x00000000d3f00000, 0x00000000d3f00000, 0x00000000d4000000|  0%| F|  |TAMS 0x00000000d3f00000, 0x00000000d3f00000| Untracked 
|  46|0x00000000d4000000, 0x00000000d4000000, 0x00000000d4100000|  0%| F|  |TAMS 0x00000000d4000000, 0x00000000d4000000| Untracked 
|  47|0x00000000d4100000, 0x00000000d4100000, 0x00000000d4200000|  0%| F|  |TAMS 0x00000000d4100000, 0x00000000d4100000| Untracked 
|  48|0x00000000d4200000, 0x00000000d4200000, 0x00000000d4300000|  0%| F|  |TAMS 0x00000000d4200000, 0x00000000d4200000| Untracked 
|  49|0x00000000d4300000, 0x00000000d4300000, 0x00000000d4400000|  0%| F|  |TAMS 0x00000000d4300000, 0x00000000d4300000| Untracked 
|  50|0x00000000d4400000, 0x00000000d4400000, 0x00000000d4500000|  0%| F|  |TAMS 0x00000000d4400000, 0x00000000d4400000| Untracked 
|  51|0x00000000d4500000, 0x00000000d4500000, 0x00000000d4600000|  0%| F|  |TAMS 0x00000000d4500000, 0x00000000d4500000| Untracked 
|  52|0x00000000d4600000, 0x00000000d4600000, 0x00000000d4700000|  0%| F|  |TAMS 0x00000000d4600000, 0x00000000d4600000| Untracked 
|  53|0x00000000d4700000, 0x00000000d4700000, 0x00000000d4800000|  0%| F|  |TAMS 0x00000000d4700000, 0x00000000d4700000| Untracked 
|  54|0x00000000d4800000, 0x00000000d4800000, 0x00000000d4900000|  0%| F|  |TAMS 0x00000000d4800000, 0x00000000d4800000| Untracked 
|  55|0x00000000d4900000, 0x00000000d4900000, 0x00000000d4a00000|  0%| F|  |TAMS 0x00000000d4900000, 0x00000000d4900000| Untracked 
|  56|0x00000000d4a00000, 0x00000000d4a00000, 0x00000000d4b00000|  0%| F|  |TAMS 0x00000000d4a00000, 0x00000000d4a00000| Untracked 
|  57|0x00000000d4b00000, 0x00000000d4b00000, 0x00000000d4c00000|  0%| F|  |TAMS 0x00000000d4b00000, 0x00000000d4b00000| Untracked 
|  58|0x00000000d4c00000, 0x00000000d4c00000, 0x00000000d4d00000|  0%| F|  |TAMS 0x00000000d4c00000, 0x00000000d4c00000| Untracked 
|  59|0x00000000d4d00000, 0x00000000d4d00000, 0x00000000d4e00000|  0%| F|  |TAMS 0x00000000d4d00000, 0x00000000d4d00000| Untracked 
|  60|0x00000000d4e00000, 0x00000000d4e00000, 0x00000000d4f00000|  0%| F|  |TAMS 0x00000000d4e00000, 0x00000000d4e00000| Untracked 
|  61|0x00000000d4f00000, 0x00000000d4f00000, 0x00000000d5000000|  0%| F|  |TAMS 0x00000000d4f00000, 0x00000000d4f00000| Untracked 
|  62|0x00000000d5000000, 0x00000000d5000000, 0x00000000d5100000|  0%| F|  |TAMS 0x00000000d5000000, 0x00000000d5000000| Untracked 
|  63|0x00000000d5100000, 0x00000000d5100000, 0x00000000d5200000|  0%| F|  |TAMS 0x00000000d5100000, 0x00000000d5100000| Untracked 
|  64|0x00000000d5200000, 0x00000000d5200000, 0x00000000d5300000|  0%| F|  |TAMS 0x00000000d5200000, 0x00000000d5200000| Untracked 
|  65|0x00000000d5300000, 0x00000000d5300000, 0x00000000d5400000|  0%| F|  |TAMS 0x00000000d5300000, 0x00000000d5300000| Untracked 
|  66|0x00000000d5400000, 0x00000000d5400000, 0x00000000d5500000|  0%| F|  |TAMS 0x00000000d5400000, 0x00000000d5400000| Untracked 
|  67|0x00000000d5500000, 0x00000000d5500000, 0x00000000d5600000|  0%| F|  |TAMS 0x00000000d5500000, 0x00000000d5500000| Untracked 
|  68|0x00000000d5600000, 0x00000000d5600000, 0x00000000d5700000|  0%| F|  |TAMS 0x00000000d5600000, 0x00000000d5600000| Untracked 
|  69|0x00000000d5700000, 0x00000000d5700000, 0x00000000d5800000|  0%| F|  |TAMS 0x00000000d5700000, 0x00000000d5700000| Untracked 
|  70|0x00000000d5800000, 0x00000000d5800000, 0x00000000d5900000|  0%| F|  |TAMS 0x00000000d5800000, 0x00000000d5800000| Untracked 
|  71|0x00000000d5900000, 0x00000000d5900000, 0x00000000d5a00000|  0%| F|  |TAMS 0x00000000d5900000, 0x00000000d5900000| Untracked 
|  72|0x00000000d5a00000, 0x00000000d5a00000, 0x00000000d5b00000|  0%| F|  |TAMS 0x00000000d5a00000, 0x00000000d5a00000| Untracked 
|  73|0x00000000d5b00000, 0x00000000d5b00000, 0x00000000d5c00000|  0%| F|  |TAMS 0x00000000d5b00000, 0x00000000d5b00000| Untracked 
|  74|0x00000000d5c00000, 0x00000000d5c00000, 0x00000000d5d00000|  0%| F|  |TAMS 0x00000000d5c00000, 0x00000000d5c00000| Untracked 
|  75|0x00000000d5d00000, 0x00000000d5d00000, 0x00000000d5e00000|  0%| F|  |TAMS 0x00000000d5d00000, 0x00000000d5d00000| Untracked 
|  76|0x00000000d5e00000, 0x00000000d5e00000, 0x00000000d5f00000|  0%| F|  |TAMS 0x00000000d5e00000, 0x00000000d5e00000| Untracked 
|  77|0x00000000d5f00000, 0x00000000d5f00000, 0x00000000d6000000|  0%| F|  |TAMS 0x00000000d5f00000, 0x00000000d5f00000| Untracked 
|  78|0x00000000d6000000, 0x00000000d6000000, 0x00000000d6100000|  0%| F|  |TAMS 0x00000000d6000000, 0x00000000d6000000| Untracked 
|  79|0x00000000d6100000, 0x00000000d6100000, 0x00000000d6200000|  0%| F|  |TAMS 0x00000000d6100000, 0x00000000d6100000| Untracked 
|  80|0x00000000d6200000, 0x00000000d6200000, 0x00000000d6300000|  0%| F|  |TAMS 0x00000000d6200000, 0x00000000d6200000| Untracked 
|  81|0x00000000d6300000, 0x00000000d6300000, 0x00000000d6400000|  0%| F|  |TAMS 0x00000000d6300000, 0x00000000d6300000| Untracked 
|  82|0x00000000d6400000, 0x00000000d6400000, 0x00000000d6500000|  0%| F|  |TAMS 0x00000000d6400000, 0x00000000d6400000| Untracked 
|  83|0x00000000d6500000, 0x00000000d6500000, 0x00000000d6600000|  0%| F|  |TAMS 0x00000000d6500000, 0x00000000d6500000| Untracked 
|  84|0x00000000d6600000, 0x00000000d6600000, 0x00000000d6700000|  0%| F|  |TAMS 0x00000000d6600000, 0x00000000d6600000| Untracked 
|  85|0x00000000d6700000, 0x00000000d6700000, 0x00000000d6800000|  0%| F|  |TAMS 0x00000000d6700000, 0x00000000d6700000| Untracked 
|  86|0x00000000d6800000, 0x00000000d6800000, 0x00000000d6900000|  0%| F|  |TAMS 0x00000000d6800000, 0x00000000d6800000| Untracked 
|  87|0x00000000d6900000, 0x00000000d6900000, 0x00000000d6a00000|  0%| F|  |TAMS 0x00000000d6900000, 0x00000000d6900000| Untracked 
|  88|0x00000000d6a00000, 0x00000000d6a00000, 0x00000000d6b00000|  0%| F|  |TAMS 0x00000000d6a00000, 0x00000000d6a00000| Untracked 
|  89|0x00000000d6b00000, 0x00000000d6b00000, 0x00000000d6c00000|  0%| F|  |TAMS 0x00000000d6b00000, 0x00000000d6b00000| Untracked 
|  90|0x00000000d6c00000, 0x00000000d6c00000, 0x00000000d6d00000|  0%| F|  |TAMS 0x00000000d6c00000, 0x00000000d6c00000| Untracked 
|  91|0x00000000d6d00000, 0x00000000d6d00000, 0x00000000d6e00000|  0%| F|  |TAMS 0x00000000d6d00000, 0x00000000d6d00000| Untracked 
|  92|0x00000000d6e00000, 0x00000000d6e00000, 0x00000000d6f00000|  0%| F|  |TAMS 0x00000000d6e00000, 0x00000000d6e00000| Untracked 
|  93|0x00000000d6f00000, 0x00000000d6f00000, 0x00000000d7000000|  0%| F|  |TAMS 0x00000000d6f00000, 0x00000000d6f00000| Untracked 
|  94|0x00000000d7000000, 0x00000000d7000000, 0x00000000d7100000|  0%| F|  |TAMS 0x00000000d7000000, 0x00000000d7000000| Untracked 
|  95|0x00000000d7100000, 0x00000000d7100000, 0x00000000d7200000|  0%| F|  |TAMS 0x00000000d7100000, 0x00000000d7100000| Untracked 
|  96|0x00000000d7200000, 0x00000000d7200000, 0x00000000d7300000|  0%| F|  |TAMS 0x00000000d7200000, 0x00000000d7200000| Untracked 
|  97|0x00000000d7300000, 0x00000000d7300000, 0x00000000d7400000|  0%| F|  |TAMS 0x00000000d7300000, 0x00000000d7300000| Untracked 
|  98|0x00000000d7400000, 0x00000000d7400000, 0x00000000d7500000|  0%| F|  |TAMS 0x00000000d7400000, 0x00000000d7400000| Untracked 
|  99|0x00000000d7500000, 0x00000000d7500000, 0x00000000d7600000|  0%| F|  |TAMS 0x00000000d7500000, 0x00000000d7500000| Untracked 
| 100|0x00000000d7600000, 0x00000000d7600000, 0x00000000d7700000|  0%| F|  |TAMS 0x00000000d7600000, 0x00000000d7600000| Untracked 
| 101|0x00000000d7700000, 0x00000000d7700000, 0x00000000d7800000|  0%| F|  |TAMS 0x00000000d7700000, 0x00000000d7700000| Untracked 
| 102|0x00000000d7800000, 0x00000000d7800000, 0x00000000d7900000|  0%| F|  |TAMS 0x00000000d7800000, 0x00000000d7800000| Untracked 
| 103|0x00000000d7900000, 0x00000000d7900000, 0x00000000d7a00000|  0%| F|  |TAMS 0x00000000d7900000, 0x00000000d7900000| Untracked 
| 104|0x00000000d7a00000, 0x00000000d7a00000, 0x00000000d7b00000|  0%| F|  |TAMS 0x00000000d7a00000, 0x00000000d7a00000| Untracked 
| 105|0x00000000d7b00000, 0x00000000d7b00000, 0x00000000d7c00000|  0%| F|  |TAMS 0x00000000d7b00000, 0x00000000d7b00000| Untracked 
| 106|0x00000000d7c00000, 0x00000000d7c00000, 0x00000000d7d00000|  0%| F|  |TAMS 0x00000000d7c00000, 0x00000000d7c00000| Untracked 
| 107|0x00000000d7d00000, 0x00000000d7d00000, 0x00000000d7e00000|  0%| F|  |TAMS 0x00000000d7d00000, 0x00000000d7d00000| Untracked 
| 108|0x00000000d7e00000, 0x00000000d7e00000, 0x00000000d7f00000|  0%| F|  |TAMS 0x00000000d7e00000, 0x00000000d7e00000| Untracked 
| 109|0x00000000d7f00000, 0x00000000d7f00000, 0x00000000d8000000|  0%| F|  |TAMS 0x00000000d7f00000, 0x00000000d7f00000| Untracked 
| 110|0x00000000d8000000, 0x00000000d8000000, 0x00000000d8100000|  0%| F|  |TAMS 0x00000000d8000000, 0x00000000d8000000| Untracked 
| 111|0x00000000d8100000, 0x00000000d8100000, 0x00000000d8200000|  0%| F|  |TAMS 0x00000000d8100000, 0x00000000d8100000| Untracked 
| 112|0x00000000d8200000, 0x00000000d8200000, 0x00000000d8300000|  0%| F|  |TAMS 0x00000000d8200000, 0x00000000d8200000| Untracked 
| 113|0x00000000d8300000, 0x00000000d8300000, 0x00000000d8400000|  0%| F|  |TAMS 0x00000000d8300000, 0x00000000d8300000| Untracked 
| 114|0x00000000d8400000, 0x00000000d8400000, 0x00000000d8500000|  0%| F|  |TAMS 0x00000000d8400000, 0x00000000d8400000| Untracked 
| 115|0x00000000d8500000, 0x00000000d8500000, 0x00000000d8600000|  0%| F|  |TAMS 0x00000000d8500000, 0x00000000d8500000| Untracked 
| 116|0x00000000d8600000, 0x00000000d8600000, 0x00000000d8700000|  0%| F|  |TAMS 0x00000000d8600000, 0x00000000d8600000| Untracked 
| 117|0x00000000d8700000, 0x00000000d876e060, 0x00000000d8800000| 42%| E|  |TAMS 0x00000000d8700000, 0x00000000d8700000| Complete 
| 118|0x00000000d8800000, 0x00000000d8900000, 0x00000000d8900000|100%| E|CS|TAMS 0x00000000d8800000, 0x00000000d8800000| Complete 
| 119|0x00000000d8900000, 0x00000000d8a00000, 0x00000000d8a00000|100%| E|CS|TAMS 0x00000000d8900000, 0x00000000d8900000| Complete 
| 120|0x00000000d8a00000, 0x00000000d8b00000, 0x00000000d8b00000|100%| E|CS|TAMS 0x00000000d8a00000, 0x00000000d8a00000| Complete 
| 121|0x00000000d8b00000, 0x00000000d8c00000, 0x00000000d8c00000|100%| E|CS|TAMS 0x00000000d8b00000, 0x00000000d8b00000| Complete 
| 122|0x00000000d8c00000, 0x00000000d8d00000, 0x00000000d8d00000|100%| E|CS|TAMS 0x00000000d8c00000, 0x00000000d8c00000| Complete 
| 123|0x00000000d8d00000, 0x00000000d8e00000, 0x00000000d8e00000|100%| E|CS|TAMS 0x00000000d8d00000, 0x00000000d8d00000| Complete 
| 124|0x00000000d8e00000, 0x00000000d8f00000, 0x00000000d8f00000|100%| E|CS|TAMS 0x00000000d8e00000, 0x00000000d8e00000| Complete 
| 125|0x00000000d8f00000, 0x00000000d9000000, 0x00000000d9000000|100%| E|CS|TAMS 0x00000000d8f00000, 0x00000000d8f00000| Complete 
| 126|0x00000000d9000000, 0x00000000d9100000, 0x00000000d9100000|100%| E|  |TAMS 0x00000000d9000000, 0x00000000d9000000| Complete 
| 127|0x00000000d9100000, 0x00000000d9200000, 0x00000000d9200000|100%| E|CS|TAMS 0x00000000d9100000, 0x00000000d9100000| Complete 

Card table byte_map: [0x000001e0944b0000,0x000001e094630000] _byte_map_base: 0x000001e093e27000

Marking Bits (Prev, Next): (CMBitMap*) 0x000001e095f3bd20, (CMBitMap*) 0x000001e095f3bd60
 Prev Bits: [0x000001e0947b0000, 0x000001e095368000)
 Next Bits: [0x000001e095370000, 0x000001e095f28000)

Polling page: 0x000001e0ffb80000

Metaspace:

Usage:
  Non-class:     11.11 MB used.
      Class:      1.22 MB used.
       Both:     12.33 MB used.

Virtual space:
  Non-class space:       16.00 MB reserved,      11.19 MB ( 70%) committed,  2 nodes.
      Class space:        1.00 GB reserved,       1.31 MB ( <1%) committed,  1 nodes.
             Both:        1.02 GB reserved,      12.50 MB (  1%) committed. 

Chunk freelists:
   Non-Class:  398.00 KB
       Class:  2.70 MB
        Both:  3.09 MB

MaxMetaspaceSize: unlimited
CompressedClassSpaceSize: 1.00 GB
Initial GC threshold: 21.00 MB
Current GC threshold: 21.00 MB
CDS: off
MetaspaceReclaimPolicy: balanced
 - commit_granule_bytes: 65536.
 - commit_granule_words: 8192.
 - virtual_space_node_default_size: 1048576.
 - enlarge_chunks_in_place: 1.
 - new_chunks_are_fully_committed: 0.
 - uncommit_free_chunks: 1.
 - use_allocation_guard: 0.
 - handle_deallocations: 1.


Internal statistics:

num_allocs_failed_limit: 0.
num_arena_births: 164.
num_arena_deaths: 0.
num_vsnodes_births: 3.
num_vsnodes_deaths: 0.
num_space_committed: 200.
num_space_uncommitted: 0.
num_chunks_returned_to_freelist: 0.
num_chunks_taken_from_freelist: 255.
num_chunk_merges: 0.
num_chunk_splits: 139.
num_chunks_enlarged: 55.
num_purges: 0.
num_inconsistent_stats: 0.

CodeHeap 'non-profiled nmethods': size=120000Kb used=214Kb max_used=214Kb free=119785Kb
 bounds [0x000001e08c8b0000, 0x000001e08cb20000, 0x000001e093de0000]
CodeHeap 'profiled nmethods': size=120000Kb used=1165Kb max_used=1165Kb free=118834Kb
 bounds [0x000001e085380000, 0x000001e0855f0000, 0x000001e08c8b0000]
CodeHeap 'non-nmethods': size=5760Kb used=1189Kb max_used=1205Kb free=4570Kb
 bounds [0x000001e084de0000, 0x000001e085050000, 0x000001e085380000]
 total_blobs=1223 nmethods=730 adapters=406
 compilation: enabled
              stopped_count=0, restarted_count=0
 full_count=0

Compilation events (20 events):
Event: 0.332 Thread 0x000001e0990b1200 nmethod 538 0x000001e08544a490 code [0x000001e08544a640, 0x000001e08544a968]
Event: 0.332 Thread 0x000001e0990b1200  540       3       sun.nio.fs.WindowsFileAttributes::fromFindData (127 bytes)
Event: 0.332 Thread 0x000001e0990b1200 nmethod 540 0x000001e08544aa10 code [0x000001e08544ac00, 0x000001e08544b248]
Event: 0.332 Thread 0x000001e0990b1200  547       3       jdk.internal.org.objectweb.asm.SymbolTable$Entry::<init> (18 bytes)
Event: 0.332 Thread 0x000001e0990b1200 nmethod 547 0x000001e08544b510 code [0x000001e08544b6c0, 0x000001e08544b848]
Event: 0.332 Thread 0x000001e0990b1200  541   !   3       sun.nio.fs.WindowsDirectoryStream$WindowsDirectoryIterator::acceptEntry (71 bytes)
Event: 0.333 Thread 0x000001e0990b1200 nmethod 541 0x000001e08544b910 code [0x000001e08544bb60, 0x000001e08544c368]
Event: 0.333 Thread 0x000001e0990b1200  549       3       java.util.Properties::getProperty (50 bytes)
Event: 0.333 Thread 0x000001e0990b1200 nmethod 549 0x000001e08544c790 code [0x000001e08544c960, 0x000001e08544ce38]
Event: 0.333 Thread 0x000001e0990b1200  550       3       java.lang.invoke.MemberName::getInvocationType (56 bytes)
Event: 0.333 Thread 0x000001e0990b1200 nmethod 550 0x000001e08544cf90 code [0x000001e08544d1c0, 0x000001e08544dac8]
Event: 0.333 Thread 0x000001e0990b1200  548       1       java.lang.Integer::intValue (5 bytes)
Event: 0.333 Thread 0x000001e0990b1200 nmethod 548 0x000001e08c8d7c90 code [0x000001e08c8d7e20, 0x000001e08c8d7ef8]
Event: 0.333 Thread 0x000001e0990b1200  551       3       java.lang.invoke.MethodTypeForm::canonicalizeAll (63 bytes)
Event: 0.334 Thread 0x000001e0990b1200 nmethod 551 0x000001e08544dd90 code [0x000001e08544df80, 0x000001e08544e5b8]
Event: 0.334 Thread 0x000001e0990b1200  552       3       java.lang.invoke.MethodType$ConcurrentWeakInternSet::add (66 bytes)
Event: 0.334 Thread 0x000001e0990b1200 nmethod 552 0x000001e08544e790 code [0x000001e08544ea00, 0x000001e08544f7a8]
Event: 0.334 Thread 0x000001e0990b1200  553       3       java.lang.Class::getComponentType (14 bytes)
Event: 0.334 Thread 0x000001e0990b1200 nmethod 553 0x000001e08544fc10 code [0x000001e08544fdc0, 0x000001e08544ff88]
Event: 0.336 Thread 0x000001e0990b1200  554       3       java.lang.StringConcatHelper::simpleConcat (94 bytes)

GC Heap History (0 events):
No events

Deoptimization events (12 events):
Event: 0.147 Thread 0x000001e0ffd6afc0 Uncommon trap: trap_request=0xffffff45 fr.pc=0x000001e08c8b67b4 relative=0x0000000000000294
Event: 0.147 Thread 0x000001e0ffd6afc0 Uncommon trap: reason=unstable_if action=reinterpret pc=0x000001e08c8b67b4 method=java.util.zip.ZipCoder$UTF8ZipCoder.checkedHash([BII)I @ 75 c2
Event: 0.147 Thread 0x000001e0ffd6afc0 DEOPT PACKING pc=0x000001e08c8b67b4 sp=0x0000003470efd8f0
Event: 0.147 Thread 0x000001e0ffd6afc0 DEOPT UNPACKING pc=0x000001e084e323a3 sp=0x0000003470efd860 mode 2
Event: 0.147 Thread 0x000001e0ffd6afc0 Uncommon trap: trap_request=0xffffff45 fr.pc=0x000001e08c8b7368 relative=0x0000000000000168
Event: 0.147 Thread 0x000001e0ffd6afc0 Uncommon trap: reason=unstable_if action=reinterpret pc=0x000001e08c8b7368 method=java.util.zip.ZipFile$Source.isMetaName([BII)Z @ 15 c2
Event: 0.147 Thread 0x000001e0ffd6afc0 DEOPT PACKING pc=0x000001e08c8b7368 sp=0x0000003470efda00
Event: 0.147 Thread 0x000001e0ffd6afc0 DEOPT UNPACKING pc=0x000001e084e323a3 sp=0x0000003470efd9a8 mode 2
Event: 0.185 Thread 0x000001e0ffd6afc0 Uncommon trap: trap_request=0xffffff45 fr.pc=0x000001e08c8b88f8 relative=0x0000000000000078
Event: 0.185 Thread 0x000001e0ffd6afc0 Uncommon trap: reason=unstable_if action=reinterpret pc=0x000001e08c8b88f8 method=java.lang.String.isLatin1()Z @ 10 c2
Event: 0.185 Thread 0x000001e0ffd6afc0 DEOPT PACKING pc=0x000001e08c8b88f8 sp=0x0000003470efd730
Event: 0.185 Thread 0x000001e0ffd6afc0 DEOPT UNPACKING pc=0x000001e084e323a3 sp=0x0000003470efd670 mode 2

Classes unloaded (0 events):
No events

Classes redefined (0 events):
No events

Internal exceptions (6 events):
Event: 0.169 Thread 0x000001e0ffd6afc0 Exception <a 'java/lang/ClassNotFoundException'{0x00000000d8e76f78}: sun/awt/resources/spi/awtProvider> (0x00000000d8e76f78) 
thrown [s\src\hotspot\share\classfile\systemDictionary.cpp, line 256]
Event: 0.185 Thread 0x000001e0ffd6afc0 Exception <a 'java/io/FileNotFoundException'{0x00000000d8d36fd0}> (0x00000000d8d36fd0) 
thrown [s\src\hotspot\share\prims\jni.cpp, line 517]
Event: 0.190 Thread 0x000001e0ffd6afc0 Exception <a 'java/io/FileNotFoundException'{0x00000000d8d64070}> (0x00000000d8d64070) 
thrown [s\src\hotspot\share\prims\jni.cpp, line 517]
Event: 0.223 Thread 0x000001e0ffd6afc0 Exception <a 'java/lang/NoSuchMethodError'{0x00000000d8d9aad0}: 'java.lang.Object java.lang.invoke.DirectMethodHandle$Holder.invokeStaticInit(java.lang.Object)'> (0x00000000d8d9aad0) 
thrown [s\src\hotspot\share\interpreter\linkResolver.cpp, line 771]
Event: 0.272 Thread 0x000001e0ffd6afc0 Exception <a 'java/lang/NoSuchMethodError'{0x00000000d8c94c30}: 'java.lang.Object java.lang.invoke.DirectMethodHandle$Holder.invokeStaticInit(java.lang.Object, int, int, int, int)'> (0x00000000d8c94c30) 
thrown [s\src\hotspot\share\interpreter\linkResolver.cpp, line 771]
Event: 0.327 Thread 0x000001e0ffd6afc0 Exception <a 'java/lang/NoSuchMethodError'{0x00000000d8bdeae0}: 'java.lang.Object java.lang.invoke.DirectMethodHandle$Holder.invokeStaticInit(java.lang.Object, java.lang.Object, int, int, int, int)'> (0x00000000d8bdeae0) 
thrown [s\src\hotspot\share\interpreter\linkResolver.cpp, line 771]

VM Operations (6 events):
Event: 0.137 Executing VM operation: HandshakeAllThreads
Event: 0.137 Executing VM operation: HandshakeAllThreads done
Event: 0.160 Executing VM operation: HandshakeAllThreads
Event: 0.160 Executing VM operation: HandshakeAllThreads done
Event: 0.243 Executing VM operation: HandshakeAllThreads
Event: 0.243 Executing VM operation: HandshakeAllThreads done

Events (20 events):
Event: 0.334 loading class java/rmi/server/Operation
Event: 0.334 loading class java/rmi/server/Operation done
Event: 0.334 loading class sun/rmi/registry/RegistryImpl_Skel
Event: 0.334 loading class java/rmi/server/Skeleton
Event: 0.334 loading class java/rmi/server/Skeleton done
Event: 0.334 loading class sun/rmi/registry/RegistryImpl_Skel done
Event: 0.334 loading class sun/rmi/transport/Target
Event: 0.335 loading class sun/rmi/transport/Target done
Event: 0.335 loading class sun/rmi/transport/WeakRef
Event: 0.335 loading class sun/rmi/transport/WeakRef done
Event: 0.335 loading class sun/rmi/transport/ObjectTable
Event: 0.335 loading class sun/rmi/transport/ObjectTable done
Event: 0.335 loading class sun/rmi/transport/DGCImpl
Event: 0.335 loading class java/rmi/dgc/DGC
Event: 0.335 loading class java/rmi/dgc/DGC done
Event: 0.335 loading class sun/rmi/transport/DGCImpl done
Event: 0.336 loading class sun/rmi/runtime/RuntimeUtil$GetInstanceAction
Event: 0.336 loading class sun/rmi/runtime/RuntimeUtil$GetInstanceAction done
Event: 0.336 loading class sun/rmi/runtime/RuntimeUtil
Event: 0.336 loading class sun/rmi/runtime/RuntimeUtil done


Dynamic libraries:
0x00007ff6c9950000 - 0x00007ff6c995a000 	D:\DataSoft\JetBox\apps\datagrip\ch-0\222.4167.25\jbr\bin\java.exe
0x00007fff5aab0000 - 0x00007fff5aca8000 	C:\WINDOWS\SYSTEM32\ntdll.dll
0x00007fff5a950000 - 0x00007fff5aa0f000 	C:\WINDOWS\System32\KERNEL32.DLL
0x00007fff58560000 - 0x00007fff58832000 	C:\WINDOWS\System32\KERNELBASE.dll
0x00007fff582b0000 - 0x00007fff583b0000 	C:\WINDOWS\System32\ucrtbase.dll
0x00007fff35d10000 - 0x00007fff35d2b000 	D:\DataSoft\JetBox\apps\datagrip\ch-0\222.4167.25\jbr\bin\VCRUNTIME140.dll
0x00007fff50a80000 - 0x00007fff50a97000 	D:\DataSoft\JetBox\apps\datagrip\ch-0\222.4167.25\jbr\bin\jli.dll
0x00007fff59560000 - 0x00007fff59701000 	C:\WINDOWS\System32\USER32.dll
0x00007fff58280000 - 0x00007fff582a2000 	C:\WINDOWS\System32\win32u.dll
0x00007fff59000000 - 0x00007fff5902b000 	C:\WINDOWS\System32\GDI32.dll
0x00007fff45110000 - 0x00007fff453aa000 	C:\WINDOWS\WinSxS\amd64_microsoft.windows.common-controls_6595b64144ccf1df_6.0.19041.1110_none_60b5254171f9507e\COMCTL32.dll
0x00007fff58840000 - 0x00007fff5894f000 	C:\WINDOWS\System32\gdi32full.dll
0x00007fff594c0000 - 0x00007fff5955e000 	C:\WINDOWS\System32\msvcrt.dll
0x00007fff58950000 - 0x00007fff589ed000 	C:\WINDOWS\System32\msvcp_win.dll
0x00007fff59a70000 - 0x00007fff59aa2000 	C:\WINDOWS\System32\IMM32.DLL
0x00007fff57ed0000 - 0x00007fff57f3f000 	C:\WINDOWS\LVUAAgentInstBaseRoot\system32\Vozokopot.dll
0x00007fff54bc0000 - 0x00007fff54bcc000 	D:\DataSoft\JetBox\apps\datagrip\ch-0\222.4167.25\jbr\bin\vcruntime140_1.dll
0x00007fff0ba00000 - 0x00007fff0ba8d000 	D:\DataSoft\JetBox\apps\datagrip\ch-0\222.4167.25\jbr\bin\msvcp140.dll
0x00007ffee79d0000 - 0x00007ffee8639000 	D:\DataSoft\JetBox\apps\datagrip\ch-0\222.4167.25\jbr\bin\server\jvm.dll
0x00007fff5a8a0000 - 0x00007fff5a94e000 	C:\WINDOWS\System32\ADVAPI32.dll
0x00007fff59040000 - 0x00007fff590dc000 	C:\WINDOWS\System32\sechost.dll
0x00007fff59fa0000 - 0x00007fff5a0c5000 	C:\WINDOWS\System32\RPCRT4.dll
0x00007fff58b50000 - 0x00007fff58b58000 	C:\WINDOWS\System32\PSAPI.DLL
0x00007fff42590000 - 0x00007fff42599000 	C:\WINDOWS\SYSTEM32\WSOCK32.dll
0x00007fff52b40000 - 0x00007fff52b4a000 	C:\WINDOWS\SYSTEM32\VERSION.dll
0x00007fff59450000 - 0x00007fff594bb000 	C:\WINDOWS\System32\WS2_32.dll
0x00007fff44950000 - 0x00007fff44977000 	C:\WINDOWS\SYSTEM32\WINMM.dll
0x00007fff455d0000 - 0x00007fff45948000 	C:\WINDOWS\LVUAAgentInstBaseRoot\system32\MozartBreathCore.dll
0x00007fff59990000 - 0x00007fff59a6a000 	C:\WINDOWS\System32\COMDLG32.dll
0x00007fff58b70000 - 0x00007fff58ec5000 	C:\WINDOWS\System32\combase.dll
0x00007fff57500000 - 0x00007fff5753b000 	C:\WINDOWS\SYSTEM32\IPHLPAPI.DLL
0x00007fff557a0000 - 0x00007fff557b4000 	C:\WINDOWS\SYSTEM32\WTSAPI32.dll
0x00007fff593a0000 - 0x00007fff5944d000 	C:\WINDOWS\System32\shcore.dll
0x00007fff5aa10000 - 0x00007fff5aa65000 	C:\WINDOWS\System32\SHLWAPI.dll
0x00007fff4d550000 - 0x00007fff4d56d000 	C:\WINDOWS\SYSTEM32\MPR.dll
0x00007fff57540000 - 0x00007fff5760a000 	C:\WINDOWS\SYSTEM32\DNSAPI.dll
0x00007fff5a150000 - 0x00007fff5a894000 	C:\WINDOWS\System32\SHELL32.dll
0x00007fff45d90000 - 0x00007fff45e28000 	C:\WINDOWS\SYSTEM32\WINSPOOL.DRV
0x00007fff58ed0000 - 0x00007fff58ffa000 	C:\WINDOWS\System32\ole32.dll
0x00007fff598c0000 - 0x00007fff5998d000 	C:\WINDOWS\System32\OLEAUT32.dll
0x00007fff58b60000 - 0x00007fff58b68000 	C:\WINDOWS\System32\NSI.dll
0x00007fff55f30000 - 0x00007fff55f42000 	C:\WINDOWS\SYSTEM32\kernel.appcore.dll
0x00007fff42570000 - 0x00007fff4258f000 	C:\WINDOWS\LVUAAgentInstBaseRoot\system32\MozartBreathOM.dll
0x00007fff42560000 - 0x00007fff4256a000 	D:\DataSoft\JetBox\apps\datagrip\ch-0\222.4167.25\jbr\bin\jimage.dll
0x00007fff4d940000 - 0x00007fff4db24000 	C:\WINDOWS\SYSTEM32\DBGHELP.DLL
0x00007fff4c5a0000 - 0x00007fff4c5d5000 	C:\WINDOWS\SYSTEM32\dbgcore.DLL
0x00007fff41d80000 - 0x00007fff41da7000 	C:\WINDOWS\LVUAAgentInstBaseRoot\system32\MozartBreathFw.dll
0x00007fff58a60000 - 0x00007fff58ae2000 	C:\WINDOWS\System32\bcryptPrimitives.dll
0x00007fff41b90000 - 0x00007fff41bfd000 	C:\WINDOWS\LVUAAgentInstBaseRoot\system32\MozartBreathFile.dll
0x00007fff418a0000 - 0x00007fff419cd000 	C:\WINDOWS\LVUAAgentInstBaseRoot\system32\MozartBreathProcess.dll
0x00007fff41170000 - 0x00007fff411e7000 	C:\WINDOWS\LVUAAgentInstBaseRoot\system32\MozartBreathBolo2.dll
0x00007fff40db0000 - 0x00007fff40ddb000 	C:\WINDOWS\LVUAAgentInstBaseRoot\system32\MozartBreathProtect.dll
0x00007fff41b40000 - 0x00007fff41b65000 	D:\DataSoft\JetBox\apps\datagrip\ch-0\222.4167.25\jbr\bin\java.dll
0x00007fff41c40000 - 0x00007fff41c58000 	D:\DataSoft\JetBox\apps\datagrip\ch-0\222.4167.25\jbr\bin\zip.dll
0x00007fff56210000 - 0x00007fff569a2000 	C:\WINDOWS\SYSTEM32\windows.storage.dll
0x00007fff57ab0000 - 0x00007fff57ae0000 	C:\WINDOWS\System32\Wldp.dll
0x00007fff580e0000 - 0x00007fff580ff000 	C:\WINDOWS\SYSTEM32\profapi.dll
0x00007fff41b20000 - 0x00007fff41b39000 	D:\DataSoft\JetBox\apps\datagrip\ch-0\222.4167.25\jbr\bin\net.dll
0x00007fff532e0000 - 0x00007fff533ec000 	C:\WINDOWS\SYSTEM32\WINHTTP.dll
0x00007fff57810000 - 0x00007fff5787a000 	C:\WINDOWS\system32\mswsock.dll
0x00007fff41b00000 - 0x00007fff41b16000 	D:\DataSoft\JetBox\apps\datagrip\ch-0\222.4167.25\jbr\bin\nio.dll
0x00007fff416c0000 - 0x00007fff41853000 	D:\DataSoft\JetBox\apps\datagrip\ch-0\222.4167.25\jbr\bin\awt.dll
0x00007fff55f00000 - 0x00007fff55f2f000 	C:\WINDOWS\SYSTEM32\dwmapi.dll
0x00007fff55700000 - 0x00007fff55791000 	C:\WINDOWS\SYSTEM32\apphelp.dll
0x00007fff55b40000 - 0x00007fff55bde000 	C:\WINDOWS\system32\uxtheme.dll
0x00007fff20d80000 - 0x00007fff20e59000 	c:\Program Files\HP\HP ProtectTools Security Manager\Bin\DpoFeedb.dll
0x00007fff58060000 - 0x00007fff5808e000 	C:\WINDOWS\SYSTEM32\USERENV.dll
0x00007fff591f0000 - 0x00007fff59305000 	C:\WINDOWS\System32\MSCTF.dll
0x0000000180000000 - 0x0000000180044000 	C:\WINDOWS\LVUAAgentInstBaseRoot\system32\OverlordSpear.dll
0x00007fff53760000 - 0x00007fff53777000 	C:\WINDOWS\SYSTEM32\dhcpcsvc6.DLL
0x00007fff53740000 - 0x00007fff5375d000 	C:\WINDOWS\SYSTEM32\dhcpcsvc.DLL
0x00007fff57a10000 - 0x00007fff57a28000 	C:\WINDOWS\SYSTEM32\CRYPTSP.dll
0x00007fff57130000 - 0x00007fff57164000 	C:\WINDOWS\system32\rsaenh.dll
0x00007fff58250000 - 0x00007fff58277000 	C:\WINDOWS\System32\bcrypt.dll
0x00007fff57a00000 - 0x00007fff57a0c000 	C:\WINDOWS\SYSTEM32\CRYPTBASE.dll
0x00007fff3b220000 - 0x00007fff3b227000 	D:\DataSoft\JetBox\apps\datagrip\ch-0\222.4167.25\jbr\bin\rmi.dll

dbghelp: loaded successfully - version: 4.0.5 - missing functions: none
symbol engine: initialized successfully - sym options: 0x614 - pdb path: .;D:\DataSoft\JetBox\apps\datagrip\ch-0\222.4167.25\jbr\bin;C:\WINDOWS\SYSTEM32;C:\WINDOWS\WinSxS\amd64_microsoft.windows.common-controls_6595b64144ccf1df_6.0.19041.1110_none_60b5254171f9507e;C:\WINDOWS\LVUAAgentInstBaseRoot\system32;D:\DataSoft\JetBox\apps\datagrip\ch-0\222.4167.25\jbr\bin\server;c:\Program Files\HP\HP ProtectTools Security Manager\Bin

VM Arguments:
jvm_args: -Dawt.toolkit=com.intellij.desktop.DesktopActionsToolkit -Djava.rmi.server.hostname=127.0.0.1 -Duser.timezone=UTC -Xmx750m -Xms128m --add-exports=java.desktop/sun.awt=ALL-UNNAMED --add-exports=java.desktop/java.awt.peer=ALL-UNNAMED --add-opens=java.desktop/java.awt=ALL-UNNAMED --add-opens=jdk.unsupported/sun.misc=ALL-UNNAMED --add-opens=java.base/java.nio=ALL-UNNAMED -Dfile.encoding=GBK 
java_command: com.intellij.database.remote.RemoteJdbcServer com.mysql.cj.jdbc.Driver
java_class_path (initial): D:\DataSoft\JetBox\apps\datagrip\ch-0\222.4167.25\lib\util_rt.jar;D:\DataSoft\JetBox\apps\datagrip\ch-0\222.4167.25\lib\util.jar;D:\DataSoft\JetBox\apps\datagrip\ch-0\222.4167.25\lib\groovy.jar;D:\DataSoft\JetBox\apps\datagrip\ch-0\222.4167.25\plugins\DatabaseTools\lib\jdbc-console.jar;C:\Users\DMC8612144\AppData\Roaming\JetBrains\DataGrip2022.2\jdbc-drivers\MySQL ConnectorJ\8.0.25\mysql-connector-java-8.0.25.jar
Launcher Type: SUN_STANDARD

[Global flags]
     intx CICompilerCount                          = 3                                         {product} {ergonomic}
     uint ConcGCThreads                            = 2                                         {product} {ergonomic}
     uint G1ConcRefinementThreads                  = 6                                         {product} {ergonomic}
   size_t G1HeapRegionSize                         = 1048576                                   {product} {ergonomic}
    uintx GCDrainStackTargetSize                   = 64                                        {product} {ergonomic}
   size_t InitialHeapSize                          = 134217728                                 {product} {command line}
   size_t MarkStackSize                            = 4194304                                   {product} {ergonomic}
   size_t MaxHeapSize                              = 786432000                                 {product} {command line}
   size_t MaxNewSize                               = 471859200                                 {product} {ergonomic}
   size_t MinHeapDeltaBytes                        = 1048576                                   {product} {ergonomic}
   size_t MinHeapSize                              = 134217728                                 {product} {command line}
    uintx NonNMethodCodeHeapSize                   = 5832780                                {pd product} {ergonomic}
    uintx NonProfiledCodeHeapSize                  = 122912730                              {pd product} {ergonomic}
    uintx ProfiledCodeHeapSize                     = 122912730                              {pd product} {ergonomic}
    uintx ReservedCodeCacheSize                    = 251658240                              {pd product} {ergonomic}
     bool SegmentedCodeCache                       = true                                      {product} {ergonomic}
   size_t SoftMaxHeapSize                          = 786432000                              {manageable} {ergonomic}
     bool UseCompressedClassPointers               = true                           {product lp64_product} {ergonomic}
     bool UseCompressedOops                        = true                           {product lp64_product} {ergonomic}
     bool UseG1GC                                  = true                                      {product} {ergonomic}
     bool UseLargePagesIndividualAllocation        = false                                  {pd product} {ergonomic}

Logging:
Log output configuration:
 #0: stdout all=warning uptime,level,tags
 #1: stderr all=off uptime,level,tags

Environment Variables:
JAVA_HOME=D:\Program Files (x86)\Java\jdk1.8.0_181
PATH=C:\Program Files (x86)\Common Files\Oracle\Java\javapath;C:\WINDOWS\system32;C:\WINDOWS;C:\WINDOWS\System32\Wbem;C:\WINDOWS\System32\WindowsPowerShell\v1.0\;C:\WINDOWS\System32\OpenSSH\;D:\Program Files (x86)\Java\jdk1.8.0_181\bin;D:\Program Files (x86)\Java\jdk1.8.0_181\jre\bin;C:\Program Files (x86)\Microsoft SQL Server\150\DTS\Binn\;C:\Program Files\Microsoft SQL Server\130\Tools\Binn\;D:\Program Files\Git\cmd;D:\Program Files\TortoiseGit\bin;D:\Program Files\apache-maven-3.8.1\bin\;C:\Program Files\MySQL\MySQL Server 5.7\bin;D:\DataSoft\scala\bin;D:\DataSoft\scala\bin;D:\DataSoft\scala\jre\bin;C:\Program Files (x86)\Intel\Intel(R) Management Engine Components\DAL;C:\Program Files\Intel\Intel(R) Management Engine Components\DAL;E:\LinuxOS\Xshell\;E:\LinuxOS\Xftp\;C:\Users\DMC8612144\AppData\Local\Microsoft\WindowsApps;
USERNAME=DMC8612144
OS=Windows_NT
PROCESSOR_IDENTIFIER=Intel64 Family 6 Model 158 Stepping 10, GenuineIntel
TMP=C:\Users\DMC861~1\AppData\Local\Temp
TEMP=C:\Users\DMC861~1\AppData\Local\Temp



---------------  S Y S T E M  ---------------

OS:
 Windows 10 , 64 bit Build 19041 (10.0.19041.2364)
OS uptime: 11 days 23:27 hours

CPU: total 6 (initial active 6) (6 cores per cpu, 1 threads per core) family 6 model 158 stepping 10 microcode 0xb4, cx8, cmov, fxsr, mmx, 3dnowpref, sse, sse2, sse3, ssse3, sse4.1, sse4.2, popcnt, lzcnt, tsc, tscinvbit, avx, avx2, aes, erms, clmul, bmi1, bmi2, rtm, adx, fma, vzeroupper, clflush, clflushopt

Memory: 4k page, system-wide physical 16227M (4339M free)
TotalPageFile size 20323M (AvailPageFile size 10M)
current process WorkingSet (physical memory assigned to process): 67M, peak: 67M
current process commit charge ("private bytes"): 218M, peak: 218M

vm_info: OpenJDK 64-Bit Server VM (17.0.4+7-b469.53) for windows-amd64 JRE (17.0.4+7-b469.53), built on 2022-08-29 by "builduser" with MS VC++ 16.10 / 16.11 (VS2019)

END.
