#
# There is insufficient memory for the Java Runtime Environment to continue.
# Native memory allocation (mmap) failed to map 65536 bytes for Failed to commit metaspace.
# Possible reasons:
#   The system is out of physical RAM or swap space
#   The process is running with CompressedOops enabled, and the Java Heap may be blocking the growth of the native heap
# Possible solutions:
#   Reduce memory load on the system
#   Increase physical memory or swap space
#   Check if swap backing store is full
#   Decrease Java heap size (-Xmx/-Xms)
#   Decrease number of Java threads
#   Decrease Java thread stack sizes (-Xss)
#   Set larger code cache with -XX:ReservedCodeCacheSize=
#   JVM is running with Unscaled Compressed Oops mode in which the Java heap is
#     placed in the first 4GB address space. The Java Heap base address is the
#     maximum limit for the native heap growth. Please use -XX:HeapBaseMinAddress
#     to set the Java Heap base and to place the Java Heap above 4GB virtual address.
# This output file may be truncated or incomplete.
#
#  Out of Memory Error (virtualSpaceNode.cpp:110), pid=20424, tid=9664
#
# JRE version: OpenJDK Runtime Environment JBR-17.0.4+7-469.53-jcef (17.0.4+7) (build 17.0.4+7-b469.53)
# Java VM: OpenJDK 64-Bit Server VM JBR-17.0.4+7-469.53-jcef (17.0.4+7-b469.53, mixed mode, tiered, compressed oops, compressed class ptrs, g1 gc, windows-amd64)
# No core dump will be written. Minidumps are not enabled by default on client versions of Windows
#

---------------  S U M M A R Y ------------

Command Line: -Dawt.toolkit=com.intellij.desktop.DesktopActionsToolkit -Djava.rmi.server.hostname=127.0.0.1 -Duser.timezone=UTC -Xmx750m -Xms128m --add-exports=java.desktop/sun.awt=ALL-UNNAMED --add-exports=java.desktop/java.awt.peer=ALL-UNNAMED --add-opens=java.desktop/java.awt=ALL-UNNAMED --add-opens=jdk.unsupported/sun.misc=ALL-UNNAMED --add-opens=java.base/java.nio=ALL-UNNAMED -Dfile.encoding=UTF-8 com.intellij.database.remote.RemoteJdbcServer com.mysql.cj.jdbc.Driver

Host: Intel(R) Core(TM) i5-8500 CPU @ 3.00GHz, 6 cores, 15G,  Windows 10 , 64 bit Build 19041 (10.0.19041.2913)
Time: Tue May 30 11:38:03 2023  Windows 10 , 64 bit Build 19041 (10.0.19041.2913) elapsed time: 321989.395074 seconds (3d 17h 26m 29s)

---------------  T H R E A D  ---------------

Current thread (0x000001b3c3c18e30):  JavaThread "AWT-EventQueue-0" [_thread_in_vm, id=9664, stack(0x0000004ffc400000,0x0000004ffc500000)]

Stack: [0x0000004ffc400000,0x0000004ffc500000]
Native frames: (J=compiled Java code, j=interpreted, Vv=VM code, C=native code)
V  [jvm.dll+0x68348a]
V  [jvm.dll+0x83faf4]
V  [jvm.dll+0x84129e]
V  [jvm.dll+0x841903]
V  [jvm.dll+0x2494a5]
V  [jvm.dll+0x83bb4b]
V  [jvm.dll+0x627926]
V  [jvm.dll+0x62798a]
V  [jvm.dll+0x62a19a]
V  [jvm.dll+0x6282c6]
V  [jvm.dll+0x23d49f]
V  [jvm.dll+0x632115]
V  [jvm.dll+0x1ed4cb]
V  [jvm.dll+0x1eda05]
V  [jvm.dll+0x1ee324]
V  [jvm.dll+0x1e386c]
V  [jvm.dll+0x547c8d]
V  [jvm.dll+0x1f418b]
V  [jvm.dll+0x7b98bb]
V  [jvm.dll+0x7bad02]
V  [jvm.dll+0x7bb038]
V  [jvm.dll+0x24123e]
V  [jvm.dll+0x24148f]
V  [jvm.dll+0x565a98]
V  [jvm.dll+0x5689d7]
V  [jvm.dll+0x388327]
V  [jvm.dll+0x38797f]
C  0x000001b3ae33a56c

Java frames: (J=compiled Java code, j=interpreted, Vv=VM code)
j  sun.java2d.d3d.D3DGraphicsDevice.getDeviceCaps(I)Lsun/java2d/pipe/hw/ContextCapabilities;+2 java.desktop
j  sun.java2d.d3d.D3DGraphicsDevice.createDevice(I)Lsun/java2d/d3d/D3DGraphicsDevice;+9 java.desktop
j  sun.awt.Win32GraphicsEnvironment.makeScreenDevice(I)Ljava/awt/GraphicsDevice;+9 java.desktop
j  sun.awt.Win32GraphicsEnvironment.displayChanged()V+145 java.desktop
j  sun.awt.windows.WToolkit.lambda$displayChanged$4()V+15 java.desktop
j  sun.awt.windows.WToolkit$$Lambda$162+0x000000010023c738.run()V+0 java.desktop
j  java.awt.event.InvocationEvent.dispatch()V+47 java.desktop
j  java.awt.EventQueue.dispatchEventImpl(Ljava/awt/AWTEvent;Ljava/lang/Object;)V+21 java.desktop
j  java.awt.EventQueue$4.run()Ljava/lang/Void;+32 java.desktop
j  java.awt.EventQueue$4.run()Ljava/lang/Object;+1 java.desktop
J 3335 c2 java.security.AccessController.doPrivileged(Ljava/security/PrivilegedAction;Ljava/security/AccessControlContext;)Ljava/lang/Object; java.base@17.0.4 (17 bytes) @ 0x000001b3b6021680 [0x000001b3b6021620+0x0000000000000060]
j  java.security.ProtectionDomain$JavaSecurityAccessImpl.doIntersectionPrivilege(Ljava/security/PrivilegedAction;Ljava/security/AccessControlContext;Ljava/security/AccessControlContext;)Ljava/lang/Object;+18 java.base@17.0.4
j  java.awt.EventQueue.dispatchEvent(Ljava/awt/AWTEvent;)V+46 java.desktop
j  java.awt.EventDispatchThread.pumpOneEventForFilters(I)V+78 java.desktop
j  java.awt.EventDispatchThread.pumpEventsForFilter(ILjava/awt/Conditional;Ljava/awt/EventFilter;)V+35 java.desktop
j  java.awt.EventDispatchThread.pumpEventsForHierarchy(ILjava/awt/Conditional;Ljava/awt/Component;)V+11 java.desktop
j  java.awt.EventDispatchThread.pumpEvents(ILjava/awt/Conditional;)V+4 java.desktop
j  java.awt.EventDispatchThread.pumpEvents(Ljava/awt/Conditional;)V+3 java.desktop
j  java.awt.EventDispatchThread.run()V+18 java.desktop
v  ~StubRoutines::call_stub

---------------  P R O C E S S  ---------------

Threads class SMR info:
_java_thread_list=0x000001b3c5281520, length=25, elements={
0x000001b3aac690a0, 0x000001b3bd624480, 0x000001b3c2442030, 0x000001b3c2471c80,
0x000001b3c2474550, 0x000001b3c2474e10, 0x000001b3c2491b80, 0x000001b3c2495c70,
0x000001b3c2496570, 0x000001b3c2497e80, 0x000001b3c262c390, 0x000001b3a83589e0,
0x000001b3c2641b90, 0x000001b3c27fea40, 0x000001b3c26d82b0, 0x000001b3c3c162e0,
0x000001b3c3c17af0, 0x000001b3c3c16c80, 0x000001b3c3c17fc0, 0x000001b3c3c167b0,
0x000001b3c3c17150, 0x000001b3c3c18490, 0x000001b3c3c18960, 0x000001b3c3c15940,
0x000001b3c3c18e30
}

Java Threads: ( => current thread )
  0x000001b3aac690a0 JavaThread "main" [_thread_blocked, id=24904, stack(0x0000004ffc700000,0x0000004ffc800000)]
  0x000001b3bd624480 JavaThread "Reference Handler" daemon [_thread_blocked, id=17416, stack(0x0000004ffce00000,0x0000004ffcf00000)]
  0x000001b3c2442030 JavaThread "Finalizer" daemon [_thread_blocked, id=19844, stack(0x0000004ffcf00000,0x0000004ffd000000)]
  0x000001b3c2471c80 JavaThread "Signal Dispatcher" daemon [_thread_blocked, id=18624, stack(0x0000004ffd000000,0x0000004ffd100000)]
  0x000001b3c2474550 JavaThread "Attach Listener" daemon [_thread_blocked, id=23728, stack(0x0000004ffd100000,0x0000004ffd200000)]
  0x000001b3c2474e10 JavaThread "Service Thread" daemon [_thread_blocked, id=7368, stack(0x0000004ffd200000,0x0000004ffd300000)]
  0x000001b3c2491b80 JavaThread "Monitor Deflation Thread" daemon [_thread_blocked, id=24228, stack(0x0000004ffd300000,0x0000004ffd400000)]
  0x000001b3c2495c70 JavaThread "C2 CompilerThread0" daemon [_thread_blocked, id=7144, stack(0x0000004ffd400000,0x0000004ffd500000)]
  0x000001b3c2496570 JavaThread "C1 CompilerThread0" daemon [_thread_blocked, id=19520, stack(0x0000004ffd500000,0x0000004ffd600000)]
  0x000001b3c2497e80 JavaThread "Sweeper thread" daemon [_thread_blocked, id=20648, stack(0x0000004ffd600000,0x0000004ffd700000)]
  0x000001b3c262c390 JavaThread "Common-Cleaner" daemon [_thread_blocked, id=22880, stack(0x0000004ffd700000,0x0000004ffd800000)]
  0x000001b3a83589e0 JavaThread "Notification Thread" daemon [_thread_blocked, id=24036, stack(0x0000004ffc600000,0x0000004ffc700000)]
  0x000001b3c2641b90 JavaThread "mysql-cj-abandoned-connection-cleanup" daemon [_thread_blocked, id=18520, stack(0x0000004ffda00000,0x0000004ffdb00000)]
  0x000001b3c27fea40 JavaThread "Java2D Disposer" daemon [_thread_blocked, id=24800, stack(0x0000004ffdb00000,0x0000004ffdc00000)]
  0x000001b3c26d82b0 JavaThread "AWT-Windows" daemon [_thread_in_native, id=6276, stack(0x0000004ffdd00000,0x0000004ffde00000)]
  0x000001b3c3c162e0 JavaThread "RMI TCP Accept-65518" daemon [_thread_in_native, id=23304, stack(0x0000004ffde00000,0x0000004ffdf00000)]
  0x000001b3c3c17af0 JavaThread "RMI TCP Accept-0" daemon [_thread_in_native, id=18528, stack(0x0000004ffdf00000,0x0000004ffe000000)]
  0x000001b3c3c16c80 JavaThread "RMI Reaper" [_thread_blocked, id=24860, stack(0x0000004ffe000000,0x0000004ffe100000)]
  0x000001b3c3c17fc0 JavaThread "RMI GC Daemon" daemon [_thread_blocked, id=25916, stack(0x0000004ffe100000,0x0000004ffe200000)]
  0x000001b3c3c167b0 JavaThread "RMI TCP Connection(1)-127.0.0.1" daemon [_thread_in_native, id=10472, stack(0x0000004ffe200000,0x0000004ffe300000)]
  0x000001b3c3c17150 JavaThread "RMI Scheduler(0)" daemon [_thread_blocked, id=3484, stack(0x0000004ffe300000,0x0000004ffe400000)]
  0x000001b3c3c18490 JavaThread "RMI TCP Connection(2)-127.0.0.1" daemon [_thread_in_native, id=25548, stack(0x0000004ffe400000,0x0000004ffe500000)]
  0x000001b3c3c18960 JavaThread "RMI RenewClean-[127.0.0.1:59799]" daemon [_thread_blocked, id=18684, stack(0x0000004ffe500000,0x0000004ffe600000)]
  0x000001b3c3c15940 JavaThread "AWT-Shutdown" [_thread_blocked, id=15636, stack(0x0000004ffc300000,0x0000004ffc400000)]
=>0x000001b3c3c18e30 JavaThread "AWT-EventQueue-0" [_thread_in_vm, id=9664, stack(0x0000004ffc400000,0x0000004ffc500000)]

Other Threads:
  0x000001b3bd6216c0 VMThread "VM Thread" [stack: 0x0000004ffcd00000,0x0000004ffce00000] [id=21192] _threads_hazard_ptr=0x000001b3c5281520
  0x000001b3bd45af30 WatcherThread [stack: 0x0000004ffd800000,0x0000004ffd900000] [id=14976]
  0x000001b3aac8ecc0 GCTaskThread "GC Thread#0" [stack: 0x0000004ffc800000,0x0000004ffc900000] [id=15712]
  0x000001b3c41b67d0 GCTaskThread "GC Thread#1" [stack: 0x0000004ffe600000,0x0000004ffe700000] [id=25208]
  0x000001b3c41b6a80 GCTaskThread "GC Thread#2" [stack: 0x0000004ffe700000,0x0000004ffe800000] [id=26556]
  0x000001b3c40f19b0 GCTaskThread "GC Thread#3" [stack: 0x0000004ffe800000,0x0000004ffe900000] [id=7464]
  0x000001b3c40f1c60 GCTaskThread "GC Thread#4" [stack: 0x0000004ffe900000,0x0000004ffea00000] [id=22944]
  0x000001b3c40f2320 GCTaskThread "GC Thread#5" [stack: 0x0000004ffea00000,0x0000004ffeb00000] [id=21356]
  0x000001b3bd44f9c0 ConcurrentGCThread "G1 Main Marker" [stack: 0x0000004ffc900000,0x0000004ffca00000] [id=2424]
  0x000001b3bd450a80 ConcurrentGCThread "G1 Conc#0" [stack: 0x0000004ffca00000,0x0000004ffcb00000] [id=21420]
  0x000001b3c40c45a0 ConcurrentGCThread "G1 Conc#1" [stack: 0x0000004ffed00000,0x0000004ffee00000] [id=10248]
  0x000001b3a8365ca0 ConcurrentGCThread "G1 Refine#0" [stack: 0x0000004ffcb00000,0x0000004ffcc00000] [id=23500]
  0x000001b3a8364b60 ConcurrentGCThread "G1 Refine#1" [stack: 0x0000004ffeb00000,0x0000004ffec00000] [id=22204]
  0x000001b3a8364e40 ConcurrentGCThread "G1 Refine#2" [stack: 0x0000004ffec00000,0x0000004ffed00000] [id=13348]
  0x000001b3bd4c8e70 ConcurrentGCThread "G1 Service" [stack: 0x0000004ffcc00000,0x0000004ffcd00000] [id=15708]

Threads with active compile tasks:

VM state: synchronizing (normal execution)

VM Mutex/Monitor currently owned by a thread:  ([mutex/lock_event])
[0x000001b3a843c860] Metaspace_lock - owner thread: 0x000001b3c3c18e30
[0x000001b3a843d4c0] Threads_lock - owner thread: 0x000001b3bd6216c0

Heap address: 0x00000000d1200000, size: 750 MB, Compressed Oops mode: 32-bit

CDS archive(s) not mapped
Compressed class space mapped at: 0x0000000100000000-0x0000000140000000, reserved size: 1073741824
Narrow klass base: 0x0000000000000000, Narrow klass shift: 3, Narrow klass range: 0x140000000

GC Precious Log:
 CPUs: 6 total, 6 available
 Memory: 16227M
 Large Page Support: Disabled
 NUMA Support: Disabled
 Compressed Oops: Enabled (32-bit)
 Heap Region Size: 1M
 Heap Min Capacity: 128M
 Heap Initial Capacity: 128M
 Heap Max Capacity: 750M
 Pre-touch: Disabled
 Parallel Workers: 6
 Concurrent Workers: 2
 Concurrent Refinement Workers: 6
 Periodic GC: Disabled

Heap:
 garbage-first heap   total 131072K, used 13203K [0x00000000d1200000, 0x0000000100000000)
  region size 1024K, 8 young (8192K), 0 survivors (0K)
 Metaspace       used 25344K, committed 25792K, reserved 1073152K
  class space    used 2525K, committed 2688K, reserved 1048576K

Heap Regions: E=young(eden), S=young(survivor), O=old, HS=humongous(starts), HC=humongous(continues), CS=collection set, F=free, OA=open archive, CA=closed archive, TAMS=top-at-mark-start (previous, next)
|   0|0x00000000d1200000, 0x00000000d12f3b40, 0x00000000d1300000| 95%| O|  |TAMS 0x00000000d1200000, 0x00000000d1200000| Untracked 
|   1|0x00000000d1300000, 0x00000000d13f14d0, 0x00000000d1400000| 94%| O|  |TAMS 0x00000000d1300000, 0x00000000d1300000| Untracked 
|   2|0x00000000d1400000, 0x00000000d1500000, 0x00000000d1500000|100%| O|  |TAMS 0x00000000d1500000, 0x00000000d1400000| Untracked 
|   3|0x00000000d1500000, 0x00000000d15ffff8, 0x00000000d1600000| 99%| O|  |TAMS 0x00000000d15ffff8, 0x00000000d1500000| Untracked 
|   4|0x00000000d1600000, 0x00000000d16ffff0, 0x00000000d1700000| 99%| O|  |TAMS 0x00000000d16ffff0, 0x00000000d1600000| Untracked 
|   5|0x00000000d1700000, 0x00000000d17ffc10, 0x00000000d1800000| 99%| O|  |TAMS 0x00000000d17ffc10, 0x00000000d1700000| Untracked 
|   6|0x00000000d1800000, 0x00000000d1800030, 0x00000000d1900000|  0%| O|  |TAMS 0x00000000d1800000, 0x00000000d1800000| Untracked 
|   7|0x00000000d1900000, 0x00000000d1900000, 0x00000000d1a00000|  0%| F|  |TAMS 0x00000000d1900000, 0x00000000d1900000| Untracked 
|   8|0x00000000d1a00000, 0x00000000d1a00000, 0x00000000d1b00000|  0%| F|  |TAMS 0x00000000d1a00000, 0x00000000d1a00000| Untracked 
|   9|0x00000000d1b00000, 0x00000000d1b00000, 0x00000000d1c00000|  0%| F|  |TAMS 0x00000000d1b00000, 0x00000000d1b00000| Untracked 
|  10|0x00000000d1c00000, 0x00000000d1c00000, 0x00000000d1d00000|  0%| F|  |TAMS 0x00000000d1c00000, 0x00000000d1c00000| Untracked 
|  11|0x00000000d1d00000, 0x00000000d1d00000, 0x00000000d1e00000|  0%| F|  |TAMS 0x00000000d1d00000, 0x00000000d1d00000| Untracked 
|  12|0x00000000d1e00000, 0x00000000d1e00000, 0x00000000d1f00000|  0%| F|  |TAMS 0x00000000d1e00000, 0x00000000d1e00000| Untracked 
|  13|0x00000000d1f00000, 0x00000000d1f00000, 0x00000000d2000000|  0%| F|  |TAMS 0x00000000d1f00000, 0x00000000d1f00000| Untracked 
|  14|0x00000000d2000000, 0x00000000d2000000, 0x00000000d2100000|  0%| F|  |TAMS 0x00000000d2000000, 0x00000000d2000000| Untracked 
|  15|0x00000000d2100000, 0x00000000d2100000, 0x00000000d2200000|  0%| F|  |TAMS 0x00000000d2100000, 0x00000000d2100000| Untracked 
|  16|0x00000000d2200000, 0x00000000d2200000, 0x00000000d2300000|  0%| F|  |TAMS 0x00000000d2200000, 0x00000000d2200000| Untracked 
|  17|0x00000000d2300000, 0x00000000d2300000, 0x00000000d2400000|  0%| F|  |TAMS 0x00000000d2300000, 0x00000000d2300000| Untracked 
|  18|0x00000000d2400000, 0x00000000d2400000, 0x00000000d2500000|  0%| F|  |TAMS 0x00000000d2400000, 0x00000000d2400000| Untracked 
|  19|0x00000000d2500000, 0x00000000d2500000, 0x00000000d2600000|  0%| F|  |TAMS 0x00000000d2500000, 0x00000000d2500000| Untracked 
|  20|0x00000000d2600000, 0x00000000d2600000, 0x00000000d2700000|  0%| F|  |TAMS 0x00000000d2600000, 0x00000000d2600000| Untracked 
|  21|0x00000000d2700000, 0x00000000d2700000, 0x00000000d2800000|  0%| F|  |TAMS 0x00000000d2700000, 0x00000000d2700000| Untracked 
|  22|0x00000000d2800000, 0x00000000d2800000, 0x00000000d2900000|  0%| F|  |TAMS 0x00000000d2800000, 0x00000000d2800000| Untracked 
|  23|0x00000000d2900000, 0x00000000d2900000, 0x00000000d2a00000|  0%| F|  |TAMS 0x00000000d2900000, 0x00000000d2900000| Untracked 
|  24|0x00000000d2a00000, 0x00000000d2a00000, 0x00000000d2b00000|  0%| F|  |TAMS 0x00000000d2a00000, 0x00000000d2a00000| Untracked 
|  25|0x00000000d2b00000, 0x00000000d2b00000, 0x00000000d2c00000|  0%| F|  |TAMS 0x00000000d2b00000, 0x00000000d2b00000| Untracked 
|  26|0x00000000d2c00000, 0x00000000d2c00000, 0x00000000d2d00000|  0%| F|  |TAMS 0x00000000d2c00000, 0x00000000d2c00000| Untracked 
|  27|0x00000000d2d00000, 0x00000000d2d00000, 0x00000000d2e00000|  0%| F|  |TAMS 0x00000000d2d00000, 0x00000000d2d00000| Untracked 
|  28|0x00000000d2e00000, 0x00000000d2e00000, 0x00000000d2f00000|  0%| F|  |TAMS 0x00000000d2e00000, 0x00000000d2e00000| Untracked 
|  29|0x00000000d2f00000, 0x00000000d2f00000, 0x00000000d3000000|  0%| F|  |TAMS 0x00000000d2f00000, 0x00000000d2f00000| Untracked 
|  30|0x00000000d3000000, 0x00000000d3000000, 0x00000000d3100000|  0%| F|  |TAMS 0x00000000d3000000, 0x00000000d3000000| Untracked 
|  31|0x00000000d3100000, 0x00000000d3100000, 0x00000000d3200000|  0%| F|  |TAMS 0x00000000d3100000, 0x00000000d3100000| Untracked 
|  32|0x00000000d3200000, 0x00000000d3200000, 0x00000000d3300000|  0%| F|  |TAMS 0x00000000d3200000, 0x00000000d3200000| Untracked 
|  33|0x00000000d3300000, 0x00000000d3300000, 0x00000000d3400000|  0%| F|  |TAMS 0x00000000d3300000, 0x00000000d3300000| Untracked 
|  34|0x00000000d3400000, 0x00000000d3400000, 0x00000000d3500000|  0%| F|  |TAMS 0x00000000d3400000, 0x00000000d3400000| Untracked 
|  35|0x00000000d3500000, 0x00000000d3500000, 0x00000000d3600000|  0%| F|  |TAMS 0x00000000d3500000, 0x00000000d3500000| Untracked 
|  36|0x00000000d3600000, 0x00000000d3600000, 0x00000000d3700000|  0%| F|  |TAMS 0x00000000d3600000, 0x00000000d3600000| Untracked 
|  37|0x00000000d3700000, 0x00000000d3700000, 0x00000000d3800000|  0%| F|  |TAMS 0x00000000d3700000, 0x00000000d3700000| Untracked 
|  38|0x00000000d3800000, 0x00000000d3800000, 0x00000000d3900000|  0%| F|  |TAMS 0x00000000d3800000, 0x00000000d3800000| Untracked 
|  39|0x00000000d3900000, 0x00000000d3900000, 0x00000000d3a00000|  0%| F|  |TAMS 0x00000000d3900000, 0x00000000d3900000| Untracked 
|  40|0x00000000d3a00000, 0x00000000d3a00000, 0x00000000d3b00000|  0%| F|  |TAMS 0x00000000d3a00000, 0x00000000d3a00000| Untracked 
|  41|0x00000000d3b00000, 0x00000000d3b00000, 0x00000000d3c00000|  0%| F|  |TAMS 0x00000000d3b00000, 0x00000000d3b00000| Untracked 
|  42|0x00000000d3c00000, 0x00000000d3c00000, 0x00000000d3d00000|  0%| F|  |TAMS 0x00000000d3c00000, 0x00000000d3c00000| Untracked 
|  43|0x00000000d3d00000, 0x00000000d3d00000, 0x00000000d3e00000|  0%| F|  |TAMS 0x00000000d3d00000, 0x00000000d3d00000| Untracked 
|  44|0x00000000d3e00000, 0x00000000d3e00000, 0x00000000d3f00000|  0%| F|  |TAMS 0x00000000d3e00000, 0x00000000d3e00000| Untracked 
|  45|0x00000000d3f00000, 0x00000000d3f00000, 0x00000000d4000000|  0%| F|  |TAMS 0x00000000d3f00000, 0x00000000d3f00000| Untracked 
|  46|0x00000000d4000000, 0x00000000d4000000, 0x00000000d4100000|  0%| F|  |TAMS 0x00000000d4000000, 0x00000000d4000000| Untracked 
|  47|0x00000000d4100000, 0x00000000d4100000, 0x00000000d4200000|  0%| F|  |TAMS 0x00000000d4100000, 0x00000000d4100000| Untracked 
|  48|0x00000000d4200000, 0x00000000d4200000, 0x00000000d4300000|  0%| F|  |TAMS 0x00000000d4200000, 0x00000000d4200000| Untracked 
|  49|0x00000000d4300000, 0x00000000d4300000, 0x00000000d4400000|  0%| F|  |TAMS 0x00000000d4300000, 0x00000000d4300000| Untracked 
|  50|0x00000000d4400000, 0x00000000d4400000, 0x00000000d4500000|  0%| F|  |TAMS 0x00000000d4400000, 0x00000000d4400000| Untracked 
|  51|0x00000000d4500000, 0x00000000d4500000, 0x00000000d4600000|  0%| F|  |TAMS 0x00000000d4500000, 0x00000000d4500000| Untracked 
|  52|0x00000000d4600000, 0x00000000d4600000, 0x00000000d4700000|  0%| F|  |TAMS 0x00000000d4600000, 0x00000000d4600000| Untracked 
|  53|0x00000000d4700000, 0x00000000d4700000, 0x00000000d4800000|  0%| F|  |TAMS 0x00000000d4700000, 0x00000000d4700000| Untracked 
|  54|0x00000000d4800000, 0x00000000d4800000, 0x00000000d4900000|  0%| F|  |TAMS 0x00000000d4800000, 0x00000000d4800000| Untracked 
|  55|0x00000000d4900000, 0x00000000d4900000, 0x00000000d4a00000|  0%| F|  |TAMS 0x00000000d4900000, 0x00000000d4900000| Untracked 
|  56|0x00000000d4a00000, 0x00000000d4a00000, 0x00000000d4b00000|  0%| F|  |TAMS 0x00000000d4a00000, 0x00000000d4a00000| Untracked 
|  57|0x00000000d4b00000, 0x00000000d4b00000, 0x00000000d4c00000|  0%| F|  |TAMS 0x00000000d4b00000, 0x00000000d4b00000| Untracked 
|  58|0x00000000d4c00000, 0x00000000d4c00000, 0x00000000d4d00000|  0%| F|  |TAMS 0x00000000d4c00000, 0x00000000d4c00000| Untracked 
|  59|0x00000000d4d00000, 0x00000000d4d00000, 0x00000000d4e00000|  0%| F|  |TAMS 0x00000000d4d00000, 0x00000000d4d00000| Untracked 
|  60|0x00000000d4e00000, 0x00000000d4e00000, 0x00000000d4f00000|  0%| F|  |TAMS 0x00000000d4e00000, 0x00000000d4e00000| Untracked 
|  61|0x00000000d4f00000, 0x00000000d4f00000, 0x00000000d5000000|  0%| F|  |TAMS 0x00000000d4f00000, 0x00000000d4f00000| Untracked 
|  62|0x00000000d5000000, 0x00000000d5000000, 0x00000000d5100000|  0%| F|  |TAMS 0x00000000d5000000, 0x00000000d5000000| Untracked 
|  63|0x00000000d5100000, 0x00000000d5100000, 0x00000000d5200000|  0%| F|  |TAMS 0x00000000d5100000, 0x00000000d5100000| Untracked 
|  64|0x00000000d5200000, 0x00000000d5200000, 0x00000000d5300000|  0%| F|  |TAMS 0x00000000d5200000, 0x00000000d5200000| Untracked 
|  65|0x00000000d5300000, 0x00000000d5300000, 0x00000000d5400000|  0%| F|  |TAMS 0x00000000d5300000, 0x00000000d5300000| Untracked 
|  66|0x00000000d5400000, 0x00000000d5400000, 0x00000000d5500000|  0%| F|  |TAMS 0x00000000d5400000, 0x00000000d5400000| Untracked 
|  67|0x00000000d5500000, 0x00000000d5500000, 0x00000000d5600000|  0%| F|  |TAMS 0x00000000d5500000, 0x00000000d5500000| Untracked 
|  68|0x00000000d5600000, 0x00000000d5600000, 0x00000000d5700000|  0%| F|  |TAMS 0x00000000d5600000, 0x00000000d5600000| Untracked 
|  69|0x00000000d5700000, 0x00000000d5700000, 0x00000000d5800000|  0%| F|  |TAMS 0x00000000d5700000, 0x00000000d5700000| Untracked 
|  70|0x00000000d5800000, 0x00000000d5800000, 0x00000000d5900000|  0%| F|  |TAMS 0x00000000d5800000, 0x00000000d5800000| Untracked 
|  71|0x00000000d5900000, 0x00000000d5900000, 0x00000000d5a00000|  0%| F|  |TAMS 0x00000000d5900000, 0x00000000d5900000| Untracked 
|  72|0x00000000d5a00000, 0x00000000d5a00000, 0x00000000d5b00000|  0%| F|  |TAMS 0x00000000d5a00000, 0x00000000d5a00000| Untracked 
|  73|0x00000000d5b00000, 0x00000000d5b00000, 0x00000000d5c00000|  0%| F|  |TAMS 0x00000000d5b00000, 0x00000000d5b00000| Untracked 
|  74|0x00000000d5c00000, 0x00000000d5c00000, 0x00000000d5d00000|  0%| F|  |TAMS 0x00000000d5c00000, 0x00000000d5c00000| Untracked 
|  75|0x00000000d5d00000, 0x00000000d5d00000, 0x00000000d5e00000|  0%| F|  |TAMS 0x00000000d5d00000, 0x00000000d5d00000| Untracked 
|  76|0x00000000d5e00000, 0x00000000d5e00000, 0x00000000d5f00000|  0%| F|  |TAMS 0x00000000d5e00000, 0x00000000d5e00000| Untracked 
|  77|0x00000000d5f00000, 0x00000000d5f00000, 0x00000000d6000000|  0%| F|  |TAMS 0x00000000d5f00000, 0x00000000d5f00000| Untracked 
|  78|0x00000000d6000000, 0x00000000d6000000, 0x00000000d6100000|  0%| F|  |TAMS 0x00000000d6000000, 0x00000000d6000000| Untracked 
|  79|0x00000000d6100000, 0x00000000d6100000, 0x00000000d6200000|  0%| F|  |TAMS 0x00000000d6100000, 0x00000000d6100000| Untracked 
|  80|0x00000000d6200000, 0x00000000d6200000, 0x00000000d6300000|  0%| F|  |TAMS 0x00000000d6200000, 0x00000000d6200000| Untracked 
|  81|0x00000000d6300000, 0x00000000d6300000, 0x00000000d6400000|  0%| F|  |TAMS 0x00000000d6300000, 0x00000000d6300000| Untracked 
|  82|0x00000000d6400000, 0x00000000d6400000, 0x00000000d6500000|  0%| F|  |TAMS 0x00000000d6400000, 0x00000000d6400000| Untracked 
|  83|0x00000000d6500000, 0x00000000d6500000, 0x00000000d6600000|  0%| F|  |TAMS 0x00000000d6500000, 0x00000000d6500000| Untracked 
|  84|0x00000000d6600000, 0x00000000d6600000, 0x00000000d6700000|  0%| F|  |TAMS 0x00000000d6600000, 0x00000000d6600000| Untracked 
|  85|0x00000000d6700000, 0x00000000d6700000, 0x00000000d6800000|  0%| F|  |TAMS 0x00000000d6700000, 0x00000000d6700000| Untracked 
|  86|0x00000000d6800000, 0x00000000d6800000, 0x00000000d6900000|  0%| F|  |TAMS 0x00000000d6800000, 0x00000000d6800000| Untracked 
|  87|0x00000000d6900000, 0x00000000d6900000, 0x00000000d6a00000|  0%| F|  |TAMS 0x00000000d6900000, 0x00000000d6900000| Untracked 
|  88|0x00000000d6a00000, 0x00000000d6a00000, 0x00000000d6b00000|  0%| F|  |TAMS 0x00000000d6a00000, 0x00000000d6a00000| Untracked 
|  89|0x00000000d6b00000, 0x00000000d6b00000, 0x00000000d6c00000|  0%| F|  |TAMS 0x00000000d6b00000, 0x00000000d6b00000| Untracked 
|  90|0x00000000d6c00000, 0x00000000d6c00000, 0x00000000d6d00000|  0%| F|  |TAMS 0x00000000d6c00000, 0x00000000d6c00000| Untracked 
|  91|0x00000000d6d00000, 0x00000000d6d00000, 0x00000000d6e00000|  0%| F|  |TAMS 0x00000000d6d00000, 0x00000000d6d00000| Untracked 
|  92|0x00000000d6e00000, 0x00000000d6e00000, 0x00000000d6f00000|  0%| F|  |TAMS 0x00000000d6e00000, 0x00000000d6e00000| Untracked 
|  93|0x00000000d6f00000, 0x00000000d6f00000, 0x00000000d7000000|  0%| F|  |TAMS 0x00000000d6f00000, 0x00000000d6f00000| Untracked 
|  94|0x00000000d7000000, 0x00000000d7000000, 0x00000000d7100000|  0%| F|  |TAMS 0x00000000d7000000, 0x00000000d7000000| Untracked 
|  95|0x00000000d7100000, 0x00000000d7100000, 0x00000000d7200000|  0%| F|  |TAMS 0x00000000d7100000, 0x00000000d7100000| Untracked 
|  96|0x00000000d7200000, 0x00000000d7200000, 0x00000000d7300000|  0%| F|  |TAMS 0x00000000d7200000, 0x00000000d7200000| Untracked 
|  97|0x00000000d7300000, 0x00000000d7300000, 0x00000000d7400000|  0%| F|  |TAMS 0x00000000d7300000, 0x00000000d7300000| Untracked 
|  98|0x00000000d7400000, 0x00000000d7400000, 0x00000000d7500000|  0%| F|  |TAMS 0x00000000d7400000, 0x00000000d7400000| Untracked 
|  99|0x00000000d7500000, 0x00000000d7500000, 0x00000000d7600000|  0%| F|  |TAMS 0x00000000d7500000, 0x00000000d7500000| Untracked 
| 100|0x00000000d7600000, 0x00000000d7600000, 0x00000000d7700000|  0%| F|  |TAMS 0x00000000d7600000, 0x00000000d7600000| Untracked 
| 101|0x00000000d7700000, 0x00000000d7700000, 0x00000000d7800000|  0%| F|  |TAMS 0x00000000d7700000, 0x00000000d7700000| Untracked 
| 102|0x00000000d7800000, 0x00000000d7800000, 0x00000000d7900000|  0%| F|  |TAMS 0x00000000d7800000, 0x00000000d7800000| Untracked 
| 103|0x00000000d7900000, 0x00000000d7900000, 0x00000000d7a00000|  0%| F|  |TAMS 0x00000000d7900000, 0x00000000d7900000| Untracked 
| 104|0x00000000d7a00000, 0x00000000d7a00000, 0x00000000d7b00000|  0%| F|  |TAMS 0x00000000d7a00000, 0x00000000d7a00000| Untracked 
| 105|0x00000000d7b00000, 0x00000000d7b00000, 0x00000000d7c00000|  0%| F|  |TAMS 0x00000000d7b00000, 0x00000000d7b00000| Untracked 
| 106|0x00000000d7c00000, 0x00000000d7c00000, 0x00000000d7d00000|  0%| F|  |TAMS 0x00000000d7c00000, 0x00000000d7c00000| Untracked 
| 107|0x00000000d7d00000, 0x00000000d7d00000, 0x00000000d7e00000|  0%| F|  |TAMS 0x00000000d7d00000, 0x00000000d7d00000| Untracked 
| 108|0x00000000d7e00000, 0x00000000d7e00000, 0x00000000d7f00000|  0%| F|  |TAMS 0x00000000d7e00000, 0x00000000d7e00000| Untracked 
| 109|0x00000000d7f00000, 0x00000000d7f00000, 0x00000000d8000000|  0%| F|  |TAMS 0x00000000d7f00000, 0x00000000d7f00000| Untracked 
| 110|0x00000000d8000000, 0x00000000d8000000, 0x00000000d8100000|  0%| F|  |TAMS 0x00000000d8000000, 0x00000000d8000000| Untracked 
| 111|0x00000000d8100000, 0x00000000d8100000, 0x00000000d8200000|  0%| F|  |TAMS 0x00000000d8100000, 0x00000000d8100000| Untracked 
| 112|0x00000000d8200000, 0x00000000d8200000, 0x00000000d8300000|  0%| F|  |TAMS 0x00000000d8200000, 0x00000000d8200000| Untracked 
| 113|0x00000000d8300000, 0x00000000d8300000, 0x00000000d8400000|  0%| F|  |TAMS 0x00000000d8300000, 0x00000000d8300000| Untracked 
| 114|0x00000000d8400000, 0x00000000d8400000, 0x00000000d8500000|  0%| F|  |TAMS 0x00000000d8400000, 0x00000000d8400000| Untracked 
| 115|0x00000000d8500000, 0x00000000d8500000, 0x00000000d8600000|  0%| F|  |TAMS 0x00000000d8500000, 0x00000000d8500000| Untracked 
| 116|0x00000000d8600000, 0x00000000d8600000, 0x00000000d8700000|  0%| F|  |TAMS 0x00000000d8600000, 0x00000000d8600000| Untracked 
| 117|0x00000000d8700000, 0x00000000d8700000, 0x00000000d8800000|  0%| F|  |TAMS 0x00000000d8700000, 0x00000000d8700000| Untracked 
| 118|0x00000000d8800000, 0x00000000d8800000, 0x00000000d8900000|  0%| F|  |TAMS 0x00000000d8800000, 0x00000000d8800000| Untracked 
| 119|0x00000000d8900000, 0x00000000d8900000, 0x00000000d8a00000|  0%| F|  |TAMS 0x00000000d8900000, 0x00000000d8900000| Untracked 
| 120|0x00000000d8a00000, 0x00000000d8a41630, 0x00000000d8b00000| 25%| E|  |TAMS 0x00000000d8a00000, 0x00000000d8a00000| Complete 
| 121|0x00000000d8b00000, 0x00000000d8c00000, 0x00000000d8c00000|100%| E|CS|TAMS 0x00000000d8b00000, 0x00000000d8b00000| Complete 
| 122|0x00000000d8c00000, 0x00000000d8d00000, 0x00000000d8d00000|100%| E|CS|TAMS 0x00000000d8c00000, 0x00000000d8c00000| Complete 
| 123|0x00000000d8d00000, 0x00000000d8e00000, 0x00000000d8e00000|100%| E|CS|TAMS 0x00000000d8d00000, 0x00000000d8d00000| Complete 
| 124|0x00000000d8e00000, 0x00000000d8f00000, 0x00000000d8f00000|100%| E|CS|TAMS 0x00000000d8e00000, 0x00000000d8e00000| Complete 
| 125|0x00000000d8f00000, 0x00000000d9000000, 0x00000000d9000000|100%| E|CS|TAMS 0x00000000d8f00000, 0x00000000d8f00000| Complete 
| 126|0x00000000d9000000, 0x00000000d9100000, 0x00000000d9100000|100%| E|CS|TAMS 0x00000000d9000000, 0x00000000d9000000| Complete 
| 127|0x00000000d9100000, 0x00000000d9200000, 0x00000000d9200000|100%| E|CS|TAMS 0x00000000d9100000, 0x00000000d9100000| Complete 

Card table byte_map: [0x000001b3bd7b0000,0x000001b3bd930000] _byte_map_base: 0x000001b3bd127000

Marking Bits (Prev, Next): (CMBitMap*) 0x000001b3bd446e50, (CMBitMap*) 0x000001b3bd446e90
 Prev Bits: [0x000001b3bdab0000, 0x000001b3be668000)
 Next Bits: [0x000001b3be670000, 0x000001b3bf228000)

Polling page: 0x000001b3aa3c0000

Metaspace:

Usage:
  Non-class:     22.28 MB used.
      Class:      2.47 MB used.
       Both:     24.75 MB used.

Virtual space:
  Non-class space:       24.00 MB reserved,      22.56 MB ( 94%) committed,  3 nodes.
      Class space:        1.00 GB reserved,       2.62 MB ( <1%) committed,  1 nodes.
             Both:        1.02 GB reserved,      25.19 MB (  2%) committed. 

Chunk freelists:
   Non-Class:  1.16 MB
       Class:  1.48 MB
        Both:  2.63 MB

MaxMetaspaceSize: unlimited
CompressedClassSpaceSize: 1.00 GB
Initial GC threshold: 21.00 MB
Current GC threshold: 41.56 MB
CDS: off
MetaspaceReclaimPolicy: balanced
 - commit_granule_bytes: 65536.
 - commit_granule_words: 8192.
 - virtual_space_node_default_size: 1048576.
 - enlarge_chunks_in_place: 1.
 - new_chunks_are_fully_committed: 0.
 - uncommit_free_chunks: 1.
 - use_allocation_guard: 0.
 - handle_deallocations: 1.


Internal statistics:

num_allocs_failed_limit: 3.
num_arena_births: 338.
num_arena_deaths: 166.
num_vsnodes_births: 4.
num_vsnodes_deaths: 0.
num_space_committed: 403.
num_space_uncommitted: 0.
num_chunks_returned_to_freelist: 233.
num_chunks_taken_from_freelist: 715.
num_chunk_merges: 82.
num_chunk_splits: 404.
num_chunks_enlarged: 193.
num_purges: 4.
num_inconsistent_stats: 0.

CodeHeap 'non-profiled nmethods': size=120000Kb used=2560Kb max_used=2560Kb free=117439Kb
 bounds [0x000001b3b5df0000, 0x000001b3b6080000, 0x000001b3bd320000]
CodeHeap 'profiled nmethods': size=120000Kb used=7406Kb max_used=7406Kb free=112594Kb
 bounds [0x000001b3ae8c0000, 0x000001b3af000000, 0x000001b3b5df0000]
CodeHeap 'non-nmethods': size=5760Kb used=1291Kb max_used=1382Kb free=4468Kb
 bounds [0x000001b3ae320000, 0x000001b3ae590000, 0x000001b3ae8c0000]
 total_blobs=4194 nmethods=3586 adapters=520
 compilation: enabled
              stopped_count=0, restarted_count=0
 full_count=0

Compilation events (20 events):
Event: 321988.445 Thread 0x000001b3c2496570 3583       3       java.lang.invoke.MethodHandles$Lookup::makeHiddenClassDefiner (42 bytes)
Event: 321988.474 Thread 0x000001b3c2496570 nmethod 3583 0x000001b3aeff5210 code [0x000001b3aeff54e0, 0x000001b3aeff6418]
Event: 321988.783 Thread 0x000001b3c2496570 3584       3       java.lang.invoke.MethodHandles$Lookup$ClassFile::<init> (20 bytes)
Event: 321988.783 Thread 0x000001b3c2496570 nmethod 3584 0x000001b3aeff6990 code [0x000001b3aeff6b40, 0x000001b3aeff6d78]
Event: 321988.783 Thread 0x000001b3c2496570 3585       3       java.lang.invoke.MethodHandles$Lookup$ClassDefiner::defineClass (97 bytes)
Event: 321988.784 Thread 0x000001b3c2496570 nmethod 3585 0x000001b3aeff6e10 code [0x000001b3aeff70c0, 0x000001b3aeff7f58]
Event: 321988.784 Thread 0x000001b3c2496570 3586       3       java.lang.System$2::defineClass (21 bytes)
Event: 321988.784 Thread 0x000001b3c2496570 nmethod 3586 0x000001b3aeff8510 code [0x000001b3aeff86c0, 0x000001b3aeff8848]
Event: 321988.784 Thread 0x000001b3c2496570 3587       3       java.lang.invoke.InvokerBytecodeGenerator::storeInsnOpcode (98 bytes)
Event: 321988.785 Thread 0x000001b3c2496570 nmethod 3587 0x000001b3aeff8910 code [0x000001b3aeff8b80, 0x000001b3aeff9578]
Event: 321988.785 Thread 0x000001b3c2496570 3588       1       java.lang.invoke.ClassSpecializer$SpeciesData::getterFunctions (5 bytes)
Event: 321988.785 Thread 0x000001b3c2496570 nmethod 3588 0x000001b3b6070010 code [0x000001b3b60701a0, 0x000001b3b6070278]
Event: 321988.791 Thread 0x000001b3c2496570 3589   !   3       java.lang.invoke.MethodHandle::setVarargs (25 bytes)
Event: 321988.792 Thread 0x000001b3c2496570 nmethod 3589 0x000001b3aeff9890 code [0x000001b3aeff9aa0, 0x000001b3aeffa158]
Event: 321988.792 Thread 0x000001b3c2496570 3590       3       java.lang.invoke.MemberName::isVarargs (23 bytes)
Event: 321988.792 Thread 0x000001b3c2496570 nmethod 3590 0x000001b3aeffa390 code [0x000001b3aeffa560, 0x000001b3aeffa9f8]
Event: 321988.801 Thread 0x000001b3c2496570 3591       3       java.lang.invoke.LambdaForm$MH/0x00000001000ca400::invoke (25 bytes)
Event: 321988.801 Thread 0x000001b3c2496570 nmethod 3591 0x000001b3aeffab90 code [0x000001b3aeffad60, 0x000001b3aeffb258]
Event: 321988.801 Thread 0x000001b3c2496570 3592       3       java.util.logging.LogManager::getProperty (9 bytes)
Event: 321988.802 Thread 0x000001b3c2496570 nmethod 3592 0x000001b3aeffb390 code [0x000001b3aeffb540, 0x000001b3aeffb708]

GC Heap History (20 events):
Event: 288002.255 GC heap before
{Heap before GC invocations=83 (full 79):
 garbage-first heap   total 131072K, used 11153K [0x00000000d1200000, 0x0000000100000000)
  region size 1024K, 6 young (6144K), 0 survivors (0K)
 Metaspace       used 25067K, committed 25600K, reserved 1073152K
  class space    used 2491K, committed 2688K, reserved 1048576K
}
Event: 288002.283 GC heap after
{Heap after GC invocations=84 (full 80):
 garbage-first heap   total 131072K, used 6031K [0x00000000d1200000, 0x0000000100000000)
  region size 1024K, 0 young (0K), 0 survivors (0K)
 Metaspace       used 25063K, committed 25600K, reserved 1073152K
  class space    used 2490K, committed 2688K, reserved 1048576K
}
Event: 291602.284 GC heap before
{Heap before GC invocations=84 (full 80):
 garbage-first heap   total 131072K, used 12175K [0x00000000d1200000, 0x0000000100000000)
  region size 1024K, 7 young (7168K), 0 survivors (0K)
 Metaspace       used 25067K, committed 25600K, reserved 1073152K
  class space    used 2491K, committed 2688K, reserved 1048576K
}
Event: 291602.299 GC heap after
{Heap after GC invocations=85 (full 81):
 garbage-first heap   total 131072K, used 6038K [0x00000000d1200000, 0x0000000100000000)
  region size 1024K, 0 young (0K), 0 survivors (0K)
 Metaspace       used 25067K, committed 25600K, reserved 1073152K
  class space    used 2491K, committed 2688K, reserved 1048576K
}
Event: 295202.300 GC heap before
{Heap before GC invocations=85 (full 81):
 garbage-first heap   total 131072K, used 12182K [0x00000000d1200000, 0x0000000100000000)
  region size 1024K, 7 young (7168K), 0 survivors (0K)
 Metaspace       used 25067K, committed 25600K, reserved 1073152K
  class space    used 2491K, committed 2688K, reserved 1048576K
}
Event: 295202.313 GC heap after
{Heap after GC invocations=86 (full 82):
 garbage-first heap   total 131072K, used 6034K [0x00000000d1200000, 0x0000000100000000)
  region size 1024K, 0 young (0K), 0 survivors (0K)
 Metaspace       used 25067K, committed 25600K, reserved 1073152K
  class space    used 2491K, committed 2688K, reserved 1048576K
}
Event: 298802.314 GC heap before
{Heap before GC invocations=86 (full 82):
 garbage-first heap   total 131072K, used 12178K [0x00000000d1200000, 0x0000000100000000)
  region size 1024K, 7 young (7168K), 0 survivors (0K)
 Metaspace       used 25067K, committed 25600K, reserved 1073152K
  class space    used 2491K, committed 2688K, reserved 1048576K
}
Event: 298802.327 GC heap after
{Heap after GC invocations=87 (full 83):
 garbage-first heap   total 131072K, used 6034K [0x00000000d1200000, 0x0000000100000000)
  region size 1024K, 0 young (0K), 0 survivors (0K)
 Metaspace       used 25067K, committed 25600K, reserved 1073152K
  class space    used 2491K, committed 2688K, reserved 1048576K
}
Event: 302402.328 GC heap before
{Heap before GC invocations=87 (full 83):
 garbage-first heap   total 131072K, used 12178K [0x00000000d1200000, 0x0000000100000000)
  region size 1024K, 7 young (7168K), 0 survivors (0K)
 Metaspace       used 25072K, committed 25600K, reserved 1073152K
  class space    used 2491K, committed 2688K, reserved 1048576K
}
Event: 302402.341 GC heap after
{Heap after GC invocations=88 (full 84):
 garbage-first heap   total 131072K, used 6034K [0x00000000d1200000, 0x0000000100000000)
  region size 1024K, 0 young (0K), 0 survivors (0K)
 Metaspace       used 25072K, committed 25600K, reserved 1073152K
  class space    used 2491K, committed 2688K, reserved 1048576K
}
Event: 306002.342 GC heap before
{Heap before GC invocations=88 (full 84):
 garbage-first heap   total 131072K, used 12178K [0x00000000d1200000, 0x0000000100000000)
  region size 1024K, 7 young (7168K), 0 survivors (0K)
 Metaspace       used 25072K, committed 25600K, reserved 1073152K
  class space    used 2491K, committed 2688K, reserved 1048576K
}
Event: 306002.357 GC heap after
{Heap after GC invocations=89 (full 85):
 garbage-first heap   total 131072K, used 6034K [0x00000000d1200000, 0x0000000100000000)
  region size 1024K, 0 young (0K), 0 survivors (0K)
 Metaspace       used 25072K, committed 25600K, reserved 1073152K
  class space    used 2491K, committed 2688K, reserved 1048576K
}
Event: 309602.357 GC heap before
{Heap before GC invocations=89 (full 85):
 garbage-first heap   total 131072K, used 12178K [0x00000000d1200000, 0x0000000100000000)
  region size 1024K, 7 young (7168K), 0 survivors (0K)
 Metaspace       used 25072K, committed 25600K, reserved 1073152K
  class space    used 2491K, committed 2688K, reserved 1048576K
}
Event: 309602.367 GC heap after
{Heap after GC invocations=90 (full 86):
 garbage-first heap   total 131072K, used 6034K [0x00000000d1200000, 0x0000000100000000)
  region size 1024K, 0 young (0K), 0 survivors (0K)
 Metaspace       used 25072K, committed 25600K, reserved 1073152K
  class space    used 2491K, committed 2688K, reserved 1048576K
}
Event: 313202.368 GC heap before
{Heap before GC invocations=90 (full 86):
 garbage-first heap   total 131072K, used 13202K [0x00000000d1200000, 0x0000000100000000)
  region size 1024K, 8 young (8192K), 0 survivors (0K)
 Metaspace       used 25072K, committed 25600K, reserved 1073152K
  class space    used 2491K, committed 2688K, reserved 1048576K
}
Event: 313202.382 GC heap after
{Heap after GC invocations=91 (full 87):
 garbage-first heap   total 131072K, used 6034K [0x00000000d1200000, 0x0000000100000000)
  region size 1024K, 0 young (0K), 0 survivors (0K)
 Metaspace       used 25072K, committed 25600K, reserved 1073152K
  class space    used 2491K, committed 2688K, reserved 1048576K
}
Event: 316802.383 GC heap before
{Heap before GC invocations=91 (full 87):
 garbage-first heap   total 131072K, used 20370K [0x00000000d1200000, 0x0000000100000000)
  region size 1024K, 15 young (15360K), 0 survivors (0K)
 Metaspace       used 25084K, committed 25600K, reserved 1073152K
  class space    used 2491K, committed 2688K, reserved 1048576K
}
Event: 316802.397 GC heap after
{Heap after GC invocations=92 (full 88):
 garbage-first heap   total 131072K, used 6035K [0x00000000d1200000, 0x0000000100000000)
  region size 1024K, 0 young (0K), 0 survivors (0K)
 Metaspace       used 25084K, committed 25600K, reserved 1073152K
  class space    used 2491K, committed 2688K, reserved 1048576K
}
Event: 320402.398 GC heap before
{Heap before GC invocations=92 (full 88):
 garbage-first heap   total 131072K, used 22419K [0x00000000d1200000, 0x0000000100000000)
  region size 1024K, 17 young (17408K), 0 survivors (0K)
 Metaspace       used 25084K, committed 25600K, reserved 1073152K
  class space    used 2491K, committed 2688K, reserved 1048576K
}
Event: 320402.410 GC heap after
{Heap after GC invocations=93 (full 89):
 garbage-first heap   total 131072K, used 6035K [0x00000000d1200000, 0x0000000100000000)
  region size 1024K, 0 young (0K), 0 survivors (0K)
 Metaspace       used 25084K, committed 25600K, reserved 1073152K
  class space    used 2491K, committed 2688K, reserved 1048576K
}

Deoptimization events (20 events):
Event: 277958.888 Thread 0x000001b3c3c18490 Uncommon trap: trap_request=0xffffff45 fr.pc=0x000001b3b5fa1418 relative=0x00000000000044f8
Event: 277958.888 Thread 0x000001b3c3c18490 Uncommon trap: reason=unstable_if action=reinterpret pc=0x000001b3b5fa1418 method=java.rmi.server.UID.<init>()V @ 46 c2
Event: 277958.888 Thread 0x000001b3c3c18490 DEOPT PACKING pc=0x000001b3b5fa1418 sp=0x0000004ffe4fe9d0
Event: 277958.888 Thread 0x000001b3c3c18490 DEOPT UNPACKING pc=0x000001b3ae3723a3 sp=0x0000004ffe4fe970 mode 2
Event: 290031.102 Thread 0x000001b3c3c18490 Uncommon trap: trap_request=0xffffff45 fr.pc=0x000001b3b5fe6158 relative=0x00000000000007f8
Event: 290031.102 Thread 0x000001b3c3c18490 Uncommon trap: reason=unstable_if action=reinterpret pc=0x000001b3b5fe6158 method=java.lang.ref.SoftReference.get()Ljava/lang/Object; @ 6 c2
Event: 290031.102 Thread 0x000001b3c3c18490 DEOPT PACKING pc=0x000001b3b5fe6158 sp=0x0000004ffe4fdf70
Event: 290031.102 Thread 0x000001b3c3c18490 DEOPT UNPACKING pc=0x000001b3ae3723a3 sp=0x0000004ffe4fdec0 mode 2
Event: 290031.103 Thread 0x000001b3c3c18490 Uncommon trap: trap_request=0xfffffff4 fr.pc=0x000001b3b602e074 relative=0x0000000000000af4
Event: 290031.103 Thread 0x000001b3c3c18490 Uncommon trap: reason=null_check action=make_not_entrant pc=0x000001b3b602e074 method=java.io.ObjectStreamClass.getReflector([Ljava/io/ObjectStreamField;Ljava/io/ObjectStreamClass;)Ljava/io/ObjectStreamClass$FieldReflector; @ 49 c2
Event: 290031.103 Thread 0x000001b3c3c18490 DEOPT PACKING pc=0x000001b3b602e074 sp=0x0000004ffe4fe1a0
Event: 290031.103 Thread 0x000001b3c3c18490 DEOPT UNPACKING pc=0x000001b3ae3723a3 sp=0x0000004ffe4fe178 mode 2
Event: 321988.451 Thread 0x000001b3c26d82b0 Uncommon trap: trap_request=0xffffff45 fr.pc=0x000001b3b5eea6ac relative=0x000000000000010c
Event: 321988.451 Thread 0x000001b3c26d82b0 Uncommon trap: reason=unstable_if action=reinterpret pc=0x000001b3b5eea6ac method=java.lang.ThreadLocal.get()Ljava/lang/Object; @ 11 c2
Event: 321988.451 Thread 0x000001b3c26d82b0 DEOPT PACKING pc=0x000001b3b5eea6ac sp=0x0000004ffddfe690
Event: 321988.451 Thread 0x000001b3c26d82b0 DEOPT UNPACKING pc=0x000001b3ae3723a3 sp=0x0000004ffddfe620 mode 2
Event: 321988.676 Thread 0x000001b3c26d82b0 Uncommon trap: trap_request=0xffffffde fr.pc=0x000001b3b6003cfc relative=0x00000000000001dc
Event: 321988.676 Thread 0x000001b3c26d82b0 Uncommon trap: reason=class_check action=maybe_recompile pc=0x000001b3b6003cfc method=java.util.Collections$SynchronizedMap.put(Ljava/lang/Object;Ljava/lang/Object;)Ljava/lang/Object; @ 13 c2
Event: 321988.676 Thread 0x000001b3c26d82b0 DEOPT PACKING pc=0x000001b3b6003cfc sp=0x0000004ffddfe2b0
Event: 321988.677 Thread 0x000001b3c26d82b0 DEOPT UNPACKING pc=0x000001b3ae3723a3 sp=0x0000004ffddfe270 mode 2

Classes unloaded (20 events):
Event: 7201.035 Thread 0x000001b3bd6216c0 Unloading class 0x0000000100140000 'java/lang/invoke/LambdaForm$DMH+0x0000000100140000'
Event: 7201.035 Thread 0x000001b3bd6216c0 Unloading class 0x00000001000ca800 'java/lang/invoke/LambdaForm$DMH+0x00000001000ca800'
Event: 7201.035 Thread 0x000001b3bd6216c0 Unloading class 0x00000001000c9400 'java/lang/invoke/LambdaForm$MH+0x00000001000c9400'
Event: 7201.035 Thread 0x000001b3bd6216c0 Unloading class 0x00000001000c9000 'java/lang/invoke/LambdaForm$MH+0x00000001000c9000'
Event: 7201.035 Thread 0x000001b3bd6216c0 Unloading class 0x00000001000c8800 'java/lang/invoke/LambdaForm$MH+0x00000001000c8800'
Event: 7201.035 Thread 0x000001b3bd6216c0 Unloading class 0x00000001000c8000 'java/lang/invoke/LambdaForm$MH+0x00000001000c8000'
Event: 7201.035 Thread 0x000001b3bd6216c0 Unloading class 0x00000001000c7c00 'java/lang/invoke/LambdaForm$MH+0x00000001000c7c00'
Event: 7201.035 Thread 0x000001b3bd6216c0 Unloading class 0x00000001000c7800 'java/lang/invoke/LambdaForm$MH+0x00000001000c7800'
Event: 7201.035 Thread 0x000001b3bd6216c0 Unloading class 0x00000001000c7400 'java/lang/invoke/LambdaForm$MH+0x00000001000c7400'
Event: 7201.035 Thread 0x000001b3bd6216c0 Unloading class 0x00000001000c7000 'java/lang/invoke/LambdaForm$MH+0x00000001000c7000'
Event: 7201.035 Thread 0x000001b3bd6216c0 Unloading class 0x00000001000c6c00 'java/lang/invoke/LambdaForm$MH+0x00000001000c6c00'
Event: 7201.035 Thread 0x000001b3bd6216c0 Unloading class 0x00000001000c6800 'java/lang/invoke/LambdaForm$MH+0x00000001000c6800'
Event: 7201.035 Thread 0x000001b3bd6216c0 Unloading class 0x00000001000c6400 'java/lang/invoke/LambdaForm$MH+0x00000001000c6400'
Event: 7201.035 Thread 0x000001b3bd6216c0 Unloading class 0x00000001000c5c00 'java/lang/invoke/LambdaForm$MH+0x00000001000c5c00'
Event: 7201.035 Thread 0x000001b3bd6216c0 Unloading class 0x00000001000c5400 'java/lang/invoke/LambdaForm$MH+0x00000001000c5400'
Event: 7201.035 Thread 0x000001b3bd6216c0 Unloading class 0x00000001000c5000 'java/lang/invoke/LambdaForm$MH+0x00000001000c5000'
Event: 7201.035 Thread 0x000001b3bd6216c0 Unloading class 0x00000001000c4800 'java/lang/invoke/LambdaForm$MH+0x00000001000c4800'
Event: 7201.035 Thread 0x000001b3bd6216c0 Unloading class 0x00000001000c4400 'java/lang/invoke/LambdaForm$MH+0x00000001000c4400'
Event: 7201.035 Thread 0x000001b3bd6216c0 Unloading class 0x00000001000c1c00 'java/lang/invoke/LambdaForm$MH+0x00000001000c1c00'
Event: 288002.261 Thread 0x000001b3bd6216c0 Unloading class 0x000000010014c000 'jdk/internal/reflect/GeneratedSerializationConstructorAccessor5'

Classes redefined (0 events):
No events

Internal exceptions (20 events):
Event: 0.503 Thread 0x000001b3c3c18490 Exception <a 'java/lang/NoSuchMethodError'{0x00000000d85a1768}: 'void java.lang.invoke.DirectMethodHandle$Holder.invokeStatic(java.lang.Object, java.lang.Object, java.lang.Object)'> (0x00000000d85a1768) 
thrown [s\src\hotspot\share\interpreter\linkResolver.cpp, line 771]
Event: 0.504 Thread 0x000001b3c3c18490 Exception <a 'java/lang/NoSuchMethodError'{0x00000000d85abb68}: 'java.lang.Object java.lang.invoke.DirectMethodHandle$Holder.invokeVirtual(java.lang.Object, java.lang.Object, java.lang.Object)'> (0x00000000d85abb68) 
thrown [s\src\hotspot\share\interpreter\linkResolver.cpp, line 771]
Event: 0.754 Thread 0x000001b3c3c18490 Exception <a 'java/lang/NoSuchMethodError'{0x00000000d81ce700}: 'void java.lang.invoke.DirectMethodHandle$Holder.invokeStaticInit(java.lang.Object, java.lang.Object)'> (0x00000000d81ce700) 
thrown [s\src\hotspot\share\interpreter\linkResolver.cpp, line 771]
Event: 0.800 Thread 0x000001b3c3c18490 Exception <a 'sun/nio/fs/WindowsException'{0x00000000d7f7c230}> (0x00000000d7f7c230) 
thrown [s\src\hotspot\share\prims\jni.cpp, line 517]
Event: 0.809 Thread 0x000001b3c3c18490 Exception <a 'java/lang/NoSuchMethodError'{0x00000000d7fa0760}: 'int java.lang.invoke.DirectMethodHandle$Holder.invokeStaticInit(java.lang.Object, java.lang.Object, java.lang.Object, java.lang.Object)'> (0x00000000d7fa0760) 
thrown [s\src\hotspot\share\interpreter\linkResolver.cpp, line 771]
Event: 0.810 Thread 0x000001b3c3c18490 Exception <a 'java/lang/IncompatibleClassChangeError'{0x00000000d7fa9c68}: Found class java.lang.Object, but interface was expected> (0x00000000d7fa9c68) 
thrown [s\src\hotspot\share\interpreter\linkResolver.cpp, line 838]
Event: 0.810 Thread 0x000001b3c3c18490 Exception <a 'java/lang/NoSuchMethodError'{0x00000000d7faf488}: 'int java.lang.invoke.DirectMethodHandle$Holder.invokeStaticInit(java.lang.Object, java.lang.Object)'> (0x00000000d7faf488) 
thrown [s\src\hotspot\share\interpreter\linkResolver.cpp, line 771]
Event: 1.258 Thread 0x000001b3c3c18490 Implicit null exception at 0x000001b3b5e2a2f5 to 0x000001b3b5e2aa44
Event: 1.258 Thread 0x000001b3c3c18490 Implicit null exception at 0x000001b3b5e20572 to 0x000001b3b5e20cac
Event: 1.895 Thread 0x000001b3c3c18490 Exception <a 'java/lang/NoSuchMethodError'{0x00000000d8aabfb8}: 'java.lang.Object java.lang.invoke.DirectMethodHandle$Holder.invokeSpecial(java.lang.Object, java.lang.Object, java.lang.Object, java.lang.Object, int)'> (0x00000000d8aabfb8) 
thrown [s\src\hotspot\share\interpreter\linkResolver.cpp, line 771]
Event: 1.895 Thread 0x000001b3c3c18490 Exception <a 'java/lang/NoSuchMethodError'{0x00000000d8aafb80}: 'java.lang.Object java.lang.invoke.Invokers$Holder.linkToTargetMethod(java.lang.Object, java.lang.Object, int, java.lang.Object)'> (0x00000000d8aafb80) 
thrown [s\src\hotspot\share\interpreter\linkResolver.cpp, line 771]
Event: 1.898 Thread 0x000001b3c3c18490 Exception <a 'java/lang/NoSuchMethodError'{0x00000000d8ad82c0}: static [Ljava/lang/StackTraceElement;.<clinit>()V> (0x00000000d8ad82c0) 
thrown [s\src\hotspot\share\prims\jni.cpp, line 1108]
Event: 2.205 Thread 0x000001b3c3c18490 Exception <a 'java/lang/NoSuchMethodError'{0x00000000d87f5090}: static Lcom/intellij/database/remote/jdbc/RemoteResultSet$DataRetrievingOptions;.<clinit>()V> (0x00000000d87f5090) 
thrown [s\src\hotspot\share\prims\jni.cpp, line 1108]
Event: 2.256 Thread 0x000001b3c3c18490 Exception <a 'java/lang/NoSuchMethodError'{0x00000000d8585148}: static [Ljava/lang/Object;.<clinit>()V> (0x00000000d8585148) 
thrown [s\src\hotspot\share\prims\jni.cpp, line 1108]
Event: 49.620 Thread 0x000001b3c3c18960 Implicit null exception at 0x000001b3b5f322b6 to 0x000001b3b5f325d8
Event: 49.652 Thread 0x000001b3c3c18490 Implicit null exception at 0x000001b3b5f3c056 to 0x000001b3b5f3c628
Event: 290031.102 Thread 0x000001b3c3c18490 Implicit null exception at 0x000001b3b5fe59c0 to 0x000001b3b5fe612c
Event: 290031.103 Thread 0x000001b3c3c18490 Implicit null exception at 0x000001b3b602db44 to 0x000001b3b602e04c
Event: 321988.451 Thread 0x000001b3c26d82b0 Implicit null exception at 0x000001b3b5eea5e0 to 0x000001b3b5eea698
Event: 321988.790 Thread 0x000001b3c26d82b0 Exception <a 'java/lang/NoSuchMethodError'{0x00000000d8f96418}: 'void java.lang.invoke.DirectMethodHandle$Holder.invokeStaticInit(java.lang.Object)'> (0x00000000d8f96418) 
thrown [s\src\hotspot\share\interpreter\linkResolver.cpp, line 771]

VM Operations (20 events):
Event: 309602.357 Executing VM operation: G1CollectFull
Event: 309602.367 Executing VM operation: G1CollectFull done
Event: 313202.368 Executing VM operation: G1CollectFull
Event: 313202.382 Executing VM operation: G1CollectFull done
Event: 314778.129 Executing VM operation: Cleanup
Event: 314778.130 Executing VM operation: Cleanup done
Event: 316802.383 Executing VM operation: G1CollectFull
Event: 316802.397 Executing VM operation: G1CollectFull done
Event: 318051.975 Executing VM operation: Cleanup
Event: 318051.975 Executing VM operation: Cleanup done
Event: 318352.130 Executing VM operation: Cleanup
Event: 318352.130 Executing VM operation: Cleanup done
Event: 320402.397 Executing VM operation: G1CollectFull
Event: 320402.410 Executing VM operation: G1CollectFull done
Event: 321474.919 Executing VM operation: Cleanup
Event: 321474.919 Executing VM operation: Cleanup done
Event: 321988.792 Executing VM operation: HandshakeAllThreads
Event: 321988.792 Executing VM operation: HandshakeAllThreads done
Event: 321988.792 Executing VM operation: Cleanup
Event: 321988.792 Executing VM operation: Cleanup done

Events (20 events):
Event: 321988.800 loading class java/awt/EventQueue$4 done
Event: 321988.800 loading class java/awt/MenuComponent
Event: 321988.800 loading class java/awt/MenuComponent done
Event: 321988.800 loading class java/awt/TrayIcon
Event: 321988.800 loading class java/awt/TrayIcon done
Event: 321988.800 loading class java/awt/event/InputMethodEvent
Event: 321988.800 loading class java/awt/event/InputMethodEvent done
Event: 321988.800 loading class java/awt/event/ActionEvent
Event: 321988.801 loading class java/awt/event/ActionEvent done
Event: 321988.801 loading class java/awt/GraphicsEnvironment$LocalGE
Event: 321988.801 loading class java/awt/GraphicsEnvironment$LocalGE done
Event: 321988.801 loading class sun/awt/SunDisplayChanger
Event: 321988.801 loading class sun/awt/SunDisplayChanger done
Event: 321988.802 loading class java/awt/GraphicsDevice
Event: 321988.802 loading class java/awt/GraphicsDevice done
Event: 321988.802 loading class sun/java2d/d3d/D3DGraphicsDevice
Event: 321988.848 loading class sun/awt/Win32GraphicsDevice
Event: 321988.857 loading class sun/awt/Win32GraphicsDevice done
Event: 321988.857 loading class sun/java2d/d3d/D3DGraphicsDevice done
Event: 321989.176 loading class sun/java2d/d3d/D3DRenderQueue


Dynamic libraries:
0x00007ff6bb370000 - 0x00007ff6bb37a000 	D:\DataSoft\JetBox\apps\datagrip\ch-0\222.4167.25\jbr\bin\java.exe
0x00007ffc0de70000 - 0x00007ffc0e068000 	C:\WINDOWS\SYSTEM32\ntdll.dll
0x00007ffc0d490000 - 0x00007ffc0d54f000 	C:\WINDOWS\System32\KERNEL32.DLL
0x00007ffc0b850000 - 0x00007ffc0bb46000 	C:\WINDOWS\System32\KERNELBASE.dll
0x00007ffc0b750000 - 0x00007ffc0b850000 	C:\WINDOWS\System32\ucrtbase.dll
0x00007ffc07da0000 - 0x00007ffc07dbb000 	D:\DataSoft\JetBox\apps\datagrip\ch-0\222.4167.25\jbr\bin\VCRUNTIME140.dll
0x00007ffc07d80000 - 0x00007ffc07d97000 	D:\DataSoft\JetBox\apps\datagrip\ch-0\222.4167.25\jbr\bin\jli.dll
0x00007ffc0d830000 - 0x00007ffc0d9cd000 	C:\WINDOWS\System32\USER32.dll
0x00007ffc0b720000 - 0x00007ffc0b742000 	C:\WINDOWS\System32\win32u.dll
0x00007ffbfe4b0000 - 0x00007ffbfe74a000 	C:\WINDOWS\WinSxS\amd64_microsoft.windows.common-controls_6595b64144ccf1df_6.0.19041.1110_none_60b5254171f9507e\COMCTL32.dll
0x00007ffc0d670000 - 0x00007ffc0d69c000 	C:\WINDOWS\System32\GDI32.dll
0x00007ffc0b600000 - 0x00007ffc0b715000 	C:\WINDOWS\System32\gdi32full.dll
0x00007ffc0da30000 - 0x00007ffc0dace000 	C:\WINDOWS\System32\msvcrt.dll
0x00007ffc0be30000 - 0x00007ffc0becd000 	C:\WINDOWS\System32\msvcp_win.dll
0x00007ffc0d380000 - 0x00007ffc0d3b0000 	C:\WINDOWS\System32\IMM32.DLL
0x00007ffc0b280000 - 0x00007ffc0b2ef000 	C:\WINDOWS\LVUAAgentInstBaseRoot\system32\Vozokopot.dll
0x00007ffc07d50000 - 0x00007ffc07d5c000 	D:\DataSoft\JetBox\apps\datagrip\ch-0\222.4167.25\jbr\bin\vcruntime140_1.dll
0x00007ffbe1b70000 - 0x00007ffbe1bfd000 	D:\DataSoft\JetBox\apps\datagrip\ch-0\222.4167.25\jbr\bin\msvcp140.dll
0x00007ffb90890000 - 0x00007ffb914f9000 	D:\DataSoft\JetBox\apps\datagrip\ch-0\222.4167.25\jbr\bin\server\jvm.dll
0x00007ffc0d2d0000 - 0x00007ffc0d37f000 	C:\WINDOWS\System32\ADVAPI32.dll
0x00007ffc0c870000 - 0x00007ffc0c90c000 	C:\WINDOWS\System32\sechost.dll
0x00007ffc0c910000 - 0x00007ffc0ca36000 	C:\WINDOWS\System32\RPCRT4.dll
0x00007ffc0c860000 - 0x00007ffc0c868000 	C:\WINDOWS\System32\PSAPI.DLL
0x00007ffbf6420000 - 0x00007ffbf6447000 	C:\WINDOWS\SYSTEM32\WINMM.dll
0x00007ffbf5c70000 - 0x00007ffbf5c79000 	C:\WINDOWS\SYSTEM32\WSOCK32.dll
0x00007ffc061d0000 - 0x00007ffc061da000 	C:\WINDOWS\SYSTEM32\VERSION.dll
0x00007ffc0d000000 - 0x00007ffc0d06b000 	C:\WINDOWS\System32\WS2_32.dll
0x00007ffbfe130000 - 0x00007ffbfe4a8000 	C:\WINDOWS\LVUAAgentInstBaseRoot\system32\MozartBreathCore.dll
0x00007ffc0c780000 - 0x00007ffc0c85a000 	C:\WINDOWS\System32\COMDLG32.dll
0x00007ffc0dad0000 - 0x00007ffc0de24000 	C:\WINDOWS\System32\combase.dll
0x00007ffc0bf80000 - 0x00007ffc0c02d000 	C:\WINDOWS\System32\shcore.dll
0x00007ffc08ac0000 - 0x00007ffc08ad4000 	C:\WINDOWS\SYSTEM32\WTSAPI32.dll
0x00007ffc0a920000 - 0x00007ffc0a95c000 	C:\WINDOWS\SYSTEM32\IPHLPAPI.DLL
0x00007ffc0d6a0000 - 0x00007ffc0d6f5000 	C:\WINDOWS\System32\SHLWAPI.dll
0x00007ffbfc7b0000 - 0x00007ffbfc7cd000 	C:\WINDOWS\SYSTEM32\MPR.dll
0x00007ffc0c030000 - 0x00007ffc0c774000 	C:\WINDOWS\System32\SHELL32.dll
0x00007ffc0a960000 - 0x00007ffc0aa2b000 	C:\WINDOWS\SYSTEM32\DNSAPI.dll
0x00007ffc0d700000 - 0x00007ffc0d82a000 	C:\WINDOWS\System32\ole32.dll
0x00007ffc0ca40000 - 0x00007ffc0cb0d000 	C:\WINDOWS\System32\OLEAUT32.dll
0x00007ffbfe090000 - 0x00007ffbfe128000 	C:\WINDOWS\SYSTEM32\WINSPOOL.DRV
0x00007ffc0d2c0000 - 0x00007ffc0d2c8000 	C:\WINDOWS\System32\NSI.dll
0x00007ffc09330000 - 0x00007ffc09342000 	C:\WINDOWS\SYSTEM32\kernel.appcore.dll
0x00007ffbf59f0000 - 0x00007ffbf5a0f000 	C:\WINDOWS\LVUAAgentInstBaseRoot\system32\MozartBreathOM.dll
0x00007ffbf5310000 - 0x00007ffbf5337000 	C:\WINDOWS\LVUAAgentInstBaseRoot\system32\MozartBreathFw.dll
0x00007ffbf5130000 - 0x00007ffbf519d000 	C:\WINDOWS\LVUAAgentInstBaseRoot\system32\MozartBreathFile.dll
0x00007ffbf4010000 - 0x00007ffbf413d000 	C:\WINDOWS\LVUAAgentInstBaseRoot\system32\MozartBreathProcess.dll
0x00007ffbf3ad0000 - 0x00007ffbf3b47000 	C:\WINDOWS\LVUAAgentInstBaseRoot\system32\MozartBreathBolo2.dll
0x00007ffbf3790000 - 0x00007ffbf37bb000 	C:\WINDOWS\LVUAAgentInstBaseRoot\system32\MozartBreathProtect.dll
0x00007ffc04f40000 - 0x00007ffc04f4a000 	D:\DataSoft\JetBox\apps\datagrip\ch-0\222.4167.25\jbr\bin\jimage.dll
0x00007ffbf9d40000 - 0x00007ffbf9f24000 	C:\WINDOWS\SYSTEM32\DBGHELP.DLL
0x00007ffbf8cb0000 - 0x00007ffbf8ce4000 	C:\WINDOWS\SYSTEM32\dbgcore.DLL
0x00007ffc0bd30000 - 0x00007ffc0bdb2000 	C:\WINDOWS\System32\bcryptPrimitives.dll
0x00007ffbcd570000 - 0x00007ffbcd595000 	D:\DataSoft\JetBox\apps\datagrip\ch-0\222.4167.25\jbr\bin\java.dll
0x00007ffbf88a0000 - 0x00007ffbf88b8000 	D:\DataSoft\JetBox\apps\datagrip\ch-0\222.4167.25\jbr\bin\zip.dll
0x00007ffc09530000 - 0x00007ffc09cc3000 	C:\WINDOWS\SYSTEM32\windows.storage.dll
0x00007ffc0aed0000 - 0x00007ffc0aefe000 	C:\WINDOWS\System32\Wldp.dll
0x00007ffc0b490000 - 0x00007ffc0b4af000 	C:\WINDOWS\SYSTEM32\profapi.dll
0x00007ffbdcf90000 - 0x00007ffbdcfa9000 	D:\DataSoft\JetBox\apps\datagrip\ch-0\222.4167.25\jbr\bin\net.dll
0x00007ffc06280000 - 0x00007ffc0638a000 	C:\WINDOWS\SYSTEM32\WINHTTP.dll
0x00007ffc0ac30000 - 0x00007ffc0ac9a000 	C:\WINDOWS\system32\mswsock.dll
0x00007ffbd03c0000 - 0x00007ffbd03d6000 	D:\DataSoft\JetBox\apps\datagrip\ch-0\222.4167.25\jbr\bin\nio.dll
0x00007ffb937c0000 - 0x00007ffb93953000 	D:\DataSoft\JetBox\apps\datagrip\ch-0\222.4167.25\jbr\bin\awt.dll
0x00007ffc09150000 - 0x00007ffc0917f000 	C:\WINDOWS\SYSTEM32\dwmapi.dll
0x00007ffc08a20000 - 0x00007ffc08ab1000 	C:\WINDOWS\SYSTEM32\apphelp.dll
0x00007ffc08e60000 - 0x00007ffc08efe000 	C:\WINDOWS\system32\uxtheme.dll
0x00007ffbd7e80000 - 0x00007ffbd7f59000 	c:\Program Files\HP\HP ProtectTools Security Manager\Bin\DpoFeedb.dll
0x00007ffc0b410000 - 0x00007ffc0b43e000 	C:\WINDOWS\SYSTEM32\USERENV.dll
0x00007ffc0d550000 - 0x00007ffc0d664000 	C:\WINDOWS\System32\MSCTF.dll
0x0000000180000000 - 0x0000000180044000 	C:\WINDOWS\LVUAAgentInstBaseRoot\system32\OverlordSpear.dll
0x00007ffc06a70000 - 0x00007ffc06a87000 	C:\WINDOWS\SYSTEM32\dhcpcsvc6.DLL
0x00007ffc06a50000 - 0x00007ffc06a6d000 	C:\WINDOWS\SYSTEM32\dhcpcsvc.DLL
0x00007ffc0ae20000 - 0x00007ffc0ae38000 	C:\WINDOWS\SYSTEM32\CRYPTSP.dll
0x00007ffc0a550000 - 0x00007ffc0a584000 	C:\WINDOWS\system32\rsaenh.dll
0x00007ffc0bba0000 - 0x00007ffc0bbc7000 	C:\WINDOWS\System32\bcrypt.dll
0x00007ffc0ae40000 - 0x00007ffc0ae4c000 	C:\WINDOWS\SYSTEM32\CRYPTBASE.dll
0x00007ffc05210000 - 0x00007ffc05217000 	D:\DataSoft\JetBox\apps\datagrip\ch-0\222.4167.25\jbr\bin\rmi.dll
0x00007ffc04f30000 - 0x00007ffc04f40000 	D:\DataSoft\JetBox\apps\datagrip\ch-0\222.4167.25\jbr\bin\verify.dll
0x00007ffc05530000 - 0x00007ffc0553a000 	C:\Windows\System32\rasadhlp.dll
0x00007ffc06ad0000 - 0x00007ffc06b52000 	C:\WINDOWS\System32\fwpuclnt.dll
0x00007ffbdace0000 - 0x00007ffbdaced000 	D:\DataSoft\JetBox\apps\datagrip\ch-0\222.4167.25\jbr\bin\sunmscapi.dll
0x00007ffc0bbd0000 - 0x00007ffc0bd2e000 	C:\WINDOWS\System32\CRYPT32.dll
0x00007ffc0af40000 - 0x00007ffc0af68000 	C:\WINDOWS\SYSTEM32\ncrypt.dll
0x00007ffc0af00000 - 0x00007ffc0af3b000 	C:\WINDOWS\SYSTEM32\NTASN1.dll
0x00007ffbfc230000 - 0x00007ffbfc2dc000 	C:\WINDOWS\SYSTEM32\TextShaping.dll

dbghelp: loaded successfully - version: 4.0.5 - missing functions: none
symbol engine: initialized successfully - sym options: 0x614 - pdb path: .;D:\DataSoft\JetBox\apps\datagrip\ch-0\222.4167.25\jbr\bin;C:\WINDOWS\SYSTEM32;C:\WINDOWS\WinSxS\amd64_microsoft.windows.common-controls_6595b64144ccf1df_6.0.19041.1110_none_60b5254171f9507e;C:\WINDOWS\LVUAAgentInstBaseRoot\system32;D:\DataSoft\JetBox\apps\datagrip\ch-0\222.4167.25\jbr\bin\server;c:\Program Files\HP\HP ProtectTools Security Manager\Bin

VM Arguments:
jvm_args: -Dawt.toolkit=com.intellij.desktop.DesktopActionsToolkit -Djava.rmi.server.hostname=127.0.0.1 -Duser.timezone=UTC -Xmx750m -Xms128m --add-exports=java.desktop/sun.awt=ALL-UNNAMED --add-exports=java.desktop/java.awt.peer=ALL-UNNAMED --add-opens=java.desktop/java.awt=ALL-UNNAMED --add-opens=jdk.unsupported/sun.misc=ALL-UNNAMED --add-opens=java.base/java.nio=ALL-UNNAMED -Dfile.encoding=UTF-8 
java_command: com.intellij.database.remote.RemoteJdbcServer com.mysql.cj.jdbc.Driver
java_class_path (initial): D:\DataSoft\JetBox\apps\datagrip\ch-0\222.4167.25\lib\util_rt.jar;D:\DataSoft\JetBox\apps\datagrip\ch-0\222.4167.25\lib\util.jar;D:\DataSoft\JetBox\apps\datagrip\ch-0\222.4167.25\lib\groovy.jar;D:\DataSoft\JetBox\apps\datagrip\ch-0\222.4167.25\plugins\DatabaseTools\lib\jdbc-console.jar;C:\Users\DMC8612144\AppData\Roaming\JetBrains\DataGrip2022.2\jdbc-drivers\MySQL ConnectorJ\8.0.25\mysql-connector-java-8.0.25.jar
Launcher Type: SUN_STANDARD

[Global flags]
     intx CICompilerCount                          = 3                                         {product} {ergonomic}
     uint ConcGCThreads                            = 2                                         {product} {ergonomic}
     uint G1ConcRefinementThreads                  = 6                                         {product} {ergonomic}
   size_t G1HeapRegionSize                         = 1048576                                   {product} {ergonomic}
    uintx GCDrainStackTargetSize                   = 64                                        {product} {ergonomic}
   size_t InitialHeapSize                          = 134217728                                 {product} {command line}
   size_t MarkStackSize                            = 4194304                                   {product} {ergonomic}
   size_t MaxHeapSize                              = 786432000                                 {product} {command line}
   size_t MaxNewSize                               = 471859200                                 {product} {ergonomic}
   size_t MinHeapDeltaBytes                        = 1048576                                   {product} {ergonomic}
   size_t MinHeapSize                              = 134217728                                 {product} {command line}
    uintx NonNMethodCodeHeapSize                   = 5832780                                {pd product} {ergonomic}
    uintx NonProfiledCodeHeapSize                  = 122912730                              {pd product} {ergonomic}
    uintx ProfiledCodeHeapSize                     = 122912730                              {pd product} {ergonomic}
    uintx ReservedCodeCacheSize                    = 251658240                              {pd product} {ergonomic}
     bool SegmentedCodeCache                       = true                                      {product} {ergonomic}
   size_t SoftMaxHeapSize                          = 786432000                              {manageable} {ergonomic}
     bool UseCompressedClassPointers               = true                           {product lp64_product} {ergonomic}
     bool UseCompressedOops                        = true                           {product lp64_product} {ergonomic}
     bool UseG1GC                                  = true                                      {product} {ergonomic}
     bool UseLargePagesIndividualAllocation        = false                                  {pd product} {ergonomic}

Logging:
Log output configuration:
 #0: stdout all=warning uptime,level,tags
 #1: stderr all=off uptime,level,tags

Environment Variables:
JAVA_HOME=D:\Program Files (x86)\Java\jdk1.8.0_181
PATH=C:\Program Files\Microsoft\jdk-11.0.16.101-hotspot\bin;C:\Program Files (x86)\Common Files\Oracle\Java\javapath;C:\WINDOWS\system32;C:\WINDOWS;C:\WINDOWS\System32\Wbem;C:\WINDOWS\System32\WindowsPowerShell\v1.0\;C:\WINDOWS\System32\OpenSSH\;D:\Program Files (x86)\Java\jdk1.8.0_181\bin;D:\Program Files (x86)\Java\jdk1.8.0_181\jre\bin;C:\Program Files (x86)\Microsoft SQL Server\150\DTS\Binn\;C:\Program Files\Microsoft SQL Server\130\Tools\Binn\;D:\Program Files\Git\cmd;D:\Program Files\TortoiseGit\bin;D:\Program Files\apache-maven-3.8.1\bin\;C:\Program Files\MySQL\MySQL Server 5.7\bin;D:\DataSoft\scala\bin;D:\DataSoft\scala\bin;D:\DataSoft\scala\jre\bin;C:\Program Files (x86)\Intel\Intel(R) Management Engine Components\DAL;C:\Program Files\Intel\Intel(R) Management Engine Components\DAL;E:\LinuxOS\Xftp\;D:\DataSoft\python;D:\DataSoft\python\Lib;D:\DataSoft\python\Scripts;C:\Program Files\Microsoft SQL Server\150\Tools\Binn\;C:\Program Files\Microsoft SQL Server\Client SDK\ODBC\170\Tools\Binn\;C:\Program Files\dotnet\;D:\Program Files (x86)\IncrediBuild;D:\Program Files\Visual Studio\VC\Tools\MSVC\14.35.32215\bin\Hostx64\x64;E:\LinuxOS\Xshell\;C:\Users\DMC8612144\AppData\Local\Microsoft\WindowsApps;
USERNAME=DMC8612144
OS=Windows_NT
PROCESSOR_IDENTIFIER=Intel64 Family 6 Model 158 Stepping 10, GenuineIntel
TMP=C:\Users\DMC861~1\AppData\Local\Temp
TEMP=C:\Users\DMC861~1\AppData\Local\Temp



---------------  S Y S T E M  ---------------

OS:
 Windows 10 , 64 bit Build 19041 (10.0.19041.2913)
OS uptime: 4 days 1:31 hours

CPU: total 6 (initial active 6) (6 cores per cpu, 1 threads per core) family 6 model 158 stepping 10 microcode 0xb4, cx8, cmov, fxsr, mmx, 3dnowpref, sse, sse2, sse3, ssse3, sse4.1, sse4.2, popcnt, lzcnt, tsc, tscinvbit, avx, avx2, aes, erms, clmul, bmi1, bmi2, rtm, adx, fma, vzeroupper, clflush, clflushopt

Memory: 4k page, system-wide physical 16227M (3709M free)
TotalPageFile size 20323M (AvailPageFile size 103M)
current process WorkingSet (physical memory assigned to process): 77M, peak: 169M
current process commit charge ("private bytes"): 250M, peak: 274M

vm_info: OpenJDK 64-Bit Server VM (17.0.4+7-b469.53) for windows-amd64 JRE (17.0.4+7-b469.53), built on 2022-08-29 by "builduser" with MS VC++ 16.10 / 16.11 (VS2019)

END.
