#
# There is insufficient memory for the Java Runtime Environment to continue.
# Native memory allocation (malloc) failed to allocate 32744 bytes for ChunkPool::allocate
# Possible reasons:
#   The system is out of physical RAM or swap space
#   The process is running with CompressedOops enabled, and the Java Heap may be blocking the growth of the native heap
# Possible solutions:
#   Reduce memory load on the system
#   Increase physical memory or swap space
#   Check if swap backing store is full
#   Decrease Java heap size (-Xmx/-Xms)
#   Decrease number of Java threads
#   Decrease Java thread stack sizes (-Xss)
#   Set larger code cache with -XX:ReservedCodeCacheSize=
#   JVM is running with Unscaled Compressed Oops mode in which the Java heap is
#     placed in the first 4GB address space. The Java Heap base address is the
#     maximum limit for the native heap growth. Please use -XX:HeapBaseMinAddress
#     to set the Java Heap base and to place the Java Heap above 4GB virtual address.
# This output file may be truncated or incomplete.
#
#  Out of Memory Error (arena.cpp:78), pid=10872, tid=12160
#
# JRE version: OpenJDK Runtime Environment JBR-17.0.4+7-469.53-jcef (17.0.4+7) (build 17.0.4+7-b469.53)
# Java VM: OpenJDK 64-Bit Server VM JBR-17.0.4+7-469.53-jcef (17.0.4+7-b469.53, mixed mode, tiered, compressed oops, compressed class ptrs, g1 gc, windows-amd64)
# No core dump will be written. Minidumps are not enabled by default on client versions of Windows
#

---------------  S U M M A R Y ------------

Command Line: -Dawt.toolkit=com.intellij.desktop.DesktopActionsToolkit -Djava.rmi.server.hostname=127.0.0.1 -Duser.timezone=UTC -Xmx750m -Xms128m --add-exports=java.desktop/sun.awt=ALL-UNNAMED --add-exports=java.desktop/java.awt.peer=ALL-UNNAMED --add-opens=java.desktop/java.awt=ALL-UNNAMED --add-opens=jdk.unsupported/sun.misc=ALL-UNNAMED --add-opens=java.base/java.nio=ALL-UNNAMED -Dfile.encoding=UTF-8 com.intellij.database.remote.RemoteJdbcServer com.cloudera.impala.jdbc41.Driver

Host: Intel(R) Core(TM) i5-8500 CPU @ 3.00GHz, 6 cores, 15G,  Windows 10 , 64 bit Build 19041 (10.0.19041.2913)
Time: Tue May 30 14:11:10 2023  Windows 10 , 64 bit Build 19041 (10.0.19041.2913) elapsed time: 351.604733 seconds (0d 0h 5m 51s)

---------------  T H R E A D  ---------------

Current thread (0x000001f019c8d870):  JavaThread "C1 CompilerThread0" daemon [_thread_in_native, id=12160, stack(0x000000a336000000,0x000000a336100000)]


Current CompileTask:
C1: 351605 1747   !   3      
[error occurred during error reporting (printing current compile task), id 0xe0000001, Out of Memory Error (s\src\hotspot\share\memory\arena.cpp:78)]

Stack: [0x000000a336000000,0x000000a336100000]
Native frames: (J=compiled Java code, j=interpreted, Vv=VM code, C=native code)
V  [jvm.dll+0x68348a]
V  [jvm.dll+0x83faf4]
V  [jvm.dll+0x84129e]
V  [jvm.dll+0x841903]
V  [jvm.dll+0x2494a5]
V  [jvm.dll+0xabf7c]
V  [jvm.dll+0xac32c]
V  [jvm.dll+0x7acd3c]
V  [jvm.dll+0x7ace29]
V  [jvm.dll+0x636c09]
V  [jvm.dll+0x22f4c6]
V  [jvm.dll+0x22fa47]
V  [jvm.dll+0x83f98a]
V  [jvm.dll+0x84129e]
V  [jvm.dll+0x841903]
V  [jvm.dll+0x2494a5]
V  [jvm.dll+0xabf7c]
V  [jvm.dll+0xac32c]
V  [jvm.dll+0x13884c]
V  [jvm.dll+0x142745]
V  [jvm.dll+0x145095]
V  [jvm.dll+0x138c68]
V  [jvm.dll+0x1446c8]
V  [jvm.dll+0x147949]
V  [jvm.dll+0x147365]
V  [jvm.dll+0x13ebce]
V  [jvm.dll+0x141185]
V  [jvm.dll+0x13f36c]
V  [jvm.dll+0x147e3d]
V  [jvm.dll+0x147365]
V  [jvm.dll+0x13ebce]
V  [jvm.dll+0x141185]
V  [jvm.dll+0x13f464]
V  [jvm.dll+0x1393ff]
V  [jvm.dll+0x148f96]
V  [jvm.dll+0x134af0]
V  [jvm.dll+0x134e50]
V  [jvm.dll+0x135116]
V  [jvm.dll+0x1345aa]
V  [jvm.dll+0x136271]
V  [jvm.dll+0x22aa48]
V  [jvm.dll+0x228af9]
V  [jvm.dll+0x7f52fc]
V  [jvm.dll+0x7ef82a]
V  [jvm.dll+0x6822c5]
C  [ucrtbase.dll+0x21bb2]
C  [KERNEL32.DLL+0x17614]
C  [ntdll.dll+0x526a1]


---------------  P R O C E S S  ---------------

Threads class SMR info:
_java_thread_list=0x000001f019ee1160, length=22, elements={
0x000001f0023cfb30, 0x000001f019c2ae70, 0x000001f019c2bed0, 0x000001f018f1e790,
0x000001f019c88410, 0x000001f019c892e0, 0x000001f019c89ba0, 0x000001f019c8b750,
0x000001f019c8d870, 0x000001f019caf4d0, 0x000001f019e3d2c0, 0x000001f019e3d790,
0x000001f01b4ac410, 0x000001f01b4e61a0, 0x000001f01b4d06f0, 0x000001f01b4cea10,
0x000001f01b4d1090, 0x000001f01b4cf880, 0x000001f01b4d0bc0, 0x000001f01b4cf3b0,
0x000001f01b4cfd50, 0x000001f01b4d0220
}

Java Threads: ( => current thread )
  0x000001f0023cfb30 JavaThread "main" [_thread_blocked, id=2320, stack(0x000000a335200000,0x000000a335300000)]
  0x000001f019c2ae70 JavaThread "Reference Handler" daemon [_thread_blocked, id=4392, stack(0x000000a335900000,0x000000a335a00000)]
  0x000001f019c2bed0 JavaThread "Finalizer" daemon [_thread_blocked, id=22996, stack(0x000000a335a00000,0x000000a335b00000)]
  0x000001f018f1e790 JavaThread "Signal Dispatcher" daemon [_thread_blocked, id=18076, stack(0x000000a335b00000,0x000000a335c00000)]
  0x000001f019c88410 JavaThread "Attach Listener" daemon [_thread_blocked, id=3012, stack(0x000000a335c00000,0x000000a335d00000)]
  0x000001f019c892e0 JavaThread "Service Thread" daemon [_thread_blocked, id=20476, stack(0x000000a335d00000,0x000000a335e00000)]
  0x000001f019c89ba0 JavaThread "Monitor Deflation Thread" daemon [_thread_blocked, id=19252, stack(0x000000a335e00000,0x000000a335f00000)]
  0x000001f019c8b750 JavaThread "C2 CompilerThread0" daemon [_thread_blocked, id=16132, stack(0x000000a335f00000,0x000000a336000000)]
=>0x000001f019c8d870 JavaThread "C1 CompilerThread0" daemon [_thread_in_native, id=12160, stack(0x000000a336000000,0x000000a336100000)]
  0x000001f019caf4d0 JavaThread "Sweeper thread" daemon [_thread_blocked, id=20424, stack(0x000000a336100000,0x000000a336200000)]
  0x000001f019e3d2c0 JavaThread "Common-Cleaner" daemon [_thread_blocked, id=23184, stack(0x000000a336200000,0x000000a336300000)]
  0x000001f019e3d790 JavaThread "Notification Thread" daemon [_thread_blocked, id=16924, stack(0x000000a336300000,0x000000a336400000)]
  0x000001f01b4ac410 JavaThread "Java2D Disposer" daemon [_thread_blocked, id=20832, stack(0x000000a336500000,0x000000a336600000)]
  0x000001f01b4e61a0 JavaThread "AWT-Windows" daemon [_thread_in_native, id=24688, stack(0x000000a336700000,0x000000a336800000)]
  0x000001f01b4d06f0 JavaThread "RMI TCP Accept-58627" daemon [_thread_in_native, id=17824, stack(0x000000a336800000,0x000000a336900000)]
  0x000001f01b4cea10 JavaThread "RMI TCP Accept-0" daemon [_thread_in_native, id=22956, stack(0x000000a336900000,0x000000a336a00000)]
  0x000001f01b4d1090 JavaThread "RMI Reaper" [_thread_blocked, id=25068, stack(0x000000a336a00000,0x000000a336b00000)]
  0x000001f01b4cf880 JavaThread "RMI GC Daemon" daemon [_thread_blocked, id=25452, stack(0x000000a336b00000,0x000000a336c00000)]
  0x000001f01b4d0bc0 JavaThread "RMI TCP Connection(1)-127.0.0.1" daemon [_thread_in_native, id=18372, stack(0x000000a336c00000,0x000000a336d00000)]
  0x000001f01b4cf3b0 JavaThread "RMI Scheduler(0)" daemon [_thread_blocked, id=1336, stack(0x000000a336d00000,0x000000a336e00000)]
  0x000001f01b4cfd50 JavaThread "RMI TCP Connection(2)-127.0.0.1" daemon [_thread_in_native, id=20828, stack(0x000000a336e00000,0x000000a336f00000)]
  0x000001f01b4d0220 JavaThread "RMI RenewClean-[127.0.0.1:59799]" daemon [_thread_blocked, id=3048, stack(0x000000a336f00000,0x000000a337000000)]

Other Threads:
  0x000001f018f15410 VMThread "VM Thread" [stack: 0x000000a335800000,0x000000a335900000] [id=21004]
  0x000001f019e31780 WatcherThread [stack: 0x000000a336400000,0x000000a336500000] [id=11772]
  0x000001f00240dda0 GCTaskThread "GC Thread#0" [stack: 0x000000a335300000,0x000000a335400000] [id=25000]
  0x000001f01c494560 GCTaskThread "GC Thread#1" [stack: 0x000000a337000000,0x000000a337100000] [id=17260]
  0x000001f01ba30c40 GCTaskThread "GC Thread#2" [stack: 0x000000a337100000,0x000000a337200000] [id=21776]
  0x000001f01c69d7c0 GCTaskThread "GC Thread#3" [stack: 0x000000a337200000,0x000000a337300000] [id=18388]
  0x000001f01c9f0580 GCTaskThread "GC Thread#4" [stack: 0x000000a337300000,0x000000a337400000] [id=25660]
  0x000001f01c9f0830 GCTaskThread "GC Thread#5" [stack: 0x000000a337400000,0x000000a337500000] [id=7108]
  0x000001f002414850 ConcurrentGCThread "G1 Main Marker" [stack: 0x000000a335400000,0x000000a335500000] [id=21432]
  0x000001f002415010 ConcurrentGCThread "G1 Conc#0" [stack: 0x000000a335500000,0x000000a335600000] [id=23152]
  0x000001f018d894d0 ConcurrentGCThread "G1 Refine#0" [stack: 0x000000a335600000,0x000000a335700000] [id=19032]
  0x000001f01c49fcd0 ConcurrentGCThread "G1 Refine#1" [stack: 0x000000a337500000,0x000000a337600000] [id=2768]
  0x000001f018d89ba0 ConcurrentGCThread "G1 Service" [stack: 0x000000a335700000,0x000000a335800000] [id=5888]

Threads with active compile tasks:
C1 CompilerThread0   351704 1747   !   3       sun.rmi.server.LoaderHandler::getClassAnnotation (234 bytes)

VM state: not at safepoint (normal execution)

VM Mutex/Monitor currently owned by a thread: None

Heap address: 0x00000000d1200000, size: 750 MB, Compressed Oops mode: 32-bit

CDS archive(s) not mapped
Compressed class space mapped at: 0x0000000100000000-0x0000000140000000, reserved size: 1073741824
Narrow klass base: 0x0000000000000000, Narrow klass shift: 3, Narrow klass range: 0x140000000

GC Precious Log:
 CPUs: 6 total, 6 available
 Memory: 16227M
 Large Page Support: Disabled
 NUMA Support: Disabled
 Compressed Oops: Enabled (32-bit)
 Heap Region Size: 1M
 Heap Min Capacity: 128M
 Heap Initial Capacity: 128M
 Heap Max Capacity: 750M
 Pre-touch: Disabled
 Parallel Workers: 6
 Concurrent Workers: 2
 Concurrent Refinement Workers: 6
 Periodic GC: Disabled

Heap:
 garbage-first heap   total 131072K, used 20070K [0x00000000d1200000, 0x0000000100000000)
  region size 1024K, 18 young (18432K), 3 survivors (3072K)
 Metaspace       used 21191K, committed 21440K, reserved 1073152K
  class space    used 2208K, committed 2368K, reserved 1048576K

Heap Regions: E=young(eden), S=young(survivor), O=old, HS=humongous(starts), HC=humongous(continues), CS=collection set, F=free, OA=open archive, CA=closed archive, TAMS=top-at-mark-start (previous, next)
|   0|0x00000000d1200000, 0x00000000d1300000, 0x00000000d1300000|100%|HS|  |TAMS 0x00000000d1200000, 0x00000000d1200000| Complete 
|   1|0x00000000d1300000, 0x00000000d1400000, 0x00000000d1400000|100%|HC|  |TAMS 0x00000000d1300000, 0x00000000d1300000| Complete 
|   2|0x00000000d1400000, 0x00000000d1500000, 0x00000000d1500000|100%| O|  |TAMS 0x00000000d1400000, 0x00000000d1400000| Untracked 
|   3|0x00000000d1500000, 0x00000000d1599800, 0x00000000d1600000| 59%| O|  |TAMS 0x00000000d1500000, 0x00000000d1500000| Untracked 
|   4|0x00000000d1600000, 0x00000000d1600000, 0x00000000d1700000|  0%| F|  |TAMS 0x00000000d1600000, 0x00000000d1600000| Untracked 
|   5|0x00000000d1700000, 0x00000000d1700000, 0x00000000d1800000|  0%| F|  |TAMS 0x00000000d1700000, 0x00000000d1700000| Untracked 
|   6|0x00000000d1800000, 0x00000000d1800000, 0x00000000d1900000|  0%| F|  |TAMS 0x00000000d1800000, 0x00000000d1800000| Untracked 
|   7|0x00000000d1900000, 0x00000000d1900000, 0x00000000d1a00000|  0%| F|  |TAMS 0x00000000d1900000, 0x00000000d1900000| Untracked 
|   8|0x00000000d1a00000, 0x00000000d1a00000, 0x00000000d1b00000|  0%| F|  |TAMS 0x00000000d1a00000, 0x00000000d1a00000| Untracked 
|   9|0x00000000d1b00000, 0x00000000d1b00000, 0x00000000d1c00000|  0%| F|  |TAMS 0x00000000d1b00000, 0x00000000d1b00000| Untracked 
|  10|0x00000000d1c00000, 0x00000000d1c00000, 0x00000000d1d00000|  0%| F|  |TAMS 0x00000000d1c00000, 0x00000000d1c00000| Untracked 
|  11|0x00000000d1d00000, 0x00000000d1d00000, 0x00000000d1e00000|  0%| F|  |TAMS 0x00000000d1d00000, 0x00000000d1d00000| Untracked 
|  12|0x00000000d1e00000, 0x00000000d1e00000, 0x00000000d1f00000|  0%| F|  |TAMS 0x00000000d1e00000, 0x00000000d1e00000| Untracked 
|  13|0x00000000d1f00000, 0x00000000d1f00000, 0x00000000d2000000|  0%| F|  |TAMS 0x00000000d1f00000, 0x00000000d1f00000| Untracked 
|  14|0x00000000d2000000, 0x00000000d2000000, 0x00000000d2100000|  0%| F|  |TAMS 0x00000000d2000000, 0x00000000d2000000| Untracked 
|  15|0x00000000d2100000, 0x00000000d2100000, 0x00000000d2200000|  0%| F|  |TAMS 0x00000000d2100000, 0x00000000d2100000| Untracked 
|  16|0x00000000d2200000, 0x00000000d2200000, 0x00000000d2300000|  0%| F|  |TAMS 0x00000000d2200000, 0x00000000d2200000| Untracked 
|  17|0x00000000d2300000, 0x00000000d2300000, 0x00000000d2400000|  0%| F|  |TAMS 0x00000000d2300000, 0x00000000d2300000| Untracked 
|  18|0x00000000d2400000, 0x00000000d2400000, 0x00000000d2500000|  0%| F|  |TAMS 0x00000000d2400000, 0x00000000d2400000| Untracked 
|  19|0x00000000d2500000, 0x00000000d2500000, 0x00000000d2600000|  0%| F|  |TAMS 0x00000000d2500000, 0x00000000d2500000| Untracked 
|  20|0x00000000d2600000, 0x00000000d2600000, 0x00000000d2700000|  0%| F|  |TAMS 0x00000000d2600000, 0x00000000d2600000| Untracked 
|  21|0x00000000d2700000, 0x00000000d2700000, 0x00000000d2800000|  0%| F|  |TAMS 0x00000000d2700000, 0x00000000d2700000| Untracked 
|  22|0x00000000d2800000, 0x00000000d2800000, 0x00000000d2900000|  0%| F|  |TAMS 0x00000000d2800000, 0x00000000d2800000| Untracked 
|  23|0x00000000d2900000, 0x00000000d2900000, 0x00000000d2a00000|  0%| F|  |TAMS 0x00000000d2900000, 0x00000000d2900000| Untracked 
|  24|0x00000000d2a00000, 0x00000000d2a00000, 0x00000000d2b00000|  0%| F|  |TAMS 0x00000000d2a00000, 0x00000000d2a00000| Untracked 
|  25|0x00000000d2b00000, 0x00000000d2b00000, 0x00000000d2c00000|  0%| F|  |TAMS 0x00000000d2b00000, 0x00000000d2b00000| Untracked 
|  26|0x00000000d2c00000, 0x00000000d2c00000, 0x00000000d2d00000|  0%| F|  |TAMS 0x00000000d2c00000, 0x00000000d2c00000| Untracked 
|  27|0x00000000d2d00000, 0x00000000d2d00000, 0x00000000d2e00000|  0%| F|  |TAMS 0x00000000d2d00000, 0x00000000d2d00000| Untracked 
|  28|0x00000000d2e00000, 0x00000000d2e00000, 0x00000000d2f00000|  0%| F|  |TAMS 0x00000000d2e00000, 0x00000000d2e00000| Untracked 
|  29|0x00000000d2f00000, 0x00000000d2f00000, 0x00000000d3000000|  0%| F|  |TAMS 0x00000000d2f00000, 0x00000000d2f00000| Untracked 
|  30|0x00000000d3000000, 0x00000000d3000000, 0x00000000d3100000|  0%| F|  |TAMS 0x00000000d3000000, 0x00000000d3000000| Untracked 
|  31|0x00000000d3100000, 0x00000000d3100000, 0x00000000d3200000|  0%| F|  |TAMS 0x00000000d3100000, 0x00000000d3100000| Untracked 
|  32|0x00000000d3200000, 0x00000000d3200000, 0x00000000d3300000|  0%| F|  |TAMS 0x00000000d3200000, 0x00000000d3200000| Untracked 
|  33|0x00000000d3300000, 0x00000000d3300000, 0x00000000d3400000|  0%| F|  |TAMS 0x00000000d3300000, 0x00000000d3300000| Untracked 
|  34|0x00000000d3400000, 0x00000000d3400000, 0x00000000d3500000|  0%| F|  |TAMS 0x00000000d3400000, 0x00000000d3400000| Untracked 
|  35|0x00000000d3500000, 0x00000000d3500000, 0x00000000d3600000|  0%| F|  |TAMS 0x00000000d3500000, 0x00000000d3500000| Untracked 
|  36|0x00000000d3600000, 0x00000000d3600000, 0x00000000d3700000|  0%| F|  |TAMS 0x00000000d3600000, 0x00000000d3600000| Untracked 
|  37|0x00000000d3700000, 0x00000000d3700000, 0x00000000d3800000|  0%| F|  |TAMS 0x00000000d3700000, 0x00000000d3700000| Untracked 
|  38|0x00000000d3800000, 0x00000000d3800000, 0x00000000d3900000|  0%| F|  |TAMS 0x00000000d3800000, 0x00000000d3800000| Untracked 
|  39|0x00000000d3900000, 0x00000000d3900000, 0x00000000d3a00000|  0%| F|  |TAMS 0x00000000d3900000, 0x00000000d3900000| Untracked 
|  40|0x00000000d3a00000, 0x00000000d3a00000, 0x00000000d3b00000|  0%| F|  |TAMS 0x00000000d3a00000, 0x00000000d3a00000| Untracked 
|  41|0x00000000d3b00000, 0x00000000d3b00000, 0x00000000d3c00000|  0%| F|  |TAMS 0x00000000d3b00000, 0x00000000d3b00000| Untracked 
|  42|0x00000000d3c00000, 0x00000000d3c00000, 0x00000000d3d00000|  0%| F|  |TAMS 0x00000000d3c00000, 0x00000000d3c00000| Untracked 
|  43|0x00000000d3d00000, 0x00000000d3d00000, 0x00000000d3e00000|  0%| F|  |TAMS 0x00000000d3d00000, 0x00000000d3d00000| Untracked 
|  44|0x00000000d3e00000, 0x00000000d3e00000, 0x00000000d3f00000|  0%| F|  |TAMS 0x00000000d3e00000, 0x00000000d3e00000| Untracked 
|  45|0x00000000d3f00000, 0x00000000d3f00000, 0x00000000d4000000|  0%| F|  |TAMS 0x00000000d3f00000, 0x00000000d3f00000| Untracked 
|  46|0x00000000d4000000, 0x00000000d4000000, 0x00000000d4100000|  0%| F|  |TAMS 0x00000000d4000000, 0x00000000d4000000| Untracked 
|  47|0x00000000d4100000, 0x00000000d4100000, 0x00000000d4200000|  0%| F|  |TAMS 0x00000000d4100000, 0x00000000d4100000| Untracked 
|  48|0x00000000d4200000, 0x00000000d4200000, 0x00000000d4300000|  0%| F|  |TAMS 0x00000000d4200000, 0x00000000d4200000| Untracked 
|  49|0x00000000d4300000, 0x00000000d4300000, 0x00000000d4400000|  0%| F|  |TAMS 0x00000000d4300000, 0x00000000d4300000| Untracked 
|  50|0x00000000d4400000, 0x00000000d4400000, 0x00000000d4500000|  0%| F|  |TAMS 0x00000000d4400000, 0x00000000d4400000| Untracked 
|  51|0x00000000d4500000, 0x00000000d4500000, 0x00000000d4600000|  0%| F|  |TAMS 0x00000000d4500000, 0x00000000d4500000| Untracked 
|  52|0x00000000d4600000, 0x00000000d4600000, 0x00000000d4700000|  0%| F|  |TAMS 0x00000000d4600000, 0x00000000d4600000| Untracked 
|  53|0x00000000d4700000, 0x00000000d4700000, 0x00000000d4800000|  0%| F|  |TAMS 0x00000000d4700000, 0x00000000d4700000| Untracked 
|  54|0x00000000d4800000, 0x00000000d4800000, 0x00000000d4900000|  0%| F|  |TAMS 0x00000000d4800000, 0x00000000d4800000| Untracked 
|  55|0x00000000d4900000, 0x00000000d4900000, 0x00000000d4a00000|  0%| F|  |TAMS 0x00000000d4900000, 0x00000000d4900000| Untracked 
|  56|0x00000000d4a00000, 0x00000000d4a00000, 0x00000000d4b00000|  0%| F|  |TAMS 0x00000000d4a00000, 0x00000000d4a00000| Untracked 
|  57|0x00000000d4b00000, 0x00000000d4b00000, 0x00000000d4c00000|  0%| F|  |TAMS 0x00000000d4b00000, 0x00000000d4b00000| Untracked 
|  58|0x00000000d4c00000, 0x00000000d4c00000, 0x00000000d4d00000|  0%| F|  |TAMS 0x00000000d4c00000, 0x00000000d4c00000| Untracked 
|  59|0x00000000d4d00000, 0x00000000d4d00000, 0x00000000d4e00000|  0%| F|  |TAMS 0x00000000d4d00000, 0x00000000d4d00000| Untracked 
|  60|0x00000000d4e00000, 0x00000000d4e00000, 0x00000000d4f00000|  0%| F|  |TAMS 0x00000000d4e00000, 0x00000000d4e00000| Untracked 
|  61|0x00000000d4f00000, 0x00000000d4f00000, 0x00000000d5000000|  0%| F|  |TAMS 0x00000000d4f00000, 0x00000000d4f00000| Untracked 
|  62|0x00000000d5000000, 0x00000000d5000000, 0x00000000d5100000|  0%| F|  |TAMS 0x00000000d5000000, 0x00000000d5000000| Untracked 
|  63|0x00000000d5100000, 0x00000000d5100000, 0x00000000d5200000|  0%| F|  |TAMS 0x00000000d5100000, 0x00000000d5100000| Untracked 
|  64|0x00000000d5200000, 0x00000000d5200000, 0x00000000d5300000|  0%| F|  |TAMS 0x00000000d5200000, 0x00000000d5200000| Untracked 
|  65|0x00000000d5300000, 0x00000000d5300000, 0x00000000d5400000|  0%| F|  |TAMS 0x00000000d5300000, 0x00000000d5300000| Untracked 
|  66|0x00000000d5400000, 0x00000000d5400000, 0x00000000d5500000|  0%| F|  |TAMS 0x00000000d5400000, 0x00000000d5400000| Untracked 
|  67|0x00000000d5500000, 0x00000000d5500000, 0x00000000d5600000|  0%| F|  |TAMS 0x00000000d5500000, 0x00000000d5500000| Untracked 
|  68|0x00000000d5600000, 0x00000000d5600000, 0x00000000d5700000|  0%| F|  |TAMS 0x00000000d5600000, 0x00000000d5600000| Untracked 
|  69|0x00000000d5700000, 0x00000000d5700000, 0x00000000d5800000|  0%| F|  |TAMS 0x00000000d5700000, 0x00000000d5700000| Untracked 
|  70|0x00000000d5800000, 0x00000000d5800000, 0x00000000d5900000|  0%| F|  |TAMS 0x00000000d5800000, 0x00000000d5800000| Untracked 
|  71|0x00000000d5900000, 0x00000000d5900000, 0x00000000d5a00000|  0%| F|  |TAMS 0x00000000d5900000, 0x00000000d5900000| Untracked 
|  72|0x00000000d5a00000, 0x00000000d5a00000, 0x00000000d5b00000|  0%| F|  |TAMS 0x00000000d5a00000, 0x00000000d5a00000| Untracked 
|  73|0x00000000d5b00000, 0x00000000d5b00000, 0x00000000d5c00000|  0%| F|  |TAMS 0x00000000d5b00000, 0x00000000d5b00000| Untracked 
|  74|0x00000000d5c00000, 0x00000000d5c00000, 0x00000000d5d00000|  0%| F|  |TAMS 0x00000000d5c00000, 0x00000000d5c00000| Untracked 
|  75|0x00000000d5d00000, 0x00000000d5d00000, 0x00000000d5e00000|  0%| F|  |TAMS 0x00000000d5d00000, 0x00000000d5d00000| Untracked 
|  76|0x00000000d5e00000, 0x00000000d5e00000, 0x00000000d5f00000|  0%| F|  |TAMS 0x00000000d5e00000, 0x00000000d5e00000| Untracked 
|  77|0x00000000d5f00000, 0x00000000d5f00000, 0x00000000d6000000|  0%| F|  |TAMS 0x00000000d5f00000, 0x00000000d5f00000| Untracked 
|  78|0x00000000d6000000, 0x00000000d6000000, 0x00000000d6100000|  0%| F|  |TAMS 0x00000000d6000000, 0x00000000d6000000| Untracked 
|  79|0x00000000d6100000, 0x00000000d6100000, 0x00000000d6200000|  0%| F|  |TAMS 0x00000000d6100000, 0x00000000d6100000| Untracked 
|  80|0x00000000d6200000, 0x00000000d6200000, 0x00000000d6300000|  0%| F|  |TAMS 0x00000000d6200000, 0x00000000d6200000| Untracked 
|  81|0x00000000d6300000, 0x00000000d6300000, 0x00000000d6400000|  0%| F|  |TAMS 0x00000000d6300000, 0x00000000d6300000| Untracked 
|  82|0x00000000d6400000, 0x00000000d6400000, 0x00000000d6500000|  0%| F|  |TAMS 0x00000000d6400000, 0x00000000d6400000| Untracked 
|  83|0x00000000d6500000, 0x00000000d6500000, 0x00000000d6600000|  0%| F|  |TAMS 0x00000000d6500000, 0x00000000d6500000| Untracked 
|  84|0x00000000d6600000, 0x00000000d6600000, 0x00000000d6700000|  0%| F|  |TAMS 0x00000000d6600000, 0x00000000d6600000| Untracked 
|  85|0x00000000d6700000, 0x00000000d6700000, 0x00000000d6800000|  0%| F|  |TAMS 0x00000000d6700000, 0x00000000d6700000| Untracked 
|  86|0x00000000d6800000, 0x00000000d6800000, 0x00000000d6900000|  0%| F|  |TAMS 0x00000000d6800000, 0x00000000d6800000| Untracked 
|  87|0x00000000d6900000, 0x00000000d6900000, 0x00000000d6a00000|  0%| F|  |TAMS 0x00000000d6900000, 0x00000000d6900000| Untracked 
|  88|0x00000000d6a00000, 0x00000000d6a00000, 0x00000000d6b00000|  0%| F|  |TAMS 0x00000000d6a00000, 0x00000000d6a00000| Untracked 
|  89|0x00000000d6b00000, 0x00000000d6b00000, 0x00000000d6c00000|  0%| F|  |TAMS 0x00000000d6b00000, 0x00000000d6b00000| Untracked 
|  90|0x00000000d6c00000, 0x00000000d6c00000, 0x00000000d6d00000|  0%| F|  |TAMS 0x00000000d6c00000, 0x00000000d6c00000| Untracked 
|  91|0x00000000d6d00000, 0x00000000d6d00000, 0x00000000d6e00000|  0%| F|  |TAMS 0x00000000d6d00000, 0x00000000d6d00000| Untracked 
|  92|0x00000000d6e00000, 0x00000000d6e00000, 0x00000000d6f00000|  0%| F|  |TAMS 0x00000000d6e00000, 0x00000000d6e00000| Untracked 
|  93|0x00000000d6f00000, 0x00000000d6f00000, 0x00000000d7000000|  0%| F|  |TAMS 0x00000000d6f00000, 0x00000000d6f00000| Untracked 
|  94|0x00000000d7000000, 0x00000000d7000000, 0x00000000d7100000|  0%| F|  |TAMS 0x00000000d7000000, 0x00000000d7000000| Untracked 
|  95|0x00000000d7100000, 0x00000000d7100000, 0x00000000d7200000|  0%| F|  |TAMS 0x00000000d7100000, 0x00000000d7100000| Untracked 
|  96|0x00000000d7200000, 0x00000000d7200000, 0x00000000d7300000|  0%| F|  |TAMS 0x00000000d7200000, 0x00000000d7200000| Untracked 
|  97|0x00000000d7300000, 0x00000000d7300000, 0x00000000d7400000|  0%| F|  |TAMS 0x00000000d7300000, 0x00000000d7300000| Untracked 
|  98|0x00000000d7400000, 0x00000000d7400000, 0x00000000d7500000|  0%| F|  |TAMS 0x00000000d7400000, 0x00000000d7400000| Untracked 
|  99|0x00000000d7500000, 0x00000000d7500000, 0x00000000d7600000|  0%| F|  |TAMS 0x00000000d7500000, 0x00000000d7500000| Untracked 
| 100|0x00000000d7600000, 0x00000000d7600000, 0x00000000d7700000|  0%| F|  |TAMS 0x00000000d7600000, 0x00000000d7600000| Untracked 
| 101|0x00000000d7700000, 0x00000000d7700000, 0x00000000d7800000|  0%| F|  |TAMS 0x00000000d7700000, 0x00000000d7700000| Untracked 
| 102|0x00000000d7800000, 0x00000000d7800000, 0x00000000d7900000|  0%| F|  |TAMS 0x00000000d7800000, 0x00000000d7800000| Untracked 
| 103|0x00000000d7900000, 0x00000000d7900000, 0x00000000d7a00000|  0%| F|  |TAMS 0x00000000d7900000, 0x00000000d7900000| Untracked 
| 104|0x00000000d7a00000, 0x00000000d7b00000, 0x00000000d7b00000|100%| S|CS|TAMS 0x00000000d7a00000, 0x00000000d7a00000| Complete 
| 105|0x00000000d7b00000, 0x00000000d7c00000, 0x00000000d7c00000|100%| S|CS|TAMS 0x00000000d7b00000, 0x00000000d7b00000| Complete 
| 106|0x00000000d7c00000, 0x00000000d7d00000, 0x00000000d7d00000|100%| S|CS|TAMS 0x00000000d7c00000, 0x00000000d7c00000| Complete 
| 107|0x00000000d7d00000, 0x00000000d7d00000, 0x00000000d7e00000|  0%| F|  |TAMS 0x00000000d7d00000, 0x00000000d7d00000| Untracked 
| 108|0x00000000d7e00000, 0x00000000d7e00000, 0x00000000d7f00000|  0%| F|  |TAMS 0x00000000d7e00000, 0x00000000d7e00000| Untracked 
| 109|0x00000000d7f00000, 0x00000000d7f00000, 0x00000000d8000000|  0%| F|  |TAMS 0x00000000d7f00000, 0x00000000d7f00000| Untracked 
| 110|0x00000000d8000000, 0x00000000d8000000, 0x00000000d8100000|  0%| F|  |TAMS 0x00000000d8000000, 0x00000000d8000000| Untracked 
| 111|0x00000000d8100000, 0x00000000d8100000, 0x00000000d8200000|  0%| F|  |TAMS 0x00000000d8100000, 0x00000000d8100000| Untracked 
| 112|0x00000000d8200000, 0x00000000d8200000, 0x00000000d8300000|  0%| F|  |TAMS 0x00000000d8200000, 0x00000000d8200000| Untracked 
| 113|0x00000000d8300000, 0x00000000d83e8da0, 0x00000000d8400000| 90%| E|  |TAMS 0x00000000d8300000, 0x00000000d8300000| Complete 
| 114|0x00000000d8400000, 0x00000000d8500000, 0x00000000d8500000|100%| E|CS|TAMS 0x00000000d8400000, 0x00000000d8400000| Complete 
| 115|0x00000000d8500000, 0x00000000d8600000, 0x00000000d8600000|100%| E|CS|TAMS 0x00000000d8500000, 0x00000000d8500000| Complete 
| 116|0x00000000d8600000, 0x00000000d8700000, 0x00000000d8700000|100%| E|CS|TAMS 0x00000000d8600000, 0x00000000d8600000| Complete 
| 117|0x00000000d8700000, 0x00000000d8800000, 0x00000000d8800000|100%| E|CS|TAMS 0x00000000d8700000, 0x00000000d8700000| Complete 
| 118|0x00000000d8800000, 0x00000000d8900000, 0x00000000d8900000|100%| E|CS|TAMS 0x00000000d8800000, 0x00000000d8800000| Complete 
| 119|0x00000000d8900000, 0x00000000d8a00000, 0x00000000d8a00000|100%| E|  |TAMS 0x00000000d8900000, 0x00000000d8900000| Complete 
| 120|0x00000000d8a00000, 0x00000000d8b00000, 0x00000000d8b00000|100%| E|CS|TAMS 0x00000000d8a00000, 0x00000000d8a00000| Complete 
| 121|0x00000000d8b00000, 0x00000000d8c00000, 0x00000000d8c00000|100%| E|CS|TAMS 0x00000000d8b00000, 0x00000000d8b00000| Complete 
| 122|0x00000000d8c00000, 0x00000000d8d00000, 0x00000000d8d00000|100%| E|CS|TAMS 0x00000000d8c00000, 0x00000000d8c00000| Complete 
| 123|0x00000000d8d00000, 0x00000000d8e00000, 0x00000000d8e00000|100%| E|CS|TAMS 0x00000000d8d00000, 0x00000000d8d00000| Complete 
| 124|0x00000000d8e00000, 0x00000000d8f00000, 0x00000000d8f00000|100%| E|CS|TAMS 0x00000000d8e00000, 0x00000000d8e00000| Complete 
| 125|0x00000000d8f00000, 0x00000000d9000000, 0x00000000d9000000|100%| E|CS|TAMS 0x00000000d8f00000, 0x00000000d8f00000| Complete 
| 126|0x00000000d9000000, 0x00000000d9100000, 0x00000000d9100000|100%| E|CS|TAMS 0x00000000d9000000, 0x00000000d9000000| Complete 
| 127|0x00000000d9100000, 0x00000000d9200000, 0x00000000d9200000|100%| E|CS|TAMS 0x00000000d9100000, 0x00000000d9100000| Complete 

Card table byte_map: [0x000001f015080000,0x000001f015200000] _byte_map_base: 0x000001f0149f7000

Marking Bits (Prev, Next): (CMBitMap*) 0x000001f00240e160, (CMBitMap*) 0x000001f00240e1a0
 Prev Bits: [0x000001f015380000, 0x000001f015f38000)
 Next Bits: [0x000001f015f40000, 0x000001f016af8000)

Polling page: 0x000001f001e90000

Metaspace:

Usage:
  Non-class:     18.54 MB used.
      Class:      2.16 MB used.
       Both:     20.69 MB used.

Virtual space:
  Non-class space:       24.00 MB reserved,      18.62 MB ( 78%) committed,  3 nodes.
      Class space:        1.00 GB reserved,       2.31 MB ( <1%) committed,  1 nodes.
             Both:        1.02 GB reserved,      20.94 MB (  2%) committed. 

Chunk freelists:
   Non-Class:  1.00 MB
       Class:  1.62 MB
        Both:  2.62 MB

MaxMetaspaceSize: unlimited
CompressedClassSpaceSize: 1.00 GB
Initial GC threshold: 21.00 MB
Current GC threshold: 21.00 MB
CDS: off
MetaspaceReclaimPolicy: balanced
 - commit_granule_bytes: 65536.
 - commit_granule_words: 8192.
 - virtual_space_node_default_size: 1048576.
 - enlarge_chunks_in_place: 1.
 - new_chunks_are_fully_committed: 0.
 - uncommit_free_chunks: 1.
 - use_allocation_guard: 0.
 - handle_deallocations: 1.


Internal statistics:

num_allocs_failed_limit: 0.
num_arena_births: 262.
num_arena_deaths: 0.
num_vsnodes_births: 4.
num_vsnodes_deaths: 0.
num_space_committed: 335.
num_space_uncommitted: 0.
num_chunks_returned_to_freelist: 0.
num_chunks_taken_from_freelist: 632.
num_chunk_merges: 0.
num_chunk_splits: 397.
num_chunks_enlarged: 228.
num_purges: 0.
num_inconsistent_stats: 0.

CodeHeap 'non-profiled nmethods': size=120000Kb used=564Kb max_used=564Kb free=119435Kb
 bounds [0x000001f00d580000, 0x000001f00d7f0000, 0x000001f014ab0000]
CodeHeap 'profiled nmethods': size=120000Kb used=3271Kb max_used=3271Kb free=116728Kb
 bounds [0x000001f006050000, 0x000001f006390000, 0x000001f00d580000]
CodeHeap 'non-nmethods': size=5760Kb used=1241Kb max_used=1279Kb free=4518Kb
 bounds [0x000001f005ab0000, 0x000001f005d20000, 0x000001f006050000]
 total_blobs=2305 nmethods=1746 adapters=472
 compilation: enabled
              stopped_count=0, restarted_count=0
 full_count=0

Compilation events (20 events):
Event: 317.537 Thread 0x000001f019c8d870 nmethod 1737 0x000001f00637e690 code [0x000001f00637e880, 0x000001f00637eef8]
Event: 317.537 Thread 0x000001f019c8d870 1738       3       jdk.internal.misc.VM::isModuleSystemInited (13 bytes)
Event: 317.537 Thread 0x000001f019c8d870 nmethod 1738 0x000001f00637f110 code [0x000001f00637f2a0, 0x000001f00637f458]
Event: 317.537 Thread 0x000001f019c8d870 1739       3       java.io.ObjectOutputStream$BlockDataOutputStream::write (152 bytes)
Event: 317.538 Thread 0x000001f019c8d870 nmethod 1739 0x000001f00637f510 code [0x000001f00637f740, 0x000001f00637ff78]
Event: 317.538 Thread 0x000001f019c8b750 1740       4       java.lang.ref.SoftReference::get (29 bytes)
Event: 317.538 Thread 0x000001f019c8d870 1741       1       com.cloudera.impala.jdbc.common.SConnection::isClosed (5 bytes)
Event: 317.538 Thread 0x000001f019c8d870 nmethod 1741 0x000001f00d60cd90 code [0x000001f00d60cf20, 0x000001f00d60cff8]
Event: 317.539 Thread 0x000001f019c8b750 nmethod 1740 0x000001f00d60d090 code [0x000001f00d60d200, 0x000001f00d60d2f8]
Event: 317.539 Thread 0x000001f019c8d870 1742       3       sun.nio.ch.Util$BufferCache::next (8 bytes)
Event: 317.539 Thread 0x000001f019c8d870 nmethod 1742 0x000001f006380210 code [0x000001f0063803a0, 0x000001f0063804d8]
Event: 333.516 Thread 0x000001f019c8d870 1743       3       java.io.ObjectStreamClass$FieldReflector::getObjFieldValues (96 bytes)
Event: 333.516 Thread 0x000001f019c8d870 nmethod 1743 0x000001f006380590 code [0x000001f006380780, 0x000001f006380df8]
Event: 351.520 Thread 0x000001f019c8d870 1744       3       sun.rmi.server.MarshalOutputStream::annotateClass (9 bytes)
Event: 351.520 Thread 0x000001f019c8d870 nmethod 1744 0x000001f006381110 code [0x000001f0063812e0, 0x000001f0063815f8]
Event: 351.520 Thread 0x000001f019c8d870 1745       3       java.rmi.server.RMIClassLoader::getClassAnnotation (8 bytes)
Event: 351.520 Thread 0x000001f019c8d870 nmethod 1745 0x000001f006381790 code [0x000001f006381940, 0x000001f006381ac8]
Event: 351.520 Thread 0x000001f019c8d870 1746       3       java.rmi.server.RMIClassLoader$2::getClassAnnotation (5 bytes)
Event: 351.520 Thread 0x000001f019c8d870 nmethod 1746 0x000001f006381b90 code [0x000001f006381d20, 0x000001f006381e68]
Event: 351.520 Thread 0x000001f019c8d870 1747   !   3       sun.rmi.server.LoaderHandler::getClassAnnotation (234 bytes)

GC Heap History (2 events):
Event: 1.004 GC heap before
{Heap before GC invocations=0 (full 0):
 garbage-first heap   total 131072K, used 23552K [0x00000000d1200000, 0x0000000100000000)
  region size 1024K, 21 young (21504K), 0 survivors (0K)
 Metaspace       used 17967K, committed 18240K, reserved 1064960K
  class space    used 1859K, committed 1984K, reserved 1048576K
}
Event: 1.008 GC heap after
{Heap after GC invocations=1 (full 0):
 garbage-first heap   total 131072K, used 6758K [0x00000000d1200000, 0x0000000100000000)
  region size 1024K, 3 young (3072K), 3 survivors (3072K)
 Metaspace       used 17967K, committed 18240K, reserved 1064960K
  class space    used 1859K, committed 1984K, reserved 1048576K
}

Deoptimization events (20 events):
Event: 38.357 Thread 0x000001f01b4cfd50 DEOPT PACKING pc=0x000001f00618ce78 sp=0x000000a336efc1a0
Event: 38.357 Thread 0x000001f01b4cfd50 DEOPT UNPACKING pc=0x000001f005b02b43 sp=0x000000a336efb6b8 mode 0
Event: 317.281 Thread 0x000001f01b4cfd50 DEOPT PACKING pc=0x000001f00622385d sp=0x000000a336efd890
Event: 317.281 Thread 0x000001f01b4cfd50 DEOPT UNPACKING pc=0x000001f005b02b43 sp=0x000000a336efcd78 mode 0
Event: 317.325 Thread 0x000001f01b4cfd50 Uncommon trap: trap_request=0xffffffbe fr.pc=0x000001f00d609468 relative=0x0000000000000728
Event: 317.325 Thread 0x000001f01b4cfd50 Uncommon trap: reason=profile_predicate action=maybe_recompile pc=0x000001f00d609468 method=java.lang.PublicMethods$MethodList.filter([Ljava/lang/reflect/Method;Ljava/lang/String;[Ljava/lang/Class;Z)Ljava/lang/PublicMethods$MethodList; @ 21 c2
Event: 317.325 Thread 0x000001f01b4cfd50 DEOPT PACKING pc=0x000001f00d609468 sp=0x000000a336efda80
Event: 317.325 Thread 0x000001f01b4cfd50 DEOPT UNPACKING pc=0x000001f005b023a3 sp=0x000000a336efda38 mode 2
Event: 317.325 Thread 0x000001f01b4cfd50 Uncommon trap: trap_request=0xffffffbe fr.pc=0x000001f00d609468 relative=0x0000000000000728
Event: 317.325 Thread 0x000001f01b4cfd50 Uncommon trap: reason=profile_predicate action=maybe_recompile pc=0x000001f00d609468 method=java.lang.PublicMethods$MethodList.filter([Ljava/lang/reflect/Method;Ljava/lang/String;[Ljava/lang/Class;Z)Ljava/lang/PublicMethods$MethodList; @ 21 c2
Event: 317.325 Thread 0x000001f01b4cfd50 DEOPT PACKING pc=0x000001f00d609468 sp=0x000000a336efd9d0
Event: 317.325 Thread 0x000001f01b4cfd50 DEOPT UNPACKING pc=0x000001f005b023a3 sp=0x000000a336efd988 mode 2
Event: 317.325 Thread 0x000001f01b4cfd50 Uncommon trap: trap_request=0xffffffbe fr.pc=0x000001f00d609468 relative=0x0000000000000728
Event: 317.325 Thread 0x000001f01b4cfd50 Uncommon trap: reason=profile_predicate action=maybe_recompile pc=0x000001f00d609468 method=java.lang.PublicMethods$MethodList.filter([Ljava/lang/reflect/Method;Ljava/lang/String;[Ljava/lang/Class;Z)Ljava/lang/PublicMethods$MethodList; @ 21 c2
Event: 317.325 Thread 0x000001f01b4cfd50 DEOPT PACKING pc=0x000001f00d609468 sp=0x000000a336efd920
Event: 317.325 Thread 0x000001f01b4cfd50 DEOPT UNPACKING pc=0x000001f005b023a3 sp=0x000000a336efd8d8 mode 2
Event: 317.325 Thread 0x000001f01b4cfd50 Uncommon trap: trap_request=0xffffffbe fr.pc=0x000001f00d609468 relative=0x0000000000000728
Event: 317.325 Thread 0x000001f01b4cfd50 Uncommon trap: reason=profile_predicate action=maybe_recompile pc=0x000001f00d609468 method=java.lang.PublicMethods$MethodList.filter([Ljava/lang/reflect/Method;Ljava/lang/String;[Ljava/lang/Class;Z)Ljava/lang/PublicMethods$MethodList; @ 21 c2
Event: 317.325 Thread 0x000001f01b4cfd50 DEOPT PACKING pc=0x000001f00d609468 sp=0x000000a336efd920
Event: 317.325 Thread 0x000001f01b4cfd50 DEOPT UNPACKING pc=0x000001f005b023a3 sp=0x000000a336efd8d8 mode 2

Classes unloaded (0 events):
No events

Classes redefined (0 events):
No events

Internal exceptions (20 events):
Event: 0.239 Thread 0x000001f0023cfb30 Exception <a 'java/io/FileNotFoundException'{0x00000000d8d38328}> (0x00000000d8d38328) 
thrown [s\src\hotspot\share\prims\jni.cpp, line 517]
Event: 0.275 Thread 0x000001f0023cfb30 Exception <a 'java/lang/NoSuchMethodError'{0x00000000d8d70c40}: 'java.lang.Object java.lang.invoke.DirectMethodHandle$Holder.invokeStaticInit(java.lang.Object)'> (0x00000000d8d70c40) 
thrown [s\src\hotspot\share\interpreter\linkResolver.cpp, line 771]
Event: 0.333 Thread 0x000001f0023cfb30 Exception <a 'java/lang/NoSuchMethodError'{0x00000000d8c6a908}: 'java.lang.Object java.lang.invoke.DirectMethodHandle$Holder.invokeStaticInit(java.lang.Object, int, int, int, int)'> (0x00000000d8c6a908) 
thrown [s\src\hotspot\share\interpreter\linkResolver.cpp, line 771]
Event: 0.371 Thread 0x000001f0023cfb30 Exception <a 'java/lang/NoSuchMethodError'{0x00000000d8b505b8}: 'java.lang.Object java.lang.invoke.DirectMethodHandle$Holder.invokeStaticInit(java.lang.Object, java.lang.Object, int, int, int, int)'> (0x00000000d8b505b8) 
thrown [s\src\hotspot\share\interpreter\linkResolver.cpp, line 771]
Event: 0.390 Thread 0x000001f0023cfb30 Exception <a 'java/lang/NoSuchMethodError'{0x00000000d8b8a968}: 'void java.lang.invoke.DirectMethodHandle$Holder.invokeStatic(java.lang.Object, java.lang.Object)'> (0x00000000d8b8a968) 
thrown [s\src\hotspot\share\interpreter\linkResolver.cpp, line 771]
Event: 0.419 Thread 0x000001f0023cfb30 Exception <a 'java/lang/NoSuchMethodError'{0x00000000d8916360}: 'java.lang.Object java.lang.invoke.Invokers$Holder.linkToTargetMethod(java.lang.Object, long, java.lang.Object)'> (0x00000000d8916360) 
thrown [s\src\hotspot\share\interpreter\linkResolver.cpp, line 771]
Event: 0.453 Thread 0x000001f01b4cfd50 Exception <a 'java/lang/NoSuchMethodError'{0x00000000d8825fb8}: static [B.<clinit>()V> (0x00000000d8825fb8) 
thrown [s\src\hotspot\share\prims\jni.cpp, line 1108]
Event: 0.462 Thread 0x000001f01b4cfd50 Exception <a 'java/lang/NoSuchMethodError'{0x00000000d8857418}: static [Ljava/rmi/server/ObjID;.<clinit>()V> (0x00000000d8857418) 
thrown [s\src\hotspot\share\prims\jni.cpp, line 1108]
Event: 0.463 Thread 0x000001f01b4d0220 Exception <a 'java/lang/InterruptedException'{0x00000000d88d7980}> (0x00000000d88d7980) 
thrown [s\src\hotspot\share\runtime\objectMonitor.cpp, line 1648]
Event: 0.464 Thread 0x000001f01b4d0220 Exception <a 'java/lang/NoSuchMethodError'{0x00000000d88e0120}: 'java.lang.Object java.lang.invoke.DirectMethodHandle$Holder.newInvokeSpecial(java.lang.Object, java.lang.Object, int, java.lang.Object, long)'> (0x00000000d88e0120) 
thrown [s\src\hotspot\share\interpreter\linkResolver.cpp, line 771]
Event: 0.564 Thread 0x000001f01b4cfd50 Exception <a 'java/lang/NoSuchMethodError'{0x00000000d84f4760}: 'java.lang.Object java.lang.invoke.DirectMethodHandle$Holder.invokeInterface(java.lang.Object, java.lang.Object)'> (0x00000000d84f4760) 
thrown [s\src\hotspot\share\interpreter\linkResolver.cpp, line 771]
Event: 0.886 Thread 0x000001f01b4cfd50 Exception <a 'java/lang/reflect/InvocationTargetException'{0x00000000d7f60608}> (0x00000000d7f60608) 
thrown [s\src\hotspot\share\runtime\reflection.cpp, line 1127]
Event: 0.889 Thread 0x000001f01b4cfd50 Exception <a 'java/lang/NoSuchMethodError'{0x00000000d7f89098}: static Lcom/intellij/execution/rmi/RemoteObject$ForeignException;.<clinit>()V> (0x00000000d7f89098) 
thrown [s\src\hotspot\share\prims\jni.cpp, line 1108]
Event: 0.890 Thread 0x000001f01b4cfd50 Exception <a 'java/lang/NoSuchMethodError'{0x00000000d7f966b0}: static [Ljava/lang/StackTraceElement;.<clinit>()V> (0x00000000d7f966b0) 
thrown [s\src\hotspot\share\prims\jni.cpp, line 1108]
Event: 5.738 Thread 0x000001f01b4d1560 Exception <a 'java/lang/NoSuchMethodError'{0x00000000d8fc8140}: 'void java.lang.invoke.DirectMethodHandle$Holder.invokeSpecial(java.lang.Object, java.lang.Object, java.lang.Object)'> (0x00000000d8fc8140) 
thrown [s\src\hotspot\share\interpreter\linkResolver.cpp, line 771]
Event: 38.259 Thread 0x000001f01b4cfd50 Exception <a 'java/lang/NoSuchMethodError'{0x00000000d8ac5528}: static Lcom/intellij/database/remote/jdbc/RemoteResultSet$DataRetrievingOptions;.<clinit>()V> (0x00000000d8ac5528) 
thrown [s\src\hotspot\share\prims\jni.cpp, line 1108]
Event: 38.450 Thread 0x000001f01b4cfd50 Exception <a 'java/lang/NoSuchMethodError'{0x00000000d87b3f58}: static [Ljava/lang/Object;.<clinit>()V> (0x00000000d87b3f58) 
thrown [s\src\hotspot\share\prims\jni.cpp, line 1108]
Event: 38.483 Thread 0x000001f01b4cfd50 Exception <a 'java/lang/NoSuchMethodError'{0x00000000d8671560}: 'java.lang.Object java.lang.invoke.DirectMethodHandle$Holder.invokeSpecial(java.lang.Object, java.lang.Object, java.lang.Object, java.lang.Object, int)'> (0x00000000d8671560) 
thrown [s\src\hotspot\share\interpreter\linkResolver.cpp, line 771]
Event: 38.483 Thread 0x000001f01b4cfd50 Exception <a 'java/lang/NoSuchMethodError'{0x00000000d8675128}: 'java.lang.Object java.lang.invoke.Invokers$Holder.linkToTargetMethod(java.lang.Object, java.lang.Object, int, java.lang.Object)'> (0x00000000d8675128) 
thrown [s\src\hotspot\share\interpreter\linkResolver.cpp, line 771]
Event: 317.287 Thread 0x000001f01b4cfd50 Exception <a 'java/lang/reflect/InvocationTargetException'{0x00000000d830af28}> (0x00000000d830af28) 
thrown [s\src\hotspot\share\runtime\reflection.cpp, line 1127]

VM Operations (20 events):
Event: 181.426 Executing VM operation: Cleanup
Event: 181.426 Executing VM operation: Cleanup done
Event: 199.440 Executing VM operation: Cleanup
Event: 199.440 Executing VM operation: Cleanup done
Event: 200.440 Executing VM operation: Cleanup
Event: 200.440 Executing VM operation: Cleanup done
Event: 208.444 Executing VM operation: Cleanup
Event: 208.444 Executing VM operation: Cleanup done
Event: 289.480 Executing VM operation: Cleanup
Event: 289.480 Executing VM operation: Cleanup done
Event: 300.484 Executing VM operation: Cleanup
Event: 300.485 Executing VM operation: Cleanup done
Event: 307.488 Executing VM operation: Cleanup
Event: 307.488 Executing VM operation: Cleanup done
Event: 316.491 Executing VM operation: Cleanup
Event: 316.491 Executing VM operation: Cleanup done
Event: 317.492 Executing VM operation: Cleanup
Event: 317.492 Executing VM operation: Cleanup done
Event: 318.492 Executing VM operation: Cleanup
Event: 318.493 Executing VM operation: Cleanup done

Events (20 events):
Event: 198.772 Thread 0x000001f01b4d1560 Thread added: 0x000001f01b4d1560
Event: 198.802 Thread 0x000001f01b4d1560 Thread exited: 0x000001f01b4d1560
Event: 198.803 Thread 0x000001f01b4ce070 Thread added: 0x000001f01b4ce070
Event: 198.831 Thread 0x000001f01b4ce070 Thread exited: 0x000001f01b4ce070
Event: 198.832 Thread 0x000001f01b4ceee0 Thread added: 0x000001f01b4ceee0
Event: 198.861 Thread 0x000001f01b4ceee0 Thread exited: 0x000001f01b4ceee0
Event: 199.822 Thread 0x000001f01b4d1560 Thread added: 0x000001f01b4d1560
Event: 199.975 Thread 0x000001f01b4d1a30 Thread added: 0x000001f01b4d1a30
Event: 200.004 Thread 0x000001f01b4d1a30 Thread exited: 0x000001f01b4d1a30
Event: 213.176 Thread 0x000001f01b4ceee0 Thread added: 0x000001f01b4ceee0
Event: 213.176 Thread 0x000001f01b4d1a30 Thread added: 0x000001f01b4d1a30
Event: 213.178 Thread 0x000001f01b4d1a30 Thread exited: 0x000001f01b4d1a30
Event: 213.179 Thread 0x000001f01b4ceee0 Thread exited: 0x000001f01b4ceee0
Event: 218.373 Thread 0x000001f01b4ceee0 Thread added: 0x000001f01b4ceee0
Event: 219.401 Thread 0x000001f01b4ceee0 Thread exited: 0x000001f01b4ceee0
Event: 259.953 Thread 0x000001f01b4d1560 Thread exited: 0x000001f01b4d1560
Event: 317.294 Thread 0x000001f01b4d1560 Thread added: 0x000001f01b4d1560
Event: 317.323 Thread 0x000001f01b4d1560 Thread exited: 0x000001f01b4d1560
Event: 317.539 Thread 0x000001f01b4d1560 Thread added: 0x000001f01b4d1560
Event: 317.567 Thread 0x000001f01b4d1560 Thread exited: 0x000001f01b4d1560


Dynamic libraries:
0x00007ff6bb370000 - 0x00007ff6bb37a000 	D:\DataSoft\JetBox\apps\datagrip\ch-0\222.4167.25\jbr\bin\java.exe
0x00007ffc0de70000 - 0x00007ffc0e068000 	C:\WINDOWS\SYSTEM32\ntdll.dll
0x00007ffc0d490000 - 0x00007ffc0d54f000 	C:\WINDOWS\System32\KERNEL32.DLL
0x00007ffc0b850000 - 0x00007ffc0bb46000 	C:\WINDOWS\System32\KERNELBASE.dll
0x00007ffc0b750000 - 0x00007ffc0b850000 	C:\WINDOWS\System32\ucrtbase.dll
0x00007ffc07d80000 - 0x00007ffc07d97000 	D:\DataSoft\JetBox\apps\datagrip\ch-0\222.4167.25\jbr\bin\jli.dll
0x00007ffc07da0000 - 0x00007ffc07dbb000 	D:\DataSoft\JetBox\apps\datagrip\ch-0\222.4167.25\jbr\bin\VCRUNTIME140.dll
0x00007ffc0d830000 - 0x00007ffc0d9cd000 	C:\WINDOWS\System32\USER32.dll
0x00007ffc0b720000 - 0x00007ffc0b742000 	C:\WINDOWS\System32\win32u.dll
0x00007ffc0d670000 - 0x00007ffc0d69c000 	C:\WINDOWS\System32\GDI32.dll
0x00007ffbfe4b0000 - 0x00007ffbfe74a000 	C:\WINDOWS\WinSxS\amd64_microsoft.windows.common-controls_6595b64144ccf1df_6.0.19041.1110_none_60b5254171f9507e\COMCTL32.dll
0x00007ffc0b600000 - 0x00007ffc0b715000 	C:\WINDOWS\System32\gdi32full.dll
0x00007ffc0da30000 - 0x00007ffc0dace000 	C:\WINDOWS\System32\msvcrt.dll
0x00007ffc0be30000 - 0x00007ffc0becd000 	C:\WINDOWS\System32\msvcp_win.dll
0x00007ffc0d380000 - 0x00007ffc0d3b0000 	C:\WINDOWS\System32\IMM32.DLL
0x00007ffc0b280000 - 0x00007ffc0b2ef000 	C:\WINDOWS\LVUAAgentInstBaseRoot\system32\Vozokopot.dll
0x00007ffc07d50000 - 0x00007ffc07d5c000 	D:\DataSoft\JetBox\apps\datagrip\ch-0\222.4167.25\jbr\bin\vcruntime140_1.dll
0x00007ffbe1b70000 - 0x00007ffbe1bfd000 	D:\DataSoft\JetBox\apps\datagrip\ch-0\222.4167.25\jbr\bin\msvcp140.dll
0x00007ffb90890000 - 0x00007ffb914f9000 	D:\DataSoft\JetBox\apps\datagrip\ch-0\222.4167.25\jbr\bin\server\jvm.dll
0x00007ffc0d2d0000 - 0x00007ffc0d37f000 	C:\WINDOWS\System32\ADVAPI32.dll
0x00007ffc0c870000 - 0x00007ffc0c90c000 	C:\WINDOWS\System32\sechost.dll
0x00007ffc0c910000 - 0x00007ffc0ca36000 	C:\WINDOWS\System32\RPCRT4.dll
0x00007ffc0c860000 - 0x00007ffc0c868000 	C:\WINDOWS\System32\PSAPI.DLL
0x00007ffbf5c70000 - 0x00007ffbf5c79000 	C:\WINDOWS\SYSTEM32\WSOCK32.dll
0x00007ffbf6420000 - 0x00007ffbf6447000 	C:\WINDOWS\SYSTEM32\WINMM.dll
0x00007ffc0d000000 - 0x00007ffc0d06b000 	C:\WINDOWS\System32\WS2_32.dll
0x00007ffc061d0000 - 0x00007ffc061da000 	C:\WINDOWS\SYSTEM32\VERSION.dll
0x00007ffbfe130000 - 0x00007ffbfe4a8000 	C:\WINDOWS\LVUAAgentInstBaseRoot\system32\MozartBreathCore.dll
0x00007ffc0c780000 - 0x00007ffc0c85a000 	C:\WINDOWS\System32\COMDLG32.dll
0x00007ffc0dad0000 - 0x00007ffc0de24000 	C:\WINDOWS\System32\combase.dll
0x00007ffc0bf80000 - 0x00007ffc0c02d000 	C:\WINDOWS\System32\shcore.dll
0x00007ffc08ac0000 - 0x00007ffc08ad4000 	C:\WINDOWS\SYSTEM32\WTSAPI32.dll
0x00007ffc0a920000 - 0x00007ffc0a95c000 	C:\WINDOWS\SYSTEM32\IPHLPAPI.DLL
0x00007ffbfc7b0000 - 0x00007ffbfc7cd000 	C:\WINDOWS\SYSTEM32\MPR.dll
0x00007ffc0d6a0000 - 0x00007ffc0d6f5000 	C:\WINDOWS\System32\SHLWAPI.dll
0x00007ffc0c030000 - 0x00007ffc0c774000 	C:\WINDOWS\System32\SHELL32.dll
0x00007ffbfe090000 - 0x00007ffbfe128000 	C:\WINDOWS\SYSTEM32\WINSPOOL.DRV
0x00007ffc0a960000 - 0x00007ffc0aa2b000 	C:\WINDOWS\SYSTEM32\DNSAPI.dll
0x00007ffc0d700000 - 0x00007ffc0d82a000 	C:\WINDOWS\System32\ole32.dll
0x00007ffc0ca40000 - 0x00007ffc0cb0d000 	C:\WINDOWS\System32\OLEAUT32.dll
0x00007ffc0d2c0000 - 0x00007ffc0d2c8000 	C:\WINDOWS\System32\NSI.dll
0x00007ffc09330000 - 0x00007ffc09342000 	C:\WINDOWS\SYSTEM32\kernel.appcore.dll
0x00007ffbf59f0000 - 0x00007ffbf5a0f000 	C:\WINDOWS\LVUAAgentInstBaseRoot\system32\MozartBreathOM.dll
0x00007ffc04f40000 - 0x00007ffc04f4a000 	D:\DataSoft\JetBox\apps\datagrip\ch-0\222.4167.25\jbr\bin\jimage.dll
0x00007ffbf9d40000 - 0x00007ffbf9f24000 	C:\WINDOWS\SYSTEM32\DBGHELP.DLL
0x00007ffbf8cb0000 - 0x00007ffbf8ce4000 	C:\WINDOWS\SYSTEM32\dbgcore.DLL
0x00007ffc0bd30000 - 0x00007ffc0bdb2000 	C:\WINDOWS\System32\bcryptPrimitives.dll
0x00007ffbf5310000 - 0x00007ffbf5337000 	C:\WINDOWS\LVUAAgentInstBaseRoot\system32\MozartBreathFw.dll
0x00007ffbf5130000 - 0x00007ffbf519d000 	C:\WINDOWS\LVUAAgentInstBaseRoot\system32\MozartBreathFile.dll
0x00007ffbf4010000 - 0x00007ffbf413d000 	C:\WINDOWS\LVUAAgentInstBaseRoot\system32\MozartBreathProcess.dll
0x00007ffbf3ad0000 - 0x00007ffbf3b47000 	C:\WINDOWS\LVUAAgentInstBaseRoot\system32\MozartBreathBolo2.dll
0x00007ffbf3790000 - 0x00007ffbf37bb000 	C:\WINDOWS\LVUAAgentInstBaseRoot\system32\MozartBreathProtect.dll
0x00007ffbcd570000 - 0x00007ffbcd595000 	D:\DataSoft\JetBox\apps\datagrip\ch-0\222.4167.25\jbr\bin\java.dll
0x00007ffbf88a0000 - 0x00007ffbf88b8000 	D:\DataSoft\JetBox\apps\datagrip\ch-0\222.4167.25\jbr\bin\zip.dll
0x00007ffc09530000 - 0x00007ffc09cc3000 	C:\WINDOWS\SYSTEM32\windows.storage.dll
0x00007ffc0aed0000 - 0x00007ffc0aefe000 	C:\WINDOWS\System32\Wldp.dll
0x00007ffc0b490000 - 0x00007ffc0b4af000 	C:\WINDOWS\SYSTEM32\profapi.dll
0x00007ffbdcf90000 - 0x00007ffbdcfa9000 	D:\DataSoft\JetBox\apps\datagrip\ch-0\222.4167.25\jbr\bin\net.dll
0x00007ffc06280000 - 0x00007ffc0638a000 	C:\WINDOWS\SYSTEM32\WINHTTP.dll
0x00007ffc0ac30000 - 0x00007ffc0ac9a000 	C:\WINDOWS\system32\mswsock.dll
0x00007ffbd03c0000 - 0x00007ffbd03d6000 	D:\DataSoft\JetBox\apps\datagrip\ch-0\222.4167.25\jbr\bin\nio.dll
0x00007ffb937c0000 - 0x00007ffb93953000 	D:\DataSoft\JetBox\apps\datagrip\ch-0\222.4167.25\jbr\bin\awt.dll
0x00007ffc09150000 - 0x00007ffc0917f000 	C:\WINDOWS\SYSTEM32\dwmapi.dll
0x00007ffc08a20000 - 0x00007ffc08ab1000 	C:\WINDOWS\SYSTEM32\apphelp.dll
0x00007ffc08e60000 - 0x00007ffc08efe000 	C:\WINDOWS\system32\uxtheme.dll
0x00007ffbd7e80000 - 0x00007ffbd7f59000 	c:\Program Files\HP\HP ProtectTools Security Manager\Bin\DpoFeedb.dll
0x00007ffc0b410000 - 0x00007ffc0b43e000 	C:\WINDOWS\SYSTEM32\USERENV.dll
0x00007ffc0d550000 - 0x00007ffc0d664000 	C:\WINDOWS\System32\MSCTF.dll
0x0000000180000000 - 0x0000000180044000 	C:\WINDOWS\LVUAAgentInstBaseRoot\system32\OverlordSpear.dll
0x00007ffc06a70000 - 0x00007ffc06a87000 	C:\WINDOWS\SYSTEM32\dhcpcsvc6.DLL
0x00007ffc06a50000 - 0x00007ffc06a6d000 	C:\WINDOWS\SYSTEM32\dhcpcsvc.DLL
0x00007ffc0ae20000 - 0x00007ffc0ae38000 	C:\WINDOWS\SYSTEM32\CRYPTSP.dll
0x00007ffc0a550000 - 0x00007ffc0a584000 	C:\WINDOWS\system32\rsaenh.dll
0x00007ffc0bba0000 - 0x00007ffc0bbc7000 	C:\WINDOWS\System32\bcrypt.dll
0x00007ffc0ae40000 - 0x00007ffc0ae4c000 	C:\WINDOWS\SYSTEM32\CRYPTBASE.dll
0x00007ffc05210000 - 0x00007ffc05217000 	D:\DataSoft\JetBox\apps\datagrip\ch-0\222.4167.25\jbr\bin\rmi.dll
0x00007ffc04f30000 - 0x00007ffc04f40000 	D:\DataSoft\JetBox\apps\datagrip\ch-0\222.4167.25\jbr\bin\verify.dll
0x00007ffc05530000 - 0x00007ffc0553a000 	C:\Windows\System32\rasadhlp.dll
0x00007ffc06ad0000 - 0x00007ffc06b52000 	C:\WINDOWS\System32\fwpuclnt.dll

dbghelp: loaded successfully - version: 4.0.5 - missing functions: none
symbol engine: initialized successfully - sym options: 0x614 - pdb path: .;D:\DataSoft\JetBox\apps\datagrip\ch-0\222.4167.25\jbr\bin;C:\WINDOWS\SYSTEM32;C:\WINDOWS\WinSxS\amd64_microsoft.windows.common-controls_6595b64144ccf1df_6.0.19041.1110_none_60b5254171f9507e;C:\WINDOWS\LVUAAgentInstBaseRoot\system32;D:\DataSoft\JetBox\apps\datagrip\ch-0\222.4167.25\jbr\bin\server;c:\Program Files\HP\HP ProtectTools Security Manager\Bin

VM Arguments:
jvm_args: -Dawt.toolkit=com.intellij.desktop.DesktopActionsToolkit -Djava.rmi.server.hostname=127.0.0.1 -Duser.timezone=UTC -Xmx750m -Xms128m --add-exports=java.desktop/sun.awt=ALL-UNNAMED --add-exports=java.desktop/java.awt.peer=ALL-UNNAMED --add-opens=java.desktop/java.awt=ALL-UNNAMED --add-opens=jdk.unsupported/sun.misc=ALL-UNNAMED --add-opens=java.base/java.nio=ALL-UNNAMED -Dfile.encoding=UTF-8 
java_command: com.intellij.database.remote.RemoteJdbcServer com.cloudera.impala.jdbc41.Driver
java_class_path (initial): D:\DataSoft\JetBox\apps\datagrip\ch-0\222.4167.25\lib\util_rt.jar;D:\DataSoft\JetBox\apps\datagrip\ch-0\222.4167.25\lib\util.jar;D:\DataSoft\JetBox\apps\datagrip\ch-0\222.4167.25\lib\groovy.jar;D:\DataSoft\JetBox\apps\datagrip\ch-0\222.4167.25\plugins\DatabaseTools\lib\jdbc-console.jar;D:\DataSoft\DBeaver\jre\lib\ImpalaJDBC41-2.6.3.jar
Launcher Type: SUN_STANDARD

[Global flags]
     intx CICompilerCount                          = 3                                         {product} {ergonomic}
     uint ConcGCThreads                            = 2                                         {product} {ergonomic}
     uint G1ConcRefinementThreads                  = 6                                         {product} {ergonomic}
   size_t G1HeapRegionSize                         = 1048576                                   {product} {ergonomic}
    uintx GCDrainStackTargetSize                   = 64                                        {product} {ergonomic}
   size_t InitialHeapSize                          = 134217728                                 {product} {command line}
   size_t MarkStackSize                            = 4194304                                   {product} {ergonomic}
   size_t MaxHeapSize                              = 786432000                                 {product} {command line}
   size_t MaxNewSize                               = 471859200                                 {product} {ergonomic}
   size_t MinHeapDeltaBytes                        = 1048576                                   {product} {ergonomic}
   size_t MinHeapSize                              = 134217728                                 {product} {command line}
    uintx NonNMethodCodeHeapSize                   = 5832780                                {pd product} {ergonomic}
    uintx NonProfiledCodeHeapSize                  = 122912730                              {pd product} {ergonomic}
    uintx ProfiledCodeHeapSize                     = 122912730                              {pd product} {ergonomic}
    uintx ReservedCodeCacheSize                    = 251658240                              {pd product} {ergonomic}
     bool SegmentedCodeCache                       = true                                      {product} {ergonomic}
   size_t SoftMaxHeapSize                          = 786432000                              {manageable} {ergonomic}
     bool UseCompressedClassPointers               = true                           {product lp64_product} {ergonomic}
     bool UseCompressedOops                        = true                           {product lp64_product} {ergonomic}
     bool UseG1GC                                  = true                                      {product} {ergonomic}
     bool UseLargePagesIndividualAllocation        = false                                  {pd product} {ergonomic}

Logging:
Log output configuration:
 #0: stdout all=warning uptime,level,tags
 #1: stderr all=off uptime,level,tags

Environment Variables:
JAVA_HOME=D:\Program Files (x86)\Java\jdk1.8.0_181
PATH=C:\Program Files\Microsoft\jdk-11.0.16.101-hotspot\bin;C:\Program Files (x86)\Common Files\Oracle\Java\javapath;C:\WINDOWS\system32;C:\WINDOWS;C:\WINDOWS\System32\Wbem;C:\WINDOWS\System32\WindowsPowerShell\v1.0\;C:\WINDOWS\System32\OpenSSH\;D:\Program Files (x86)\Java\jdk1.8.0_181\bin;D:\Program Files (x86)\Java\jdk1.8.0_181\jre\bin;C:\Program Files (x86)\Microsoft SQL Server\150\DTS\Binn\;C:\Program Files\Microsoft SQL Server\130\Tools\Binn\;D:\Program Files\Git\cmd;D:\Program Files\TortoiseGit\bin;D:\Program Files\apache-maven-3.8.1\bin\;C:\Program Files\MySQL\MySQL Server 5.7\bin;D:\DataSoft\scala\bin;D:\DataSoft\scala\bin;D:\DataSoft\scala\jre\bin;C:\Program Files (x86)\Intel\Intel(R) Management Engine Components\DAL;C:\Program Files\Intel\Intel(R) Management Engine Components\DAL;E:\LinuxOS\Xftp\;D:\DataSoft\python;D:\DataSoft\python\Lib;D:\DataSoft\python\Scripts;C:\Program Files\Microsoft SQL Server\150\Tools\Binn\;C:\Program Files\Microsoft SQL Server\Client SDK\ODBC\170\Tools\Binn\;C:\Program Files\dotnet\;D:\Program Files (x86)\IncrediBuild;D:\Program Files\Visual Studio\VC\Tools\MSVC\14.35.32215\bin\Hostx64\x64;E:\LinuxOS\Xshell\;C:\Users\DMC8612144\AppData\Local\Microsoft\WindowsApps;
USERNAME=DMC8612144
OS=Windows_NT
PROCESSOR_IDENTIFIER=Intel64 Family 6 Model 158 Stepping 10, GenuineIntel
TMP=C:\Users\DMC861~1\AppData\Local\Temp
TEMP=C:\Users\DMC861~1\AppData\Local\Temp



---------------  S Y S T E M  ---------------

OS:
 Windows 10 , 64 bit Build 19041 (10.0.19041.2913)
OS uptime: 4 days 4:04 hours

CPU: total 6 (initial active 6) (6 cores per cpu, 1 threads per core) family 6 model 158 stepping 10 microcode 0xb4, cx8, cmov, fxsr, mmx, 3dnowpref, sse, sse2, sse3, ssse3, sse4.1, sse4.2, popcnt, lzcnt, tsc, tscinvbit, avx, avx2, aes, erms, clmul, bmi1, bmi2, rtm, adx, fma, vzeroupper, clflush, clflushopt

Memory: 4k page, system-wide physical 16227M (3827M free)
TotalPageFile size 20323M (AvailPageFile size 3M)
current process WorkingSet (physical memory assigned to process): 103M, peak: 113M
current process commit charge ("private bytes"): 233M, peak: 246M

vm_info: OpenJDK 64-Bit Server VM (17.0.4+7-b469.53) for windows-amd64 JRE (17.0.4+7-b469.53), built on 2022-08-29 by "builduser" with MS VC++ 16.10 / 16.11 (VS2019)

END.
