#
# There is insufficient memory for the Java Runtime Environment to continue.
# Native memory allocation (malloc) failed to allocate 32744 bytes for ChunkPool::allocate
# Possible reasons:
#   The system is out of physical RAM or swap space
#   The process is running with CompressedOops enabled, and the Java Heap may be blocking the growth of the native heap
# Possible solutions:
#   Reduce memory load on the system
#   Increase physical memory or swap space
#   Check if swap backing store is full
#   Decrease Java heap size (-Xmx/-Xms)
#   Decrease number of Java threads
#   Decrease Java thread stack sizes (-Xss)
#   Set larger code cache with -XX:ReservedCodeCacheSize=
#   JVM is running with Unscaled Compressed Oops mode in which the Java heap is
#     placed in the first 4GB address space. The Java Heap base address is the
#     maximum limit for the native heap growth. Please use -XX:HeapBaseMinAddress
#     to set the Java Heap base and to place the Java Heap above 4GB virtual address.
# This output file may be truncated or incomplete.
#
#  Out of Memory Error (arena.cpp:78), pid=11428, tid=10308
#
# JRE version: OpenJDK Runtime Environment JBR-17.0.4+7-469.53-jcef (17.0.4+7) (build 17.0.4+7-b469.53)
# Java VM: OpenJDK 64-Bit Server VM JBR-17.0.4+7-469.53-jcef (17.0.4+7-b469.53, mixed mode, tiered, compressed oops, compressed class ptrs, g1 gc, windows-amd64)
# No core dump will be written. Minidumps are not enabled by default on client versions of Windows
#

---------------  S U M M A R Y ------------

Command Line: -Dawt.toolkit=com.intellij.desktop.DesktopActionsToolkit -Djava.rmi.server.hostname=127.0.0.1 -Duser.timezone=UTC -Xmx750m -Xms128m --add-exports=java.desktop/sun.awt=ALL-UNNAMED --add-exports=java.desktop/java.awt.peer=ALL-UNNAMED --add-opens=java.desktop/java.awt=ALL-UNNAMED --add-opens=jdk.unsupported/sun.misc=ALL-UNNAMED --add-opens=java.base/java.nio=ALL-UNNAMED -Dfile.encoding=GBK com.intellij.database.remote.RemoteJdbcServer org.apache.hive.jdbc.HiveDriver

Host: Intel(R) Core(TM) i5-8500 CPU @ 3.00GHz, 6 cores, 15G,  Windows 10 , 64 bit Build 19041 (10.0.19041.2546)
Time: Thu Feb 23 17:57:23 2023  Windows 10 , 64 bit Build 19041 (10.0.19041.2546) elapsed time: 182250.097756 seconds (2d 2h 37m 30s)

---------------  T H R E A D  ---------------

Current thread (0x0000024b046e45e0):  JavaThread "AWT-Windows" daemon [_thread_in_vm, id=10308, stack(0x000000dc83900000,0x000000dc83a00000)]

Stack: [0x000000dc83900000,0x000000dc83a00000]
Native frames: (J=compiled Java code, j=interpreted, Vv=VM code, C=native code)
V  [jvm.dll+0x68348a]
V  [jvm.dll+0x83faf4]
V  [jvm.dll+0x84129e]
V  [jvm.dll+0x841903]
V  [jvm.dll+0x2494a5]
V  [jvm.dll+0xabf7c]
V  [jvm.dll+0xac32c]
V  [jvm.dll+0x2c3a9f]
V  [jvm.dll+0x2c30ae]
V  [jvm.dll+0x1eeb05]
V  [jvm.dll+0x1e3885]
V  [jvm.dll+0x547c8d]
V  [jvm.dll+0x7ba68f]
V  [jvm.dll+0x7ba5d4]
V  [jvm.dll+0x4128ee]
V  [jvm.dll+0x42630c]
C  [java.dll+0x1657]

Java frames: (J=compiled Java code, j=interpreted, Vv=VM code)
j  java.lang.ClassLoader.defineClass0(Ljava/lang/ClassLoader;Ljava/lang/Class;Ljava/lang/String;[BIILjava/security/ProtectionDomain;ZILjava/lang/Object;)Ljava/lang/Class;+0 java.base@17.0.4
j  java.lang.System$2.defineClass(Ljava/lang/ClassLoader;Ljava/lang/Class;Ljava/lang/String;[BLjava/security/ProtectionDomain;ZILjava/lang/Object;)Ljava/lang/Class;+17 java.base@17.0.4
j  java.lang.invoke.MethodHandles$Lookup$ClassDefiner.defineClass(ZLjava/lang/Object;)Ljava/lang/Class;+54 java.base@17.0.4
j  java.lang.invoke.MethodHandles$Lookup$ClassDefiner.defineClassAsLookup(Z)Ljava/lang/invoke/MethodHandles$Lookup;+3 java.base@17.0.4
j  java.lang.invoke.MethodHandles$Lookup.defineHiddenClass([BZ[Ljava/lang/invoke/MethodHandles$Lookup$ClassOption;)Ljava/lang/invoke/MethodHandles$Lookup;+65 java.base@17.0.4
j  java.lang.invoke.InnerClassLambdaMetafactory.generateInnerClass()Ljava/lang/Class;+580 java.base@17.0.4
j  java.lang.invoke.InnerClassLambdaMetafactory.spinInnerClass()Ljava/lang/Class;+107 java.base@17.0.4
j  java.lang.invoke.InnerClassLambdaMetafactory.buildCallSite()Ljava/lang/invoke/CallSite;+1 java.base@17.0.4
j  java.lang.invoke.LambdaMetafactory.metafactory(Ljava/lang/invoke/MethodHandles$Lookup;Ljava/lang/String;Ljava/lang/invoke/MethodType;Ljava/lang/invoke/MethodType;Ljava/lang/invoke/MethodHandle;Ljava/lang/invoke/MethodType;)Ljava/lang/invoke/CallSite;+67 java.base@17.0.4
j  java.lang.invoke.LambdaForm$DMH+0x0000000100276400.invokeStatic(Ljava/lang/Object;Ljava/lang/Object;Ljava/lang/Object;Ljava/lang/Object;Ljava/lang/Object;Ljava/lang/Object;Ljava/lang/Object;)Ljava/lang/Object;+27 java.base@17.0.4
j  java.lang.invoke.Invokers$Holder.invokeExact_MT(Ljava/lang/Object;Ljava/lang/Object;Ljava/lang/Object;Ljava/lang/Object;Ljava/lang/Object;Ljava/lang/Object;Ljava/lang/Object;Ljava/lang/Object;)Ljava/lang/Object;+28 java.base@17.0.4
j  java.lang.invoke.BootstrapMethodInvoker.invoke(Ljava/lang/Class;Ljava/lang/invoke/MethodHandle;Ljava/lang/String;Ljava/lang/Object;Ljava/lang/Object;Ljava/lang/Class;)Ljava/lang/Object;+319 java.base@17.0.4
j  java.lang.invoke.CallSite.makeSite(Ljava/lang/invoke/MethodHandle;Ljava/lang/String;Ljava/lang/invoke/MethodType;Ljava/lang/Object;Ljava/lang/Class;)Ljava/lang/invoke/CallSite;+8 java.base@17.0.4
j  java.lang.invoke.MethodHandleNatives.linkCallSiteImpl(Ljava/lang/Class;Ljava/lang/invoke/MethodHandle;Ljava/lang/String;Ljava/lang/invoke/MethodType;Ljava/lang/Object;[Ljava/lang/Object;)Ljava/lang/invoke/MemberName;+6 java.base@17.0.4
j  java.lang.invoke.MethodHandleNatives.linkCallSite(Ljava/lang/Object;ILjava/lang/Object;Ljava/lang/Object;Ljava/lang/Object;Ljava/lang/Object;[Ljava/lang/Object;)Ljava/lang/invoke/MemberName;+46 java.base@17.0.4
v  ~StubRoutines::call_stub
j  sun.awt.AWTThreading.getInstance(Ljava/lang/Thread;)Lsun/awt/AWTThreading;+23 java.desktop
j  java.awt.EventQueue$6.run()Ljava/awt/EventDispatchThread;+56 java.desktop
j  java.awt.EventQueue$6.run()Ljava/lang/Object;+1 java.desktop
J 2483 c2 java.security.AccessController.doPrivileged(Ljava/security/PrivilegedAction;)Ljava/lang/Object; java.base@17.0.4 (9 bytes) @ 0x0000024b779b02d0 [0x0000024b779b02a0+0x0000000000000030]
j  java.awt.EventQueue.initDispatchThread()V+45 java.desktop
j  java.awt.EventQueue.postEventPrivate(Ljava/awt/AWTEvent;)V+67 java.desktop
j  java.awt.EventQueue.postEvent(Ljava/awt/AWTEvent;)V+9 java.desktop
j  java.awt.EventQueue.invokeLater(Ljava/lang/Runnable;)V+14 java.desktop
j  sun.awt.windows.WToolkit.displayChanged()V+13 java.desktop
v  ~StubRoutines::call_stub
j  sun.awt.windows.WToolkit.eventLoop()V+0 java.desktop
j  sun.awt.windows.WToolkit.run()V+50 java.desktop
j  java.lang.Thread.run()V+11 java.base@17.0.4
v  ~StubRoutines::call_stub

---------------  P R O C E S S  ---------------

Threads class SMR info:
_java_thread_list=0x0000024b04b77670, length=23, elements={
0x0000024b6c6739f0, 0x0000024b04427650, 0x0000024b04429f20, 0x0000024b04496010,
0x0000024b044968d0, 0x0000024b04497190, 0x0000024b04497a50, 0x0000024b0449a650,
0x0000024b0449af50, 0x0000024b0449b850, 0x0000024b04635020, 0x0000024b04647010,
0x0000024b04778830, 0x0000024b046e45e0, 0x0000024b0495c690, 0x0000024b04ba5ef0,
0x0000024b04ba63c0, 0x0000024b0495e3f0, 0x0000024b04b2a260, 0x0000024b04bc95d0,
0x0000024b04bca440, 0x0000024b04bc7420, 0x0000024b04bc8290
}

Java Threads: ( => current thread )
  0x0000024b6c6739f0 JavaThread "main" [_thread_blocked, id=15116, stack(0x000000dc82400000,0x000000dc82500000)]
  0x0000024b04427650 JavaThread "Reference Handler" daemon [_thread_blocked, id=17664, stack(0x000000dc82a00000,0x000000dc82b00000)]
  0x0000024b04429f20 JavaThread "Finalizer" daemon [_thread_blocked, id=9724, stack(0x000000dc82b00000,0x000000dc82c00000)]
  0x0000024b04496010 JavaThread "Signal Dispatcher" daemon [_thread_blocked, id=17632, stack(0x000000dc82c00000,0x000000dc82d00000)]
  0x0000024b044968d0 JavaThread "Attach Listener" daemon [_thread_blocked, id=17036, stack(0x000000dc82d00000,0x000000dc82e00000)]
  0x0000024b04497190 JavaThread "Service Thread" daemon [_thread_blocked, id=14812, stack(0x000000dc82e00000,0x000000dc82f00000)]
  0x0000024b04497a50 JavaThread "Monitor Deflation Thread" daemon [_thread_blocked, id=8552, stack(0x000000dc82f00000,0x000000dc83000000)]
  0x0000024b0449a650 JavaThread "C2 CompilerThread0" daemon [_thread_blocked, id=16084, stack(0x000000dc83000000,0x000000dc83100000)]
  0x0000024b0449af50 JavaThread "C1 CompilerThread0" daemon [_thread_blocked, id=11768, stack(0x000000dc83100000,0x000000dc83200000)]
  0x0000024b0449b850 JavaThread "Sweeper thread" daemon [_thread_blocked, id=17512, stack(0x000000dc83200000,0x000000dc83300000)]
  0x0000024b04635020 JavaThread "Common-Cleaner" daemon [_thread_blocked, id=17332, stack(0x000000dc83300000,0x000000dc83400000)]
  0x0000024b04647010 JavaThread "Notification Thread" daemon [_thread_blocked, id=11724, stack(0x000000dc83400000,0x000000dc83500000)]
  0x0000024b04778830 JavaThread "Java2D Disposer" daemon [_thread_blocked, id=17700, stack(0x000000dc83700000,0x000000dc83800000)]
=>0x0000024b046e45e0 JavaThread "AWT-Windows" daemon [_thread_in_vm, id=10308, stack(0x000000dc83900000,0x000000dc83a00000)]
  0x0000024b0495c690 JavaThread "RMI TCP Accept-4272" daemon [_thread_in_native, id=3704, stack(0x000000dc83a00000,0x000000dc83b00000)]
  0x0000024b04ba5ef0 JavaThread "RMI TCP Accept-0" daemon [_thread_in_native, id=4104, stack(0x000000dc83b00000,0x000000dc83c00000)]
  0x0000024b04ba63c0 JavaThread "RMI Reaper" [_thread_blocked, id=11588, stack(0x000000dc83c00000,0x000000dc83d00000)]
  0x0000024b0495e3f0 JavaThread "RMI GC Daemon" daemon [_thread_blocked, id=14268, stack(0x000000dc83d00000,0x000000dc83e00000)]
  0x0000024b04b2a260 JavaThread "RMI TCP Connection(1)-127.0.0.1" daemon [_thread_in_native, id=14864, stack(0x000000dc83e00000,0x000000dc83f00000)]
  0x0000024b04bc95d0 JavaThread "RMI Scheduler(0)" daemon [_thread_blocked, id=12784, stack(0x000000dc83f00000,0x000000dc84000000)]
  0x0000024b04bca440 JavaThread "RMI RenewClean-[127.0.0.1:55128]" daemon [_thread_blocked, id=18364, stack(0x000000dc84100000,0x000000dc84200000)]
  0x0000024b04bc7420 JavaThread "RMI TCP Connection(8)-127.0.0.1" daemon [_thread_in_native, id=9288, stack(0x000000dc82000000,0x000000dc82100000)]
  0x0000024b04bc8290 JavaThread "AWT-Shutdown" [_thread_blocked, id=22000, stack(0x000000dc82100000,0x000000dc82200000)]

Other Threads:
  0x0000024b7fa2e280 VMThread "VM Thread" [stack: 0x000000dc82900000,0x000000dc82a00000] [id=11084]
  0x0000024b7f83bf10 WatcherThread [stack: 0x000000dc83500000,0x000000dc83600000] [id=3108]
  0x0000024b6c6ae2f0 GCTaskThread "GC Thread#0" [stack: 0x000000dc82300000,0x000000dc82400000] [id=8960]
  0x0000024b04ea0c10 GCTaskThread "GC Thread#1" [stack: 0x000000dc83600000,0x000000dc83700000] [id=18096]
  0x0000024b04c8f040 GCTaskThread "GC Thread#2" [stack: 0x000000dc84200000,0x000000dc84300000] [id=18200]
  0x0000024b0472d7a0 GCTaskThread "GC Thread#3" [stack: 0x000000dc84500000,0x000000dc84600000] [id=11512]
  0x0000024b04d8a890 GCTaskThread "GC Thread#4" [stack: 0x000000dc84700000,0x000000dc84800000] [id=16896]
  0x0000024b04d8ab40 GCTaskThread "GC Thread#5" [stack: 0x000000dc84800000,0x000000dc84900000] [id=9608]
  0x0000024b7f835e70 ConcurrentGCThread "G1 Main Marker" [stack: 0x000000dc82500000,0x000000dc82600000] [id=8188]
  0x0000024b7f836630 ConcurrentGCThread "G1 Conc#0" [stack: 0x000000dc82600000,0x000000dc82700000] [id=16464]
  0x0000024b04b29bd0 ConcurrentGCThread "G1 Conc#1" [stack: 0x000000dc84b00000,0x000000dc84c00000] [id=9128]
  0x0000024b69fcf030 ConcurrentGCThread "G1 Refine#0" [stack: 0x000000dc82700000,0x000000dc82800000] [id=10232]
  0x0000024b69fcea70 ConcurrentGCThread "G1 Refine#1" [stack: 0x000000dc84900000,0x000000dc84a00000] [id=18108]
  0x0000024b69fce4b0 ConcurrentGCThread "G1 Refine#2" [stack: 0x000000dc84a00000,0x000000dc84b00000] [id=6312]
  0x0000024b7f8acc80 ConcurrentGCThread "G1 Service" [stack: 0x000000dc82800000,0x000000dc82900000] [id=15292]

Threads with active compile tasks:

VM state: not at safepoint (normal execution)

VM Mutex/Monitor currently owned by a thread: None

Heap address: 0x00000000d1200000, size: 750 MB, Compressed Oops mode: 32-bit

CDS archive(s) not mapped
Compressed class space mapped at: 0x0000000100000000-0x0000000140000000, reserved size: 1073741824
Narrow klass base: 0x0000000000000000, Narrow klass shift: 3, Narrow klass range: 0x140000000

GC Precious Log:
 CPUs: 6 total, 6 available
 Memory: 16227M
 Large Page Support: Disabled
 NUMA Support: Disabled
 Compressed Oops: Enabled (32-bit)
 Heap Region Size: 1M
 Heap Min Capacity: 128M
 Heap Initial Capacity: 128M
 Heap Max Capacity: 750M
 Pre-touch: Disabled
 Parallel Workers: 6
 Concurrent Workers: 2
 Concurrent Refinement Workers: 6
 Periodic GC: Disabled

Heap:
 garbage-first heap   total 131072K, used 15855K [0x00000000d1200000, 0x0000000100000000)
  region size 1024K, 6 young (6144K), 0 survivors (0K)
 Metaspace       used 23050K, committed 23360K, reserved 1073152K
  class space    used 2297K, committed 2432K, reserved 1048576K

Heap Regions: E=young(eden), S=young(survivor), O=old, HS=humongous(starts), HC=humongous(continues), CS=collection set, F=free, OA=open archive, CA=closed archive, TAMS=top-at-mark-start (previous, next)
|   0|0x00000000d1200000, 0x00000000d1300000, 0x00000000d1300000|100%|HS|  |TAMS 0x00000000d1300000, 0x00000000d1200000| Untracked 
|   1|0x00000000d1300000, 0x00000000d1400000, 0x00000000d1400000|100%|HC|  |TAMS 0x00000000d1400000, 0x00000000d1300000| Untracked 
|   2|0x00000000d1400000, 0x00000000d1500000, 0x00000000d1500000|100%|HC|  |TAMS 0x00000000d1500000, 0x00000000d1400000| Untracked 
|   3|0x00000000d1500000, 0x00000000d1600000, 0x00000000d1600000|100%|HC|  |TAMS 0x00000000d1600000, 0x00000000d1500000| Untracked 
|   4|0x00000000d1600000, 0x00000000d1700000, 0x00000000d1700000|100%|HC|  |TAMS 0x00000000d1700000, 0x00000000d1600000| Untracked 
|   5|0x00000000d1700000, 0x00000000d1800000, 0x00000000d1800000|100%|HS|  |TAMS 0x00000000d1800000, 0x00000000d1700000| Untracked 
|   6|0x00000000d1800000, 0x00000000d18eb870, 0x00000000d1900000| 92%| O|  |TAMS 0x00000000d1800000, 0x00000000d1800000| Untracked 
|   7|0x00000000d1900000, 0x00000000d19ffff0, 0x00000000d1a00000| 99%| O|  |TAMS 0x00000000d19ffff0, 0x00000000d1900000| Untracked 
|   8|0x00000000d1a00000, 0x00000000d1af69f8, 0x00000000d1b00000| 96%| O|  |TAMS 0x00000000d1af69f8, 0x00000000d1a00000| Untracked 
|   9|0x00000000d1b00000, 0x00000000d1bfffc0, 0x00000000d1c00000| 99%| O|  |TAMS 0x00000000d1bfffc0, 0x00000000d1b00000| Untracked 
|  10|0x00000000d1c00000, 0x00000000d1c20820, 0x00000000d1d00000| 12%| O|  |TAMS 0x00000000d1c00000, 0x00000000d1c00000| Untracked 
|  11|0x00000000d1d00000, 0x00000000d1d795a8, 0x00000000d1e00000| 47%| O|  |TAMS 0x00000000d1d00000, 0x00000000d1d00000| Untracked 
|  12|0x00000000d1e00000, 0x00000000d1e00000, 0x00000000d1f00000|  0%| F|  |TAMS 0x00000000d1e00000, 0x00000000d1e00000| Untracked 
|  13|0x00000000d1f00000, 0x00000000d1f00000, 0x00000000d2000000|  0%| F|  |TAMS 0x00000000d1f00000, 0x00000000d1f00000| Untracked 
|  14|0x00000000d2000000, 0x00000000d2000000, 0x00000000d2100000|  0%| F|  |TAMS 0x00000000d2000000, 0x00000000d2000000| Untracked 
|  15|0x00000000d2100000, 0x00000000d2100000, 0x00000000d2200000|  0%| F|  |TAMS 0x00000000d2100000, 0x00000000d2100000| Untracked 
|  16|0x00000000d2200000, 0x00000000d2200000, 0x00000000d2300000|  0%| F|  |TAMS 0x00000000d2200000, 0x00000000d2200000| Untracked 
|  17|0x00000000d2300000, 0x00000000d2300000, 0x00000000d2400000|  0%| F|  |TAMS 0x00000000d2300000, 0x00000000d2300000| Untracked 
|  18|0x00000000d2400000, 0x00000000d2400000, 0x00000000d2500000|  0%| F|  |TAMS 0x00000000d2400000, 0x00000000d2400000| Untracked 
|  19|0x00000000d2500000, 0x00000000d2500000, 0x00000000d2600000|  0%| F|  |TAMS 0x00000000d2500000, 0x00000000d2500000| Untracked 
|  20|0x00000000d2600000, 0x00000000d2600000, 0x00000000d2700000|  0%| F|  |TAMS 0x00000000d2600000, 0x00000000d2600000| Untracked 
|  21|0x00000000d2700000, 0x00000000d2700000, 0x00000000d2800000|  0%| F|  |TAMS 0x00000000d2700000, 0x00000000d2700000| Untracked 
|  22|0x00000000d2800000, 0x00000000d2800000, 0x00000000d2900000|  0%| F|  |TAMS 0x00000000d2800000, 0x00000000d2800000| Untracked 
|  23|0x00000000d2900000, 0x00000000d2900000, 0x00000000d2a00000|  0%| F|  |TAMS 0x00000000d2900000, 0x00000000d2900000| Untracked 
|  24|0x00000000d2a00000, 0x00000000d2a00000, 0x00000000d2b00000|  0%| F|  |TAMS 0x00000000d2a00000, 0x00000000d2a00000| Untracked 
|  25|0x00000000d2b00000, 0x00000000d2b00000, 0x00000000d2c00000|  0%| F|  |TAMS 0x00000000d2b00000, 0x00000000d2b00000| Untracked 
|  26|0x00000000d2c00000, 0x00000000d2c00000, 0x00000000d2d00000|  0%| F|  |TAMS 0x00000000d2c00000, 0x00000000d2c00000| Untracked 
|  27|0x00000000d2d00000, 0x00000000d2d00000, 0x00000000d2e00000|  0%| F|  |TAMS 0x00000000d2d00000, 0x00000000d2d00000| Untracked 
|  28|0x00000000d2e00000, 0x00000000d2e00000, 0x00000000d2f00000|  0%| F|  |TAMS 0x00000000d2e00000, 0x00000000d2e00000| Untracked 
|  29|0x00000000d2f00000, 0x00000000d2f00000, 0x00000000d3000000|  0%| F|  |TAMS 0x00000000d2f00000, 0x00000000d2f00000| Untracked 
|  30|0x00000000d3000000, 0x00000000d3000000, 0x00000000d3100000|  0%| F|  |TAMS 0x00000000d3000000, 0x00000000d3000000| Untracked 
|  31|0x00000000d3100000, 0x00000000d3100000, 0x00000000d3200000|  0%| F|  |TAMS 0x00000000d3100000, 0x00000000d3100000| Untracked 
|  32|0x00000000d3200000, 0x00000000d3200000, 0x00000000d3300000|  0%| F|  |TAMS 0x00000000d3200000, 0x00000000d3200000| Untracked 
|  33|0x00000000d3300000, 0x00000000d3300000, 0x00000000d3400000|  0%| F|  |TAMS 0x00000000d3300000, 0x00000000d3300000| Untracked 
|  34|0x00000000d3400000, 0x00000000d3400000, 0x00000000d3500000|  0%| F|  |TAMS 0x00000000d3400000, 0x00000000d3400000| Untracked 
|  35|0x00000000d3500000, 0x00000000d3500000, 0x00000000d3600000|  0%| F|  |TAMS 0x00000000d3500000, 0x00000000d3500000| Untracked 
|  36|0x00000000d3600000, 0x00000000d3600000, 0x00000000d3700000|  0%| F|  |TAMS 0x00000000d3600000, 0x00000000d3600000| Untracked 
|  37|0x00000000d3700000, 0x00000000d3700000, 0x00000000d3800000|  0%| F|  |TAMS 0x00000000d3700000, 0x00000000d3700000| Untracked 
|  38|0x00000000d3800000, 0x00000000d3800000, 0x00000000d3900000|  0%| F|  |TAMS 0x00000000d3800000, 0x00000000d3800000| Untracked 
|  39|0x00000000d3900000, 0x00000000d3900000, 0x00000000d3a00000|  0%| F|  |TAMS 0x00000000d3900000, 0x00000000d3900000| Untracked 
|  40|0x00000000d3a00000, 0x00000000d3a00000, 0x00000000d3b00000|  0%| F|  |TAMS 0x00000000d3a00000, 0x00000000d3a00000| Untracked 
|  41|0x00000000d3b00000, 0x00000000d3b00000, 0x00000000d3c00000|  0%| F|  |TAMS 0x00000000d3b00000, 0x00000000d3b00000| Untracked 
|  42|0x00000000d3c00000, 0x00000000d3c00000, 0x00000000d3d00000|  0%| F|  |TAMS 0x00000000d3c00000, 0x00000000d3c00000| Untracked 
|  43|0x00000000d3d00000, 0x00000000d3d00000, 0x00000000d3e00000|  0%| F|  |TAMS 0x00000000d3d00000, 0x00000000d3d00000| Untracked 
|  44|0x00000000d3e00000, 0x00000000d3e00000, 0x00000000d3f00000|  0%| F|  |TAMS 0x00000000d3e00000, 0x00000000d3e00000| Untracked 
|  45|0x00000000d3f00000, 0x00000000d3f00000, 0x00000000d4000000|  0%| F|  |TAMS 0x00000000d3f00000, 0x00000000d3f00000| Untracked 
|  46|0x00000000d4000000, 0x00000000d4000000, 0x00000000d4100000|  0%| F|  |TAMS 0x00000000d4000000, 0x00000000d4000000| Untracked 
|  47|0x00000000d4100000, 0x00000000d4100000, 0x00000000d4200000|  0%| F|  |TAMS 0x00000000d4100000, 0x00000000d4100000| Untracked 
|  48|0x00000000d4200000, 0x00000000d4200000, 0x00000000d4300000|  0%| F|  |TAMS 0x00000000d4200000, 0x00000000d4200000| Untracked 
|  49|0x00000000d4300000, 0x00000000d4300000, 0x00000000d4400000|  0%| F|  |TAMS 0x00000000d4300000, 0x00000000d4300000| Untracked 
|  50|0x00000000d4400000, 0x00000000d4400000, 0x00000000d4500000|  0%| F|  |TAMS 0x00000000d4400000, 0x00000000d4400000| Untracked 
|  51|0x00000000d4500000, 0x00000000d4500000, 0x00000000d4600000|  0%| F|  |TAMS 0x00000000d4500000, 0x00000000d4500000| Untracked 
|  52|0x00000000d4600000, 0x00000000d4600000, 0x00000000d4700000|  0%| F|  |TAMS 0x00000000d4600000, 0x00000000d4600000| Untracked 
|  53|0x00000000d4700000, 0x00000000d4700000, 0x00000000d4800000|  0%| F|  |TAMS 0x00000000d4700000, 0x00000000d4700000| Untracked 
|  54|0x00000000d4800000, 0x00000000d4800000, 0x00000000d4900000|  0%| F|  |TAMS 0x00000000d4800000, 0x00000000d4800000| Untracked 
|  55|0x00000000d4900000, 0x00000000d4900000, 0x00000000d4a00000|  0%| F|  |TAMS 0x00000000d4900000, 0x00000000d4900000| Untracked 
|  56|0x00000000d4a00000, 0x00000000d4a00000, 0x00000000d4b00000|  0%| F|  |TAMS 0x00000000d4a00000, 0x00000000d4a00000| Untracked 
|  57|0x00000000d4b00000, 0x00000000d4b00000, 0x00000000d4c00000|  0%| F|  |TAMS 0x00000000d4b00000, 0x00000000d4b00000| Untracked 
|  58|0x00000000d4c00000, 0x00000000d4c00000, 0x00000000d4d00000|  0%| F|  |TAMS 0x00000000d4c00000, 0x00000000d4c00000| Untracked 
|  59|0x00000000d4d00000, 0x00000000d4d00000, 0x00000000d4e00000|  0%| F|  |TAMS 0x00000000d4d00000, 0x00000000d4d00000| Untracked 
|  60|0x00000000d4e00000, 0x00000000d4e00000, 0x00000000d4f00000|  0%| F|  |TAMS 0x00000000d4e00000, 0x00000000d4e00000| Untracked 
|  61|0x00000000d4f00000, 0x00000000d4f00000, 0x00000000d5000000|  0%| F|  |TAMS 0x00000000d4f00000, 0x00000000d4f00000| Untracked 
|  62|0x00000000d5000000, 0x00000000d5000000, 0x00000000d5100000|  0%| F|  |TAMS 0x00000000d5000000, 0x00000000d5000000| Untracked 
|  63|0x00000000d5100000, 0x00000000d5100000, 0x00000000d5200000|  0%| F|  |TAMS 0x00000000d5100000, 0x00000000d5100000| Untracked 
|  64|0x00000000d5200000, 0x00000000d5200000, 0x00000000d5300000|  0%| F|  |TAMS 0x00000000d5200000, 0x00000000d5200000| Untracked 
|  65|0x00000000d5300000, 0x00000000d5300000, 0x00000000d5400000|  0%| F|  |TAMS 0x00000000d5300000, 0x00000000d5300000| Untracked 
|  66|0x00000000d5400000, 0x00000000d5400000, 0x00000000d5500000|  0%| F|  |TAMS 0x00000000d5400000, 0x00000000d5400000| Untracked 
|  67|0x00000000d5500000, 0x00000000d5500000, 0x00000000d5600000|  0%| F|  |TAMS 0x00000000d5500000, 0x00000000d5500000| Untracked 
|  68|0x00000000d5600000, 0x00000000d5600000, 0x00000000d5700000|  0%| F|  |TAMS 0x00000000d5600000, 0x00000000d5600000| Untracked 
|  69|0x00000000d5700000, 0x00000000d5700000, 0x00000000d5800000|  0%| F|  |TAMS 0x00000000d5700000, 0x00000000d5700000| Untracked 
|  70|0x00000000d5800000, 0x00000000d5800000, 0x00000000d5900000|  0%| F|  |TAMS 0x00000000d5800000, 0x00000000d5800000| Untracked 
|  71|0x00000000d5900000, 0x00000000d5900000, 0x00000000d5a00000|  0%| F|  |TAMS 0x00000000d5900000, 0x00000000d5900000| Untracked 
|  72|0x00000000d5a00000, 0x00000000d5a00000, 0x00000000d5b00000|  0%| F|  |TAMS 0x00000000d5a00000, 0x00000000d5a00000| Untracked 
|  73|0x00000000d5b00000, 0x00000000d5b00000, 0x00000000d5c00000|  0%| F|  |TAMS 0x00000000d5b00000, 0x00000000d5b00000| Untracked 
|  74|0x00000000d5c00000, 0x00000000d5c00000, 0x00000000d5d00000|  0%| F|  |TAMS 0x00000000d5c00000, 0x00000000d5c00000| Untracked 
|  75|0x00000000d5d00000, 0x00000000d5d00000, 0x00000000d5e00000|  0%| F|  |TAMS 0x00000000d5d00000, 0x00000000d5d00000| Untracked 
|  76|0x00000000d5e00000, 0x00000000d5e00000, 0x00000000d5f00000|  0%| F|  |TAMS 0x00000000d5e00000, 0x00000000d5e00000| Untracked 
|  77|0x00000000d5f00000, 0x00000000d5f00000, 0x00000000d6000000|  0%| F|  |TAMS 0x00000000d5f00000, 0x00000000d5f00000| Untracked 
|  78|0x00000000d6000000, 0x00000000d6000000, 0x00000000d6100000|  0%| F|  |TAMS 0x00000000d6000000, 0x00000000d6000000| Untracked 
|  79|0x00000000d6100000, 0x00000000d6100000, 0x00000000d6200000|  0%| F|  |TAMS 0x00000000d6100000, 0x00000000d6100000| Untracked 
|  80|0x00000000d6200000, 0x00000000d6200000, 0x00000000d6300000|  0%| F|  |TAMS 0x00000000d6200000, 0x00000000d6200000| Untracked 
|  81|0x00000000d6300000, 0x00000000d6300000, 0x00000000d6400000|  0%| F|  |TAMS 0x00000000d6300000, 0x00000000d6300000| Untracked 
|  82|0x00000000d6400000, 0x00000000d6400000, 0x00000000d6500000|  0%| F|  |TAMS 0x00000000d6400000, 0x00000000d6400000| Untracked 
|  83|0x00000000d6500000, 0x00000000d6500000, 0x00000000d6600000|  0%| F|  |TAMS 0x00000000d6500000, 0x00000000d6500000| Untracked 
|  84|0x00000000d6600000, 0x00000000d6600000, 0x00000000d6700000|  0%| F|  |TAMS 0x00000000d6600000, 0x00000000d6600000| Untracked 
|  85|0x00000000d6700000, 0x00000000d6700000, 0x00000000d6800000|  0%| F|  |TAMS 0x00000000d6700000, 0x00000000d6700000| Untracked 
|  86|0x00000000d6800000, 0x00000000d6800000, 0x00000000d6900000|  0%| F|  |TAMS 0x00000000d6800000, 0x00000000d6800000| Untracked 
|  87|0x00000000d6900000, 0x00000000d6900000, 0x00000000d6a00000|  0%| F|  |TAMS 0x00000000d6900000, 0x00000000d6900000| Untracked 
|  88|0x00000000d6a00000, 0x00000000d6a00000, 0x00000000d6b00000|  0%| F|  |TAMS 0x00000000d6a00000, 0x00000000d6a00000| Untracked 
|  89|0x00000000d6b00000, 0x00000000d6b00000, 0x00000000d6c00000|  0%| F|  |TAMS 0x00000000d6b00000, 0x00000000d6b00000| Untracked 
|  90|0x00000000d6c00000, 0x00000000d6c00000, 0x00000000d6d00000|  0%| F|  |TAMS 0x00000000d6c00000, 0x00000000d6c00000| Untracked 
|  91|0x00000000d6d00000, 0x00000000d6d00000, 0x00000000d6e00000|  0%| F|  |TAMS 0x00000000d6d00000, 0x00000000d6d00000| Untracked 
|  92|0x00000000d6e00000, 0x00000000d6e00000, 0x00000000d6f00000|  0%| F|  |TAMS 0x00000000d6e00000, 0x00000000d6e00000| Untracked 
|  93|0x00000000d6f00000, 0x00000000d6f00000, 0x00000000d7000000|  0%| F|  |TAMS 0x00000000d6f00000, 0x00000000d6f00000| Untracked 
|  94|0x00000000d7000000, 0x00000000d7000000, 0x00000000d7100000|  0%| F|  |TAMS 0x00000000d7000000, 0x00000000d7000000| Untracked 
|  95|0x00000000d7100000, 0x00000000d7100000, 0x00000000d7200000|  0%| F|  |TAMS 0x00000000d7100000, 0x00000000d7100000| Untracked 
|  96|0x00000000d7200000, 0x00000000d7200000, 0x00000000d7300000|  0%| F|  |TAMS 0x00000000d7200000, 0x00000000d7200000| Untracked 
|  97|0x00000000d7300000, 0x00000000d7300000, 0x00000000d7400000|  0%| F|  |TAMS 0x00000000d7300000, 0x00000000d7300000| Untracked 
|  98|0x00000000d7400000, 0x00000000d7400000, 0x00000000d7500000|  0%| F|  |TAMS 0x00000000d7400000, 0x00000000d7400000| Untracked 
|  99|0x00000000d7500000, 0x00000000d7500000, 0x00000000d7600000|  0%| F|  |TAMS 0x00000000d7500000, 0x00000000d7500000| Untracked 
| 100|0x00000000d7600000, 0x00000000d7600000, 0x00000000d7700000|  0%| F|  |TAMS 0x00000000d7600000, 0x00000000d7600000| Untracked 
| 101|0x00000000d7700000, 0x00000000d7700000, 0x00000000d7800000|  0%| F|  |TAMS 0x00000000d7700000, 0x00000000d7700000| Untracked 
| 102|0x00000000d7800000, 0x00000000d7800000, 0x00000000d7900000|  0%| F|  |TAMS 0x00000000d7800000, 0x00000000d7800000| Untracked 
| 103|0x00000000d7900000, 0x00000000d7900000, 0x00000000d7a00000|  0%| F|  |TAMS 0x00000000d7900000, 0x00000000d7900000| Untracked 
| 104|0x00000000d7a00000, 0x00000000d7a00000, 0x00000000d7b00000|  0%| F|  |TAMS 0x00000000d7a00000, 0x00000000d7a00000| Untracked 
| 105|0x00000000d7b00000, 0x00000000d7b00000, 0x00000000d7c00000|  0%| F|  |TAMS 0x00000000d7b00000, 0x00000000d7b00000| Untracked 
| 106|0x00000000d7c00000, 0x00000000d7c00000, 0x00000000d7d00000|  0%| F|  |TAMS 0x00000000d7c00000, 0x00000000d7c00000| Untracked 
| 107|0x00000000d7d00000, 0x00000000d7d00000, 0x00000000d7e00000|  0%| F|  |TAMS 0x00000000d7d00000, 0x00000000d7d00000| Untracked 
| 108|0x00000000d7e00000, 0x00000000d7e00000, 0x00000000d7f00000|  0%| F|  |TAMS 0x00000000d7e00000, 0x00000000d7e00000| Untracked 
| 109|0x00000000d7f00000, 0x00000000d7f00000, 0x00000000d8000000|  0%| F|  |TAMS 0x00000000d7f00000, 0x00000000d7f00000| Untracked 
| 110|0x00000000d8000000, 0x00000000d8000000, 0x00000000d8100000|  0%| F|  |TAMS 0x00000000d8000000, 0x00000000d8000000| Untracked 
| 111|0x00000000d8100000, 0x00000000d8100000, 0x00000000d8200000|  0%| F|  |TAMS 0x00000000d8100000, 0x00000000d8100000| Untracked 
| 112|0x00000000d8200000, 0x00000000d8200000, 0x00000000d8300000|  0%| F|  |TAMS 0x00000000d8200000, 0x00000000d8200000| Untracked 
| 113|0x00000000d8300000, 0x00000000d8300000, 0x00000000d8400000|  0%| F|  |TAMS 0x00000000d8300000, 0x00000000d8300000| Untracked 
| 114|0x00000000d8400000, 0x00000000d8400000, 0x00000000d8500000|  0%| F|  |TAMS 0x00000000d8400000, 0x00000000d8400000| Untracked 
| 115|0x00000000d8500000, 0x00000000d8500000, 0x00000000d8600000|  0%| F|  |TAMS 0x00000000d8500000, 0x00000000d8500000| Untracked 
| 116|0x00000000d8600000, 0x00000000d8600000, 0x00000000d8700000|  0%| F|  |TAMS 0x00000000d8600000, 0x00000000d8600000| Untracked 
| 117|0x00000000d8700000, 0x00000000d8700000, 0x00000000d8800000|  0%| F|  |TAMS 0x00000000d8700000, 0x00000000d8700000| Untracked 
| 118|0x00000000d8800000, 0x00000000d8800000, 0x00000000d8900000|  0%| F|  |TAMS 0x00000000d8800000, 0x00000000d8800000| Untracked 
| 119|0x00000000d8900000, 0x00000000d8900000, 0x00000000d8a00000|  0%| F|  |TAMS 0x00000000d8900000, 0x00000000d8900000| Untracked 
| 120|0x00000000d8a00000, 0x00000000d8a00000, 0x00000000d8b00000|  0%| F|  |TAMS 0x00000000d8a00000, 0x00000000d8a00000| Untracked 
| 121|0x00000000d8b00000, 0x00000000d8b00000, 0x00000000d8c00000|  0%| F|  |TAMS 0x00000000d8b00000, 0x00000000d8b00000| Untracked 
| 122|0x00000000d8c00000, 0x00000000d8ccca10, 0x00000000d8d00000| 79%| E|  |TAMS 0x00000000d8c00000, 0x00000000d8c00000| Complete 
| 123|0x00000000d8d00000, 0x00000000d8e00000, 0x00000000d8e00000|100%| E|CS|TAMS 0x00000000d8d00000, 0x00000000d8d00000| Complete 
| 124|0x00000000d8e00000, 0x00000000d8f00000, 0x00000000d8f00000|100%| E|CS|TAMS 0x00000000d8e00000, 0x00000000d8e00000| Complete 
| 125|0x00000000d8f00000, 0x00000000d9000000, 0x00000000d9000000|100%| E|CS|TAMS 0x00000000d8f00000, 0x00000000d8f00000| Complete 
| 126|0x00000000d9000000, 0x00000000d9100000, 0x00000000d9100000|100%| E|CS|TAMS 0x00000000d9000000, 0x00000000d9000000| Complete 
| 127|0x00000000d9100000, 0x00000000d9200000, 0x00000000d9200000|100%| E|CS|TAMS 0x00000000d9100000, 0x00000000d9100000| Complete 

Card table byte_map: [0x0000024b7f530000,0x0000024b7f6b0000] _byte_map_base: 0x0000024b7eea7000

Marking Bits (Prev, Next): (CMBitMap*) 0x0000024b6c6ae6f0, (CMBitMap*) 0x0000024b6c6ae6b0
 Prev Bits: [0x0000024b00bc0000, 0x0000024b01778000)
 Next Bits: [0x0000024b00000000, 0x0000024b00bb8000)

Polling page: 0x0000024b6c0f0000

Metaspace:

Usage:
  Non-class:     20.27 MB used.
      Class:      2.24 MB used.
       Both:     22.51 MB used.

Virtual space:
  Non-class space:       24.00 MB reserved,      20.44 MB ( 85%) committed,  3 nodes.
      Class space:        1.00 GB reserved,       2.38 MB ( <1%) committed,  1 nodes.
             Both:        1.02 GB reserved,      22.81 MB (  2%) committed. 

Chunk freelists:
   Non-Class:  2.96 MB
       Class:  1.58 MB
        Both:  4.55 MB

MaxMetaspaceSize: unlimited
CompressedClassSpaceSize: 1.00 GB
Initial GC threshold: 21.00 MB
Current GC threshold: 38.06 MB
CDS: off
MetaspaceReclaimPolicy: balanced
 - commit_granule_bytes: 65536.
 - commit_granule_words: 8192.
 - virtual_space_node_default_size: 1048576.
 - enlarge_chunks_in_place: 1.
 - new_chunks_are_fully_committed: 0.
 - uncommit_free_chunks: 1.
 - use_allocation_guard: 0.
 - handle_deallocations: 1.


Internal statistics:

num_allocs_failed_limit: 3.
num_arena_births: 424.
num_arena_deaths: 276.
num_vsnodes_births: 4.
num_vsnodes_deaths: 0.
num_space_committed: 366.
num_space_uncommitted: 1.
num_chunks_returned_to_freelist: 400.
num_chunks_taken_from_freelist: 936.
num_chunk_merges: 109.
num_chunk_splits: 482.
num_chunks_enlarged: 268.
num_purges: 6.
num_inconsistent_stats: 0.

CodeHeap 'non-profiled nmethods': size=120000Kb used=2435Kb max_used=2435Kb free=117564Kb
 bounds [0x0000024b77820000, 0x0000024b77a90000, 0x0000024b7ed50000]
CodeHeap 'profiled nmethods': size=120000Kb used=6088Kb max_used=6088Kb free=113911Kb
 bounds [0x0000024b702f0000, 0x0000024b708f0000, 0x0000024b77820000]
CodeHeap 'non-nmethods': size=5760Kb used=1239Kb max_used=1316Kb free=4520Kb
 bounds [0x0000024b6fd50000, 0x0000024b6ffc0000, 0x0000024b702f0000]
 total_blobs=3633 nmethods=3080 adapters=465
 compilation: enabled
              stopped_count=0, restarted_count=0
 full_count=0

Compilation events (20 events):
Event: 152598.958 Thread 0x0000024b0449af50 3074       3       java.lang.reflect.InvocationTargetException::<init> (14 bytes)
Event: 152598.959 Thread 0x0000024b0449af50 nmethod 3074 0x0000024b708dcc10 code [0x0000024b708dcdc0, 0x0000024b708dd028]
Event: 152729.164 Thread 0x0000024b0449a650 3075       4       java.io.ObjectInputStream$BlockDataInputStream::readFully (42 bytes)
Event: 152729.165 Thread 0x0000024b0449a650 nmethod 3075 0x0000024b77a79910 code [0x0000024b77a79aa0, 0x0000024b77a79ba8]
Event: 157318.766 Thread 0x0000024b0449a650 3077   !   4       sun.rmi.transport.tcp.TCPTransport::handleMessages (412 bytes)
Event: 157318.839 Thread 0x0000024b0449a650 nmethod 3077 0x0000024b77a7a090 code [0x0000024b77a7a440, 0x0000024b77a7ee28]
Event: 158519.536 Thread 0x0000024b0449af50 3078       3       java.lang.ClassValue::getMap (16 bytes)
Event: 158519.536 Thread 0x0000024b0449af50 nmethod 3078 0x0000024b708dd110 code [0x0000024b708dd2c0, 0x0000024b708dd448]
Event: 182250.009 Thread 0x0000024b0449af50 3080       3       java.lang.invoke.BoundMethodHandle::editor (8 bytes)
Event: 182250.010 Thread 0x0000024b0449af50 nmethod 3080 0x0000024b708dd510 code [0x0000024b708dd6e0, 0x0000024b708dda88]
Event: 182250.010 Thread 0x0000024b0449af50 3081       3       java.lang.invoke.LambdaForm::returnType (26 bytes)
Event: 182250.010 Thread 0x0000024b0449af50 nmethod 3081 0x0000024b708ddc10 code [0x0000024b708dddc0, 0x0000024b708ddf78]
Event: 182250.093 Thread 0x0000024b0449af50 3082       3       java.lang.invoke.MethodHandleNatives::refKindIsMethod (19 bytes)
Event: 182250.093 Thread 0x0000024b0449af50 nmethod 3082 0x0000024b708de090 code [0x0000024b708de240, 0x0000024b708de498]
Event: 182250.093 Thread 0x0000024b0449af50 3083       3       jdk.internal.org.objectweb.asm.MethodWriter::visitAnnotation (40 bytes)
Event: 182250.093 Thread 0x0000024b0449af50 nmethod 3083 0x0000024b708de590 code [0x0000024b708de740, 0x0000024b708de9f8]
Event: 182250.093 Thread 0x0000024b0449af50 3087       3       sun.invoke.util.BytecodeDescriptor::unparseMethod (66 bytes)
Event: 182250.094 Thread 0x0000024b0449af50 nmethod 3087 0x0000024b708dea90 code [0x0000024b708decc0, 0x0000024b708df348]
Event: 182250.094 Thread 0x0000024b0449af50 3086       3       java.lang.invoke.InvokerBytecodeGenerator::isStaticallyNameable (148 bytes)
Event: 182250.095 Thread 0x0000024b0449af50 nmethod 3086 0x0000024b708df610 code [0x0000024b708df940, 0x0000024b708e0c18]

GC Heap History (20 events):
Event: 147649.388 GC heap before
{Heap before GC invocations=43 (full 40):
 garbage-first heap   total 131072K, used 15846K [0x00000000d1200000, 0x0000000100000000)
  region size 1024K, 6 young (6144K), 0 survivors (0K)
 Metaspace       used 22820K, committed 23168K, reserved 1073152K
  class space    used 2277K, committed 2432K, reserved 1048576K
}
Event: 147649.401 GC heap after
{Heap after GC invocations=44 (full 41):
 garbage-first heap   total 131072K, used 10727K [0x00000000d1200000, 0x0000000100000000)
  region size 1024K, 0 young (0K), 0 survivors (0K)
 Metaspace       used 22820K, committed 23168K, reserved 1073152K
  class space    used 2277K, committed 2432K, reserved 1048576K
}
Event: 151249.401 GC heap before
{Heap before GC invocations=44 (full 41):
 garbage-first heap   total 131072K, used 17895K [0x00000000d1200000, 0x0000000100000000)
  region size 1024K, 8 young (8192K), 0 survivors (0K)
 Metaspace       used 22849K, committed 23232K, reserved 1073152K
  class space    used 2278K, committed 2432K, reserved 1048576K
}
Event: 151249.409 GC heap after
{Heap after GC invocations=45 (full 42):
 garbage-first heap   total 131072K, used 10727K [0x00000000d1200000, 0x0000000100000000)
  region size 1024K, 0 young (0K), 0 survivors (0K)
 Metaspace       used 22849K, committed 23232K, reserved 1073152K
  class space    used 2278K, committed 2432K, reserved 1048576K
}
Event: 154849.410 GC heap before
{Heap before GC invocations=45 (full 42):
 garbage-first heap   total 131072K, used 26087K [0x00000000d1200000, 0x0000000100000000)
  region size 1024K, 16 young (16384K), 0 survivors (0K)
 Metaspace       used 23066K, committed 23360K, reserved 1073152K
  class space    used 2303K, committed 2432K, reserved 1048576K
}
Event: 154849.426 GC heap after
{Heap after GC invocations=46 (full 43):
 garbage-first heap   total 131072K, used 11271K [0x00000000d1200000, 0x0000000100000000)
  region size 1024K, 0 young (0K), 0 survivors (0K)
 Metaspace       used 23066K, committed 23360K, reserved 1073152K
  class space    used 2303K, committed 2432K, reserved 1048576K
}
Event: 158449.428 GC heap before
{Heap before GC invocations=46 (full 43):
 garbage-first heap   total 131072K, used 21511K [0x00000000d1200000, 0x0000000100000000)
  region size 1024K, 11 young (11264K), 0 survivors (0K)
 Metaspace       used 23066K, committed 23360K, reserved 1073152K
  class space    used 2303K, committed 2432K, reserved 1048576K
}
Event: 158449.468 GC heap after
{Heap after GC invocations=47 (full 44):
 garbage-first heap   total 131072K, used 10740K [0x00000000d1200000, 0x0000000100000000)
  region size 1024K, 0 young (0K), 0 survivors (0K)
 Metaspace       used 22932K, committed 23296K, reserved 1073152K
  class space    used 2280K, committed 2432K, reserved 1048576K
}
Event: 162049.479 GC heap before
{Heap before GC invocations=47 (full 44):
 garbage-first heap   total 131072K, used 15860K [0x00000000d1200000, 0x0000000100000000)
  region size 1024K, 6 young (6144K), 0 survivors (0K)
 Metaspace       used 22932K, committed 23296K, reserved 1073152K
  class space    used 2280K, committed 2432K, reserved 1048576K
}
Event: 162049.492 GC heap after
{Heap after GC invocations=48 (full 45):
 garbage-first heap   total 131072K, used 10735K [0x00000000d1200000, 0x0000000100000000)
  region size 1024K, 0 young (0K), 0 survivors (0K)
 Metaspace       used 22932K, committed 23296K, reserved 1073152K
  class space    used 2280K, committed 2432K, reserved 1048576K
}
Event: 165649.493 GC heap before
{Heap before GC invocations=48 (full 45):
 garbage-first heap   total 131072K, used 15855K [0x00000000d1200000, 0x0000000100000000)
  region size 1024K, 6 young (6144K), 0 survivors (0K)
 Metaspace       used 22932K, committed 23296K, reserved 1073152K
  class space    used 2280K, committed 2432K, reserved 1048576K
}
Event: 165649.513 GC heap after
{Heap after GC invocations=49 (full 46):
 garbage-first heap   total 131072K, used 10735K [0x00000000d1200000, 0x0000000100000000)
  region size 1024K, 0 young (0K), 0 survivors (0K)
 Metaspace       used 22932K, committed 23296K, reserved 1073152K
  class space    used 2280K, committed 2432K, reserved 1048576K
}
Event: 169249.514 GC heap before
{Heap before GC invocations=49 (full 46):
 garbage-first heap   total 131072K, used 16879K [0x00000000d1200000, 0x0000000100000000)
  region size 1024K, 7 young (7168K), 0 survivors (0K)
 Metaspace       used 22932K, committed 23296K, reserved 1073152K
  class space    used 2280K, committed 2432K, reserved 1048576K
}
Event: 169249.522 GC heap after
{Heap after GC invocations=50 (full 47):
 garbage-first heap   total 131072K, used 10735K [0x00000000d1200000, 0x0000000100000000)
  region size 1024K, 0 young (0K), 0 survivors (0K)
 Metaspace       used 22932K, committed 23296K, reserved 1073152K
  class space    used 2280K, committed 2432K, reserved 1048576K
}
Event: 172849.532 GC heap before
{Heap before GC invocations=50 (full 47):
 garbage-first heap   total 131072K, used 17903K [0x00000000d1200000, 0x0000000100000000)
  region size 1024K, 8 young (8192K), 0 survivors (0K)
 Metaspace       used 22932K, committed 23296K, reserved 1073152K
  class space    used 2280K, committed 2432K, reserved 1048576K
}
Event: 172849.546 GC heap after
{Heap after GC invocations=51 (full 48):
 garbage-first heap   total 131072K, used 10735K [0x00000000d1200000, 0x0000000100000000)
  region size 1024K, 0 young (0K), 0 survivors (0K)
 Metaspace       used 22932K, committed 23296K, reserved 1073152K
  class space    used 2280K, committed 2432K, reserved 1048576K
}
Event: 176449.547 GC heap before
{Heap before GC invocations=51 (full 48):
 garbage-first heap   total 131072K, used 16879K [0x00000000d1200000, 0x0000000100000000)
  region size 1024K, 7 young (7168K), 0 survivors (0K)
 Metaspace       used 22932K, committed 23296K, reserved 1073152K
  class space    used 2280K, committed 2432K, reserved 1048576K
}
Event: 176449.556 GC heap after
{Heap after GC invocations=52 (full 49):
 garbage-first heap   total 131072K, used 10735K [0x00000000d1200000, 0x0000000100000000)
  region size 1024K, 0 young (0K), 0 survivors (0K)
 Metaspace       used 22932K, committed 23296K, reserved 1073152K
  class space    used 2280K, committed 2432K, reserved 1048576K
}
Event: 180049.557 GC heap before
{Heap before GC invocations=52 (full 49):
 garbage-first heap   total 131072K, used 17903K [0x00000000d1200000, 0x0000000100000000)
  region size 1024K, 8 young (8192K), 0 survivors (0K)
 Metaspace       used 22932K, committed 23296K, reserved 1073152K
  class space    used 2280K, committed 2432K, reserved 1048576K
}
Event: 180049.578 GC heap after
{Heap after GC invocations=53 (full 50):
 garbage-first heap   total 131072K, used 10735K [0x00000000d1200000, 0x0000000100000000)
  region size 1024K, 0 young (0K), 0 survivors (0K)
 Metaspace       used 22932K, committed 23296K, reserved 1073152K
  class space    used 2280K, committed 2432K, reserved 1048576K
}

Deoptimization events (20 events):
Event: 152586.921 Thread 0x0000024b04bc7420 DEOPT PACKING pc=0x0000024b778aa068 sp=0x000000dc820fe1d0
Event: 152586.921 Thread 0x0000024b04bc7420 DEOPT UNPACKING pc=0x0000024b6fda23a3 sp=0x000000dc820fe1b0 mode 2
Event: 152586.962 Thread 0x0000024b04bc7420 Uncommon trap: trap_request=0xfffffff4 fr.pc=0x0000024b77a6072c relative=0x00000000000008cc
Event: 152586.962 Thread 0x0000024b04bc7420 Uncommon trap: reason=null_check action=make_not_entrant pc=0x0000024b77a6072c method=java.io.ObjectStreamClass.getField(Ljava/lang/String;Ljava/lang/Class;)Ljava/io/ObjectStreamField; @ 67 c2
Event: 152586.962 Thread 0x0000024b04bc7420 DEOPT PACKING pc=0x0000024b77a6072c sp=0x000000dc820fd6f0
Event: 152586.962 Thread 0x0000024b04bc7420 DEOPT UNPACKING pc=0x0000024b6fda23a3 sp=0x000000dc820fd630 mode 2
Event: 152586.962 Thread 0x0000024b04bc7420 Uncommon trap: trap_request=0xfffffff4 fr.pc=0x0000024b77a5d2c8 relative=0x00000000000008e8
Event: 152586.962 Thread 0x0000024b04bc7420 Uncommon trap: reason=null_check action=make_not_entrant pc=0x0000024b77a5d2c8 method=java.io.ObjectStreamClass.getField(Ljava/lang/String;Ljava/lang/Class;)Ljava/io/ObjectStreamField; @ 67 c2
Event: 152586.962 Thread 0x0000024b04bc7420 DEOPT PACKING pc=0x0000024b77a5d2c8 sp=0x000000dc820fd650
Event: 152586.962 Thread 0x0000024b04bc7420 DEOPT UNPACKING pc=0x0000024b6fda23a3 sp=0x000000dc820fd620 mode 2
Event: 152586.998 Thread 0x0000024b04bc7420 DEOPT PACKING pc=0x0000024b708c0256 sp=0x000000dc820fd9a0
Event: 152586.998 Thread 0x0000024b04bc7420 DEOPT UNPACKING pc=0x0000024b6fda2b43 sp=0x000000dc820fce28 mode 0
Event: 157318.766 Thread 0x0000024b04bc7420 DEOPT PACKING pc=0x0000024b70846637 sp=0x000000dc820ff2a0
Event: 157318.766 Thread 0x0000024b04bc7420 DEOPT UNPACKING pc=0x0000024b6fda2b43 sp=0x000000dc820fe838 mode 0
Event: 172658.735 Thread 0x0000024b04b2a260 DEOPT PACKING pc=0x0000024b7083d5e7 sp=0x000000dc83eff1d0
Event: 172658.735 Thread 0x0000024b04b2a260 DEOPT UNPACKING pc=0x0000024b6fda2b43 sp=0x000000dc83efe7a8 mode 0
Event: 182249.947 Thread 0x0000024b046e45e0 Uncommon trap: trap_request=0xffffffde fr.pc=0x0000024b779c1570 relative=0x0000000000000970
Event: 182249.947 Thread 0x0000024b046e45e0 Uncommon trap: reason=class_check action=maybe_recompile pc=0x0000024b779c1570 method=java.util.Collections$SynchronizedMap.put(Ljava/lang/Object;Ljava/lang/Object;)Ljava/lang/Object; @ 13 c2
Event: 182249.947 Thread 0x0000024b046e45e0 DEOPT PACKING pc=0x0000024b779c1570 sp=0x000000dc839fdf70
Event: 182249.947 Thread 0x0000024b046e45e0 DEOPT UNPACKING pc=0x0000024b6fda23a3 sp=0x000000dc839fdf60 mode 2

Classes unloaded (20 events):
Event: 158449.434 Thread 0x0000024b7fa2e280 Unloading class 0x000000010026cc00 'jdk/internal/reflect/GeneratedSerializationConstructorAccessor76'
Event: 158449.434 Thread 0x0000024b7fa2e280 Unloading class 0x000000010026c400 'jdk/internal/reflect/GeneratedSerializationConstructorAccessor75'
Event: 158449.434 Thread 0x0000024b7fa2e280 Unloading class 0x000000010018c000 'jdk/internal/reflect/GeneratedSerializationConstructorAccessor74'
Event: 158449.434 Thread 0x0000024b7fa2e280 Unloading class 0x000000010014f000 'jdk/internal/reflect/GeneratedSerializationConstructorAccessor73'
Event: 158449.434 Thread 0x0000024b7fa2e280 Unloading class 0x000000010014e400 'jdk/internal/reflect/GeneratedSerializationConstructorAccessor72'
Event: 158449.434 Thread 0x0000024b7fa2e280 Unloading class 0x000000010014d000 'jdk/internal/reflect/GeneratedSerializationConstructorAccessor71'
Event: 158449.434 Thread 0x0000024b7fa2e280 Unloading class 0x000000010014b400 'jdk/internal/reflect/GeneratedSerializationConstructorAccessor70'
Event: 158449.434 Thread 0x0000024b7fa2e280 Unloading class 0x0000000100148400 'jdk/internal/reflect/GeneratedSerializationConstructorAccessor69'
Event: 158449.434 Thread 0x0000024b7fa2e280 Unloading class 0x0000000100147400 'jdk/internal/reflect/GeneratedSerializationConstructorAccessor68'
Event: 158449.434 Thread 0x0000024b7fa2e280 Unloading class 0x0000000100145800 'jdk/internal/reflect/GeneratedSerializationConstructorAccessor67'
Event: 158449.434 Thread 0x0000024b7fa2e280 Unloading class 0x0000000100143400 'jdk/internal/reflect/GeneratedSerializationConstructorAccessor66'
Event: 158449.434 Thread 0x0000024b7fa2e280 Unloading class 0x0000000100141800 'jdk/internal/reflect/GeneratedSerializationConstructorAccessor65'
Event: 158449.434 Thread 0x0000024b7fa2e280 Unloading class 0x0000000100140c00 'jdk/internal/reflect/GeneratedSerializationConstructorAccessor64'
Event: 158449.434 Thread 0x0000024b7fa2e280 Unloading class 0x0000000100140000 'jdk/internal/reflect/GeneratedSerializationConstructorAccessor63'
Event: 158449.435 Thread 0x0000024b7fa2e280 Unloading class 0x00000001000ca800 'jdk/internal/reflect/GeneratedSerializationConstructorAccessor62'
Event: 158449.435 Thread 0x0000024b7fa2e280 Unloading class 0x00000001000c8800 'jdk/internal/reflect/GeneratedSerializationConstructorAccessor61'
Event: 158449.435 Thread 0x0000024b7fa2e280 Unloading class 0x00000001000c8000 'jdk/internal/reflect/GeneratedSerializationConstructorAccessor60'
Event: 158449.435 Thread 0x0000024b7fa2e280 Unloading class 0x00000001000c6400 'jdk/internal/reflect/GeneratedSerializationConstructorAccessor59'
Event: 158449.435 Thread 0x0000024b7fa2e280 Unloading class 0x00000001000c5c00 'jdk/internal/reflect/GeneratedSerializationConstructorAccessor58'
Event: 158449.435 Thread 0x0000024b7fa2e280 Unloading class 0x00000001000c4800 'jdk/internal/reflect/GeneratedSerializationConstructorAccessor57'

Classes redefined (0 events):
No events

Internal exceptions (20 events):
Event: 152586.639 Thread 0x0000024b04bc7420 Exception <a 'java/lang/reflect/InvocationTargetException'{0x00000000d8afd400}> (0x00000000d8afd400) 
thrown [s\src\hotspot\share\runtime\reflection.cpp, line 1127]
Event: 152586.639 Thread 0x0000024b04bc7420 Exception <a 'java/lang/reflect/InvocationTargetException'{0x00000000d8900120}> (0x00000000d8900120) 
thrown [s\src\hotspot\share\runtime\reflection.cpp, line 1127]
Event: 152586.640 Thread 0x0000024b04bc7420 Exception <a 'java/lang/reflect/InvocationTargetException'{0x00000000d8902f70}> (0x00000000d8902f70) 
thrown [s\src\hotspot\share\runtime\reflection.cpp, line 1127]
Event: 152586.642 Thread 0x0000024b04bc7420 Exception <a 'java/lang/NoSuchMethodError'{0x00000000d8910300}: static Lcom/intellij/database/remote/jdbc/RemoteResultSet$DataRetrievingOptions;.<clinit>()V> (0x00000000d8910300) 
thrown [s\src\hotspot\share\prims\jni.cpp, line 1108]
Event: 152586.918 Thread 0x0000024b04bc7420 Exception <a 'java/lang/NoSuchMethodError'{0x00000000d893d468}: static [Ljava/lang/Object;.<clinit>()V> (0x00000000d893d468) 
thrown [s\src\hotspot\share\prims\jni.cpp, line 1108]
Event: 152586.962 Thread 0x0000024b04bc7420 Implicit null exception at 0x0000024b77a600ee to 0x0000024b77a606fc
Event: 152586.962 Thread 0x0000024b04bc7420 Implicit null exception at 0x0000024b77a5cc73 to 0x0000024b77a5d28c
Event: 152598.941 Thread 0x0000024b04bc7420 Exception <a 'java/lang/reflect/InvocationTargetException'{0x00000000d87bc038}> (0x00000000d87bc038) 
thrown [s\src\hotspot\share\runtime\reflection.cpp, line 1127]
Event: 152598.942 Thread 0x0000024b04bc7420 Exception <a 'java/lang/reflect/InvocationTargetException'{0x00000000d87beb08}> (0x00000000d87beb08) 
thrown [s\src\hotspot\share\runtime\reflection.cpp, line 1127]
Event: 152598.942 Thread 0x0000024b04bc7420 Exception <a 'java/lang/reflect/InvocationTargetException'{0x00000000d87c1830}> (0x00000000d87c1830) 
thrown [s\src\hotspot\share\runtime\reflection.cpp, line 1127]
Event: 152598.943 Thread 0x0000024b04bc7420 Exception <a 'java/lang/reflect/InvocationTargetException'{0x00000000d87cb628}> (0x00000000d87cb628) 
thrown [s\src\hotspot\share\runtime\reflection.cpp, line 1127]
Event: 152598.944 Thread 0x0000024b04bc7420 Exception <a 'java/lang/reflect/InvocationTargetException'{0x00000000d87ce0f8}> (0x00000000d87ce0f8) 
thrown [s\src\hotspot\share\runtime\reflection.cpp, line 1127]
Event: 152598.944 Thread 0x0000024b04bc7420 Exception <a 'java/lang/reflect/InvocationTargetException'{0x00000000d87d0bc8}> (0x00000000d87d0bc8) 
thrown [s\src\hotspot\share\runtime\reflection.cpp, line 1127]
Event: 152598.945 Thread 0x0000024b04bc7420 Exception <a 'java/lang/reflect/InvocationTargetException'{0x00000000d87da9b8}> (0x00000000d87da9b8) 
thrown [s\src\hotspot\share\runtime\reflection.cpp, line 1127]
Event: 152598.945 Thread 0x0000024b04bc7420 Exception <a 'java/lang/reflect/InvocationTargetException'{0x00000000d87dd488}> (0x00000000d87dd488) 
thrown [s\src\hotspot\share\runtime\reflection.cpp, line 1127]
Event: 152598.946 Thread 0x0000024b04bc7420 Exception <a 'java/lang/reflect/InvocationTargetException'{0x00000000d87dff58}> (0x00000000d87dff58) 
thrown [s\src\hotspot\share\runtime\reflection.cpp, line 1127]
Event: 152598.948 Thread 0x0000024b04bc7420 Exception <a 'java/lang/reflect/InvocationTargetException'{0x00000000d87f9710}> (0x00000000d87f9710) 
thrown [s\src\hotspot\share\runtime\reflection.cpp, line 1127]
Event: 152598.948 Thread 0x0000024b04bc7420 Exception <a 'java/lang/reflect/InvocationTargetException'{0x00000000d87fee90}> (0x00000000d87fee90) 
thrown [s\src\hotspot\share\runtime\reflection.cpp, line 1127]
Event: 152598.949 Thread 0x0000024b04bc7420 Exception <a 'java/lang/reflect/InvocationTargetException'{0x00000000d8604b08}> (0x00000000d8604b08) 
thrown [s\src\hotspot\share\runtime\reflection.cpp, line 1127]
Event: 182250.093 Thread 0x0000024b046e45e0 Exception <a 'java/lang/NoSuchMethodError'{0x00000000d9051f48}: 'void java.lang.invoke.DirectMethodHandle$Holder.invokeStaticInit(java.lang.Object)'> (0x00000000d9051f48) 
thrown [s\src\hotspot\share\interpreter\linkResolver.cpp, line 771]

VM Operations (20 events):
Event: 152598.481 Executing VM operation: Cleanup
Event: 152598.481 Executing VM operation: Cleanup done
Event: 152600.482 Executing VM operation: Cleanup
Event: 152600.482 Executing VM operation: Cleanup done
Event: 154849.409 Executing VM operation: G1CollectFull
Event: 154849.426 Executing VM operation: G1CollectFull done
Event: 158449.427 Executing VM operation: G1CollectFull
Event: 158449.468 Executing VM operation: G1CollectFull done
Event: 162049.479 Executing VM operation: G1CollectFull
Event: 162049.492 Executing VM operation: G1CollectFull done
Event: 165649.493 Executing VM operation: G1CollectFull
Event: 165649.513 Executing VM operation: G1CollectFull done
Event: 169249.513 Executing VM operation: G1CollectFull
Event: 169249.522 Executing VM operation: G1CollectFull done
Event: 172849.532 Executing VM operation: G1CollectFull
Event: 172849.546 Executing VM operation: G1CollectFull done
Event: 176449.546 Executing VM operation: G1CollectFull
Event: 176449.556 Executing VM operation: G1CollectFull done
Event: 180049.557 Executing VM operation: G1CollectFull
Event: 180049.579 Executing VM operation: G1CollectFull done

Events (20 events):
Event: 182250.000 loading class java/awt/Queue
Event: 182250.007 loading class java/awt/Queue done
Event: 182250.011 loading class sun/awt/MostRecentKeyValue
Event: 182250.011 loading class sun/awt/MostRecentKeyValue done
Event: 182250.011 loading class sun/awt/PostEventQueue
Event: 182250.011 loading class sun/awt/PostEventQueue done
Event: 182250.011 loading class java/awt/event/InvocationEvent
Event: 182250.067 loading class java/awt/ActiveEvent
Event: 182250.070 loading class java/awt/ActiveEvent done
Event: 182250.070 loading class java/awt/event/InvocationEvent done
Event: 182250.070 loading class java/awt/event/InvocationEvent$1
Event: 182250.071 loading class sun/awt/AWTAccessor$InvocationEventAccessor
Event: 182250.071 loading class sun/awt/AWTAccessor$InvocationEventAccessor done
Event: 182250.071 loading class java/awt/event/InvocationEvent$1 done
Event: 182250.071 loading class java/awt/EventQueue$6
Event: 182250.071 loading class java/awt/EventQueue$6 done
Event: 182250.071 loading class java/awt/EventDispatchThread
Event: 182250.071 loading class java/awt/EventDispatchThread done
Event: 182250.073 loading class sun/awt/AWTThreading
Event: 182250.093 loading class sun/awt/AWTThreading done


Dynamic libraries:
0x00007ff70a060000 - 0x00007ff70a06a000 	D:\DataSoft\JetBox\apps\datagrip\ch-0\222.4167.25\jbr\bin\java.exe
0x00007ffcdead0000 - 0x00007ffcdecc8000 	C:\WINDOWS\SYSTEM32\ntdll.dll
0x00007ffcddca0000 - 0x00007ffcddd5f000 	C:\WINDOWS\System32\KERNEL32.DLL
0x00007ffcdc550000 - 0x00007ffcdc822000 	C:\WINDOWS\System32\KERNELBASE.dll
0x00007ffcdc450000 - 0x00007ffcdc550000 	C:\WINDOWS\System32\ucrtbase.dll
0x00007ffccf4c0000 - 0x00007ffccf4d7000 	D:\DataSoft\JetBox\apps\datagrip\ch-0\222.4167.25\jbr\bin\jli.dll
0x00007ffcde7c0000 - 0x00007ffcde961000 	C:\WINDOWS\System32\USER32.dll
0x00007ffcbd360000 - 0x00007ffcbd37b000 	D:\DataSoft\JetBox\apps\datagrip\ch-0\222.4167.25\jbr\bin\VCRUNTIME140.dll
0x00007ffcd00d0000 - 0x00007ffcd036a000 	C:\WINDOWS\WinSxS\amd64_microsoft.windows.common-controls_6595b64144ccf1df_6.0.19041.1110_none_60b5254171f9507e\COMCTL32.dll
0x00007ffcdc1f0000 - 0x00007ffcdc212000 	C:\WINDOWS\System32\win32u.dll
0x00007ffcde5c0000 - 0x00007ffcde65e000 	C:\WINDOWS\System32\msvcrt.dll
0x00007ffcde4b0000 - 0x00007ffcde4db000 	C:\WINDOWS\System32\GDI32.dll
0x00007ffcdc290000 - 0x00007ffcdc39f000 	C:\WINDOWS\System32\gdi32full.dll
0x00007ffcdca70000 - 0x00007ffcdcb0d000 	C:\WINDOWS\System32\msvcp_win.dll
0x00007ffcddbe0000 - 0x00007ffcddc12000 	C:\WINDOWS\System32\IMM32.DLL
0x00007ffcdbef0000 - 0x00007ffcdbf5f000 	C:\WINDOWS\LVUAAgentInstBaseRoot\system32\Vozokopot.dll
0x00007ffcd0a50000 - 0x00007ffcd0dc8000 	C:\WINDOWS\LVUAAgentInstBaseRoot\system32\MozartBreathCore.dll
0x00007ffcdd290000 - 0x00007ffcdd2fb000 	C:\WINDOWS\System32\WS2_32.dll
0x00007ffcdd0b0000 - 0x00007ffcdd1d5000 	C:\WINDOWS\System32\RPCRT4.dll
0x00007ffcdb520000 - 0x00007ffcdb55b000 	C:\WINDOWS\SYSTEM32\IPHLPAPI.DLL
0x00007ffcd75c0000 - 0x00007ffcd75d4000 	C:\WINDOWS\SYSTEM32\WTSAPI32.dll
0x00007ffcde4e0000 - 0x00007ffcde5ba000 	C:\WINDOWS\System32\COMDLG32.dll
0x00007ffcdd870000 - 0x00007ffcddbc5000 	C:\WINDOWS\System32\combase.dll
0x00007ffcd4430000 - 0x00007ffcd444d000 	C:\WINDOWS\SYSTEM32\MPR.dll
0x00007ffcdb560000 - 0x00007ffcdb62b000 	C:\WINDOWS\SYSTEM32\DNSAPI.dll
0x00007ffcdd000000 - 0x00007ffcdd0ad000 	C:\WINDOWS\System32\shcore.dll
0x00007ffcd17b0000 - 0x00007ffcd1848000 	C:\WINDOWS\SYSTEM32\WINSPOOL.DRV
0x00007ffcdd310000 - 0x00007ffcdd365000 	C:\WINDOWS\System32\SHLWAPI.dll
0x00007ffcddd60000 - 0x00007ffcde4a5000 	C:\WINDOWS\System32\SHELL32.dll
0x00007ffcdd1e0000 - 0x00007ffcdd28e000 	C:\WINDOWS\System32\ADVAPI32.dll
0x00007ffcde660000 - 0x00007ffcde6fc000 	C:\WINDOWS\System32\sechost.dll
0x00007ffcdd5c0000 - 0x00007ffcdd6ea000 	C:\WINDOWS\System32\ole32.dll
0x00007ffcdd7a0000 - 0x00007ffcdd86d000 	C:\WINDOWS\System32\OLEAUT32.dll
0x00007ffcdd300000 - 0x00007ffcdd308000 	C:\WINDOWS\System32\NSI.dll
0x00007ffccdc10000 - 0x00007ffccdc19000 	C:\WINDOWS\SYSTEM32\wsock32.dll
0x00007ffcd5790000 - 0x00007ffcd579c000 	D:\DataSoft\JetBox\apps\datagrip\ch-0\222.4167.25\jbr\bin\vcruntime140_1.dll
0x00007ffccda80000 - 0x00007ffccda9f000 	C:\WINDOWS\LVUAAgentInstBaseRoot\system32\MozartBreathOM.dll
0x00007ffcb1ef0000 - 0x00007ffcb1f7d000 	D:\DataSoft\JetBox\apps\datagrip\ch-0\222.4167.25\jbr\bin\msvcp140.dll
0x00007ffc95b30000 - 0x00007ffc96799000 	D:\DataSoft\JetBox\apps\datagrip\ch-0\222.4167.25\jbr\bin\server\jvm.dll
0x00007ffcdd5b0000 - 0x00007ffcdd5b8000 	C:\WINDOWS\System32\PSAPI.DLL
0x00007ffcd7450000 - 0x00007ffcd745a000 	C:\WINDOWS\SYSTEM32\VERSION.dll
0x00007ffccf610000 - 0x00007ffccf637000 	C:\WINDOWS\SYSTEM32\WINMM.dll
0x00007ffccca30000 - 0x00007ffccca57000 	C:\WINDOWS\LVUAAgentInstBaseRoot\system32\MozartBreathFw.dll
0x00007ffccc960000 - 0x00007ffccc9cd000 	C:\WINDOWS\LVUAAgentInstBaseRoot\system32\MozartBreathFile.dll
0x00007ffcda030000 - 0x00007ffcda042000 	C:\WINDOWS\SYSTEM32\kernel.appcore.dll
0x00007ffccc4d0000 - 0x00007ffccc5fd000 	C:\WINDOWS\LVUAAgentInstBaseRoot\system32\MozartBreathProcess.dll
0x00007ffcd7ca0000 - 0x00007ffcd7caa000 	D:\DataSoft\JetBox\apps\datagrip\ch-0\222.4167.25\jbr\bin\jimage.dll
0x00007ffcd6b80000 - 0x00007ffcd6d64000 	C:\WINDOWS\SYSTEM32\DBGHELP.DLL
0x00007ffcd6620000 - 0x00007ffcd6655000 	C:\WINDOWS\SYSTEM32\dbgcore.DLL
0x00007ffcdc880000 - 0x00007ffcdc902000 	C:\WINDOWS\System32\bcryptPrimitives.dll
0x00007ffccbc80000 - 0x00007ffccbcf7000 	C:\WINDOWS\LVUAAgentInstBaseRoot\system32\MozartBreathBolo2.dll
0x00007ffccbc00000 - 0x00007ffccbc2b000 	C:\WINDOWS\LVUAAgentInstBaseRoot\system32\MozartBreathProtect.dll
0x00007ffcd60d0000 - 0x00007ffcd60f5000 	D:\DataSoft\JetBox\apps\datagrip\ch-0\222.4167.25\jbr\bin\java.dll
0x00007ffcd7600000 - 0x00007ffcd7618000 	D:\DataSoft\JetBox\apps\datagrip\ch-0\222.4167.25\jbr\bin\zip.dll
0x00007ffcda230000 - 0x00007ffcda9c2000 	C:\WINDOWS\SYSTEM32\windows.storage.dll
0x00007ffcdbad0000 - 0x00007ffcdbb00000 	C:\WINDOWS\System32\Wldp.dll
0x00007ffcdc100000 - 0x00007ffcdc11f000 	C:\WINDOWS\SYSTEM32\profapi.dll
0x00007ffcd62a0000 - 0x00007ffcd62b9000 	D:\DataSoft\JetBox\apps\datagrip\ch-0\222.4167.25\jbr\bin\net.dll
0x00007ffcd7630000 - 0x00007ffcd773c000 	C:\WINDOWS\SYSTEM32\WINHTTP.dll
0x00007ffcdb830000 - 0x00007ffcdb89a000 	C:\WINDOWS\system32\mswsock.dll
0x00007ffcc11f0000 - 0x00007ffcc1206000 	D:\DataSoft\JetBox\apps\datagrip\ch-0\222.4167.25\jbr\bin\nio.dll
0x00007ffc95540000 - 0x00007ffc956d3000 	D:\DataSoft\JetBox\apps\datagrip\ch-0\222.4167.25\jbr\bin\awt.dll
0x00007ffcd9e50000 - 0x00007ffcd9e7f000 	C:\WINDOWS\SYSTEM32\dwmapi.dll
0x00007ffcd9980000 - 0x00007ffcd9a10000 	C:\WINDOWS\SYSTEM32\apphelp.dll
0x00007ffcd9b60000 - 0x00007ffcd9bfe000 	C:\WINDOWS\system32\uxtheme.dll
0x00007ffca1650000 - 0x00007ffca1729000 	c:\Program Files\HP\HP ProtectTools Security Manager\Bin\DpoFeedb.dll
0x00007ffcdc080000 - 0x00007ffcdc0ae000 	C:\WINDOWS\SYSTEM32\USERENV.dll
0x00007ffcde970000 - 0x00007ffcdea85000 	C:\WINDOWS\System32\MSCTF.dll
0x0000000180000000 - 0x0000000180044000 	C:\WINDOWS\LVUAAgentInstBaseRoot\system32\OverlordSpear.dll
0x00007ffcd7ce0000 - 0x00007ffcd7cf7000 	C:\WINDOWS\SYSTEM32\dhcpcsvc6.DLL
0x00007ffcd7cc0000 - 0x00007ffcd7cdd000 	C:\WINDOWS\SYSTEM32\dhcpcsvc.DLL
0x00007ffcdba30000 - 0x00007ffcdba48000 	C:\WINDOWS\System32\CRYPTSP.dll
0x00007ffcdb150000 - 0x00007ffcdb184000 	C:\WINDOWS\system32\rsaenh.dll
0x00007ffcdc1c0000 - 0x00007ffcdc1e7000 	C:\WINDOWS\System32\bcrypt.dll
0x00007ffcdba20000 - 0x00007ffcdba2c000 	C:\WINDOWS\SYSTEM32\CRYPTBASE.dll
0x00007ffcd50a0000 - 0x00007ffcd50a7000 	D:\DataSoft\JetBox\apps\datagrip\ch-0\222.4167.25\jbr\bin\rmi.dll
0x00007ffcd5fb0000 - 0x00007ffcd5fc0000 	D:\DataSoft\JetBox\apps\datagrip\ch-0\222.4167.25\jbr\bin\verify.dll
0x00007ffccdc40000 - 0x00007ffccdc57000 	C:\WINDOWS\system32\napinsp.dll
0x00007ffccdd30000 - 0x00007ffccdd4b000 	C:\WINDOWS\system32\pnrpnsp.dll
0x00007ffccdc60000 - 0x00007ffccdc75000 	C:\WINDOWS\system32\wshbth.dll
0x00007ffcd71c0000 - 0x00007ffcd71dd000 	C:\WINDOWS\system32\NLAapi.dll
0x00007ffccde90000 - 0x00007ffccdea2000 	C:\WINDOWS\System32\winrnr.dll
0x00007ffcd6610000 - 0x00007ffcd661a000 	C:\Windows\System32\rasadhlp.dll
0x00007ffcd7c10000 - 0x00007ffcd7c90000 	C:\WINDOWS\System32\fwpuclnt.dll
0x00007ffcbc9d0000 - 0x00007ffcbc9dd000 	D:\DataSoft\JetBox\apps\datagrip\ch-0\222.4167.25\jbr\bin\sunmscapi.dll
0x00007ffcdc910000 - 0x00007ffcdca66000 	C:\WINDOWS\System32\CRYPT32.dll
0x00007ffcdbb40000 - 0x00007ffcdbb67000 	C:\WINDOWS\SYSTEM32\ncrypt.dll
0x00007ffcdbb00000 - 0x00007ffcdbb3b000 	C:\WINDOWS\SYSTEM32\NTASN1.dll
0x00007ffcbc0a0000 - 0x00007ffcbc0a7000 	C:\WINDOWS\system32\wshunix.dll

dbghelp: loaded successfully - version: 4.0.5 - missing functions: none
symbol engine: initialized successfully - sym options: 0x614 - pdb path: .;D:\DataSoft\JetBox\apps\datagrip\ch-0\222.4167.25\jbr\bin;C:\WINDOWS\SYSTEM32;C:\WINDOWS\WinSxS\amd64_microsoft.windows.common-controls_6595b64144ccf1df_6.0.19041.1110_none_60b5254171f9507e;C:\WINDOWS\LVUAAgentInstBaseRoot\system32;D:\DataSoft\JetBox\apps\datagrip\ch-0\222.4167.25\jbr\bin\server;c:\Program Files\HP\HP ProtectTools Security Manager\Bin

VM Arguments:
jvm_args: -Dawt.toolkit=com.intellij.desktop.DesktopActionsToolkit -Djava.rmi.server.hostname=127.0.0.1 -Duser.timezone=UTC -Xmx750m -Xms128m --add-exports=java.desktop/sun.awt=ALL-UNNAMED --add-exports=java.desktop/java.awt.peer=ALL-UNNAMED --add-opens=java.desktop/java.awt=ALL-UNNAMED --add-opens=jdk.unsupported/sun.misc=ALL-UNNAMED --add-opens=java.base/java.nio=ALL-UNNAMED -Dfile.encoding=GBK 
java_command: com.intellij.database.remote.RemoteJdbcServer org.apache.hive.jdbc.HiveDriver
java_class_path (initial): D:\DataSoft\JetBox\apps\datagrip\ch-0\222.4167.25\lib\util_rt.jar;D:\DataSoft\JetBox\apps\datagrip\ch-0\222.4167.25\lib\util.jar;D:\DataSoft\JetBox\apps\datagrip\ch-0\222.4167.25\lib\groovy.jar;D:\DataSoft\JetBox\apps\datagrip\ch-0\222.4167.25\plugins\DatabaseTools\lib\jdbc-console.jar;C:\Users\DMC8612144\AppData\Roaming\JetBrains\DataGrip2022.2\jdbc-drivers\Hive\3.1.2\hive-jdbc-3.1.2-standalone.jar
Launcher Type: SUN_STANDARD

[Global flags]
     intx CICompilerCount                          = 3                                         {product} {ergonomic}
     uint ConcGCThreads                            = 2                                         {product} {ergonomic}
     uint G1ConcRefinementThreads                  = 6                                         {product} {ergonomic}
   size_t G1HeapRegionSize                         = 1048576                                   {product} {ergonomic}
    uintx GCDrainStackTargetSize                   = 64                                        {product} {ergonomic}
   size_t InitialHeapSize                          = 134217728                                 {product} {command line}
   size_t MarkStackSize                            = 4194304                                   {product} {ergonomic}
   size_t MaxHeapSize                              = 786432000                                 {product} {command line}
   size_t MaxNewSize                               = 471859200                                 {product} {ergonomic}
   size_t MinHeapDeltaBytes                        = 1048576                                   {product} {ergonomic}
   size_t MinHeapSize                              = 134217728                                 {product} {command line}
    uintx NonNMethodCodeHeapSize                   = 5832780                                {pd product} {ergonomic}
    uintx NonProfiledCodeHeapSize                  = 122912730                              {pd product} {ergonomic}
    uintx ProfiledCodeHeapSize                     = 122912730                              {pd product} {ergonomic}
    uintx ReservedCodeCacheSize                    = 251658240                              {pd product} {ergonomic}
     bool SegmentedCodeCache                       = true                                      {product} {ergonomic}
   size_t SoftMaxHeapSize                          = 786432000                              {manageable} {ergonomic}
     bool UseCompressedClassPointers               = true                           {product lp64_product} {ergonomic}
     bool UseCompressedOops                        = true                           {product lp64_product} {ergonomic}
     bool UseG1GC                                  = true                                      {product} {ergonomic}
     bool UseLargePagesIndividualAllocation        = false                                  {pd product} {ergonomic}

Logging:
Log output configuration:
 #0: stdout all=warning uptime,level,tags
 #1: stderr all=off uptime,level,tags

Environment Variables:
JAVA_HOME=D:\Program Files (x86)\Java\jdk1.8.0_181
PATH=C:\Program Files (x86)\Common Files\Oracle\Java\javapath;C:\WINDOWS\system32;C:\WINDOWS;C:\WINDOWS\System32\Wbem;C:\WINDOWS\System32\WindowsPowerShell\v1.0\;C:\WINDOWS\System32\OpenSSH\;D:\Program Files (x86)\Java\jdk1.8.0_181\bin;D:\Program Files (x86)\Java\jdk1.8.0_181\jre\bin;C:\Program Files (x86)\Microsoft SQL Server\150\DTS\Binn\;C:\Program Files\Microsoft SQL Server\130\Tools\Binn\;D:\Program Files\Git\cmd;D:\Program Files\TortoiseGit\bin;D:\Program Files\apache-maven-3.8.1\bin\;C:\Program Files\MySQL\MySQL Server 5.7\bin;D:\DataSoft\scala\bin;D:\DataSoft\scala\bin;D:\DataSoft\scala\jre\bin;C:\Program Files (x86)\Intel\Intel(R) Management Engine Components\DAL;C:\Program Files\Intel\Intel(R) Management Engine Components\DAL;E:\LinuxOS\Xshell\;E:\LinuxOS\Xftp\;D:\DataSoft\python;D:\DataSoft\python\Lib;D:\DataSoft\python\Scripts;C:\Users\DMC8612144\AppData\Local\Microsoft\WindowsApps;
USERNAME=DMC8612144
OS=Windows_NT
PROCESSOR_IDENTIFIER=Intel64 Family 6 Model 158 Stepping 10, GenuineIntel
TMP=C:\Users\DMC861~1\AppData\Local\Temp
TEMP=C:\Users\DMC861~1\AppData\Local\Temp



---------------  S Y S T E M  ---------------

OS:
 Windows 10 , 64 bit Build 19041 (10.0.19041.2546)
OS uptime: 3 days 6:14 hours

CPU: total 6 (initial active 6) (6 cores per cpu, 1 threads per core) family 6 model 158 stepping 10 microcode 0xb4, cx8, cmov, fxsr, mmx, 3dnowpref, sse, sse2, sse3, ssse3, sse4.1, sse4.2, popcnt, lzcnt, tsc, tscinvbit, avx, avx2, aes, erms, clmul, bmi1, bmi2, rtm, adx, fma, vzeroupper, clflush, clflushopt

Memory: 4k page, system-wide physical 16227M (3532M free)
TotalPageFile size 20323M (AvailPageFile size 5M)
current process WorkingSet (physical memory assigned to process): 70M, peak: 159M
current process commit charge ("private bytes"): 236M, peak: 280M

vm_info: OpenJDK 64-Bit Server VM (17.0.4+7-b469.53) for windows-amd64 JRE (17.0.4+7-b469.53), built on 2022-08-29 by "builduser" with MS VC++ 16.10 / 16.11 (VS2019)

END.
