JvmtiExport can_access_local_variables 0
JvmtiExport can_hotswap_or_post_breakpoint 0
JvmtiExport can_post_on_exceptions 0
# 187 ciObject found
ciInstanceKlass java/lang/RuntimePermission 1 1 27 10 7 12 1 1 1 10 12 1 100 1 1 1 1 5 0 1 1 1 1 1 1 1 1 1 1
ciInstanceKlass java/util/IdentityHashMap 1 1 397 9 7 12 1 1 1 10 7 12 1 1 1 10 12 1 1 100 1 100 1 10 8 1 10 12 1 1 10 12 1 10 12 1 1 10 12 1 10 12 1 1 3 3 10 7 12 1 1 7 1 9 12 1 1 11 100 12 1 1 1 6 0 10 12 10 12 1 1 9 12 1 10 7 12 1 1 1 10 12 1 1 10 12 1 1 10 12 1 1 10 12 1 1 9 12 1 3 3 100 1 8 1 10 11 12 1 1 11 100 12 1 1 1 11 100 12 1 1 1 11 12 1 1 100 1 11 12 1 11 12 1 10 12 1 1 10 12 1 10 10 12 1 1 10 11 12 1 1 10 12 1 10 12 1 9 12 1 10 100 100 1 100 1 10 12 1 9 12 1 7 1 10 12 1 9 12 1 1 7 1 10 100 1 10 10 100 12 1 1 10 12 1 10 12 1 1 10 100 12 1 1 1 10 12 1 100 1 8 1 10 10 100 12 1 1 1 11 100 12 1 1 1 10 12 1 10 12 1 1 10 10 100 12 1 1 11 100 12 1 1 100 1 10 11 100 12 1 1 10 100 1 100 1 1 1 3 1 3 1 1 1 1 1 5 0 1 1 1 1 1 1 1 1 1 1 1 1 1 1 1 1 1 1 1 1 1 1 1 1 1 1 1 1 1 1 1 1 1 1 1 1 1 1 1 1 1 1 1 1 1 1 1 1 1 1 1 1 1 1 1 1 1 1 1 1 1 100 1 1 1 1 1 1 1 100 1 1 1 1 100 1 1 1 1 1 1 1 1 1 1 1 1 1 1 1 1 1 1 1 1 1 1 100 1 100 1 100 1 100 1 100 1 100 1 100 1 100 1 100 1 1 1 1 1 1 100 1 1 1 1 1 1 1 1 1 1
staticfield java/util/IdentityHashMap NULL_KEY Ljava/lang/Object; java/lang/Object
instanceKlass com/cloudera/impala/dsi/dataengine/impl/DSISimpleRowCountResult
instanceKlass java/io/ObjectOutputStream$PutField
instanceKlass java/math/BigDecimal$UnsafeHolder
instanceKlass java/math/MutableBigInteger
instanceKlass com/cloudera/impala/jdbc41/internal/apache/hive/service/cli/thrift/TCloseOperationResp$TCloseOperationRespTupleSchemeFactory
instanceKlass com/cloudera/impala/jdbc41/internal/apache/hive/service/cli/thrift/TCloseOperationResp$TCloseOperationRespStandardSchemeFactory
instanceKlass com/cloudera/impala/jdbc41/internal/apache/hive/service/cli/thrift/TCloseOperationResp
instanceKlass com/cloudera/impala/jdbc41/internal/apache/hive/service/cli/thrift/TCLIService$CloseOperation_result$CloseOperation_resultTupleSchemeFactory
instanceKlass com/cloudera/impala/jdbc41/internal/apache/hive/service/cli/thrift/TCLIService$CloseOperation_result$CloseOperation_resultStandardSchemeFactory
instanceKlass com/cloudera/impala/jdbc41/internal/apache/hive/service/cli/thrift/TCLIService$CloseOperation_result
instanceKlass com/cloudera/impala/jdbc41/internal/apache/hive/service/cli/thrift/TCLIService$CloseOperation_args$CloseOperation_argsTupleSchemeFactory
instanceKlass com/cloudera/impala/jdbc41/internal/apache/hive/service/cli/thrift/TCLIService$CloseOperation_args$CloseOperation_argsStandardSchemeFactory
instanceKlass com/cloudera/impala/jdbc41/internal/apache/hive/service/cli/thrift/TCLIService$CloseOperation_args
instanceKlass com/cloudera/impala/jdbc41/internal/apache/hive/service/cli/thrift/TCloseOperationReq$TCloseOperationReqTupleSchemeFactory
instanceKlass com/cloudera/impala/jdbc41/internal/apache/hive/service/cli/thrift/TCloseOperationReq$TCloseOperationReqStandardSchemeFactory
instanceKlass com/cloudera/impala/jdbc41/internal/apache/hive/service/cli/thrift/TCloseOperationReq
instanceKlass java/math/MathContext
instanceKlass com/intellij/database/remote/jdbc/LobInfo
instanceKlass com/cloudera/impala/dsi/dataengine/utilities/DSITypeUtilities
instanceKlass com/cloudera/impala/utilities/conversion/TypeConverter
instanceKlass com/cloudera/impala/jdbc41/internal/apache/thrift/TBaseHelper$NestedStructureComparator
instanceKlass com/cloudera/impala/jdbc41/internal/apache/thrift/TBaseHelper
instanceKlass java/util/DualPivotQuicksort
instanceKlass com/cloudera/impala/jdbc/common/SForwardResultSet$1
instanceKlass com/cloudera/impala/jdbc41/internal/apache/hive/service/cli/thrift/TI32Column$TI32ColumnTupleSchemeFactory
instanceKlass com/cloudera/impala/jdbc41/internal/apache/hive/service/cli/thrift/TI32Column$TI32ColumnStandardSchemeFactory
instanceKlass com/cloudera/impala/jdbc41/internal/apache/hive/service/cli/thrift/TStringColumn$TStringColumnTupleSchemeFactory
instanceKlass com/cloudera/impala/jdbc41/internal/apache/hive/service/cli/thrift/TStringColumn$TStringColumnStandardSchemeFactory
instanceKlass com/cloudera/impala/jdbc41/internal/apache/hive/service/cli/thrift/TI64Column$TI64ColumnTupleSchemeFactory
instanceKlass com/cloudera/impala/jdbc41/internal/apache/hive/service/cli/thrift/TI64Column$TI64ColumnStandardSchemeFactory
instanceKlass com/cloudera/impala/jdbc41/internal/apache/hive/service/cli/thrift/TColumn$1
instanceKlass com/cloudera/impala/jdbc41/internal/apache/hive/service/cli/thrift/TBinaryColumn
instanceKlass com/cloudera/impala/jdbc41/internal/apache/hive/service/cli/thrift/TStringColumn
instanceKlass com/cloudera/impala/jdbc41/internal/apache/hive/service/cli/thrift/TDoubleColumn
instanceKlass com/cloudera/impala/jdbc41/internal/apache/hive/service/cli/thrift/TI64Column
instanceKlass com/cloudera/impala/jdbc41/internal/apache/hive/service/cli/thrift/TI32Column
instanceKlass com/cloudera/impala/jdbc41/internal/apache/hive/service/cli/thrift/TI16Column
instanceKlass com/cloudera/impala/jdbc41/internal/apache/hive/service/cli/thrift/TByteColumn
instanceKlass com/cloudera/impala/jdbc41/internal/apache/hive/service/cli/thrift/TBoolColumn
instanceKlass com/cloudera/impala/jdbc41/internal/apache/hive/service/cli/thrift/TRow
instanceKlass com/cloudera/impala/jdbc41/internal/apache/hive/service/cli/thrift/TRowSet$TRowSetTupleSchemeFactory
instanceKlass com/cloudera/impala/jdbc41/internal/apache/hive/service/cli/thrift/TRowSet$TRowSetStandardSchemeFactory
instanceKlass com/cloudera/impala/jdbc41/internal/apache/hive/service/cli/thrift/TRowSet
instanceKlass com/cloudera/impala/jdbc41/internal/apache/hive/service/cli/thrift/TFetchResultsResp$TFetchResultsRespTupleSchemeFactory
instanceKlass com/cloudera/impala/jdbc41/internal/apache/hive/service/cli/thrift/TFetchResultsResp$TFetchResultsRespStandardSchemeFactory
instanceKlass com/cloudera/impala/jdbc41/internal/apache/hive/service/cli/thrift/TFetchResultsResp
instanceKlass com/cloudera/impala/jdbc41/internal/apache/hive/service/cli/thrift/TCLIService$FetchResults_result$FetchResults_resultTupleSchemeFactory
instanceKlass com/cloudera/impala/jdbc41/internal/apache/hive/service/cli/thrift/TCLIService$FetchResults_result$FetchResults_resultStandardSchemeFactory
instanceKlass com/cloudera/impala/jdbc41/internal/apache/hive/service/cli/thrift/TCLIService$FetchResults_result
instanceKlass com/cloudera/impala/jdbc41/internal/apache/hive/service/cli/thrift/TCLIService$FetchResults_args$FetchResults_argsTupleSchemeFactory
instanceKlass com/cloudera/impala/jdbc41/internal/apache/hive/service/cli/thrift/TCLIService$FetchResults_args$FetchResults_argsStandardSchemeFactory
instanceKlass com/cloudera/impala/jdbc41/internal/apache/hive/service/cli/thrift/TCLIService$FetchResults_args
instanceKlass com/cloudera/impala/hivecommon/core/BackgroundFetcherExecutionContextMap
instanceKlass sun/util/calendar/CalendarUtils
instanceKlass sun/util/calendar/CalendarDate
instanceKlass sun/util/locale/provider/CalendarDataUtility$CalendarWeekParameterGetter
instanceKlass sun/util/locale/provider/LocaleServiceProviderPool$LocalizedObjectGetter
instanceKlass sun/util/locale/provider/LocaleServiceProviderPool
instanceKlass java/util/Calendar$Builder
instanceKlass com/cloudera/impala/hivecommon/api/HS2Buffer
instanceKlass com/cloudera/impala/hivecommon/api/RowsetBuffer
instanceKlass com/cloudera/impala/hivecommon/dataengine/BackgroundFetcher
instanceKlass com/cloudera/impala/utilities/TypeNames
instanceKlass sun/util/calendar/CalendarSystem$GregorianHolder
instanceKlass sun/util/calendar/CalendarSystem
instanceKlass com/intellij/database/remote/jdbc/RemoteBlob
instanceKlass com/intellij/database/remote/jdbc/RemoteClob
instanceKlass java/sql/Ref
instanceKlass com/intellij/database/remote/jdbc/RemoteResultSetMetaData
instanceKlass com/intellij/database/remote/jdbc/RemoteArray
instanceKlass com/intellij/database/remote/jdbc/RemoteRef
instanceKlass com/cloudera/impala/jdbc/common/SStatement$ResultContext
instanceKlass com/cloudera/impala/dsi/dataengine/utilities/DSIMonthSpan
instanceKlass com/cloudera/impala/dsi/dataengine/utilities/DSITimeSpan
instanceKlass java/util/UUID
instanceKlass java/util/Calendar
instanceKlass com/cloudera/impala/dsi/dataengine/utilities/DataWrapper
instanceKlass com/cloudera/impala/jdbc/common/SResultSetMetaData
instanceKlass com/cloudera/impala/jdbc/common/SArray
instanceKlass com/cloudera/impala/streams/IStream
instanceKlass com/cloudera/impala/jdbc/common/SForwardResultSet
instanceKlass com/cloudera/impala/dsi/dataengine/utilities/ExecutionContext
instanceKlass com/cloudera/impala/dsi/dataengine/utilities/ExecutionContexts
instanceKlass com/cloudera/impala/dsi/dataengine/utilities/ExecutionResult
instanceKlass com/cloudera/impala/dsi/dataengine/utilities/ColumnMetadata
instanceKlass com/cloudera/impala/dsi/dataengine/utilities/TypeUtilities
instanceKlass com/cloudera/impala/dsi/dataengine/utilities/TypeMetadata
instanceKlass com/cloudera/impala/jdbc41/internal/apache/hive/service/cli/thrift/TTypeQualifierValue$1
instanceKlass com/cloudera/impala/jdbc41/internal/apache/hive/service/cli/thrift/TTypeQualifiers$TTypeQualifiersTupleSchemeFactory
instanceKlass com/cloudera/impala/jdbc41/internal/apache/hive/service/cli/thrift/TTypeQualifiers$TTypeQualifiersStandardSchemeFactory
instanceKlass com/cloudera/impala/jdbc41/internal/apache/hive/service/cli/thrift/TTypeQualifiers
instanceKlass com/cloudera/impala/jdbc41/internal/apache/hive/service/cli/thrift/TPrimitiveTypeEntry$TPrimitiveTypeEntryTupleSchemeFactory
instanceKlass com/cloudera/impala/jdbc41/internal/apache/hive/service/cli/thrift/TPrimitiveTypeEntry$TPrimitiveTypeEntryStandardSchemeFactory
instanceKlass com/cloudera/impala/jdbc41/internal/apache/hive/service/cli/thrift/TTypeEntry$1
instanceKlass com/cloudera/impala/jdbc41/internal/apache/hive/service/cli/thrift/TUserDefinedTypeEntry
instanceKlass com/cloudera/impala/jdbc41/internal/apache/hive/service/cli/thrift/TUnionTypeEntry
instanceKlass com/cloudera/impala/jdbc41/internal/apache/hive/service/cli/thrift/TStructTypeEntry
instanceKlass com/cloudera/impala/jdbc41/internal/apache/hive/service/cli/thrift/TMapTypeEntry
instanceKlass com/cloudera/impala/jdbc41/internal/apache/hive/service/cli/thrift/TArrayTypeEntry
instanceKlass com/cloudera/impala/jdbc41/internal/apache/hive/service/cli/thrift/TPrimitiveTypeEntry
instanceKlass com/cloudera/impala/jdbc41/internal/apache/hive/service/cli/thrift/TTypeDesc$TTypeDescTupleSchemeFactory
instanceKlass com/cloudera/impala/jdbc41/internal/apache/hive/service/cli/thrift/TTypeDesc$TTypeDescStandardSchemeFactory
instanceKlass com/cloudera/impala/jdbc41/internal/apache/hive/service/cli/thrift/TTypeDesc
instanceKlass com/cloudera/impala/jdbc41/internal/apache/hive/service/cli/thrift/TColumnDesc$TColumnDescTupleSchemeFactory
instanceKlass com/cloudera/impala/jdbc41/internal/apache/hive/service/cli/thrift/TColumnDesc$TColumnDescStandardSchemeFactory
instanceKlass com/cloudera/impala/jdbc41/internal/apache/thrift/protocol/TList
instanceKlass com/cloudera/impala/jdbc41/internal/apache/hive/service/cli/thrift/TColumnDesc
instanceKlass com/cloudera/impala/jdbc41/internal/apache/hive/service/cli/thrift/TTableSchema$TTableSchemaTupleSchemeFactory
instanceKlass com/cloudera/impala/jdbc41/internal/apache/hive/service/cli/thrift/TTableSchema$TTableSchemaStandardSchemeFactory
instanceKlass com/cloudera/impala/jdbc41/internal/apache/hive/service/cli/thrift/TTableSchema
instanceKlass com/cloudera/impala/jdbc41/internal/apache/hive/service/cli/thrift/TGetResultSetMetadataResp$TGetResultSetMetadataRespTupleSchemeFactory
instanceKlass com/cloudera/impala/jdbc41/internal/apache/hive/service/cli/thrift/TGetResultSetMetadataResp$TGetResultSetMetadataRespStandardSchemeFactory
instanceKlass com/cloudera/impala/jdbc41/internal/apache/hive/service/cli/thrift/TGetResultSetMetadataResp
instanceKlass com/cloudera/impala/jdbc41/internal/apache/hive/service/cli/thrift/TCLIService$GetResultSetMetadata_result$GetResultSetMetadata_resultTupleSchemeFactory
instanceKlass com/cloudera/impala/jdbc41/internal/apache/hive/service/cli/thrift/TCLIService$GetResultSetMetadata_result$GetResultSetMetadata_resultStandardSchemeFactory
instanceKlass com/cloudera/impala/jdbc41/internal/apache/hive/service/cli/thrift/TCLIService$GetResultSetMetadata_result
instanceKlass com/cloudera/impala/jdbc41/internal/apache/hive/service/cli/thrift/TCLIService$GetResultSetMetadata_args$GetResultSetMetadata_argsTupleSchemeFactory
instanceKlass com/cloudera/impala/jdbc41/internal/apache/hive/service/cli/thrift/TCLIService$GetResultSetMetadata_args$GetResultSetMetadata_argsStandardSchemeFactory
instanceKlass com/cloudera/impala/jdbc41/internal/apache/hive/service/cli/thrift/TCLIService$GetResultSetMetadata_args
instanceKlass com/cloudera/impala/jdbc41/internal/apache/hive/service/cli/thrift/TGetResultSetMetadataReq$TGetResultSetMetadataReqTupleSchemeFactory
instanceKlass com/cloudera/impala/jdbc41/internal/apache/hive/service/cli/thrift/TGetResultSetMetadataReq$TGetResultSetMetadataReqStandardSchemeFactory
instanceKlass com/cloudera/impala/jdbc41/internal/apache/hive/service/cli/thrift/TGetResultSetMetadataReq
instanceKlass com/cloudera/impala/hivecommon/api/CurrentBufferContext
instanceKlass com/cloudera/impala/jdbc41/internal/apache/hive/service/cli/thrift/TFetchResultsReq$TFetchResultsReqTupleSchemeFactory
instanceKlass com/cloudera/impala/jdbc41/internal/apache/hive/service/cli/thrift/TFetchResultsReq$TFetchResultsReqStandardSchemeFactory
instanceKlass com/cloudera/impala/jdbc41/internal/apache/hive/service/cli/thrift/TFetchResultsReq
instanceKlass com/cloudera/impala/hivecommon/api/HS2Client$1
instanceKlass com/cloudera/impala/jdbc41/internal/apache/hive/service/cli/thrift/TGetOperationStatusResp$TGetOperationStatusRespTupleSchemeFactory
instanceKlass com/cloudera/impala/jdbc41/internal/apache/hive/service/cli/thrift/TGetOperationStatusResp$TGetOperationStatusRespStandardSchemeFactory
instanceKlass com/cloudera/impala/jdbc41/internal/apache/hive/service/cli/thrift/TGetOperationStatusResp
instanceKlass com/cloudera/impala/jdbc41/internal/apache/hive/service/cli/thrift/TCLIService$GetOperationStatus_result$GetOperationStatus_resultTupleSchemeFactory
instanceKlass com/cloudera/impala/jdbc41/internal/apache/hive/service/cli/thrift/TCLIService$GetOperationStatus_result$GetOperationStatus_resultStandardSchemeFactory
instanceKlass com/cloudera/impala/jdbc41/internal/apache/hive/service/cli/thrift/TCLIService$GetOperationStatus_result
instanceKlass com/cloudera/impala/jdbc41/internal/apache/hive/service/cli/thrift/TCLIService$GetOperationStatus_args$GetOperationStatus_argsTupleSchemeFactory
instanceKlass com/cloudera/impala/jdbc41/internal/apache/hive/service/cli/thrift/TCLIService$GetOperationStatus_args$GetOperationStatus_argsStandardSchemeFactory
instanceKlass com/cloudera/impala/jdbc41/internal/apache/hive/service/cli/thrift/TCLIService$GetOperationStatus_args
instanceKlass com/cloudera/impala/jdbc41/internal/apache/hive/service/cli/thrift/TGetOperationStatusReq$TGetOperationStatusReqTupleSchemeFactory
instanceKlass com/cloudera/impala/jdbc41/internal/apache/hive/service/cli/thrift/TGetOperationStatusReq$TGetOperationStatusReqStandardSchemeFactory
instanceKlass com/cloudera/impala/jdbc41/internal/apache/hive/service/cli/thrift/TGetOperationStatusReq
instanceKlass com/cloudera/impala/jdbc41/internal/apache/hive/service/cli/thrift/TOperationHandle$TOperationHandleTupleSchemeFactory
instanceKlass com/cloudera/impala/jdbc41/internal/apache/hive/service/cli/thrift/TOperationHandle$TOperationHandleStandardSchemeFactory
instanceKlass com/cloudera/impala/jdbc41/internal/apache/hive/service/cli/thrift/TOperationHandle
instanceKlass com/cloudera/impala/jdbc41/internal/apache/hive/service/cli/thrift/TExecuteStatementResp$TExecuteStatementRespTupleSchemeFactory
instanceKlass com/cloudera/impala/jdbc41/internal/apache/hive/service/cli/thrift/TExecuteStatementResp$TExecuteStatementRespStandardSchemeFactory
instanceKlass java/util/Vector$1
instanceKlass sun/awt/AppContext$6
instanceKlass jdk/internal/access/JavaAWTAccess
instanceKlass sun/awt/AppContext$GetAppContextLock
instanceKlass sun/awt/AppContext
instanceKlass com/cloudera/impala/jdbc41/internal/apache/hive/service/cli/thrift/TExecuteStatementResp
instanceKlass com/cloudera/impala/jdbc41/internal/apache/hive/service/cli/thrift/TCLIService$ExecuteStatement_result$ExecuteStatement_resultTupleSchemeFactory
instanceKlass com/cloudera/impala/jdbc41/internal/apache/hive/service/cli/thrift/TCLIService$ExecuteStatement_result$ExecuteStatement_resultStandardSchemeFactory
instanceKlass com/cloudera/impala/jdbc41/internal/apache/hive/service/cli/thrift/TCLIService$ExecuteStatement_result
instanceKlass com/cloudera/impala/jdbc41/internal/apache/hive/service/cli/thrift/TCLIService$ExecuteStatement_args$ExecuteStatement_argsTupleSchemeFactory
instanceKlass com/cloudera/impala/jdbc41/internal/apache/hive/service/cli/thrift/TCLIService$ExecuteStatement_args$ExecuteStatement_argsStandardSchemeFactory
instanceKlass com/cloudera/impala/jdbc41/internal/apache/hive/service/cli/thrift/TCLIService$ExecuteStatement_args
instanceKlass com/cloudera/impala/jdbc41/internal/apache/thrift/EncodingUtils
instanceKlass com/cloudera/impala/jdbc41/internal/apache/hive/service/cli/thrift/TExecuteStatementReq$TExecuteStatementReqTupleSchemeFactory
instanceKlass com/cloudera/impala/jdbc41/internal/apache/hive/service/cli/thrift/TExecuteStatementReq$TExecuteStatementReqStandardSchemeFactory
instanceKlass com/cloudera/impala/jdbc41/internal/apache/hive/service/cli/thrift/TExecuteStatementReq
instanceKlass java/util/concurrent/Semaphore
instanceKlass com/cloudera/impala/hivecommon/api/HiveExecutionContext
instanceKlass java/util/regex/Pattern$1
instanceKlass com/cloudera/impala/dsi/dataengine/utilities/ExecutionResults
instanceKlass java/util/regex/Pattern$BitClass
instanceKlass com/cloudera/impala/dsi/dataengine/interfaces/IResults
instanceKlass com/cloudera/impala/hivecommon/dataengine/HiveJDBCNativeQueryExecutor
instanceKlass com/cloudera/impala/hivecommon/api/IExecutorUtility
instanceKlass com/cloudera/impala/sqlengine/parser/PTParseErrorInfo
instanceKlass com/cloudera/impala/sqlengine/parser/parsetree/AbstractPTNonterminalNode
instanceKlass com/cloudera/impala/sqlengine/parser/generated/ParserVal
instanceKlass com/cloudera/impala/sqlengine/parser/generated/Lexer$TokenInfo
instanceKlass com/cloudera/impala/sqlengine/parser/generated/Lexer
instanceKlass com/cloudera/impala/sqlengine/parser/parsetree/AbstractPTTerminalNode
instanceKlass com/cloudera/impala/sqlengine/parser/PTNodeFactory
instanceKlass com/cloudera/impala/sqlengine/parser/parsetree/IPTNode
instanceKlass com/cloudera/impala/sqlengine/parser/generated/Parser
instanceKlass com/cloudera/impala/sqlengine/parser/DefaultLimitChecker$1
instanceKlass com/cloudera/impala/sqlengine/parser/PTParser
instanceKlass com/cloudera/impala/sqlengine/parser/DefaultLimitChecker$ParserLimits
instanceKlass com/cloudera/impala/sqlengine/parser/DefaultLimitChecker
instanceKlass java/util/BitSet
instanceKlass com/cloudera/impala/dsi/dataengine/interfaces/IRowCountResult
instanceKlass com/intellij/util/ArrayUtilRt
instanceKlass java/sql/Struct
instanceKlass java/sql/SQLXML
instanceKlass java/sql/NClob
instanceKlass java/sql/ShardingKey
instanceKlass com/intellij/database/remote/jdbc/impl/ReflectionHelper
instanceKlass com/cloudera/impala/dsi/core/utilities/PropertyUtilities
instanceKlass java/util/IdentityHashMap$IdentityHashMapIterator
instanceKlass java/util/concurrent/ForkJoinPool$WorkQueue
instanceKlass java/util/concurrent/ForkJoinPool$DefaultCommonPoolForkJoinWorkerThreadFactory
instanceKlass java/util/concurrent/ForkJoinPool$1
instanceKlass java/util/concurrent/ForkJoinPool$DefaultForkJoinWorkerThreadFactory
instanceKlass java/util/concurrent/ForkJoinPool$ForkJoinWorkerThreadFactory
instanceKlass com/cloudera/impala/hivecommon/jdbc41/Hive41Connection$validHandler
instanceKlass java/util/concurrent/LinkedBlockingQueue$Node
instanceKlass java/util/concurrent/Executors$DelegatedExecutorService
instanceKlass com/intellij/database/remote/jdbc/RemoteResultSet
instanceKlass java/util/function/UnaryOperator
instanceKlass java/lang/Throwable$PrintStreamOrWriter
instanceKlass java/lang/StackTraceElement$HashedModules
instanceKlass com/cloudera/impala/exceptions/jdbc4/JDBC4ExceptionConverter$1
instanceKlass com/intellij/database/remote/jdbc/impl/RemoteBatchPreparedStatementImpl$Configuration
instanceKlass com/intellij/database/remote/jdba/RemoteFacade
instanceKlass com/intellij/database/remote/jdbc/RemoteDatabaseMetaData
instanceKlass com/intellij/database/remote/jdbc/RemoteCallableStatement
instanceKlass com/intellij/database/remote/jdbc/RemoteSavepoint
instanceKlass com/intellij/execution/rmi/CastableArgument
instanceKlass com/intellij/database/remote/jdbc/RemoteBatchPreparedStatement
instanceKlass com/intellij/openapi/util/text/StringUtilRt
instanceKlass com/cloudera/impala/sqlengine/dsiext/dataengine/SqlQueryExecutor
instanceKlass com/cloudera/impala/dsi/dataengine/impl/DSISimpleResultSet
instanceKlass com/cloudera/impala/dsi/dataengine/interfaces/IQueryExecutor
instanceKlass com/cloudera/impala/sqlengine/dsiext/dataengine/ICoercionHandler
instanceKlass com/cloudera/impala/sqlengine/aeprocessor/aetree/IAENode
instanceKlass com/cloudera/impala/sqlengine/parser/IPTLimitChecker
instanceKlass com/cloudera/impala/dsi/dataengine/interfaces/IMetadataSource
instanceKlass com/cloudera/impala/dsi/dataengine/impl/DSIDataEngine
instanceKlass com/cloudera/impala/dsi/core/utilities/PropertyLimitKeys
instanceKlass com/cloudera/impala/dsi/dataengine/interfaces/IDataEngine
instanceKlass com/cloudera/impala/dsi/core/impl/DSIStatement
instanceKlass com/cloudera/impala/dsi/dataengine/interfaces/IResultSet
instanceKlass com/cloudera/impala/jdbc/common/STransactionStateListener
instanceKlass java/sql/Array
instanceKlass java/sql/Savepoint
instanceKlass com/cloudera/impala/dsi/core/interfaces/ITransactionStateListener
instanceKlass com/cloudera/impala/hivecommon/api/DataTypeUtilities
instanceKlass com/cloudera/impala/hivecommon/DatabaseMeatadataInfo
instanceKlass com/cloudera/impala/jdbc41/internal/apache/hive/service/cli/thrift/TCloseSessionResp$TCloseSessionRespTupleSchemeFactory
instanceKlass com/cloudera/impala/jdbc41/internal/apache/hive/service/cli/thrift/TCloseSessionResp$TCloseSessionRespStandardSchemeFactory
instanceKlass com/cloudera/impala/jdbc41/internal/apache/hive/service/cli/thrift/TCloseSessionResp
instanceKlass com/cloudera/impala/jdbc41/internal/apache/hive/service/cli/thrift/TCLIService$CloseSession_result$CloseSession_resultTupleSchemeFactory
instanceKlass com/cloudera/impala/jdbc41/internal/apache/hive/service/cli/thrift/TCLIService$CloseSession_result$CloseSession_resultStandardSchemeFactory
instanceKlass com/cloudera/impala/jdbc41/internal/apache/hive/service/cli/thrift/TCLIService$CloseSession_result
instanceKlass com/cloudera/impala/jdbc41/internal/apache/hive/service/cli/thrift/TCLIService$CloseSession_args$CloseSession_argsTupleSchemeFactory
instanceKlass com/cloudera/impala/jdbc41/internal/apache/hive/service/cli/thrift/TCLIService$CloseSession_args$CloseSession_argsStandardSchemeFactory
instanceKlass com/cloudera/impala/jdbc41/internal/apache/hive/service/cli/thrift/TCLIService$CloseSession_args
instanceKlass com/cloudera/impala/jdbc41/internal/apache/hive/service/cli/thrift/TCloseSessionReq$TCloseSessionReqTupleSchemeFactory
instanceKlass com/cloudera/impala/jdbc41/internal/apache/hive/service/cli/thrift/TCloseSessionReq$TCloseSessionReqStandardSchemeFactory
instanceKlass com/cloudera/impala/jdbc41/internal/apache/hive/service/cli/thrift/TCloseSessionReq
instanceKlass com/cloudera/impala/jdbc41/internal/apache/hive/service/cli/thrift/TGetInfoValue$1
instanceKlass com/cloudera/impala/jdbc41/internal/apache/thrift/TUnion$TUnionTupleSchemeFactory
instanceKlass com/cloudera/impala/jdbc41/internal/apache/thrift/TUnion$TUnionStandardSchemeFactory
instanceKlass com/cloudera/impala/jdbc41/internal/apache/thrift/TUnion
instanceKlass com/cloudera/impala/jdbc41/internal/apache/hive/service/cli/thrift/TGetInfoResp$TGetInfoRespTupleSchemeFactory
instanceKlass com/cloudera/impala/jdbc41/internal/apache/hive/service/cli/thrift/TGetInfoResp$TGetInfoRespStandardSchemeFactory
instanceKlass com/cloudera/impala/jdbc41/internal/apache/hive/service/cli/thrift/TGetInfoResp
instanceKlass com/cloudera/impala/jdbc41/internal/apache/hive/service/cli/thrift/TCLIService$GetInfo_result$GetInfo_resultTupleSchemeFactory
instanceKlass com/cloudera/impala/jdbc41/internal/apache/hive/service/cli/thrift/TCLIService$GetInfo_result$GetInfo_resultStandardSchemeFactory
instanceKlass com/cloudera/impala/jdbc41/internal/apache/hive/service/cli/thrift/TCLIService$GetInfo_result
instanceKlass com/cloudera/impala/jdbc41/internal/apache/hive/service/cli/thrift/TCLIService$GetInfo_args$GetInfo_argsTupleSchemeFactory
instanceKlass com/cloudera/impala/jdbc41/internal/apache/hive/service/cli/thrift/TCLIService$GetInfo_args$GetInfo_argsStandardSchemeFactory
instanceKlass com/cloudera/impala/jdbc41/internal/apache/hive/service/cli/thrift/TCLIService$GetInfo_args
instanceKlass com/cloudera/impala/jdbc41/internal/apache/hive/service/cli/thrift/TGetInfoReq$TGetInfoReqTupleSchemeFactory
instanceKlass com/cloudera/impala/jdbc41/internal/apache/hive/service/cli/thrift/TGetInfoReq$TGetInfoReqStandardSchemeFactory
instanceKlass com/cloudera/impala/jdbc41/internal/apache/hive/service/cli/thrift/TGetInfoReq
instanceKlass com/cloudera/impala/jdbc41/internal/apache/thrift/protocol/TMap
instanceKlass com/cloudera/impala/jdbc41/internal/apache/hive/service/cli/thrift/THandleIdentifier$THandleIdentifierTupleSchemeFactory
instanceKlass com/cloudera/impala/jdbc41/internal/apache/hive/service/cli/thrift/THandleIdentifier$THandleIdentifierStandardSchemeFactory
instanceKlass com/cloudera/impala/jdbc41/internal/apache/hive/service/cli/thrift/THandleIdentifier
instanceKlass com/cloudera/impala/jdbc41/internal/apache/hive/service/cli/thrift/TSessionHandle$TSessionHandleTupleSchemeFactory
instanceKlass com/cloudera/impala/jdbc41/internal/apache/hive/service/cli/thrift/TSessionHandle$TSessionHandleStandardSchemeFactory
instanceKlass com/cloudera/impala/jdbc41/internal/apache/hive/service/cli/thrift/TStatus$TStatusTupleSchemeFactory
instanceKlass com/cloudera/impala/jdbc41/internal/apache/hive/service/cli/thrift/TStatus$TStatusStandardSchemeFactory
instanceKlass com/cloudera/impala/jdbc41/internal/apache/hive/service/cli/thrift/TSessionHandle
instanceKlass com/cloudera/impala/jdbc41/internal/apache/hive/service/cli/thrift/TStatus
instanceKlass com/cloudera/impala/jdbc41/internal/apache/hive/service/cli/thrift/TOpenSessionResp$TOpenSessionRespTupleSchemeFactory
instanceKlass com/cloudera/impala/jdbc41/internal/apache/hive/service/cli/thrift/TOpenSessionResp$TOpenSessionRespStandardSchemeFactory
instanceKlass com/cloudera/impala/jdbc41/internal/apache/hive/service/cli/thrift/TOpenSessionResp
instanceKlass com/cloudera/impala/jdbc41/internal/apache/hive/service/cli/thrift/TCLIService$OpenSession_result$OpenSession_resultTupleSchemeFactory
instanceKlass com/cloudera/impala/jdbc41/internal/apache/hive/service/cli/thrift/TCLIService$OpenSession_result$OpenSession_resultStandardSchemeFactory
instanceKlass com/cloudera/impala/jdbc41/internal/apache/hive/service/cli/thrift/TCLIService$OpenSession_result
instanceKlass com/cloudera/impala/jdbc41/internal/apache/thrift/protocol/TMessage
instanceKlass com/cloudera/impala/jdbc41/internal/apache/hive/service/cli/thrift/TCLIService$OpenSession_args$OpenSession_argsTupleSchemeFactory
instanceKlass com/cloudera/impala/jdbc41/internal/apache/hive/service/cli/thrift/TCLIService$OpenSession_args$OpenSession_argsStandardSchemeFactory
instanceKlass com/cloudera/impala/jdbc41/internal/apache/hive/service/cli/thrift/TCLIService$OpenSession_args
instanceKlass com/cloudera/impala/impala/core/ImpalaJDBCServerVersionUtils$1
instanceKlass com/cloudera/impala/jdbc41/internal/apache/thrift/TEnum
instanceKlass com/cloudera/impala/jdbc41/internal/apache/thrift/meta_data/FieldMetaData
instanceKlass java/util/RegularEnumSet$EnumSetIterator
instanceKlass com/cloudera/impala/jdbc41/internal/apache/hive/service/cli/thrift/TOpenSessionReq$TOpenSessionReqTupleSchemeFactory
instanceKlass com/cloudera/impala/jdbc41/internal/apache/thrift/scheme/TupleScheme
instanceKlass com/cloudera/impala/jdbc41/internal/apache/hive/service/cli/thrift/TOpenSessionReq$TOpenSessionReqStandardSchemeFactory
instanceKlass com/cloudera/impala/jdbc41/internal/apache/thrift/scheme/SchemeFactory
instanceKlass com/cloudera/impala/jdbc41/internal/apache/thrift/scheme/StandardScheme
instanceKlass com/cloudera/impala/jdbc41/internal/apache/thrift/scheme/IScheme
instanceKlass com/cloudera/impala/jdbc41/internal/apache/thrift/protocol/TField
instanceKlass com/cloudera/impala/jdbc41/internal/apache/thrift/TFieldIdEnum
instanceKlass com/cloudera/impala/jdbc41/internal/apache/thrift/meta_data/FieldValueMetaData
instanceKlass com/cloudera/impala/jdbc41/internal/apache/hive/service/cli/thrift/TOpenSessionReq
instanceKlass com/cloudera/impala/jdbc41/internal/apache/thrift/TServiceClient
instanceKlass com/cloudera/impala/jdbc41/internal/apache/hive/service/cli/thrift/TCLIService$Iface
instanceKlass com/cloudera/impala/jdbc41/internal/apache/thrift/protocol/TStruct
instanceKlass com/cloudera/impala/jdbc41/internal/apache/thrift/TBase
instanceKlass com/cloudera/impala/hivecommon/api/HS2Client
instanceKlass java/util/concurrent/atomic/Striped64$1
instanceKlass jdk/internal/util/random/RandomSupport
instanceKlass java/net/InetAddress$CachedAddresses
instanceKlass sun/net/InetAddressCachePolicy$2
instanceKlass sun/net/InetAddressCachePolicy$1
instanceKlass sun/net/InetAddressCachePolicy
instanceKlass java/net/InetAddress$NameServiceAddresses
instanceKlass java/net/InetAddress$Addresses
instanceKlass java/util/concurrent/ConcurrentSkipListMap$Iter
instanceKlass com/cloudera/impala/hivecommon/api/HiveServer2ClientFactory$1
instanceKlass com/cloudera/impala/jdbc41/internal/slf4j/helpers/NamedLoggerBase
instanceKlass com/cloudera/impala/jdbc41/internal/slf4j/spi/LocationAwareLogger
instanceKlass org/apache/log4j/CategoryKey
instanceKlass org/apache/log4j/helpers/LogLog
instanceKlass sun/nio/ch/Interruptible
instanceKlass java/lang/annotation/Target
instanceKlass sun/reflect/annotation/AnnotationInvocationHandler
instanceKlass sun/reflect/annotation/AnnotationParser$1
instanceKlass sun/reflect/annotation/ExceptionProxy
instanceKlass java/lang/annotation/Inherited
instanceKlass java/lang/annotation/Retention
instanceKlass sun/reflect/annotation/AnnotationType$1
instanceKlass sun/reflect/annotation/AnnotationType
instanceKlass java/lang/reflect/GenericArrayType
instanceKlass sun/reflect/generics/visitor/Reifier
instanceKlass sun/reflect/generics/visitor/TypeTreeVisitor
instanceKlass sun/reflect/generics/factory/CoreReflectionFactory
instanceKlass sun/reflect/generics/factory/GenericsFactory
instanceKlass sun/reflect/generics/scope/AbstractScope
instanceKlass sun/reflect/generics/scope/Scope
instanceKlass sun/reflect/generics/tree/ClassTypeSignature
instanceKlass sun/reflect/generics/tree/SimpleClassTypeSignature
instanceKlass sun/reflect/generics/tree/FieldTypeSignature
instanceKlass sun/reflect/generics/tree/BaseType
instanceKlass sun/reflect/generics/tree/TypeSignature
instanceKlass sun/reflect/generics/tree/ReturnType
instanceKlass sun/reflect/generics/tree/TypeArgument
instanceKlass sun/reflect/generics/tree/TypeTree
instanceKlass sun/reflect/generics/tree/Tree
instanceKlass sun/reflect/generics/parser/SignatureParser
instanceKlass org/apache/log4j/helpers/Loader
instanceKlass org/apache/log4j/spi/Configurator
instanceKlass org/apache/log4j/helpers/OptionConverter
instanceKlass org/apache/log4j/spi/DefaultRepositorySelector
instanceKlass org/apache/log4j/DefaultCategoryFactory
instanceKlass org/apache/log4j/or/DefaultRenderer
instanceKlass org/apache/log4j/or/ObjectRenderer
instanceKlass org/apache/log4j/or/RendererMap
instanceKlass org/apache/log4j/spi/LoggerFactory
instanceKlass org/apache/log4j/Hierarchy
instanceKlass org/apache/log4j/spi/RendererSupport
instanceKlass org/apache/log4j/spi/RepositorySelector
instanceKlass org/apache/log4j/spi/LoggerRepository
instanceKlass org/apache/log4j/Category
instanceKlass org/apache/log4j/spi/AppenderAttachable
instanceKlass org/apache/log4j/LogManager
instanceKlass com/cloudera/impala/jdbc41/internal/slf4j/impl/Log4jLoggerFactory
instanceKlass org/apache/log4j/Priority
instanceKlass com/cloudera/impala/jdbc41/internal/slf4j/impl/StaticLoggerBinder
instanceKlass com/cloudera/impala/jdbc41/internal/slf4j/spi/LoggerFactoryBinder
instanceKlass com/cloudera/impala/jdbc41/internal/slf4j/Logger
instanceKlass com/cloudera/impala/jdbc41/internal/slf4j/helpers/SubstituteLoggerFactory
instanceKlass com/cloudera/impala/jdbc41/internal/slf4j/ILoggerFactory
instanceKlass com/cloudera/impala/jdbc41/internal/slf4j/LoggerFactory
instanceKlass java/util/concurrent/atomic/AtomicReferenceFieldUpdater$AtomicReferenceFieldUpdaterImpl$1
instanceKlass java/util/concurrent/atomic/AtomicReferenceFieldUpdater
instanceKlass com/cloudera/impala/jdbc/common/SWarningListener$2
instanceKlass jdk/internal/misc/ScopedMemoryAccess$Scope
instanceKlass java/util/ResourceBundle$Control$2
instanceKlass java/util/stream/AbstractSpinedBuffer
instanceKlass java/util/stream/Node$Builder
instanceKlass java/util/stream/Node$OfDouble
instanceKlass java/util/stream/Node$OfLong
instanceKlass java/util/stream/Node$OfInt
instanceKlass java/util/stream/Node$OfPrimitive
instanceKlass java/util/stream/Nodes$EmptyNode
instanceKlass java/util/stream/Node
instanceKlass java/util/stream/Nodes
instanceKlass java/util/function/IntFunction
instanceKlass java/util/ImmutableCollections$Access$1
instanceKlass jdk/internal/access/JavaUtilCollectionAccess
instanceKlass java/util/ImmutableCollections$Access
instanceKlass java/util/ServiceLoader$ProviderSpliterator
instanceKlass java/util/spi/ResourceBundleControlProvider
instanceKlass java/util/ResourceBundle$ResourceBundleControlProviderHolder
instanceKlass com/cloudera/impala/support/Warning
instanceKlass com/cloudera/impala/jdbc/common/ProductInfoHandler
instanceKlass com/cloudera/impala/hivecommon/BrandingPreferences
instanceKlass com/cloudera/impala/hivecommon/IServerVersion
instanceKlass com/cloudera/impala/impala/core/ImpalaJDBCServerVersionUtils
instanceKlass com/cloudera/impala/jdbc/common/CommonCoreUtils
instanceKlass com/cloudera/impala/dsi/core/utilities/ConnectionSetting
instanceKlass com/cloudera/impala/dsi/core/utilities/ConnSettingResponseMap
instanceKlass com/cloudera/impala/hivecommon/HiveJDBCSettings
instanceKlass com/cloudera/impala/hivecommon/core/IHadoopStatement
instanceKlass com/cloudera/impala/hivecommon/core/IHadoopConnection
instanceKlass javax/sql/PooledConnection
instanceKlass java/sql/CallableStatement
instanceKlass com/cloudera/impala/jdbc/common/SStatement
instanceKlass java/sql/PreparedStatement
instanceKlass com/cloudera/impala/jdbc/common/SConnectionHandle
instanceKlass com/cloudera/impala/jdbc/common/SDatabaseMetaData
instanceKlass java/sql/DatabaseMetaData
instanceKlass com/cloudera/impala/jdbc/common/SConnection
instanceKlass com/cloudera/impala/support/Pair
instanceKlass com/cloudera/impala/dsi/core/utilities/Variants
instanceKlass com/cloudera/impala/dsi/core/utilities/ConnSettingRequestMap
instanceKlass com/cloudera/impala/utilities/PropertyTypeConverter
instanceKlass java/util/concurrent/Executors$DefaultThreadFactory
instanceKlass com/cloudera/impala/dsi/core/utilities/ClientInfoData
instanceKlass com/cloudera/impala/hivecommon/dataengine/IHiveCustomScalarFnFactory
instanceKlass com/cloudera/impala/hivecommon/IServerVersionUtils
instanceKlass com/cloudera/impala/dsi/core/interfaces/IStatement
instanceKlass com/cloudera/impala/dsi/dataengine/interfaces/IArray
instanceKlass com/cloudera/impala/dsi/dataengine/interfaces/IColumn
instanceKlass com/cloudera/impala/dsi/core/impl/DSIConnection
instanceKlass com/cloudera/impala/dsi/core/interfaces/IConnection
instanceKlass com/cloudera/impala/dsi/core/impl/DSIEnvironment
instanceKlass com/cloudera/impala/hivecommon/core/CoreUtils
instanceKlass com/cloudera/impala/jdbc/common/SWarningListener
instanceKlass com/cloudera/impala/hivecommon/model/TypeCoercionMap
instanceKlass com/cloudera/impala/sqlengine/SQLEngineGenericContext
instanceKlass java/text/FieldPosition$Delegate
instanceKlass java/text/Format$FieldDelegate
instanceKlass java/text/DigitList
instanceKlass java/lang/StringUTF16$CharsSpliterator
instanceKlass java/util/stream/Sink$ChainedInt
instanceKlass java/util/OptionalInt
instanceKlass java/util/stream/Sink$OfInt
instanceKlass java/util/function/IntConsumer
instanceKlass java/util/function/IntPredicate
instanceKlass java/util/stream/IntStream
instanceKlass java/lang/StringLatin1$CharsSpliterator
instanceKlass sun/util/resources/Bundles$2
instanceKlass sun/util/resources/Bundles$CacheKeyReference
instanceKlass sun/util/resources/LocaleData$LocaleDataResourceBundleProvider
instanceKlass java/util/spi/ResourceBundleProvider
instanceKlass sun/util/resources/Bundles$CacheKey
instanceKlass sun/util/resources/Bundles
instanceKlass sun/util/resources/LocaleData$LocaleDataStrategy
instanceKlass sun/util/resources/Bundles$Strategy
instanceKlass sun/util/resources/LocaleData$1
instanceKlass sun/util/resources/LocaleData
instanceKlass sun/util/locale/provider/LocaleResources
instanceKlass java/util/Locale$Builder
instanceKlass sun/util/locale/provider/CalendarDataUtility
instanceKlass java/util/StringTokenizer
instanceKlass sun/util/locale/provider/AvailableLanguageTags
instanceKlass sun/util/resources/cldr/provider/CLDRLocaleDataMetaInfo
instanceKlass sun/util/locale/InternalLocaleBuilder$CaseInsensitiveChar
instanceKlass sun/util/locale/InternalLocaleBuilder
instanceKlass sun/util/locale/StringTokenIterator
instanceKlass sun/util/locale/ParseStatus
instanceKlass sun/util/locale/LanguageTag
instanceKlass sun/util/cldr/CLDRBaseLocaleDataMetaInfo
instanceKlass sun/util/locale/provider/LocaleDataMetaInfo
instanceKlass sun/util/locale/provider/ResourceBundleBasedAdapter
instanceKlass sun/util/locale/provider/LocaleProviderAdapter$1
instanceKlass sun/util/locale/provider/LocaleProviderAdapter
instanceKlass java/util/spi/LocaleServiceProvider
instanceKlass java/text/DecimalFormatSymbols
instanceKlass java/text/FieldPosition
instanceKlass java/text/Format
instanceKlass com/cloudera/impala/support/LogUtilities
instanceKlass com/cloudera/impala/dsi/core/impl/DSILogger
instanceKlass com/cloudera/impala/support/channels/AbstractSocketChannel
instanceKlass com/cloudera/impala/support/exceptions/ExceptionUtilities
instanceKlass java/lang/Short$ShortCache
instanceKlass com/cloudera/impala/dsi/core/utilities/Variant
instanceKlass java/lang/Character$CharacterCache
instanceKlass com/cloudera/impala/dsi/core/utilities/AttributeDataMap
instanceKlass com/cloudera/impala/impala/querytranslation/ImpalaInsertQueryGenerator
instanceKlass com/cloudera/impala/sqlengine/parser/parsetree/IPTVisitor
instanceKlass com/cloudera/impala/jdbc41/internal/apache/http/client/HttpClient
instanceKlass com/cloudera/impala/jdbc41/internal/apache/http/HttpRequestInterceptor
instanceKlass javax/security/auth/callback/CallbackHandler
instanceKlass com/cloudera/impala/jdbc41/internal/apache/thrift/transport/TTransport
instanceKlass com/cloudera/impala/hivecommon/api/IHiveClient
instanceKlass com/cloudera/impala/jdbc41/internal/apache/thrift/protocol/TProtocol
instanceKlass com/cloudera/impala/hivecommon/api/HiveServer2ClientFactory
instanceKlass com/cloudera/impala/hivecommon/querytranslation/IQueryTranslator
instanceKlass com/cloudera/impala/dsi/core/interfaces/IEnvironment
instanceKlass com/cloudera/impala/hivecommon/querytranslation/IQueryGenerator
instanceKlass com/cloudera/impala/hivecommon/api/IHiveClientFactory
instanceKlass com/cloudera/impala/support/ILogger
instanceKlass com/cloudera/impala/support/MessageSourceImpl
instanceKlass com/cloudera/impala/support/IMessageSource
instanceKlass com/cloudera/impala/support/security/ICredentialFactory
instanceKlass com/cloudera/impala/dsi/core/impl/DSIDriverSingleton
instanceKlass com/intellij/database/remote/jdbc/helpers/JdbcSettings
instanceKlass com/intellij/util/containers/ContainerUtilRt
instanceKlass com/intellij/database/remote/jdbc/helpers/JdbcHelperDetection$2
instanceKlass com/intellij/database/remote/jdbc/helpers/JdbcHelperDetection$1
instanceKlass com/intellij/database/remote/jdbc/RemoteCloseable
instanceKlass com/intellij/database/remote/jdbc/ColumnInfo
instanceKlass com/intellij/database/remote/jdbc/RemotePreparedStatement
instanceKlass com/intellij/database/remote/jdbc/RemoteStatement
instanceKlass java/sql/Statement
instanceKlass java/sql/ResultSetMetaData
instanceKlass com/intellij/database/remote/jdbc/RemoteResultSet$DataRetrievingOptions
instanceKlass java/sql/ResultSet
instanceKlass com/intellij/database/remote/jdbc/helpers/JdbcHelper$Type
instanceKlass com/intellij/database/remote/jdba/jdbc/JdbcConnectionProvider
instanceKlass com/intellij/database/remote/jdbc/helpers/JdbcHelperDetection$3
instanceKlass gnu/trove/TIterator
instanceKlass gnu/trove/PrimeFinder
instanceKlass com/intellij/database/remote/jdbc/helpers/PgBaseJdbcHelper$EnglishCaseInsensitiveStringHashingStrategy
instanceKlass gnu/trove/TObjectHash$NULL
instanceKlass gnu/trove/TObjectProcedure
instanceKlass gnu/trove/THash
instanceKlass gnu/trove/TObjectHashingStrategy
instanceKlass gnu/trove/Equality
instanceKlass com/intellij/openapi/util/Pair
instanceKlass com/intellij/database/remote/jdbc/helpers/JdbcHelperImpl$PropertyReplacement
instanceKlass com/intellij/database/remote/jdbc/TypedKey
instanceKlass com/intellij/database/remote/jdbc/helpers/JdbcHelperImpl$TemporalGetter
instanceKlass com/intellij/database/remote/jdba/jdbc/JdbcIntermediateFacade
instanceKlass com/intellij/database/remote/jdba/intermediate/PrimeIntermediateFacade
instanceKlass com/intellij/database/remote/jdba/core/ImplementationAccessibleService
instanceKlass com/intellij/database/remote/jdba/intermediate/DBExceptionRecognizer
instanceKlass java/sql/Clob
instanceKlass java/sql/Blob
instanceKlass java/util/Date
instanceKlass sun/net/www/MessageHeader
instanceKlass sun/net/www/protocol/jar/JarFileFactory
instanceKlass sun/net/www/protocol/jar/URLJarFile$URLJarFileCloseController
instanceKlass java/net/URLConnection
instanceKlass com/intellij/util/Function
instanceKlass com/intellij/database/remote/jdbc/helpers/JdbcHelperImpl
instanceKlass com/intellij/database/remote/jdbc/helpers/JdbcHelper
instanceKlass com/intellij/database/remote/jdbc/helpers/JdbcHelperDetection
instanceKlass java/util/HashMap$UnsafeHolder
instanceKlass java/io/Reader
instanceKlass com/intellij/desktop/DesktopActionsPeer
instanceKlass com/intellij/database/remote/toolkit/RemoteDesktopActionsHandlerImpl$1
instanceKlass sun/rmi/transport/DGCClient$EndpointEntry$1
instanceKlass sun/rmi/transport/tcp/TCPChannel$1
instanceKlass sun/net/spi/DefaultProxySelector$3
instanceKlass sun/net/spi/DefaultProxySelector$NonProxyInfo
instanceKlass sun/net/spi/DefaultProxySelector$1
instanceKlass java/net/Proxy
instanceKlass java/net/ProxySelector
instanceKlass java/net/SocksSocketImpl$3
instanceKlass java/net/SocksConsts
instanceKlass sun/rmi/transport/DGCClient$EndpointEntry$RefEntry
instanceKlass sun/rmi/transport/DGCClient$EndpointEntry$RenewCleanThread
instanceKlass sun/rmi/transport/DGCClient$EndpointEntry
instanceKlass sun/rmi/transport/DGCClient
instanceKlass sun/reflect/misc/ReflectUtil
instanceKlass sun/security/action/GetIntegerAction
instanceKlass java/io/ObjectInputStream$Caches
instanceKlass com/intellij/openapi/util/Comparing
instanceKlass java/io/ObjectStreamClass$5
instanceKlass java/io/ObjectStreamClass$4
instanceKlass java/io/ObjectStreamClass$3
instanceKlass java/io/ObjectStreamClass$MemberSignature
instanceKlass java/io/ObjectStreamClass$1
instanceKlass sun/rmi/transport/SequenceEntry
instanceKlass sun/rmi/transport/DGCImpl$1
instanceKlass sun/rmi/transport/DGCImpl$LeaseInfo
instanceKlass java/rmi/dgc/VMID
instanceKlass java/rmi/dgc/Lease
instanceKlass java/util/concurrent/locks/AbstractQueuedSynchronizer$Node
instanceKlass java/io/ObjectInputStream$GetField
instanceKlass java/io/ObjectStreamClass$ExceptionInfo
instanceKlass jdk/internal/event/Event
instanceKlass java/io/ObjectInputStream$Logging
instanceKlass java/io/ObjectInputStream$FilterValues
instanceKlass java/time/Duration
instanceKlass java/time/temporal/TemporalAmount
instanceKlass java/time/temporal/TemporalUnit
instanceKlass java/util/concurrent/TimeUnit$1
instanceKlass java/util/concurrent/Executors$RunnableAdapter
instanceKlass java/util/concurrent/Callable
instanceKlass java/util/concurrent/Executors
instanceKlass java/util/concurrent/FutureTask$WaitNode
instanceKlass java/util/concurrent/FutureTask
instanceKlass sun/rmi/transport/DGCAckHandler$1
instanceKlass sun/rmi/transport/DGCAckHandler
instanceKlass java/io/SerialCallbackContext
instanceKlass java/io/ObjectStreamClass$ClassDataSlot
instanceKlass sun/rmi/server/LoaderHandler
instanceKlass java/rmi/server/RMIClassLoader$1
instanceKlass java/rmi/server/RMIClassLoaderSpi
instanceKlass java/rmi/server/RMIClassLoader
instanceKlass java/io/ObjectStreamClass$FieldReflector
instanceKlass java/io/ObjectStreamClass$FieldReflectorKey
instanceKlass java/util/stream/ReduceOps$Box
instanceKlass java/util/stream/ReduceOps$AccumulatingSink
instanceKlass java/util/stream/ReduceOps$ReduceOp
instanceKlass java/util/stream/ReduceOps
instanceKlass java/util/function/BiConsumer
instanceKlass java/util/stream/Collectors$CollectorImpl
instanceKlass java/util/stream/Collector
instanceKlass java/util/stream/Collectors
instanceKlass java/util/ComparableTimSort
instanceKlass java/io/ObjectStreamClass$2
instanceKlass java/io/ClassCache
instanceKlass java/io/ObjectStreamClass$Caches
instanceKlass java/io/ObjectStreamClass
instanceKlass sun/rmi/server/MarshalOutputStream$1
instanceKlass java/io/ObjectOutputStream$ReplaceTable
instanceKlass java/io/ObjectOutputStream$HandleTable
instanceKlass java/io/ObjectOutput
instanceKlass sun/rmi/transport/Transport$1
instanceKlass java/io/Bits
instanceKlass jdk/internal/access/JavaObjectInputFilterAccess
instanceKlass java/io/ObjectInputFilter$Config$BuiltinFilterFactory
instanceKlass java/util/function/BinaryOperator
instanceKlass java/util/concurrent/atomic/AtomicBoolean
instanceKlass java/io/ObjectInputFilter$Config
instanceKlass java/io/ObjectInputStream$ValidationList
instanceKlass java/io/ObjectInputStream$HandleTable$HandleList
instanceKlass java/io/ObjectInputStream$HandleTable
instanceKlass jdk/internal/access/JavaObjectInputStreamReadString
instanceKlass jdk/internal/access/JavaObjectInputStreamAccess
instanceKlass java/io/ObjectStreamConstants
instanceKlass java/io/ObjectInput
instanceKlass sun/rmi/transport/StreamRemoteCall
instanceKlass java/rmi/server/RemoteCall
instanceKlass sun/rmi/transport/tcp/TCPConnection
instanceKlass sun/rmi/transport/Connection
instanceKlass sun/rmi/transport/tcp/TCPChannel
instanceKlass sun/rmi/transport/Channel
instanceKlass java/nio/DirectByteBuffer$Deallocator
instanceKlass sun/nio/ch/Util$BufferCache
instanceKlass sun/nio/ch/Util
instanceKlass sun/nio/ch/ExtendedSocketOption$1
instanceKlass sun/nio/ch/ExtendedSocketOption
instanceKlass sun/nio/ch/OptionKey
instanceKlass sun/nio/ch/SocketOptionRegistry$LazyInitialization
instanceKlass sun/nio/ch/SocketOptionRegistry$RegistryKey
instanceKlass sun/nio/ch/SocketOptionRegistry
instanceKlass java/net/StandardSocketOptions$StdSocketOption
instanceKlass java/net/StandardSocketOptions
instanceKlass sun/rmi/transport/tcp/TCPTransport$ConnectionHandler
instanceKlass sun/nio/ch/IOStatus
instanceKlass java/util/Collections$1
instanceKlass com/intellij/execution/rmi/IdeaWatchdogImpl
instanceKlass java/util/regex/ASCII
instanceKlass java/util/regex/IntHashSet
instanceKlass java/util/regex/Matcher
instanceKlass java/util/regex/MatchResult
instanceKlass jdk/internal/reflect/ClassDefiner$1
instanceKlass jdk/internal/reflect/ClassDefiner
instanceKlass jdk/internal/reflect/MethodAccessorGenerator$1
instanceKlass jdk/internal/reflect/Label$PatchInfo
instanceKlass jdk/internal/reflect/Label
instanceKlass jdk/internal/reflect/UTF8
instanceKlass jdk/internal/reflect/ClassFileAssembler
instanceKlass jdk/internal/reflect/ByteVectorImpl
instanceKlass jdk/internal/reflect/ByteVector
instanceKlass jdk/internal/reflect/ByteVectorFactory
instanceKlass jdk/internal/reflect/AccessorGenerator
instanceKlass jdk/internal/reflect/ClassFileConstants
instanceKlass sun/rmi/transport/GC$Daemon$1
instanceKlass sun/rmi/transport/GC$Daemon
instanceKlass sun/rmi/transport/GC$LatencyRequest
instanceKlass sun/rmi/transport/GC$1
instanceKlass sun/rmi/transport/GC$LatencyLock
instanceKlass sun/rmi/transport/GC
instanceKlass sun/rmi/transport/ObjectTable$Reaper
instanceKlass java/util/LinkedList$ListItr
instanceKlass java/lang/reflect/Proxy$ProxyBuilder$1
instanceKlass jdk/internal/org/objectweb/asm/Edge
instanceKlass java/lang/reflect/ProxyGenerator$PrimitiveTypeInfo
instanceKlass java/util/StringJoiner
instanceKlass java/lang/reflect/ProxyGenerator$ProxyMethod
instanceKlass java/lang/module/ModuleDescriptor$Builder
instanceKlass java/lang/reflect/Proxy$ProxyBuilder
instanceKlass java/lang/reflect/Proxy
instanceKlass sun/rmi/server/Util$1
instanceKlass java/lang/reflect/InvocationHandler
instanceKlass java/sql/DriverPropertyInfo
instanceKlass com/intellij/database/remote/jdbc/RemoteConnection
instanceKlass sun/nio/ch/NativeThread
instanceKlass sun/rmi/server/UnicastServerRef$HashToMethod_Maps$1
instanceKlass java/net/Socket
instanceKlass java/lang/PublicMethods
instanceKlass sun/rmi/server/WeakClassHashMap$ValueCell
instanceKlass sun/rmi/transport/tcp/TCPTransport$AcceptLoop
instanceKlass sun/rmi/runtime/NewThreadAction$2
instanceKlass sun/rmi/runtime/NewThreadAction$1
instanceKlass sun/rmi/runtime/NewThreadAction
instanceKlass sun/net/NetHooks
instanceKlass jdk/net/ExtendedSocketOptions$PlatformSocketOptions$1
instanceKlass jdk/net/ExtendedSocketOptions$PlatformSocketOptions
instanceKlass jdk/net/ExtendedSocketOptions$ExtSocketOption
instanceKlass java/net/SocketOption
instanceKlass jdk/net/ExtendedSocketOptions
instanceKlass sun/net/ext/ExtendedSocketOptions
instanceKlass sun/nio/ch/Net$1
instanceKlass java/net/ProtocolFamily
instanceKlass sun/nio/ch/Net
instanceKlass java/net/InetSocketAddress$InetSocketAddressHolder
instanceKlass java/net/SocketAddress
instanceKlass sun/nio/ch/IOUtil
instanceKlass sun/nio/ch/NativeDispatcher
instanceKlass sun/net/PlatformSocketImpl
instanceKlass sun/net/NetProperties$1
instanceKlass sun/net/NetProperties
instanceKlass java/net/SocketImpl
instanceKlass java/net/SocketOptions
instanceKlass java/net/ServerSocket
instanceKlass sun/rmi/transport/ObjectEndpoint
instanceKlass sun/rmi/transport/DGCImpl$2$1
instanceKlass java/net/SocketPermissionCollection$1
instanceKlass sun/rmi/transport/DGCImpl_Skel
instanceKlass sun/rmi/transport/DGCImpl$2
instanceKlass java/util/concurrent/RunnableScheduledFuture
instanceKlass java/util/concurrent/ScheduledFuture
instanceKlass java/util/concurrent/Delayed
instanceKlass java/util/concurrent/RunnableFuture
instanceKlass java/util/concurrent/Future
instanceKlass sun/rmi/runtime/RuntimeUtil$1
instanceKlass java/util/concurrent/ScheduledExecutorService
instanceKlass sun/rmi/runtime/RuntimeUtil
instanceKlass sun/rmi/runtime/RuntimeUtil$GetInstanceAction
instanceKlass sun/rmi/transport/DGCImpl
instanceKlass java/rmi/dgc/DGC
instanceKlass sun/rmi/transport/ObjectTable
instanceKlass sun/rmi/transport/Target
instanceKlass sun/rmi/registry/RegistryImpl_Skel
instanceKlass java/rmi/server/Skeleton
instanceKlass java/rmi/server/Operation
instanceKlass java/io/ObjectInputFilter$FilterInfo
instanceKlass sun/rmi/transport/tcp/TCPTransport$1
instanceKlass java/util/concurrent/SynchronousQueue$TransferStack$SNode
instanceKlass java/util/concurrent/ForkJoinPool$ManagedBlocker
instanceKlass java/util/concurrent/SynchronousQueue$Transferer
instanceKlass java/util/concurrent/BlockingQueue
instanceKlass java/util/concurrent/ThreadPoolExecutor$AbortPolicy
instanceKlass java/util/concurrent/RejectedExecutionHandler
instanceKlass java/util/concurrent/AbstractExecutorService
instanceKlass java/util/concurrent/ExecutorService
instanceKlass java/util/concurrent/Executor
instanceKlass sun/rmi/transport/Transport
instanceKlass sun/rmi/transport/tcp/TCPEndpoint
instanceKlass sun/rmi/transport/Endpoint
instanceKlass sun/rmi/transport/LiveRef
instanceKlass java/io/ObjectInputFilter
instanceKlass sun/security/provider/AbstractDrbg$NonceProvider
instanceKlass sun/nio/fs/BasicFileAttributesHolder
instanceKlass sun/nio/fs/WindowsDirectoryStream$WindowsDirectoryIterator
instanceKlass sun/nio/fs/WindowsDirectoryStream
instanceKlass java/nio/file/DirectoryStream
instanceKlass java/nio/file/Files$AcceptAllFilter
instanceKlass java/nio/file/DirectoryStream$Filter
instanceKlass java/net/NetworkInterface$1
instanceKlass java/lang/constant/DynamicConstantDesc
instanceKlass java/lang/constant/DirectMethodHandleDesc$1
instanceKlass java/lang/constant/DirectMethodHandleDescImpl$1
instanceKlass java/lang/constant/DirectMethodHandleDescImpl
instanceKlass java/lang/constant/DirectMethodHandleDesc
instanceKlass java/lang/constant/MethodHandleDesc$1
instanceKlass java/lang/constant/MethodHandleDesc
instanceKlass java/lang/constant/MethodTypeDescImpl
instanceKlass java/lang/constant/MethodTypeDesc
instanceKlass java/lang/constant/ReferenceClassDescImpl
instanceKlass java/lang/constant/ConstantUtils
instanceKlass java/lang/constant/ClassDesc
instanceKlass java/lang/constant/ConstantDescs
instanceKlass java/lang/invoke/VarHandle$2
instanceKlass java/lang/invoke/VarHandle$TypesAndInvokers
instanceKlass java/lang/invoke/VarHandle$AccessDescriptor
instanceKlass java/lang/invoke/VarHandleByteArrayBase
instanceKlass sun/security/provider/ByteArrayAccess$BE
instanceKlass sun/security/provider/ByteArrayAccess
instanceKlass java/util/Collections$UnmodifiableCollection$1
instanceKlass sun/security/provider/SeedGenerator$1
instanceKlass sun/security/util/MessageDigestSpi2
instanceKlass sun/security/jca/GetInstance$Instance
instanceKlass sun/security/jca/GetInstance
instanceKlass java/security/MessageDigestSpi
instanceKlass sun/security/provider/SeedGenerator
instanceKlass sun/security/provider/AbstractDrbg$SeederHolder
instanceKlass java/security/DrbgParameters$NextBytes
instanceKlass sun/security/provider/EntropySource
instanceKlass sun/security/provider/AbstractDrbg
instanceKlass java/security/DrbgParameters$Instantiation
instanceKlass java/security/DrbgParameters
instanceKlass sun/security/provider/MoreDrbgParameters
instanceKlass java/security/SecureRandomSpi
instanceKlass java/security/SecureRandomParameters
instanceKlass java/util/LinkedHashMap$LinkedHashIterator
instanceKlass sun/security/util/SecurityProviderConstants
instanceKlass java/security/Provider$UString
instanceKlass java/security/Provider$Service
instanceKlass sun/security/provider/NativePRNG$NonBlocking
instanceKlass sun/security/provider/NativePRNG$Blocking
instanceKlass sun/security/provider/NativePRNG
instanceKlass sun/security/provider/SunEntries$1
instanceKlass sun/security/provider/SunEntries
instanceKlass java/util/AbstractList$Itr
instanceKlass sun/security/jca/ProviderList$2
instanceKlass jdk/internal/math/FloatingDecimal$ASCIIToBinaryBuffer
instanceKlass jdk/internal/math/FloatingDecimal$PreparedASCIIToBinaryBuffer
instanceKlass jdk/internal/math/FloatingDecimal$ASCIIToBinaryConverter
instanceKlass jdk/internal/math/FloatingDecimal$BinaryToASCIIBuffer
instanceKlass jdk/internal/math/FloatingDecimal$ExceptionalBinaryToASCIIBuffer
instanceKlass jdk/internal/math/FloatingDecimal$BinaryToASCIIConverter
instanceKlass jdk/internal/math/FloatingDecimal
instanceKlass java/security/Provider$EngineDescription
instanceKlass java/security/Provider$ServiceKey
instanceKlass sun/security/jca/ProviderConfig
instanceKlass sun/security/jca/ProviderList
instanceKlass sun/security/jca/Providers
instanceKlass java/rmi/server/UID
instanceKlass java/rmi/server/ObjID
instanceKlass sun/rmi/server/WeakClassHashMap
instanceKlass java/util/logging/StreamHandler$1
instanceKlass java/util/logging/Handler$1
instanceKlass java/util/logging/ErrorManager
instanceKlass jdk/internal/logger/SimpleConsoleLogger$Formatting
instanceKlass java/util/logging/Formatter
instanceKlass sun/rmi/runtime/Log$LoggerLog$1
instanceKlass java/util/logging/Logger$SystemLoggerHelper$1
instanceKlass java/util/logging/Logger$SystemLoggerHelper
instanceKlass java/util/logging/LogManager$4
instanceKlass jdk/internal/logger/DefaultLoggerFinder$1
instanceKlass jdk/internal/logger/BootstrapLogger$BootstrapExecutors
instanceKlass java/io/FilePermission$1
instanceKlass jdk/internal/access/JavaIOFilePermissionAccess
instanceKlass jdk/internal/logger/LoggerFinderLoader
instanceKlass java/util/stream/Streams
instanceKlass java/util/stream/Streams$AbstractStreamBuilderImpl
instanceKlass java/util/stream/Stream$Builder
instanceKlass java/util/stream/Sink$ChainedReference
instanceKlass java/util/stream/FindOps$FindOp
instanceKlass java/util/stream/TerminalOp
instanceKlass java/util/stream/FindOps$FindSink
instanceKlass java/util/stream/TerminalSink
instanceKlass java/util/stream/Sink
instanceKlass java/util/stream/FindOps
instanceKlass java/util/ArrayList$ArrayListSpliterator
instanceKlass java/util/Hashtable$Enumerator
instanceKlass java/util/concurrent/ConcurrentHashMap$MapEntry
instanceKlass java/util/Collections$SynchronizedCollection
instanceKlass java/util/Properties$EntrySet
instanceKlass java/util/Collections$3
instanceKlass java/util/logging/LogManager$LoggerContext$1
instanceKlass java/util/logging/LogManager$VisitedLoggers
instanceKlass java/util/function/Predicate
instanceKlass java/util/logging/LogManager$2
instanceKlass java/util/logging/LogManager$LoggingProviderAccess
instanceKlass java/util/logging/LogManager$LogNode
instanceKlass java/util/logging/LogManager$LoggerContext
instanceKlass java/util/logging/LogManager$1
instanceKlass java/util/logging/LogManager
instanceKlass java/util/logging/Logger$ConfigurationData
instanceKlass java/util/logging/Logger$LoggerBundle
instanceKlass java/util/logging/Handler
instanceKlass java/util/logging/Logger
instanceKlass sun/rmi/runtime/Log$LoggerLogFactory
instanceKlass sun/rmi/runtime/Log$LogFactory
instanceKlass java/util/logging/Level
instanceKlass sun/rmi/runtime/Log
instanceKlass sun/rmi/server/Util
instanceKlass sun/rmi/server/UnicastRef
instanceKlass sun/rmi/server/Dispatcher
instanceKlass java/rmi/server/ServerRef
instanceKlass java/rmi/server/RemoteRef
instanceKlass java/io/Externalizable
instanceKlass java/rmi/server/RemoteObject
instanceKlass java/rmi/registry/Registry
instanceKlass java/rmi/registry/LocateRegistry
instanceKlass java/util/Random
instanceKlass java/util/random/RandomGenerator
instanceKlass java/net/DefaultInterface
instanceKlass java/net/Inet6Address$Inet6AddressHolder
instanceKlass java/net/InterfaceAddress
instanceKlass java/net/NetworkInterface
instanceKlass java/net/InetAddress$PlatformNameService
instanceKlass java/net/InetAddress$NameService
instanceKlass java/net/Inet6AddressImpl
instanceKlass java/net/InetAddressImpl
instanceKlass java/net/InetAddressImplFactory
instanceKlass java/util/concurrent/ConcurrentSkipListMap$Node
instanceKlass java/util/concurrent/ConcurrentSkipListMap$Index
instanceKlass java/util/concurrent/ConcurrentNavigableMap
instanceKlass java/util/NavigableSet
instanceKlass java/util/SortedSet
instanceKlass java/net/InetAddress$InetAddressHolder
instanceKlass java/net/InetAddress$1
instanceKlass jdk/internal/access/JavaNetInetAddressAccess
instanceKlass java/net/InetAddress
instanceKlass java/util/regex/Pattern$TreeInfo
instanceKlass sun/util/calendar/ZoneInfoFile$ZoneOffsetTransitionRule
instanceKlass sun/util/calendar/ZoneInfoFile$1
instanceKlass sun/util/calendar/ZoneInfoFile
instanceKlass java/util/TimeZone
instanceKlass com/intellij/util/ThrowableRunnable
instanceKlass com/intellij/util/ThrowableConsumer
instanceKlass com/intellij/database/remote/jdbc/helpers/JdbcNativeUtil
instanceKlass jdk/internal/reflect/UnsafeFieldAccessorFactory
instanceKlass java/awt/event/AWTEventListener
instanceKlass com/intellij/desktop/DummyToolkit$1$1
instanceKlass java/awt/im/spi/InputMethod
instanceKlass com/intellij/desktop/DummyToolkit$1
instanceKlass java/awt/im/spi/InputMethodDescriptor
instanceKlass java/lang/Shutdown$Lock
instanceKlass java/lang/Shutdown
instanceKlass java/lang/ApplicationShutdownHooks$1
instanceKlass java/lang/ApplicationShutdownHooks
instanceKlass sun/awt/AWTAutoShutdown
instanceKlass java/util/concurrent/ConcurrentLinkedDeque$Node
instanceKlass sun/awt/util/ThreadGroupUtils
instanceKlass sun/java2d/Disposer$1
instanceKlass sun/java2d/Disposer
instanceKlass sun/awt/windows/WToolkit$ToolkitDisposer
instanceKlass sun/java2d/DisposerRecord
instanceKlass sun/awt/util/PerformanceLogger$TimeData
instanceKlass sun/awt/util/PerformanceLogger
instanceKlass sun/awt/SunToolkit$ModalityListenerList
instanceKlass sun/awt/ModalityListener
instanceKlass java/beans/PropertyChangeListener
instanceKlass java/beans/ChangeListenerMap
instanceKlass java/beans/PropertyChangeSupport
instanceKlass sun/util/logging/PlatformLogger$ConfigurableBridge$LoggerConfiguration
instanceKlass jdk/internal/logger/BootstrapLogger$RedirectedLoggers
instanceKlass javax/swing/event/EventListenerList
instanceKlass sun/awt/windows/WDesktopPeer
instanceKlass java/awt/peer/DesktopPeer
instanceKlass java/awt/Component$DummyRequestFocusController
instanceKlass sun/awt/RequestFocusController
instanceKlass java/awt/Component$1
instanceKlass sun/awt/AWTAccessor$ComponentAccessor
instanceKlass java/awt/font/JavaAWTFontAccessImpl
instanceKlass jdk/internal/access/JavaAWTFontAccess
instanceKlass java/text/AttributedCharacterIterator$Attribute
instanceKlass sun/font/AttributeValues
instanceKlass java/awt/geom/AffineTransform
instanceKlass sun/font/FontAccess
instanceKlass java/awt/Font
instanceKlass sun/awt/windows/WObjectPeer
instanceKlass java/awt/dnd/peer/DropTargetPeer
instanceKlass java/awt/peer/ComponentPeer
instanceKlass java/awt/event/InputEvent$1
instanceKlass sun/awt/AWTAccessor$InputEventAccessor
instanceKlass java/awt/event/NativeLibLoader$1
instanceKlass java/awt/event/NativeLibLoader
instanceKlass java/awt/AWTEvent$1
instanceKlass sun/awt/AWTAccessor$AWTEventAccessor
instanceKlass java/util/EventObject
instanceKlass java/awt/Component$AWTTreeLock
instanceKlass java/awt/Component
instanceKlass java/awt/MenuContainer
instanceKlass java/awt/image/ImageObserver
instanceKlass sun/awt/DisplayChangedListener
instanceKlass java/util/EventListener
instanceKlass sun/awt/image/SurfaceManager
instanceKlass sun/awt/image/SurfaceManager$ImageAccessor
instanceKlass java/awt/ImageCapabilities
instanceKlass java/awt/Image
instanceKlass sun/java2d/DestSurfaceProvider
instanceKlass sun/java2d/loops/RenderCache$Entry
instanceKlass sun/java2d/loops/RenderCache
instanceKlass sun/java2d/pipe/DrawImage
instanceKlass sun/java2d/pipe/GeneralCompositePipe
instanceKlass sun/java2d/pipe/SpanShapeRenderer
instanceKlass sun/java2d/pipe/AlphaPaintPipe
instanceKlass sun/java2d/pipe/AAShapePipe
instanceKlass sun/java2d/pipe/RegionIterator
instanceKlass sun/java2d/pipe/Region
instanceKlass sun/java2d/pipe/SpanClipRenderer
instanceKlass sun/java2d/pipe/PixelToShapeConverter
instanceKlass sun/java2d/pipe/AlphaColorPipe
instanceKlass sun/java2d/pipe/CompositePipe
instanceKlass java/awt/geom/Dimension2D
instanceKlass sun/font/FontUtilities$1
instanceKlass sun/font/FontUtilities
instanceKlass sun/java2d/pipe/GlyphListPipe
instanceKlass sun/java2d/pipe/OutlineTextRenderer
instanceKlass java/lang/invoke/VarForm
instanceKlass java/lang/invoke/VarHandleGuards
instanceKlass jdk/internal/util/Preconditions$1
instanceKlass java/lang/invoke/VarHandle$1
instanceKlass java/lang/ClassValue$Version
instanceKlass java/lang/ClassValue$Identity
instanceKlass java/lang/ClassValue
instanceKlass java/lang/invoke/VarHandles
instanceKlass java/util/concurrent/ConcurrentLinkedQueue$Node
instanceKlass sun/java2d/ReentrantContextProvider
instanceKlass sun/java2d/marlin/FloatMath
instanceKlass sun/java2d/marlin/MarlinProperties
instanceKlass sun/java2d/marlin/MarlinConst
instanceKlass sun/java2d/pipe/RenderingEngine
instanceKlass sun/java2d/pipe/LoopPipe
instanceKlass sun/java2d/pipe/LoopBasedPipe
instanceKlass sun/java2d/pipe/ParallelogramPipe
instanceKlass sun/java2d/pipe/NullPipe
instanceKlass sun/java2d/pipe/DrawImagePipe
instanceKlass sun/java2d/pipe/TextPipe
instanceKlass sun/java2d/pipe/ShapeDrawPipe
instanceKlass sun/java2d/pipe/PixelFillPipe
instanceKlass sun/java2d/pipe/PixelDrawPipe
instanceKlass sun/java2d/StateTrackableDelegate$2
instanceKlass sun/java2d/StateTrackableDelegate
instanceKlass sun/java2d/cmm/ProfileDeferralInfo
instanceKlass java/awt/color/ICC_Profile$BuiltInProfile
instanceKlass java/awt/color/ICC_Profile
instanceKlass java/awt/color/ColorSpace$BuiltInSpace
instanceKlass java/awt/color/ColorSpace
instanceKlass java/awt/image/ColorModel$1
instanceKlass java/awt/image/ColorModel
instanceKlass sun/awt/image/PixelConverter
instanceKlass sun/java2d/loops/SurfaceType
instanceKlass sun/java2d/SurfaceData
instanceKlass sun/java2d/Surface
instanceKlass sun/java2d/StateTrackable
instanceKlass sun/java2d/DisposerTarget
instanceKlass java/awt/Transparency
instanceKlass sun/awt/windows/WToolkit$1
instanceKlass jdk/internal/logger/LazyLoggers$LazyLoggerAccessor
instanceKlass jdk/internal/logger/LazyLoggers$LoggerAccessor
instanceKlass jdk/internal/logger/AbstractLoggerWrapper
instanceKlass java/util/ServiceLoader$ProviderImpl
instanceKlass java/util/ServiceLoader$Provider
instanceKlass java/util/ServiceLoader$1
instanceKlass sun/util/logging/internal/LoggingProviderImpl$LogManagerAccess
instanceKlass java/util/concurrent/CopyOnWriteArrayList$COWIterator
instanceKlass jdk/internal/loader/URLClassPath$1
instanceKlass java/lang/CompoundEnumeration
instanceKlass jdk/internal/loader/BuiltinClassLoader$1
instanceKlass java/util/Collections$EmptyEnumeration
instanceKlass java/util/Collections$EmptyIterator
instanceKlass jdk/internal/loader/BuiltinClassLoader$2
instanceKlass java/util/ServiceLoader$3
instanceKlass java/util/ServiceLoader$2
instanceKlass java/util/ServiceLoader$LazyClassPathLookupIterator
instanceKlass java/util/Spliterators$1Adapter
instanceKlass java/util/function/Consumer
instanceKlass sun/reflect/annotation/AnnotationParser
instanceKlass java/lang/Class$3
instanceKlass java/util/EnumMap$1
instanceKlass java/util/stream/StreamOpFlag$MaskBuilder
instanceKlass java/util/stream/PipelineHelper
instanceKlass java/util/stream/Stream
instanceKlass java/util/stream/BaseStream
instanceKlass java/util/stream/StreamSupport
instanceKlass java/util/Spliterators$ArraySpliterator
instanceKlass java/util/Spliterator$OfDouble
instanceKlass java/util/Spliterator$OfLong
instanceKlass java/util/Spliterator$OfInt
instanceKlass java/util/Spliterator$OfPrimitive
instanceKlass java/util/Spliterators$EmptySpliterator
instanceKlass java/util/Spliterator
instanceKlass java/util/Spliterators
instanceKlass java/util/ServiceLoader$ModuleServicesLookupIterator
instanceKlass java/util/ServiceLoader
instanceKlass java/lang/System$LoggerFinder
instanceKlass jdk/internal/logger/BootstrapLogger$DetectBackend$1
instanceKlass jdk/internal/logger/BootstrapLogger$DetectBackend
instanceKlass jdk/internal/logger/BootstrapLogger
instanceKlass sun/util/logging/PlatformLogger$ConfigurableBridge
instanceKlass sun/util/logging/PlatformLogger$Bridge
instanceKlass java/lang/System$Logger
instanceKlass jdk/internal/logger/LazyLoggers$LazyLoggerFactories
instanceKlass jdk/internal/logger/LazyLoggers$1
instanceKlass jdk/internal/logger/LazyLoggers
instanceKlass sun/util/logging/PlatformLogger
instanceKlass java/util/Collections$SynchronizedMap
instanceKlass sun/awt/WeakIdentityHashMap
instanceKlass java/util/concurrent/locks/AbstractQueuedSynchronizer$ConditionObject
instanceKlass java/util/concurrent/locks/Condition
instanceKlass sun/awt/KeyboardFocusManagerPeerProvider
instanceKlass sun/awt/InputMethodSupport
instanceKlass sun/awt/ComponentFactory
instanceKlass sun/awt/PlatformGraphicsInfo
instanceKlass java/awt/GraphicsEnvironment
instanceKlass java/awt/Insets
instanceKlass java/util/TreeMap$PrivateEntryIterator
instanceKlass java/lang/invoke/LambdaFormEditor$1
instanceKlass java/lang/invoke/MethodHandles$1
instanceKlass java/lang/Long$LongCache
instanceKlass java/awt/Toolkit$1
instanceKlass java/awt/Toolkit$2
instanceKlass jdk/internal/module/Checks
instanceKlass jdk/internal/module/Resources
instanceKlass java/io/FileInputStream$1
instanceKlass java/util/Properties$LineReader
instanceKlass java/security/Security$1
instanceKlass java/security/Security
instanceKlass sun/security/util/SecurityProperties
instanceKlass sun/security/util/FilePermCompat
instanceKlass sun/security/util/SecurityConstants
instanceKlass java/util/ResourceBundle$ResourceBundleProviderHelper
instanceKlass java/util/ResourceBundle$3
instanceKlass java/util/LinkedList$Node
instanceKlass sun/util/locale/BaseLocale$Key
instanceKlass java/util/ResourceBundle$CacheKeyReference
instanceKlass java/util/ResourceBundle$CacheKey
instanceKlass sun/util/locale/LocaleObjectCache
instanceKlass java/util/ResourceBundle$Control
instanceKlass java/util/ResourceBundle$1
instanceKlass jdk/internal/access/JavaUtilResourceBundleAccess
instanceKlass java/util/ResourceBundle
instanceKlass java/awt/Toolkit$4
instanceKlass sun/awt/AWTAccessor
instanceKlass java/awt/Toolkit$3
instanceKlass sun/awt/AWTAccessor$ToolkitAccessor
instanceKlass java/awt/Toolkit
instanceKlass com/intellij/desktop/DesktopActionsUtils
instanceKlass com/intellij/desktop/DesktopActionsHandler
instanceKlass com/intellij/database/remote/toolkit/RemoteDesktopActionsHandler
instanceKlass java/sql/DriverInfo
instanceKlass java/sql/DriverManager
instanceKlass com/cloudera/impala/dsi/core/impl/DSIDriverFactory
instanceKlass com/cloudera/impala/dsi/core/impl/DSIDriver
instanceKlass com/cloudera/impala/dsi/core/interfaces/IDriver
instanceKlass java/util/TreeMap$Entry
instanceKlass java/lang/ProcessEnvironment$CheckedEntry
instanceKlass java/lang/ProcessEnvironment$CheckedEntrySet$1
instanceKlass java/util/NavigableMap
instanceKlass java/util/SortedMap
instanceKlass java/lang/ProcessEnvironment$EntryComparator
instanceKlass java/lang/ProcessEnvironment$NameComparator
instanceKlass com/cloudera/impala/support/SettingReader
instanceKlass com/cloudera/impala/support/exceptions/ExceptionBuilder
instanceKlass com/cloudera/impala/jdbc/common/JDBCObjectFactory
instanceKlass com/cloudera/impala/exceptions/ExceptionConverter
instanceKlass java/sql/Connection
instanceKlass java/sql/Wrapper
instanceKlass com/cloudera/impala/support/IWarningListener
instanceKlass com/cloudera/impala/jdbc/common/BaseConnectionFactory
instanceKlass java/sql/Driver
instanceKlass jdk/internal/jimage/decompressor/ZipDecompressor
instanceKlass jdk/internal/jimage/decompressor/ResourceDecompressor
instanceKlass jdk/internal/jimage/decompressor/ResourceDecompressorFactory
instanceKlass jdk/internal/jimage/decompressor/ResourceDecompressorRepository
instanceKlass jdk/internal/jimage/decompressor/CompressedResourceHeader
instanceKlass jdk/internal/jimage/decompressor/ResourceDecompressor$StringsProvider
instanceKlass java/util/TimSort
instanceKlass java/util/Arrays$LegacyMergeSort
instanceKlass java/util/AbstractMap$SimpleEntry
instanceKlass jdk/internal/jimage/ImageBufferCache$2
instanceKlass jdk/internal/jimage/ImageBufferCache
instanceKlass jdk/internal/jimage/ImageLocation
instanceKlass jdk/internal/jimage/decompressor/Decompressor
instanceKlass jdk/internal/jimage/ImageStringsReader
instanceKlass jdk/internal/jimage/ImageStrings
instanceKlass jdk/internal/jimage/ImageHeader
instanceKlass jdk/internal/jimage/NativeImageBuffer$1
instanceKlass jdk/internal/jimage/NativeImageBuffer
instanceKlass jdk/internal/jimage/BasicImageReader$1
instanceKlass jdk/internal/jimage/BasicImageReader
instanceKlass jdk/internal/jimage/ImageReader
instanceKlass jdk/internal/jimage/ImageReaderFactory$1
instanceKlass java/nio/file/Paths
instanceKlass jdk/internal/jimage/ImageReaderFactory
instanceKlass jdk/internal/module/SystemModuleFinders$SystemImage
instanceKlass jdk/internal/module/ModulePatcher$PatchedModuleReader
instanceKlass jdk/internal/module/SystemModuleFinders$SystemModuleReader
instanceKlass java/lang/module/ModuleReader
instanceKlass jdk/internal/loader/BuiltinClassLoader$5
instanceKlass java/util/zip/ZipFile$InflaterCleanupAction
instanceKlass java/util/zip/Inflater$InflaterZStreamRef
instanceKlass java/util/zip/Inflater
instanceKlass java/util/regex/CharPredicates
instanceKlass java/util/regex/Pattern$BmpCharPredicate
instanceKlass java/util/regex/Pattern$CharPredicate
instanceKlass java/util/regex/Pattern$Node
instanceKlass java/util/regex/Pattern
instanceKlass java/lang/PublicMethods$Key
instanceKlass java/lang/PublicMethods$MethodList
instanceKlass com/intellij/execution/rmi/RemoteObject
instanceKlass java/rmi/server/Unreferenced
instanceKlass com/intellij/database/remote/jdbc/RemoteDriver
instanceKlass com/intellij/execution/rmi/RemoteCastable
instanceKlass java/rmi/server/RMISocketFactory
instanceKlass java/rmi/server/RMIClientSocketFactory
instanceKlass com/intellij/execution/rmi/IdeaWatchdog
instanceKlass java/rmi/Remote
instanceKlass java/rmi/server/RMIServerSocketFactory
instanceKlass com/intellij/execution/rmi/RemoteServer
instanceKlass sun/security/util/Debug
instanceKlass java/security/SecureClassLoader$DebugHolder
instanceKlass java/security/PermissionCollection
instanceKlass java/security/SecureClassLoader$1
instanceKlass java/security/SecureClassLoader$CodeSourceKey
instanceKlass java/util/zip/Checksum$1
instanceKlass java/util/zip/CRC32
instanceKlass java/util/zip/Checksum
